12-16 17:25:59 [info] [NapCat] [Core] NapCat.Core Version: 4.2.27
12-16 17:25:59 [info] 核心登录服务连接成功!
12-16 17:25:59 [error] 快速登录失败，未找到该 QQ 历史登录记录，将使用二维码登录方式
12-16 17:25:59 [info] [NapCat] [WebUi] Current WebUi is not run.
12-16 17:26:01 [warn] 请扫描下面的二维码，然后在手Q上授权登录：
12-16 17:26:01 [warn] 

▄▄▄▄▄▄▄▄▄▄▄▄▄▄▄▄▄▄▄▄▄▄▄▄▄▄▄▄▄▄▄▄▄▄▄
█ ▄▄▄▄▄ █▀▀ ██▀▀ ▄██▄█▀▀  █ ▄▄▄▄▄ █
█ █   █ █▄▀██▀██▀ ▄ ▄██▄ ▀█ █   █ █
█ █▄▄▄█ █ ▄ █  ▀ ▀▀▀ █ ▀███ █▄▄▄█ █
█▄▄▄▄▄▄▄█ █ ▀▄█▄▀▄▀▄█ ▀▄█▄█▄▄▄▄▄▄▄█
█ ▄▀ ▀█▄ ▀▀█   ▀▄██ ▀▀ ▀  ▀ ▄▄▀▄▄▀█
█▀▄  ▀ ▄▀█▀▀    █▀█▄▄▄▀█▀▄▄▄█ ▄█▀ █
█▄ ▀▄█▄▄█ █▄ █▄ █▄▄█▀█▀▀▄▄▄ ▀▀ ▀▀ █
█▄█   ▄▄▄▀▀▀ █▀██  ██▄ ▀ ▄▄  ▄ █ ██
██ ▄▄ ▄▄▄█▀ █ ▀▄██  ▄▀█  █▀▄▄▄▀▀█▄█
██ ▄███▄█▀▀█▄ █▄▀▄▀ █▄  ▀▀ █   █▄▄█
█▄██▀▀▄▄▀▀▀▄▀█ ▀█ ▀█  ▄███▀▀▄█▄▀▄▀█
█▄ █ ▀▀▄██▀ ██ ▄▀██▀ █▀▄▀████  █▀ █
█▄██▄█▄▄▄  ▀▀ ▄ █▀█▀█▀▄▀  ▄▄▄ ▄██▀█
█ ▄▄▄▄▄ █▄█ █  ▄▀█▀▄█  ██ █▄█ ▄▄ ██
█ █   █ █▀▄█▄▄▀▄▄▄▀█▄▀ ▀▀ ▄   ▄▀▀ █
█ █▄▄▄█ █▀ ▀▀ █▄▀▀ █▀▄  ▄▀▄█▀▄█▄▄▄█
█▄▄▄▄▄▄▄█▄█▄▄█▄█▄███▄▄██▄▄██████▄██

二维码解码URL: https://txz.qq.com/p?k=8*BU0-pGZln2Z7UX36EJrv8l9eZNy90d&f=1600001604
如果控制台二维码无法扫码，可以复制解码url到二维码生成网站生成二维码再扫码，也可以打开下方的二维码路径图片进行扫码。
12-16 17:26:01 [warn] 二维码已保存到 C:\Users\Administrator\Desktop\bot\napcat.29927.onekey\versions\9.9.16-29927\resources\app\napcat\cache\qrcode.png
12-16 17:28:01 [error] [Core] [Login] Login Error,ErrCode:  3  ErrMsg: 
12-16 17:28:01 [warn] 请扫描下面的二维码，然后在手Q上授权登录：
12-16 17:28:01 [warn] 

▄▄▄▄▄▄▄▄▄▄▄▄▄▄▄▄▄▄▄▄▄▄▄▄▄▄▄▄▄▄▄▄▄▄▄
█ ▄▄▄▄▄ █▄▄███▀▄█▀▀▀▄▄ ▀▀██ ▄▄▄▄▄ █
█ █   █ █ ▀█ ▄ █▀ ▀▄▄██▀▀▀█ █   █ █
█ █▄▄▄█ █▄ ▄▄▀▀█▄█  ▀██ ▄ █ █▄▄▄█ █
█▄▄▄▄▄▄▄█▄▀▄▀▄█ █ ▀▄█ █ █ █▄▄▄▄▄▄▄█
█ ▄ ▄▀▀▄█ ▀████▀▄█▄▄ ▄██ █▄▀█▄▄ ▀ █
█▀▄▄▀▀▄▄█▄██▀▀▀▄▀█▄██▀█▄ ▄█ ▀▄█▄ ▄█
██▀▀  █▄█▀ ▀ █▄█ ▀ █▀█▀ █▀▄█▄▄ ▀▀██
█ ▀ ██ ▄ ██▄█ ▄██ ▄█▄▄ ▄█ ▀  ▄█ ███
█▀█▀▀█▄▄▄▀ ▀▄▀  ▀▀█▀▀▀█▄ ▀      ▄ █
██▀   █▄▄▄█ ▄ █▀ █  █ █▀▀▀  ██ █▄▀█
█  █ ▄█▄▀██▄▄ █▀ ▀ █ ▄    ▄▀▄█▀▄▀▀█
██▀▀▀ ▀▄ █▄▄▄▄▀ ▀▀▄█▀▄▄█ ▄▄▀▀▄▀▄ ▄█
█▄██▄▄█▄▄▀▀▄▀ ▄█▀█▀█▄▄█▄  ▄▄▄ ▄██▄█
█ ▄▄▄▄▄ ██▄▄ ██▄▀▀█  █ ▀  █▄█ ▀▀███
█ █   █ █▀████  ▄█▀ ▄▄▄▄  ▄▄▄▄█  ▄█
█ █▄▄▄█ █ █▀▀ █▀▄▀ ▄▀ ▄▀▄▀▄ ▄▀█▄▄▀█
█▄▄▄▄▄▄▄█▄███▄██▄▄▄▄▄█▄███▄███▄▄███

二维码解码URL: https://txz.qq.com/p?k=asoHGqMzS3gqc*X1Qg0Auvpc38DzlM*Z&f=1600001604
如果控制台二维码无法扫码，可以复制解码url到二维码生成网站生成二维码再扫码，也可以打开下方的二维码路径图片进行扫码。
12-16 17:28:01 [warn] 二维码已保存到 C:\Users\Administrator\Desktop\bot\napcat.29927.onekey\versions\9.9.16-29927\resources\app\napcat\cache\qrcode.png
12-16 17:30:04 [error] [Core] [Login] Login Error,ErrCode:  3  ErrMsg: 
12-16 17:30:04 [warn] 请扫描下面的二维码，然后在手Q上授权登录：
12-16 17:30:04 [warn] 

▄▄▄▄▄▄▄▄▄▄▄▄▄▄▄▄▄▄▄▄▄▄▄▄▄▄▄▄▄▄▄▄▄▄▄
█ ▄▄▄▄▄ ██▄▄ ▀ ▀█  ██▀█ ▄▀█ ▄▄▄▄▄ █
█ █   █ █▀▄  █▀▀▄█▀ ▄▀▄▄▀▄█ █   █ █
█ █▄▄▄█ █▄▀ █▄█▄█▀▄▀█ █▀▄▄█ █▄▄▄█ █
█▄▄▄▄▄▄▄█▄▀▄█ █▄█ █ ▀▄█ ▀ █▄▄▄▄▄▄▄█
█  ███ ▄▄▀▄ █▄▄█▀ ▀█ █ ▄▀▀██▀ ▄▀▀██
█▀▄█ ▄ ▄█▀▄▀ ▄██ ▀█ ▀▄███ ▀▀  ▄▀▄██
██▀█▄  ▄█   █▀█   ▄█▄  █ ██ ▄███  █
█▄▄▄██▀▄▄ ███▀█▀ ██▄█ ██▀  ▄█▀█▀▄▀█
█▄▄▄ ██▄▀▀▄ █▄▄▀ █▄▄ ▄▄▄▀▀▄▀▀▄▀█ ▀█
██▄▄▄▄▀▄█▄▄ ▀▄▄▄ ▄██  ▄ ▄█▀██▄█▀█▄█
█▀ ▀█▀ ▄█▀ ▄▄▀▄█ █▀█▄█   ▀██▀ ▀█ ██
█ █ █▀█▄ ▄▄▄█▀█▀  █ █ █▀▀▀     ▀▄██
█▄▄▄█▄█▄█▀▄█▄▄█ ▄▀▀▀ ▀▀██ ▄▄▄ ▀▀▄▀█
█ ▄▄▄▄▄ █ ▀█ ▄▄  ▄█ █▄█▄  █▄█ ▀ ▄▀█
█ █   █ ███ ▄ ▄▀ ▀ ▀█  ▄▀▄ ▄▄ ▄█▄██
█ █▄▄▄█ █▀▀▀▄▄▄▄  ▄ ▄▄▄▄▀███▄   █▄█
█▄▄▄▄▄▄▄█▄████▄█████▄██▄█▄██▄▄▄█▄██

二维码解码URL: https://txz.qq.com/p?k=2p38MMZKAKoHhUuN9CkCv8XQ7XhhNgWb&f=1600001604
如果控制台二维码无法扫码，可以复制解码url到二维码生成网站生成二维码再扫码，也可以打开下方的二维码路径图片进行扫码。
12-16 17:30:04 [warn] 二维码已保存到 C:\Users\Administrator\Desktop\bot\napcat.29927.onekey\versions\9.9.16-29927\resources\app\napcat\cache\qrcode.png
12-16 17:32:06 [error] [Core] [Login] Login Error,ErrCode:  3  ErrMsg: 
12-16 17:32:06 [warn] 请扫描下面的二维码，然后在手Q上授权登录：
12-16 17:32:06 [warn] 

▄▄▄▄▄▄▄▄▄▄▄▄▄▄▄▄▄▄▄▄▄▄▄▄▄▄▄▄▄▄▄▄▄▄▄
█ ▄▄▄▄▄ ██▄▄ ▀ ▀█ █ ▄▀▄ █▀█ ▄▄▄▄▄ █
█ █   █ █▀▄  █▀▀▄█▀▄██▄▄ ▄█ █   █ █
█ █▄▄▄█ █▄▀ █▄█▄█▀███▄ █▄▀█ █▄▄▄█ █
█▄▄▄▄▄▄▄█▄▀▄█ █▄█ █ ▀▄█ ▀▄█▄▄▄▄▄▄▄█
█ ▄▀▀▀▄▄▄█▄ █▄▄█▀ █▀▀██▄▀▀██▀ ▄▀▀██
███▄▀▀ ▄▄█▄▀ ▄██ ▀▄ ▀ ▄▄▀▀▀▀  ▄▀▄██
██▄▀▀█ ▄▄█▄ █▀█   █▄ ▀██ ▄█ ▄███  █
█▀▄▄ ▄█▄ ▄▀▀█▀█▀ █▄▀█████▄ ▄█▀█▀▄▀█
█▀  ▄▄▄▄ ▀▄▄█▄▄▀ █▄██ █▄ ▄▄▀▀▄▀█ ▀█
███▄ █▀▄██  ▀▄▄▄ ▀██▄▀▄▀▄█▀██▄█▀█▄█
█  ▄█▄▄▄ ▄ ▄▄▀▄█ ▄ █▄██  ▀██▀ ▀█ ██
█ █▀  ▄▄ ▀█▀█▀█▀▄█▄ ▀ █ ▀▀     ▀▄██
█▄▄█▄█▄▄█ ▄▀▄▄█ ▀█ ▀▄ █▀█ ▄▄▄ ▀▀▄▀█
█ ▄▄▄▄▄ █ ▄▀ ▄▄ ▄▄▄▄▀██▀  █▄█ ▀ ▄▀█
█ █   █ ██ ▄▄ ▄▀ ▀▀▀▄▀ ▄▀▄ ▄▄ ▄█▄██
█ █▄▄▄█ █▀█ ▄▄▄▄▄█▄█ ▄▄█▀███▄   █▄█
█▄▄▄▄▄▄▄█▄████▄███▄██▄▄▄█▄██▄▄▄█▄██

二维码解码URL: https://txz.qq.com/p?k=lc6zeCtcegrLRNGMTwbQHtB6wzKMie8w&f=1600001604
如果控制台二维码无法扫码，可以复制解码url到二维码生成网站生成二维码再扫码，也可以打开下方的二维码路径图片进行扫码。
12-16 17:32:06 [warn] 二维码已保存到 C:\Users\Administrator\Desktop\bot\napcat.29927.onekey\versions\9.9.16-29927\resources\app\napcat\cache\qrcode.png
12-16 17:34:09 [error] [Core] [Login] Login Error,ErrCode:  3  ErrMsg: 
12-16 17:34:09 [warn] 请扫描下面的二维码，然后在手Q上授权登录：
12-16 17:34:09 [warn] 

▄▄▄▄▄▄▄▄▄▄▄▄▄▄▄▄▄▄▄▄▄▄▄▄▄▄▄▄▄▄▄▄▄▄▄
█ ▄▄▄▄▄ █▀ █▀▀▀ ▀▀▄▀▄▀█▀▄██ ▄▄▄▄▄ █
█ █   █ █▀ ▄ █▀█ ▀██ █  ▄██ █   █ █
█ █▄▄▄█ █▀█ █▄█▄▀▀▀ █   ▄ █ █▄▄▄█ █
█▄▄▄▄▄▄▄█▄█▄█ █▄▀ █ ▀▄▀ ▀ █▄▄▄▄▄▄▄█
█ ▄ ▄ ▀▄   ▄█▄▄▀█▄██▀▄▀▀ ▄▄▀▄█▄▀ ▀█
█ ▄█▄ ▀▄▄▀ ▀ ▄██▄▀▄██ ▀▀█▄▀▀▄ ▄▀▄██
█▀▀▀ ▄ ▄▀█▄▀▄▀▄▀▄▀▄▄▀▀▀▀▀▀▄▀ ▄▄█▀▀█
█▀▄▄█  ▄▄▀█▄█▀██▄▀▄▀▀▄▀ ▀▀  ▀██▀▄██
█████  ▄█▀ ██▄▄▀▄█▄██▀▀▄██▄▀█▄▀█ ▀█
█▀ ▀▄█ ▄█▄█▀ ▄██▄▀▄██▀▀███ ▄▀█▄▀▄██
█ ▀ ██ ▄ █▀█▄▀▄▀▄▀▄█▀▄▄▄ ▀█▀█▄▀█ ▀█
█ █ █▀█▄▄█▀▀█▀█▀  █▀██  ▀▀  ▄  ▀▄██
█▄█▄█▄█▄▄ ▀▀█▄▄▀██ ▄  █▀▄ ▄▄▄  ▀█ █
█ ▄▄▄▄▄ █▄▀  ▄▄▄ ▄█ █▀ ▀  █▄█ ▀ ▄██
█ █   █ █ ▀▄▄ ▄▀▀▀▄██▀▀▀▀▄ ▄  ▄█▄██
█ █▄▄▄█ █ █ █▄██▄▀▄ ▀▀ █ █▄▄ ▀▀ ▄██
█▄▄▄▄▄▄▄█▄█▄██▄███▄█▄██▄█▄██▄▄▄█▄██

二维码解码URL: https://txz.qq.com/p?k=S4j7oU37bM90nDx4Ce3K9BW6wt8rnI-f&f=1600001604
如果控制台二维码无法扫码，可以复制解码url到二维码生成网站生成二维码再扫码，也可以打开下方的二维码路径图片进行扫码。
12-16 17:34:09 [warn] 二维码已保存到 C:\Users\Administrator\Desktop\bot\napcat.29927.onekey\versions\9.9.16-29927\resources\app\napcat\cache\qrcode.png
12-16 17:36:11 [error] [Core] [Login] Login Error,ErrCode:  3  ErrMsg: 
12-16 17:36:11 [warn] 请扫描下面的二维码，然后在手Q上授权登录：
12-16 17:36:11 [warn] 

▄▄▄▄▄▄▄▄▄▄▄▄▄▄▄▄▄▄▄▄▄▄▄▄▄▄▄▄▄▄▄▄▄▄▄
█ ▄▄▄▄▄ █▄▄███▀▄█▀  ▄█▄  ▀█ ▄▄▄▄▄ █
█ █   █ █ ▀█ ▄ █▀ █▄▀▄█ ▄▀█ █   █ █
█ █▄▄▄█ █▄ ▄▄▀▀█▄███▀▀  █ █ █▄▄▄█ █
█▄▄▄▄▄▄▄█▄▀▄▀▄█ █ ▀▄█ █▄█▄█▄▄▄▄▄▄▄█
█▄  ▄▀▀▄█ ▀████▀▄█▄█ ▀ █▄█▄▀█▄▄ ▀ █
█ ▀█▄▀▀▄▄▀██▀▀▀▄▀█▄▄█▄▄█▄██ ▀▄█▄ ▄█
█▀▄█▀ ▄▄▀▀▄▀ █▄█ ▀▀█▀▄▄ ▄ ▄█▄▄ ▀▀██
█▀    ▀▄ █▄▄█ ▄██ ▄▀▄█▀█▀█▀  ▄█ ███
█▀▀█ ▄▀▄ ▄  ▄▀  ▀▀█▄▄  ▄▄▀      ▄ █
█▄▄▀█▀▄▄▀▄█▄▄ █▀ █▀▀█▀▄█▀▀  ██ █▄▀█
█▀▄▀▄▀█▄▀ ██▄ █▀▄▄▀▄█  ▀  ▄▀▄█▀▄▀▀█
██▀  ▀▀▄▄ ▀▄▄▄▀ ▀▀██████ ▄▄▀▀▄▀▄ ▄█
█▄█▄▄▄█▄█▀▀ ▀ ▄█▄▀   █▀▄  ▄▄▄ ▄██▄█
█ ▄▄▄▄▄ ███  ██▄▀▄█▄▄▄ █  █▄█ ▀▀███
█ █   █ █▀  ██  ▄▄▀█▄█▄▄  ▄▄▄▄█  ▄█
█ █▄▄▄█ █  █▀ █▀ █▀▀█▄▄█▄▀▄ ▄▀█▄▄▀█
█▄▄▄▄▄▄▄█▄▄██▄██▄▄▄▄▄▄▄███▄███▄▄███

二维码解码URL: https://txz.qq.com/p?k=FhKctzcTxqnpu9kXhraO-H4BeZ5-jXB*&f=1600001604
如果控制台二维码无法扫码，可以复制解码url到二维码生成网站生成二维码再扫码，也可以打开下方的二维码路径图片进行扫码。
12-16 17:36:11 [warn] 二维码已保存到 C:\Users\Administrator\Desktop\bot\napcat.29927.onekey\versions\9.9.16-29927\resources\app\napcat\cache\qrcode.png
12-16 17:38:11 [error] [Core] [Login] Login Error,ErrCode:  3  ErrMsg: 
12-16 17:38:12 [warn] 请扫描下面的二维码，然后在手Q上授权登录：
12-16 17:38:12 [warn] 

▄▄▄▄▄▄▄▄▄▄▄▄▄▄▄▄▄▄▄▄▄▄▄▄▄▄▄▄▄▄▄▄▄▄▄
█ ▄▄▄▄▄ █▀▀ ██▀▀ ▄  █▀█ ▀██ ▄▄▄▄▄ █
█ █   █ █▄▀██▀██▀  ▀██▀▀▀▀█ █   █ █
█ █▄▄▄█ █ ▄ █  ▀ ▀▀ ▀▀█▀███ █▄▄▄█ █
█▄▄▄▄▄▄▄█ █ ▀▄█▄▀▄▀▄▀ ▀▄█▄█▄▄▄▄▄▄▄█
█  █▄▀█▄ ▀▀█   ▀▄█▀ ▀  ▀█ ▀ ▄▄▀▄▄▀█
█▀    ▀▄ █▀▀    █▀▄ ▄ ▀ ▀▀▄▄█ ▄█▀ █
█▀█▄▄▄ ▄▀██▄ █▄ █▄ ▀ ▀ ██▀▄ ▀▀ ▀▀ █
█▄▀▀▄ ▄▄█ ▄█ █▀██ ▀▀█▀▀▄▄▀▄  ▄ █ ██
█ ▀█▄█▄▄█▄▀██ ▀▄██ ██▄▄▄  ▀▄▄▄▀▀█▄█
██ ▀ ▀▀▄ █▄█▄ █▄█▀ ██▄▀▄▀▀ █   █▄▄█
█▄█▀█ ▀▄ ▀▄▄▀█ ▀▀▀ ██ ▀███▀▀▄█▄▀▄▀█
█▄ ▄▀▀ ▄█▄█ ██ ▄▀▄▄█▄▀▀▀▀████  █▀ █
█▄██▄█▄▄▄ ▄▄▀ ▄  █▄██▀▄▀  ▄▄▄ ▄██▀█
█ ▄▄▄▄▄ █▄▀ █  ▄█▀  ▀█▀██ █▄█ ▄▄ ██
█ █   █ █▀▀█▄▄▀▄█ ▄▀▀▄▀ ▀ ▄   ▄▀▀ █
█ █▄▄▄█ █▀██▀ █▄▀ ▀██▀▀█▄▀▄█▀▄█▄▄▄█
█▄▄▄▄▄▄▄█▄▄█▄█▄█▄██▄▄█▄▄▄▄██████▄██

二维码解码URL: https://txz.qq.com/p?k=owjVCGupiAlU-HSpnzViMF3wnFit8wYS&f=1600001604
如果控制台二维码无法扫码，可以复制解码url到二维码生成网站生成二维码再扫码，也可以打开下方的二维码路径图片进行扫码。
12-16 17:38:12 [warn] 二维码已保存到 C:\Users\Administrator\Desktop\bot\napcat.29927.onekey\versions\9.9.16-29927\resources\app\napcat\cache\qrcode.png
