12-16 17:15:29 [info] [NapCat] [Core] NapCat.Core Version: 4.2.27
12-16 17:15:29 [info] 核心登录服务连接成功!
12-16 17:15:29 [error] 快速登录失败，未找到该 QQ 历史登录记录，将使用二维码登录方式
12-16 17:15:29 [info] [NapCat] [WebUi] Current WebUi is not run.
12-16 17:15:30 [warn] 请扫描下面的二维码，然后在手Q上授权登录：
12-16 17:15:30 [warn] 

▄▄▄▄▄▄▄▄▄▄▄▄▄▄▄▄▄▄▄▄▄▄▄▄▄▄▄▄▄▄▄▄▄▄▄
█ ▄▄▄▄▄ █▄▄▄ ▀▄██ ▄▀ █ ▀▄██ ▄▄▄▄▄ █
█ █   █ ██▄▀ █ ▀▄▄▀▀█▄ █  █ █   █ █
█ █▄▄▄█ ██▀▄ ▄████ ▀▄▀▄▀ ██ █▄▄▄█ █
█▄▄▄▄▄▄▄█ ▀▄█ ▀ █ █▄▀▄█ ▀▄█▄▄▄▄▄▄▄█
█▄ ▀ ▄▀▄▀▀▄▀█▄██▀▀ ▀ ▄▄██▄█▄▀▀█▀▀▄█
██  ▀ █▄█ ▄██▄█▄ █▀█▀ ██ █▀  ▄▀▀▄▄█
█▀▀ ▄▀▀▄ ▄▄ █▀▀▄  █▄▄█▄▀▄▄▀▄▄███▄▄█
█▀▀█▄▄▀▄▀ ▄ █▀▄▀ ▄▄▀▄▀▄▄▀ ▀▄█ █▀█▀█
██▄  ▀▄▄█▄▄▄ ▄▄  ▀█▀▄ ▀▀▀▄▄ ▀ ▄█  █
█▄▀▀ █▄▄▀ ▄▀▀▄   ▄█▀ ▄█▄▄██▀█▄█▀▀ █
█  ▀  █▄▄▀▄█▄▀██ ▄▄▄  █▀ ▀▄█▀▀▀█▀██
█ █▄▄  ▄ ███ ▀█  ▀ ▄▀ ██▄▀ ▀ ▄█▀▄▄█
█▄▄█▄██▄▄▀▄▀▄▄▀▄  ██▄▀█▀█ ▄▄▄ ▀▀ ██
█ ▄▄▄▄▄ ██▀▀ ▄█  ▀█▄ ▀▄   █▄█ ▀ █▀█
█ █   █ █ █ ▀ ▄ ██▀▄▀▀▄▄▄▄ ▄▄▄▀█▄▄█
█ █▄▄▄█ █▀ ▀▄▄   ▀█ ▄█▄▄▀█▀▀▄   ▀ █
█▄▄▄▄▄▄▄█▄▄▄████▄▄▄█▄▄█▄█▄▄█▄█▄████

二维码解码URL: https://txz.qq.com/p?k=JEGKWaSQ*cpP7r64HvuwQ1o6n1q2gKbb&f=1600001604
如果控制台二维码无法扫码，可以复制解码url到二维码生成网站生成二维码再扫码，也可以打开下方的二维码路径图片进行扫码。
12-16 17:15:30 [warn] 二维码已保存到 C:\Users\Administrator\Desktop\bot\napcat.29927.onekey\versions\9.9.16-29927\resources\app\napcat\cache\qrcode.png
12-16 17:17:33 [error] [Core] [Login] Login Error,ErrCode:  3  ErrMsg: 
12-16 17:17:33 [warn] 请扫描下面的二维码，然后在手Q上授权登录：
12-16 17:17:33 [warn] 

▄▄▄▄▄▄▄▄▄▄▄▄▄▄▄▄▄▄▄▄▄▄▄▄▄▄▄▄▄▄▄▄▄▄▄
█ ▄▄▄▄▄ █▄▄▄ ▀▄██  ▀ ▀██▄██ ▄▄▄▄▄ █
█ █   █ ██▄▀ █ ▀▄▄██▄▄ ▄▄▀█ █   █ █
█ █▄▄▄█ ██▀▄ ▄█████▄█▀▀  ██ █▄▄▄█ █
█▄▄▄▄▄▄▄█ ▀▄█ ▀ █ █▄▀▄█▄▀▄█▄▄▄▄▄▄▄█
█▄▄█  █▄▀▀▄▀█▄██▀▀ ▄  ▄▀ ▄█▄▀▀█▀▀▄█
█ ▄ ▀█ ▄▀▀▄██▄█▄ █ ▄█ █▄▄▀▀  ▄▀▀▄▄█
█   ▀█▀▄█ ▄ █▀▀▄  █▄█▄▀▀ ▄▀▄▄███▄▄█
█▀█▀ ▀▄▄▀ █▀█▀▄▀ ▄██▄ ▄▄▀▀▀▄█ █▀█▀█
█▀█ ▄██▄█▄   ▄▄  ▀▀▄▄  ▄▄▀▄ ▀ ▄█  █
█▄▀██▀▄▄▄▀ ▄▀▄  ▄▄▄  ▀▄ ▄██▀█▄█▀▀ █
█ █▄█▀ ▄ ▀▄█▄▀██▀▄ ▀▀ █▄ ▀▄█▀▀▀█▀██
█ █▀█▄█▄██ █ ▀█  █ ▄███▀▄▀ ▀ ▄█▀▄▄█
█▄▄████▄█ ▀ ▄▄▀▄▄▀██▀▄█ █ ▄▄▄ ▀▀ ██
█ ▄▄▄▄▄ ██▄  ▄█ ▄▀▄▄ ▀█   █▄█ ▀ █▀█
█ █   █ █ ▀▄▀ ▄ ▀  ██▀█▄▄▄ ▄▄▄▀█▄▄█
█ █▄▄▄█ █▀▄▀▄▄   ██▀ ▀██▀█▀▀▄   ▀ █
█▄▄▄▄▄▄▄█▄█▄████▄████▄█▄█▄▄█▄█▄████

二维码解码URL: https://txz.qq.com/p?k=3coGXzGyY22v9RI9Il5TSO950isVS9Vh&f=1600001604
如果控制台二维码无法扫码，可以复制解码url到二维码生成网站生成二维码再扫码，也可以打开下方的二维码路径图片进行扫码。
12-16 17:17:33 [warn] 二维码已保存到 C:\Users\Administrator\Desktop\bot\napcat.29927.onekey\versions\9.9.16-29927\resources\app\napcat\cache\qrcode.png
12-16 17:19:33 [error] [Core] [Login] Login Error,ErrCode:  3  ErrMsg: 
12-16 17:19:33 [warn] 请扫描下面的二维码，然后在手Q上授权登录：
12-16 17:19:33 [warn] 

▄▄▄▄▄▄▄▄▄▄▄▄▄▄▄▄▄▄▄▄▄▄▄▄▄▄▄▄▄▄▄▄▄▄▄
█ ▄▄▄▄▄ █▄▄███▀▄█▀ ▄▄▄█▀ ██ ▄▄▄▄▄ █
█ █   █ █ ▀█ ▄ █▀ █▄▄▀▀▀▀ █ █   █ █
█ █▄▄▄█ █▄ ▄▄▀▀█▄█  ▀▀▀▄▄▄█ █▄▄▄█ █
█▄▄▄▄▄▄▄█▄▀▄▀▄█ █ ▀ █▄█ █ █▄▄▄▄▄▄▄█
█▄ ▄ ▀█▄▀ ▀████▀▄█▀ ▀█▄▀▄█▄▀█▄▄ ▀ █
█▀▀ ▀▄▄▄█▀██▀▀▀▄▀██▄▀██▀▄▄█ ▀▄█▄ ▄█
█ ███▄ ▄▄▀▄▀ █▄█ ▀█▀▄█▀ ▀▀▄█▄▄ ▀▀██
███▄ ▀█▄▄██▄█ ▄██ ██▄█▀▄██▀  ▄█ ███
█▄ ▀▀▄▀▄▀▀█ ▄▀  ▀▀▄▄  █▄ ▀      ▄ █
██ █   ▄  ▄ ▄ █▀▄▄▀ █▄▄▀▀▀  ██ █▄▀█
█▀▄██▀▄▄▀█▄█▄ █▀▄█  ▀█▄█  ▄▀▄█▀▄▀▀█
██▀▀▀▀█▄ ▄▄▄▄▄▀ █ ██▀▄██ ▄▄▀▀▄▀▄ ▄█
█▄███▄█▄▄▀▀█▀ ▄█▀ ▄▀  ▀▄  ▄▄▄ ▄██▄█
█ ▄▄▄▄▄ ██▄█ ██▄█ ▄▀▄▀▀█  █▄█ ▀▀███
█ █   █ █▀ ▀██  ███▀▄ ▄█  ▄▄▄▄█  ▄█
█ █▄▄▄█ █ ▄▀▀ █▀ █ ██▄█▀▄▀▄ ▄▀█▄▄▀█
█▄▄▄▄▄▄▄█▄▄▄█▄████▄█▄▄▄▄██▄███▄▄███

二维码解码URL: https://txz.qq.com/p?k=dQNLmWxxQil35l8-HI-QiWNYAjz62Fy9&f=1600001604
如果控制台二维码无法扫码，可以复制解码url到二维码生成网站生成二维码再扫码，也可以打开下方的二维码路径图片进行扫码。
12-16 17:19:33 [warn] 二维码已保存到 C:\Users\Administrator\Desktop\bot\napcat.29927.onekey\versions\9.9.16-29927\resources\app\napcat\cache\qrcode.png
