12-16 16:07:24 [info] [NapCat] [Core] NapCat.Core Version: 4.2.27
12-16 16:07:24 [info] 核心登录服务连接成功!
12-16 16:07:24 [error] 快速登录失败，未找到该 QQ 历史登录记录，将使用二维码登录方式
12-16 16:07:24 [info] [NapCat] [WebUi] Current WebUi is not run.
12-16 16:07:26 [warn] 请扫描下面的二维码，然后在手Q上授权登录：
12-16 16:07:26 [warn] 

▄▄▄▄▄▄▄▄▄▄▄▄▄▄▄▄▄▄▄▄▄▄▄▄▄▄▄▄▄▄▄▄▄▄▄
█ ▄▄▄▄▄ █▄▄▄ ▀▄██ ▄█ ▀▄█▄██ ▄▄▄▄▄ █
█ █   █ ██▄▀ █ ▀▄▄▀▀▀  ▄▄██ █   █ █
█ █▄▄▄█ ██▀▄ ▄████▄▀▄▀▄▀▀██ █▄▄▄█ █
█▄▄▄▄▄▄▄█ ▀▄█ ▀ █ █▄█ █ █ █▄▄▄▄▄▄▄█
█  ▀ ▄▀▄██▄▀█▄██▀▀█▀██▄▀▀▄█▄▀▀█▀▀▄█
█▄▄▄▄▄ ▄ █▄██▄█▄ █▀ █▀█▀▄▀▀  ▄▀▀▄▄█
██ ▄▀ █▄▀▄  █▀▀▄  █▀█▄▄▀▀▄▀▄▄███▄▄█
███▄▄▀█▄█▄█ █▀▄▀ ▄█▄ ▄█▀█▀▀▄█ █▀█▀█
█▀█ █ ▀▄▀▄██ ▄▄  ▀▀█▄ █▄▄█▄ ▀ ▄█  █
█ ▄▄█ █▄▄▀ █▀▄  ▄▀▄  ███▄██▀█▄█▀▀ █
█ ▀▄▀▀ ▄ ▄▄ ▄▀██▀ ▄███▄█ ▀▄█▀▀▀█▀██
█ ████▀▄     ▀█  █▀ █▀██▄▀ ▀ ▄█▀▄▄█
█▄▄▄█▄█▄█▀██▄▄▀▄  ███ █▀█ ▄▄▄ ▀▀ ██
█ ▄▄▄▄▄ ██▄█ ▄█ ▄ ██▄ ▄▄  █▄█ ▀ █▀█
█ █   █ █   ▀ ▄ ▄▄▀▀▀███▄▄ ▄▄▄▀█▄▄█
█ █▄▄▄█ █▀▀▀▄▄   ▄▄▀ ██▀▀█▀▀▄   ▀ █
█▄▄▄▄▄▄▄█▄█▄████▄███▄█▄██▄▄█▄█▄████

二维码解码URL: https://txz.qq.com/p?k=qkawPaBVvSq7E1-MOmKnU3BaprudRPf-&f=1600001604
如果控制台二维码无法扫码，可以复制解码url到二维码生成网站生成二维码再扫码，也可以打开下方的二维码路径图片进行扫码。
12-16 16:07:26 [warn] 二维码已保存到 C:\Users\Administrator\Desktop\bot\napcat.29927.onekey\versions\9.9.16-29927\resources\app\napcat\cache\qrcode.png
12-16 16:09:28 [error] [Core] [Login] Login Error,ErrCode:  3  ErrMsg: 
12-16 16:09:28 [warn] 请扫描下面的二维码，然后在手Q上授权登录：
12-16 16:09:28 [warn] 

▄▄▄▄▄▄▄▄▄▄▄▄▄▄▄▄▄▄▄▄▄▄▄▄▄▄▄▄▄▄▄▄▄▄▄
█ ▄▄▄▄▄ █▄▄▄ ▀▄██  ▄▀█▄ █▀█ ▄▄▄▄▄ █
█ █   █ ██▄▀ █ ▀▄▄▀ █▄▄▄▄▄█ █   █ █
█ █▄▄▄█ ██▀▄ ▄████ ▀▄█▄█▀ █ █▄▄▄█ █
█▄▄▄▄▄▄▄█ ▀▄█ ▀ █ █ ▀▄█▄▀ █▄▄▄▄▄▄▄█
█  █ ▄▀▄▀▀▄▀█▄██▀▀▄█▄▄ ▀▄██▄▀▀█▀▀▄█
█▀█ ▄██▄▄ ▄██▄█▄ █▀▄█▄▄▄▄▄▀  ▄▀▀▄▄█
█▀  ▄ ▀▄ ▄▄ █▀▀▄  ▀█▄▀ █ ▀▀▄▄███▄▄█
█▀▀▀ ██▄█▄█▄█▀▄▀ ▄▄ ▄▄█▀▀▄▀▄█ █▀█▀█
█▄▄█▀█▄▄ ▀ ▄ ▄▄  ▀ ▀▀█▀█▄█▄ ▀ ▄█  █
█▀▄▀▀▄▄▄    ▀▄   ▀█▀▄ ▄▄▄██▀█▄█▀▀ █
█▀ ▀▄▄▀▄▄█ ▄▄▀██ █▄▀▀▄ ▀ ▀▄█▀▀▀█▀██
█ ███▄ ▄█▀▀█ ▀█  ▀ ██▀█ ▄▀ ▀ ▄█▀▄▄█
█▄▄▄█▄▄▄▄  █▄▄▀▄ ███ ██▀█ ▄▄▄ ▀▀ ██
█ ▄▄▄▄▄ ██▀█ ▄█ ▄▄▄▀▄ ▄▄  █▄█ ▀ █▀█
█ █   █ █ █▀▀ ▄  ▄▀▀█ █ ▄▄ ▄▄▄▀█▄▄█
█ █▄▄▄█ █▀  ▄▄   ▀▄█ █▄█▀█▀▀▄   ▀ █
█▄▄▄▄▄▄▄█▄▄▄████▄█▄███▄██▄▄█▄█▄████

二维码解码URL: https://txz.qq.com/p?k=v6Z2dDMN8NqdMAUz50Twf0szFevewt2w&f=1600001604
如果控制台二维码无法扫码，可以复制解码url到二维码生成网站生成二维码再扫码，也可以打开下方的二维码路径图片进行扫码。
12-16 16:09:28 [warn] 二维码已保存到 C:\Users\Administrator\Desktop\bot\napcat.29927.onekey\versions\9.9.16-29927\resources\app\napcat\cache\qrcode.png
12-16 16:11:31 [error] [Core] [Login] Login Error,ErrCode:  3  ErrMsg: 
12-16 16:11:31 [warn] 请扫描下面的二维码，然后在手Q上授权登录：
12-16 16:11:31 [warn] 

▄▄▄▄▄▄▄▄▄▄▄▄▄▄▄▄▄▄▄▄▄▄▄▄▄▄▄▄▄▄▄▄▄▄▄
█ ▄▄▄▄▄ █▄▄▄ ▀▄██ ▄▄ ██ █ █ ▄▄▄▄▄ █
█ █   █ ██▄▀ █ ▀▄▄▀█▄█ █ ▀█ █   █ █
█ █▄▄▄█ ██▀▄ ▄████▄█▄▄▄▄▀▀█ █▄▄▄█ █
█▄▄▄▄▄▄▄█ ▀▄█ ▀ █ █▄▀▄█▄█ █▄▄▄▄▄▄▄█
█▄ ▀▄▄█▄█▀▄▀█▄██▀▀▄█  ▄▀███▄▀▀█▀▀▄█
█▀██▀▄█▄▄█▄██▄█▄ █ ███▄ ▄▀▀  ▄▀▀▄▄█
█ ███ █▄  ▄ █▀▀▄  ██▄▀██ ▀▀▄▄███▄▄█
███▄ ▀█▄▄▀▄ █▀▄▀ ▄█▀▄▄█▄▀▄▀▄█ █▀█▀█
█▀█ ▄██▄  ▄█ ▄▄  ▀▀█▄   ▄█▄ ▀ ▄█  █
█ █▀▄▀▀▄▀▄▀▄▀▄   █▄   ▄ ▄██▀█▄█▀▀ █
█ ▄▄██ ▄ █  ▄▀██▀▄ ▀▀ █▀ ▀▄█▀▀▀█▀██
█ █▀ ██▄█▄▄█ ▀█ ▄▄  ▀▄▄█▄▀ ▀ ▄█▀▄▄█
█▄▄█▄▄█▄█▀▄▄▄▄▀▄  █▄▄▀▀██ ▄▄▄ ▀▀ ██
█ ▄▄▄▄▄ ██▀▄ ▄█  ▄▄▀ ██   █▄█ ▀ █▀█
█ █   █ █  ▄▀ ▄  ▄ ██ ▀▄▄▄ ▄▄▄▀█▄▄█
█ █▄▄▄█ █▀▀█▄▄   █▄ ▄ ▄▄▀█▀▀▄   ▀ █
█▄▄▄▄▄▄▄█▄█▄████▄▄███▄███▄▄█▄█▄████

二维码解码URL: https://txz.qq.com/p?k=v3Pn-tDcIajxzF28M141Ewutph6PCvek&f=1600001604
如果控制台二维码无法扫码，可以复制解码url到二维码生成网站生成二维码再扫码，也可以打开下方的二维码路径图片进行扫码。
12-16 16:11:31 [warn] 二维码已保存到 C:\Users\Administrator\Desktop\bot\napcat.29927.onekey\versions\9.9.16-29927\resources\app\napcat\cache\qrcode.png
12-16 16:13:31 [error] [Core] [Login] Login Error,ErrCode:  3  ErrMsg: 
12-16 16:13:31 [warn] 请扫描下面的二维码，然后在手Q上授权登录：
12-16 16:13:31 [warn] 

▄▄▄▄▄▄▄▄▄▄▄▄▄▄▄▄▄▄▄▄▄▄▄▄▄▄▄▄▄▄▄▄▄▄▄
█ ▄▄▄▄▄ █▄▄███▀▄█▀▀▄█ ██▀▀█ ▄▄▄▄▄ █
█ █   █ █ ▀█ ▄ █▀ ▀▄▄ ▀▀█ █ █   █ █
█ █▄▄▄█ █▄ ▄▄▀▀█▄█▀▀ █ ▀▄▄█ █▄▄▄█ █
█▄▄▄▄▄▄▄█▄▀▄▀▄█ █ ▀▄█ █▄█▄█▄▄▄▄▄▄▄█
█   ▄██▄█ ▀████▀▄██▄▄  ██▄▄▀█▄▄ ▀ █
█▀▀ ▀ █▄▀▄██▀▀▀▄▀███▀▄▄▄▄▀█ ▀▄█▄ ▄█
█▀▄▀▀ █▄   ▀ █▄█ ▀  █▄ ▄  ▄█▄▄ ▀▀██
█▀▀▄▄▄▄▄ ▄ ▀█ ▄██ ▄▄   ███▀  ▄█ ███
██▄▄▄██▄▄▀▀▀▄▀  ▀▀▀▄  ▄█▀▀      ▄ █
█▀█ █▄█▄ █▀▄▄ █▀▄▄▀██ █▀▀▀  ██ █▄▀█
█▀▀█ ▄▄▄██ ▄▄ █▀███   ▀▀  ▄▀▄█▀▄▀▀█
██▀ ▄ ▀▄▄▀ █▄▄▀ █▄▄▄█▄█  ▄▄▀▀▄▀▄ ▄█
█▄█████▄▄ ▄▄▀ ▄█▄▀▀▀ █▄   ▄▄▄ ▄██▄█
█ ▄▄▄▄▄ ██   ██▄▀ █▄▄▀ ▀  █▄█ ▀▀███
█ █   █ █▀▀▄██  ▀ █   ▄█  ▄▄▄▄█  ▄█
█ █▄▄▄█ █ ▀▀▀ █▀▄▀▀▀█▄▄▄▄▀▄ ▄▀█▄▄▀█
█▄▄▄▄▄▄▄█▄▄▄█▄███▄█▄▄█████▄███▄▄███

二维码解码URL: https://txz.qq.com/p?k=lLREIJgN3TW4ELjqOPPtAnR7lDUuD4E1&f=1600001604
如果控制台二维码无法扫码，可以复制解码url到二维码生成网站生成二维码再扫码，也可以打开下方的二维码路径图片进行扫码。
12-16 16:13:31 [warn] 二维码已保存到 C:\Users\Administrator\Desktop\bot\napcat.29927.onekey\versions\9.9.16-29927\resources\app\napcat\cache\qrcode.png
12-16 16:15:34 [error] [Core] [Login] Login Error,ErrCode:  3  ErrMsg: 
12-16 16:15:34 [warn] 请扫描下面的二维码，然后在手Q上授权登录：
12-16 16:15:34 [warn] 

▄▄▄▄▄▄▄▄▄▄▄▄▄▄▄▄▄▄▄▄▄▄▄▄▄▄▄▄▄▄▄▄▄▄▄
█ ▄▄▄▄▄ █▄▄▄ ▀▄██ ▀▄ █ ▀▄██ ▄▄▄▄▄ █
█ █   █ ██▄▀ █ ▀▄▄█▄  ▄▄█ █ █   █ █
█ █▄▄▄█ ██▀▄ ▄████ ▄██▀▀▀██ █▄▄▄█ █
█▄▄▄▄▄▄▄█ ▀▄█ ▀ █ █▄█ █▄▀ █▄▄▄▄▄▄▄█
█▄▄▀▄ ▀▄██▄▀█▄██▀▀▄█▄██▀▀▄█▄▀▀█▀▀▄█
█▀██▀██▄  ▄██▄█▄ █▀ ▀█▄█▄▄▀  ▄▀▀▄▄█
██▀ █▀▀▄▄█▄ █▀▀▄  █▀▀▄▄▀ ▀▀▄▄███▄▄█
█   █▄█▄▀ ▀▄█▀▄▀ ▄██ ▀▄ ▀▄▀▄█ █▀█▀█
█  ▄██ ▄██ █ ▄▄  ▀ ▀ ▄▀▄ ▄▄ ▀ ▄█  █
██▀█▀█▄▄ ▄█ ▀▄  ▄▄▄▀▄ ▄▄▄██▀█▄█▀▀ █
█ ▀▄▀ ▄▄█▀█ ▄▀██▀▄▄▄▄█ █ ▀▄█▀▀▀█▀██
█ █▄▀▄▀▄█▄▄▄ ▀█  ▀ ▀█▀█▀▄▀ ▀ ▄█▀▄▄█
█▄▄▄▄▄█▄█▀▄█▄▄▀▄█▀█▄▄▀▄██ ▄▄▄ ▀▀ ██
█ ▄▄▄▄▄ ██   ▄█   ▄ ▄▀██  █▄█ ▀ █▀█
█ █   █ █ ▀ ▀ ▄ ▀▄█▀█▀██▄▄ ▄▄▄▀█▄▄█
█ █▄▄▄█ █▀▄█▄▄  ▄█▄▀ █▄ ▀█▀▀▄   ▀ █
█▄▄▄▄▄▄▄█▄██████▄▄▄█▄▄███▄▄█▄█▄████

二维码解码URL: https://txz.qq.com/p?k=F6caVJaPxZG1uP5B*KBMNEreD42lazZh&f=1600001604
如果控制台二维码无法扫码，可以复制解码url到二维码生成网站生成二维码再扫码，也可以打开下方的二维码路径图片进行扫码。
12-16 16:15:34 [warn] 二维码已保存到 C:\Users\Administrator\Desktop\bot\napcat.29927.onekey\versions\9.9.16-29927\resources\app\napcat\cache\qrcode.png
12-16 16:17:34 [error] [Core] [Login] Login Error,ErrCode:  3  ErrMsg: 
12-16 16:17:35 [warn] 请扫描下面的二维码，然后在手Q上授权登录：
12-16 16:17:35 [warn] 

▄▄▄▄▄▄▄▄▄▄▄▄▄▄▄▄▄▄▄▄▄▄▄▄▄▄▄▄▄▄▄▄▄▄▄
█ ▄▄▄▄▄ █▄▄███▀▄█▀ █▄▀▄  ██ ▄▄▄▄▄ █
█ █   █ █ ▀█ ▄ █▀ ▀█▄▄▀▀█▄█ █   █ █
█ █▄▄▄█ █▄ ▄▄▀▀█▄███▀█ ████ █▄▄▄█ █
█▄▄▄▄▄▄▄█▄▀▄▀▄█ █ ▀ █ █▄█▄█▄▄▄▄▄▄▄█
█   ▄██▄█▄▀████▀▄█ ▀▄ ▄█ ▀▄▀█▄▄ ▀ █
█▄ █▀█▀▄█ ██▀▀▀▄▀█▄ ▀ ▄▀▄▄█ ▀▄█▄ ▄█
█▀▄ ▀▄▀▄  ▄▀ █▄█ ▀▄█▀▄▄ ▄█▄█▄▄ ▀▀██
█▀▄██▀█▄▀▀█▀█ ▄██ █▄▄█▀▀▀█▀  ▄█ ███
█▀█▀ █▄▄▀█ ▀▄▀  ▀▀█▄▄   ▄▀      ▄ █
█ ▄▄▄▀ ▄▄██▀▄ █▀▄▀ ▄█▀██▀▀  ██ █▄▀█
█  █▀  ▄ ▀▄▀▄ █▀█ ▀  ▄ █  ▄▀▄█▀▄▀▀█
██▀██ █▄▄██▄▄▄▀ ▀██▄▀▄█▄ ▄▄▀▀▄▀▄ ▄█
█▄█▄▄██▄▄ ▄█▀ ▄█   ▀ ▄█▀  ▄▄▄ ▄██▄█
█ ▄▄▄▄▄ ████ ██▄▀▀█▄ ▀▀▄  █▄█ ▀▀███
█ █   █ █▀▄ ██  ▀█▀██▀█▄  ▄▄▄▄█  ▄█
█ █▄▄▄█ █ ▀ ▀ █▀   ▄▀█▄▄▄▀▄ ▄▀█▄▄▀█
█▄▄▄▄▄▄▄█▄█▄█▄████▄▄▄█████▄███▄▄███

二维码解码URL: https://txz.qq.com/p?k=F9*4uNjUje0TFvx0htPD8i-mbNu*wevd&f=1600001604
如果控制台二维码无法扫码，可以复制解码url到二维码生成网站生成二维码再扫码，也可以打开下方的二维码路径图片进行扫码。
12-16 16:17:35 [warn] 二维码已保存到 C:\Users\Administrator\Desktop\bot\napcat.29927.onekey\versions\9.9.16-29927\resources\app\napcat\cache\qrcode.png
12-16 16:19:37 [error] [Core] [Login] Login Error,ErrCode:  3  ErrMsg: 
12-16 16:19:37 [warn] 请扫描下面的二维码，然后在手Q上授权登录：
12-16 16:19:37 [warn] 

▄▄▄▄▄▄▄▄▄▄▄▄▄▄▄▄▄▄▄▄▄▄▄▄▄▄▄▄▄▄▄▄▄▄▄
█ ▄▄▄▄▄ █▀ █▀▀▀ ▀▀  ▄█▄█▄▀█ ▄▄▄▄▄ █
█ █   █ █▀ ▄ █▀█ ▀█▄█ ▄▄  █ █   █ █
█ █▄▄▄█ █▀█ █▄█▄▀▀▄ ▄▄▀▀▄▀█ █▄▄▄█ █
█▄▄▄▄▄▄▄█▄█▄█ █▄▀ █▄▀ ▀ █ █▄▄▄▄▄▄▄█
█  ▄▄ █▄▄  ▄█▄▄▀█▄█▀█ ▀ ▀▀▄▀▄█▄▀ ▀█
█▀▀▀▀█▀▄█▀ ▀ ▄██▄▀▄▄█▀▀ █ ▀▀▄ ▄▀▄██
█▄▄▀▀█▄▄▀▀ ▀▄▀▄▀▄▀▄█ ▀▀▄ ▄▄▀ ▄▄█▀▀█
█▀ █▄▄ ▄▄█ ██▀██▄▀▄▄▀█▀▄█▀  ▀██▀▄██
█▄▀▄▄▄█▄▀▀▄ █▄▄▀▄█▄▀▄▀█▄ ▄▄▀█▄▀█ ▀█
█▀█▀███▄▄▀▄  ▄██ ▄▄ █▀▀███ ▄▀█▄▀▄██
█ █▀█▄▀▄▀▀▄█▄▀▄▀▄▀██▄▀▀▀ ▀█▀█▄▀█ ▀█
█ ██▄ ▀▄▄  ██▀█▀▄██▄▀▄▀ ▀▀  ▄  ▀▄██
█▄█▄█▄▄▄▄▀▀██▄▄▀▄▄▄▀ ▀▄ ▄ ▄▄▄  ▀█ █
█ ▄▄▄▄▄ █▄▀▀ ▄▄▄ ▀▄▀▀▄ ▀  █▄█ ▀ ▄██
█ █   █ █ ▄█▄ ▄▀ ▀ █▄▀▀▄▀▄ ▄  ▄█▄██
█ █▄▄▄█ █  ██▄██ ██▄▀▀ ▄ █▄▄ ▀▀ ▄██
█▄▄▄▄▄▄▄█▄▄███▄██▄███▄▄▄█▄██▄▄▄█▄██

二维码解码URL: https://txz.qq.com/p?k=ih0jc-wfj7YdVKkLJlVt*ICsbQfyXD2a&f=1600001604
如果控制台二维码无法扫码，可以复制解码url到二维码生成网站生成二维码再扫码，也可以打开下方的二维码路径图片进行扫码。
12-16 16:19:37 [warn] 二维码已保存到 C:\Users\Administrator\Desktop\bot\napcat.29927.onekey\versions\9.9.16-29927\resources\app\napcat\cache\qrcode.png
12-16 16:21:38 [error] [Core] [Login] Login Error,ErrCode:  3  ErrMsg: 
12-16 16:21:38 [warn] 请扫描下面的二维码，然后在手Q上授权登录：
12-16 16:21:38 [warn] 

▄▄▄▄▄▄▄▄▄▄▄▄▄▄▄▄▄▄▄▄▄▄▄▄▄▄▄▄▄▄▄▄▄▄▄
█ ▄▄▄▄▄ █▀ █▀▀▀ ▀▀▀▀▄▀ ████ ▄▄▄▄▄ █
█ █   █ █▀ ▄ █▀█ ▀█▄█▄▄ █▄█ █   █ █
█ █▄▄▄█ █▀█ █▄█▄▀▀█▄▄▄▀█▄ █ █▄▄▄█ █
█▄▄▄▄▄▄▄█▄█▄█ █▄▀ █▄█▄▀ ▀▄█▄▄▄▄▄▄▄█
█  ▄  █▄▄▄ ▄█▄▄▀█▄▄▄  ▀▀█▄▄▀▄█▄▀ ▀█
█ ▄█ █▄▄▄▀ ▀ ▄██▄▀▄██  ▄▀█▀▀▄ ▄▀▄██
█  █▄██▄ ▀▄▀▄▀▄▀▄▀ ██   ██▄▀ ▄▄█▀▀█
█▀█ █ ▀▄ ▀█▄█▀██▄▀█▄█▄▀▄█▀  ▀██▀▄██
████▀▄▄▄▄█▄██▄▄▀▄██▀▀ █▄█▄▄▀█▄▀█ ▀█
█▀ ▀▄▀▄▄  █  ▄██ ▄▄█▀█ ▀██ ▄▀█▄▀▄██
█ ▄▄ ▀▀▄▄ ▄ ▄▀▄▀▀▀█▀█    ▀█▀█▄▀█ ▀█
█ █▀▄▀█▄█▄▀▄█▀█▀ ▀▄▄▀█  ▀▀  ▄  ▀▄██
█▄███▄▄▄▄▀▄▀█▄▄▀▄▀▄▄▀▄  ▄ ▄▄▄  ▀█ █
█ ▄▄▄▄▄ █▄▀  ▄▄▄ ▄█▀█▀▀▄  █▄█ ▀ ▄██
█ █   █ █ ▀▀▄ ▄▀█  ▀ ▀ ▄▀▄ ▄  ▄█▄██
█ █▄▄▄█ █  ▀█▄██▄ █▄▀ ▀▄ █▄▄ ▀▀ ▄██
█▄▄▄▄▄▄▄█▄▄███▄█▄▄███▄█▄█▄██▄▄▄█▄██

二维码解码URL: https://txz.qq.com/p?k=AWF1Ai4ViUVFwl2RqUxe2E7yGC4iWydI&f=1600001604
如果控制台二维码无法扫码，可以复制解码url到二维码生成网站生成二维码再扫码，也可以打开下方的二维码路径图片进行扫码。
12-16 16:21:38 [warn] 二维码已保存到 C:\Users\Administrator\Desktop\bot\napcat.29927.onekey\versions\9.9.16-29927\resources\app\napcat\cache\qrcode.png
12-16 16:23:39 [error] [Core] [Login] Login Error,ErrCode:  3  ErrMsg: 
12-16 16:23:39 [warn] 请扫描下面的二维码，然后在手Q上授权登录：
12-16 16:23:39 [warn] 

▄▄▄▄▄▄▄▄▄▄▄▄▄▄▄▄▄▄▄▄▄▄▄▄▄▄▄▄▄▄▄▄▄▄▄
█ ▄▄▄▄▄ █▄▄▄ ▀▄██ ▄▀ ▀▄▄▄██ ▄▄▄▄▄ █
█ █   █ ██▄▀ █ ▀▄▄▀▄██▄██▀█ █   █ █
█ █▄▄▄█ ██▀▄ ▄████  ▄█▄▄▀▀█ █▄▄▄█ █
█▄▄▄▄▄▄▄█ ▀▄█ ▀ █ █▄█▄█ ▀▄█▄▄▄▄▄▄▄█
█  ▀▄ █▄█▀▄▀█▄██▀▀█▀▄█ ▀▄▄█▄▀▀█▀▀▄█
█▄█ ▀▀▄▄▄█▄██▄█▄ █ ▄▀▀▄  █▀  ▄▀▀▄▄█
█ ████▀▄██  █▀▀▄   ▀ ▄██ █▀▄▄███▄▄█
█ ▀ ▄█▄▄▄█▀ █▀▄▀ ▄█▄▄█▄▀▀ ▀▄█ █▀█▀█
█▄▄█ █▀▄▀█▀  ▄▄  ▀ ▀▀█▄ █▄▄ ▀ ▄█  █
███▄▀▀█▄▀▄ ▀▀▄  ▄ █▀  ▄ ▄██▀█▄█▀▀ █
█ █▄▄▀█▄  █▀▄▀███▄▀▀▀▄▄█ ▀▄█▀▀▀█▀██
█ ██▄ █▄▄█ ▄ ▀█     █▄▄▄▄▀ ▀ ▄█▀▄▄█
█▄▄▄█▄▄▄▄ ▄▀▄▄▀▄ █▀▀▄█ ██ ▄▄▄ ▀▀ ██
█ ▄▄▄▄▄ ██ ▀ ▄█  ██ ▄▄▄▄  █▄█ ▀ █▀█
█ █   █ █ ▄█▀ ▄ ▀█ ▀▀ ▀ ▄▄ ▄▄▄▀█▄▄█
█ █▄▄▄█ █▀█ ▄▄  ▄▄▄█  █▄▀█▀▀▄   ▀ █
█▄▄▄▄▄▄▄█▄████████▄▄▄▄███▄▄█▄█▄████

二维码解码URL: https://txz.qq.com/p?k=juNeAULdAUIjpepx4GFrPaAIFHhE8o3L&f=1600001604
如果控制台二维码无法扫码，可以复制解码url到二维码生成网站生成二维码再扫码，也可以打开下方的二维码路径图片进行扫码。
12-16 16:23:39 [warn] 二维码已保存到 C:\Users\Administrator\Desktop\bot\napcat.29927.onekey\versions\9.9.16-29927\resources\app\napcat\cache\qrcode.png
12-16 16:25:41 [error] [Core] [Login] Login Error,ErrCode:  3  ErrMsg: 
12-16 16:25:41 [warn] 请扫描下面的二维码，然后在手Q上授权登录：
12-16 16:25:41 [warn] 

▄▄▄▄▄▄▄▄▄▄▄▄▄▄▄▄▄▄▄▄▄▄▄▄▄▄▄▄▄▄▄▄▄▄▄
█ ▄▄▄▄▄ █▄▄▄ ▀▄██ █▄ ▀▄ █▀█ ▄▄▄▄▄ █
█ █   █ ██▄▀ █ ▀▄▄▀▀▄ ▄█▄▄█ █   █ █
█ █▄▄▄█ ██▀▄ ▄█████ ██▀▀ ▀█ █▄▄▄█ █
█▄▄▄▄▄▄▄█ ▀▄█ ▀ █ █ ▀▄█ █▄█▄▄▄▄▄▄▄█
█▄▄▀ ▄█▄██▄▀█▄██▀▀▄▄██▄██▄█▄▀▀█▀▀▄█
███▀  ▄▄▄ ▄██▄█▄ █ █▀ █▄▄ ▀  ▄▀▀▄▄█
█▄▄▄ █▄▄▄   █▀▀▄  ▀▀█▄ █ ▀▀▄▄███▄▄█
█▀▀▀▀ ▀▄██ ▄█▀▄▀ ▄▄▀▄▄▄ ▀█▀▄█ █▀█▀█
█▄▄▄▀▀▀▄██   ▄▄  ▀ ▀▀▀  ▄█▄ ▀ ▄█  █
█▄ ▄██ ▄ ▄ ▄▀▄    ▄▀▄ ▄█▄██▀█▄█▀▀ █
█   ▀█▄▄ █▀█▄▀██▀▄▀▀▀▄██ ▀▄█▀▀▀█▀██
█ █ █▄▄▄ ▄█▀ ▀█  ▀▀▄▀ █ ▄▀ ▀ ▄█▀▄▄█
█▄▄██▄█▄█ ▄▄▄▄▀▄▄▀██ ▄█ █ ▄▄▄ ▀▀ ██
█ ▄▄▄▄▄ ████ ▄█ ▄▄█▄▄▄▄▀  █▄█ ▀ █▀█
█ █   █ █  ▀▀ ▄ ▄█▄▀▄ ██▄▄ ▄▄▄▀█▄▄█
█ █▄▄▄█ █▀▄▄▄▄  ▄▄▄█ ▀▄▄▀█▀▀▄   ▀ █
█▄▄▄▄▄▄▄█▄▄█████▄████▄▄██▄▄█▄█▄████

二维码解码URL: https://txz.qq.com/p?k=w2DReKWHLv40YMFzunLDM*5nDKqMPDRn&f=1600001604
如果控制台二维码无法扫码，可以复制解码url到二维码生成网站生成二维码再扫码，也可以打开下方的二维码路径图片进行扫码。
12-16 16:25:41 [warn] 二维码已保存到 C:\Users\Administrator\Desktop\bot\napcat.29927.onekey\versions\9.9.16-29927\resources\app\napcat\cache\qrcode.png
12-16 16:27:44 [error] [Core] [Login] Login Error,ErrCode:  3  ErrMsg: 
12-16 16:27:44 [warn] 请扫描下面的二维码，然后在手Q上授权登录：
12-16 16:27:44 [warn] 

▄▄▄▄▄▄▄▄▄▄▄▄▄▄▄▄▄▄▄▄▄▄▄▄▄▄▄▄▄▄▄▄▄▄▄
█ ▄▄▄▄▄ █▀ █▀▀▀ ▀▀ ▀█▄▀█▄██ ▄▄▄▄▄ █
█ █   █ █▀ ▄ █▀█ ▀▀ █▀ ▀▀▀█ █   █ █
█ █▄▄▄█ █▀█ █▄█▄▀▀▀█▄█ ▄█▀█ █▄▄▄█ █
█▄▄▄▄▄▄▄█▄█▄█ █▄▀ █ ▀ ▀▄▀ █▄▄▄▄▄▄▄█
█▄ ▄▄▄▀▄ ▄ ▄█▄▄▀█▄▀▀█▀▄▄█▄▄▀▄█▄▀ ▀█
█▀▀▄██▀▄█▀ ▀ ▄██▄▀█▀▀  ▄█ ▀▀▄ ▄▀▄██
█▄█▄▀█ ▄█▀ ▀▄▀▄▀▄▀▄▄▀▀▄  █▄▀ ▄▄█▀▀█
█▄ ▄ █▀▄ █▄▀█▀██▄▀▄▄█▄ ▀█▀  ▀██▀▄██
█▀█▄▀█▄▄█▀█ █▄▄▀▄█▀▀▀ ▀▄ ▀▄▀█▄▀█ ▀█
█ ▀▄█▄▀▄▀██▄ ▄██ ▀█▀█▄▀▀██ ▄▀█▄▀▄██
█ █▀▀ ▀▄█▀▀▀▄▀▄▀█▀ █▄ ██ ▀█▀█▄▀█ ▀█
█ █▄▀█▄▄ ▄ ▄█▀█▀▄▄█ ▀ ▀█▀▀  ▄  ▀▄██
█▄██▄█▄▄█▀▄▀█▄▄▀ ▀▄▄▄▀█ ▄ ▄▄▄  ▀█ █
█ ▄▄▄▄▄ █▄▀  ▄▄▄▄ ▄▀█ ▀█  █▄█ ▀ ▄██
█ █   █ █  ▀▄ ▄▀▄▀▄▀▄▀▀▄▀▄ ▄  ▄█▄██
█ █▄▄▄█ █ ▀██▄██▄ ▄▀██   █▄▄ ▀▀ ▄██
█▄▄▄▄▄▄▄█▄████▄█▄███▄▄▄▄█▄██▄▄▄█▄██

二维码解码URL: https://txz.qq.com/p?k=9xBMhPLYc*zeXMOYqgF0Z6L3Lx6fGgCl&f=1600001604
如果控制台二维码无法扫码，可以复制解码url到二维码生成网站生成二维码再扫码，也可以打开下方的二维码路径图片进行扫码。
12-16 16:27:44 [warn] 二维码已保存到 C:\Users\Administrator\Desktop\bot\napcat.29927.onekey\versions\9.9.16-29927\resources\app\napcat\cache\qrcode.png
12-16 16:29:45 [error] [Core] [Login] Login Error,ErrCode:  3  ErrMsg: 
12-16 16:29:45 [warn] 请扫描下面的二维码，然后在手Q上授权登录：
12-16 16:29:45 [warn] 

▄▄▄▄▄▄▄▄▄▄▄▄▄▄▄▄▄▄▄▄▄▄▄▄▄▄▄▄▄▄▄▄▄▄▄
█ ▄▄▄▄▄ █▄▄▄ ▀▄██ ▀▀ █▀ ▄▀█ ▄▄▄▄▄ █
█ █   █ ██▄▀ █ ▀▄▄▀ ▄ ▄█▄▄█ █   █ █
█ █▄▄▄█ ██▀▄ ▄████▄█████ ▀█ █▄▄▄█ █
█▄▄▄▄▄▄▄█ ▀▄█ ▀ █ █ ▀▄█ █▄█▄▄▄▄▄▄▄█
█▄ ▀ ▄█▄▀█▄▀█▄██▀▀▄▄ ▄██▀▄█▄▀▀█▀▀▄█
█▀▄▀▄█ ▄▀█▄██▄█▄ █▀ ▀▄▄█  ▀  ▄▀▀▄▄█
█ ▄▄▄▀█▄▄▄  █▀▀▄  ▀█▀█▄▀▄█▀▄▄███▄▄█
█▄ ▀▀▀▀▄ ▀█▀█▀▄▀ ▄▄ ▄▄█▀▀ ▀▄█ █▀█▀█
█▀▀█  █▄█▀▄  ▄▄  ▀▀█ ▄▀ ▄█▄ ▀ ▄█  █
█▄ █▀▀▄▄▄█▀▄▀▄  ▄█▄▄▄██▄▄██▀█▄█▀▀ █
█▀▀██ ▄▄█▀▀▄▄▀██▄▄█▀▄▄▄█ ▀▄█▀▀▀█▀██
█ █▀ ▀▄▄▄▄██ ▀█ ▄█▀█▀▀▄▄▄▀ ▀ ▄█▀▄▄█
█▄▄▄▄▄█▄▄ █▀▄▄▀▄█ ██▄▀▄██ ▄▄▄ ▀▀ ██
█ ▄▄▄▄▄ ██ █ ▄█  █▄▄▄▄▄█  █▄█ ▀ █▀█
█ █   █ █  ▀▀ ▄ ██▀▄▀▀▀▀▄▄ ▄▄▄▀█▄▄█
█ █▄▄▄█ █▀  ▄▄   ▀▄▀  █▄▀█▀▀▄   ▀ █
█▄▄▄▄▄▄▄█▄█▄█████▄████▄██▄▄█▄█▄████

二维码解码URL: https://txz.qq.com/p?k=rPdROMqVjUE*Hu7W-ZtEZ62zqGs4OOLA&f=1600001604
如果控制台二维码无法扫码，可以复制解码url到二维码生成网站生成二维码再扫码，也可以打开下方的二维码路径图片进行扫码。
12-16 16:29:45 [warn] 二维码已保存到 C:\Users\Administrator\Desktop\bot\napcat.29927.onekey\versions\9.9.16-29927\resources\app\napcat\cache\qrcode.png
12-16 16:31:45 [error] [Core] [Login] Login Error,ErrCode:  3  ErrMsg: 
12-16 16:31:45 [warn] 请扫描下面的二维码，然后在手Q上授权登录：
12-16 16:31:45 [warn] 

▄▄▄▄▄▄▄▄▄▄▄▄▄▄▄▄▄▄▄▄▄▄▄▄▄▄▄▄▄▄▄▄▄▄▄
█ ▄▄▄▄▄ █▄▄▄ ▀▄██  ▀ ██ ▄▀█ ▄▄▄▄▄ █
█ █   █ ██▄▀ █ ▀▄▄▀▄██ ▄  █ █   █ █
█ █▄▄▄█ ██▀▄ ▄████  ▄▄▄█▀▀█ █▄▄▄█ █
█▄▄▄▄▄▄▄█ ▀▄█ ▀ █ █▄▀▄█ ▀▄█▄▄▄▄▄▄▄█
█▄▄█  █▄██▄▀█▄██▀▀▄█  █▄▀▀█▄▀▀█▀▀▄█
██  ▄█▄▄▀▀▄██▄█▄ █ ▀▀ ▄ ▄█▀  ▄▀▀▄▄█
██▄█▀  ▄▀█▄ █▀▀▄  ▀█▄▀▀█ ▄▀▄▄███▄▄█
███▄▄█▀▄█▄███▀▄▀ ▄█ ▄ █ ▀ ▀▄█ █▀█▀█
█▄▄▄▄ ▀▄▄█▀▄ ▄▄  ▀ █▀█▄ ▄▀▄ ▀ ▄█  █
█▄▀▀▄▀█▄█▄▀█▀▄  ▄ ▄▄ ▀██▄██▀█▄█▀▀ █
█ ▀▀▄▄▀▄▄ ██▄▀██ ▄██▀█▄█ ▀▄█▀▀▀█▀██
█ █▄▀██▄▀▄ ▄ ▀█  ▀  █ ██▄▀ ▀ ▄█▀▄▄█
█▄▄█▄█▄▄█  ▀▄▄▀▄▀▄█▀ █▀██ ▄▄▄ ▀▀ ██
█ ▄▄▄▄▄ ██▀  ▄█  █▄ ▄ █▀  █▄█ ▀ █▀█
█ █   █ █  █▀ ▄ ▀██ ▄▀  ▄▄ ▄▄▄▀█▄▄█
█ █▄▄▄█ █▀ ▄▄▄  ▄██  █▄▀▀█▀▀▄   ▀ █
█▄▄▄▄▄▄▄█▄███████▄███████▄▄█▄█▄████

二维码解码URL: https://txz.qq.com/p?k=2g6jLe4jFSnMmYTi1643RatxQPb*Io*d&f=1600001604
如果控制台二维码无法扫码，可以复制解码url到二维码生成网站生成二维码再扫码，也可以打开下方的二维码路径图片进行扫码。
12-16 16:31:45 [warn] 二维码已保存到 C:\Users\Administrator\Desktop\bot\napcat.29927.onekey\versions\9.9.16-29927\resources\app\napcat\cache\qrcode.png
12-16 16:33:48 [error] [Core] [Login] Login Error,ErrCode:  3  ErrMsg: 
12-16 16:33:48 [warn] 请扫描下面的二维码，然后在手Q上授权登录：
12-16 16:33:48 [warn] 

▄▄▄▄▄▄▄▄▄▄▄▄▄▄▄▄▄▄▄▄▄▄▄▄▄▄▄▄▄▄▄▄▄▄▄
█ ▄▄▄▄▄ █▄▄▄ ▀▄██ ▄▄ ▀▄ ▄██ ▄▄▄▄▄ █
█ █   █ ██▄▀ █ ▀▄▄█▄▀█  ▄██ █   █ █
█ █▄▄▄█ ██▀▄ ▄█████ █▀▄▄▀▄█ █▄▄▄█ █
█▄▄▄▄▄▄▄█ ▀▄█ ▀ █ █▄█ █▄█ █▄▄▄▄▄▄▄█
█ ▄█▄ ▀▄█▀▄▀█▄██▀▀█▀ ██▄▀██▄▀▀█▀▀▄█
██  ▀▄▄▄█▄▄██▄█▄ █▀ ▀ ▄█  ▀  ▄▀▀▄▄█
█ ▀ █ █▄█▀  █▀▀▄   ▀ █▄█▄█▀▄▄███▄▄█
█▄ ▄▀██▄  █▀█▀▄▀ ▄▄▀▄▀█▄▀▄▀▄█ █▀█▀█
█ █ ▄▄▄▄██▄  ▄▄  ▀ ▀█▀█▄▄▄▄ ▀ ▄█  █
█ ▄▄▀▀ ▄▄ ▀ ▀▄  ▄ ██ ▀█▀▄██▀█▄█▀▀ █
█▀▀█▄▀▀▄█▀█▀▄▀██ ▀██ █▄▀ ▀▄█▀▀▀█▀██
█ █▀▀█ ▄  ▄█ ▀█ ▄█▀▄▀▄▄█▄▀ ▀ ▄█▀▄▄█
█▄▄▄███▄▄  █▄▄▀▄█ █▀▄▄▄▀█ ▄▄▄ ▀▀ ██
█ ▄▄▄▄▄ ███▀ ▄█ ▄██▄  ▄█  █▄█ ▀ █▀█
█ █   █ █ █▄▀ ▄ ▀▀▄█▄ █ ▄▄ ▄▄▄▀█▄▄█
█ █▄▄▄█ █▀▀▄▄▄   ▀█ ▄▀█▀▀█▀▀▄   ▀ █
█▄▄▄▄▄▄▄█▄███████▄▄█▄▄███▄▄█▄█▄████

二维码解码URL: https://txz.qq.com/p?k=fPq7D41CwAUgsKbaPVcZDKBNGSaZo-L4&f=1600001604
如果控制台二维码无法扫码，可以复制解码url到二维码生成网站生成二维码再扫码，也可以打开下方的二维码路径图片进行扫码。
12-16 16:33:48 [warn] 二维码已保存到 C:\Users\Administrator\Desktop\bot\napcat.29927.onekey\versions\9.9.16-29927\resources\app\napcat\cache\qrcode.png
12-16 16:35:49 [error] [Core] [Login] Login Error,ErrCode:  3  ErrMsg: 
12-16 16:35:49 [warn] 请扫描下面的二维码，然后在手Q上授权登录：
12-16 16:35:49 [warn] 

▄▄▄▄▄▄▄▄▄▄▄▄▄▄▄▄▄▄▄▄▄▄▄▄▄▄▄▄▄▄▄▄▄▄▄
█ ▄▄▄▄▄ █▀ █▀▀▀ ▀▀▀▀▄▀▀▄█▀█ ▄▄▄▄▄ █
█ █   █ █▀ ▄ █▀█ ▀██▄█▄█▀▀█ █   █ █
█ █▄▄▄█ █▀█ █▄█▄▀▀█▄█▄▄ █▀█ █▄▄▄█ █
█▄▄▄▄▄▄▄█▄█▄█ █▄▀ █▄▀ ▀▄▀ █▄▄▄▄▄▄▄█
█  ▄▄ █▄▄▄ ▄█▄▄▀█▄▄▄▄▀█▄▄▄▄▀▄█▄▀ ▀█
█▄█▀█▀ ▄▄▀ ▀ ▄██▄▀▄▄▀ ▀ ▀ ▀▀▄ ▄▀▄██
█▀█▀▀▀▄▄ ▄ ▀▄▀▄▀▄▀ ▀█▀▀▄▄█▄▀ ▄▄█▀▀█
██▀  ▀ ▄ █  █▀██▄▀▄ ██▀▀█▄  ▀██▀▄██
█ ▄█▀▄ ▄▀ ▄▄█▄▄▀▄███▀ ▄ ▄▄▄▀█▄▀█ ▀█
█ ▄ █▀▀▄▄ ▄▀ ▄██ ▀▄▀▀█▀███ ▄▀█▄▀▄██
█ ▄▀█▀▀▄█▄ ▀▄▀▄▀█▀ █ █▀▀ ▀█▀█▄▀█ ▀█
█ █▄ █▄▄██▄▄█▀█▀ ▄█▄██ ▄▀▀  ▄  ▀▄██
█▄█▄▄█▄▄▄▀ ▄█▄▄▀▄▄▀▀▄ ▄ ▄ ▄▄▄  ▀█ █
█ ▄▄▄▄▄ █▄   ▄▄▄▄ ██▀  ▀  █▄█ ▀ ▄██
█ █   █ █   ▄ ▄▀█▀ ▀█▀█▀▀▄ ▄  ▄█▄██
█ █▄▄▄█ █  ██▄██  ▄ ▀█ █ █▄▄ ▀▀ ▄██
█▄▄▄▄▄▄▄█▄▄███▄███▄███▄▄█▄██▄▄▄█▄██

二维码解码URL: https://txz.qq.com/p?k=LZJLX6ocZ4Y8BGX*pGNC3E3jVyMjmo1l&f=1600001604
如果控制台二维码无法扫码，可以复制解码url到二维码生成网站生成二维码再扫码，也可以打开下方的二维码路径图片进行扫码。
12-16 16:35:49 [warn] 二维码已保存到 C:\Users\Administrator\Desktop\bot\napcat.29927.onekey\versions\9.9.16-29927\resources\app\napcat\cache\qrcode.png
12-16 16:37:51 [error] [Core] [Login] Login Error,ErrCode:  3  ErrMsg: 
12-16 16:37:51 [warn] 请扫描下面的二维码，然后在手Q上授权登录：
12-16 16:37:51 [warn] 

▄▄▄▄▄▄▄▄▄▄▄▄▄▄▄▄▄▄▄▄▄▄▄▄▄▄▄▄▄▄▄▄▄▄▄
█ ▄▄▄▄▄ █▄▄▄ ▀▄██  ▀▀█▄██ █ ▄▄▄▄▄ █
█ █   █ ██▄▀ █ ▀▄▄▀▄█▄▄██▄█ █   █ █
█ █▄▄▄█ ██▀▄ ▄████▄ ██▀█ ▀█ █▄▄▄█ █
█▄▄▄▄▄▄▄█ ▀▄█ ▀ █ █▄▀ █▄█ █▄▄▄▄▄▄▄█
█▄ ▀▄ ▀▄██▄▀█▄██▀▀██▄▄▄▀███▄▀▀█▀▀▄█
█▄█▄▀██▄█▄▄██▄█▄ █ ████ ▄ ▀  ▄▀▀▄▄█
█▀ ▀ ▄ ▄▀   █▀▀▄  ▄▀▄█▀█ █▀▄▄███▄▄█
█▄█▄▄██▄█▄█ █▀▄▀ ▄▄▀▄▀███ ▀▄█ █▀█▀█
█▄  ▀▄▀▄ █▀▀ ▄▄  ▀██▄▀█ ▄█▄ ▀ ▄█  █
██▄█ █▄▄  ██▀▄    ▄▄  ▄█▄██▀█▄█▀▀ █
█▀▄█ █ ▄▀▄ █▄▀██ █▄▄███▄ ▀▄█▀▀▀█▀██
█ █ ▀▀█▄▀▀ █ ▀█ ▄ ▀ ▀▄▄▄▄▀ ▀ ▄█▀▄▄█
█▄▄▄██▄▄█ ▄ ▄▄▀▄▀█▄███▀██ ▄▄▄ ▀▀ ██
█ ▄▄▄▄▄ ██▀█ ▄█ ▄▀▄ ▄▀█▀  █▄█ ▀ █▀█
█ █   █ █ ▀ ▀ ▄ ▄▄▄▀▄▀█▄▄▄ ▄▄▄▀█▄▄█
█ █▄▄▄█ █▀▀▀▄▄  ▄▀█  ▀▄█▀█▀▀▄   ▀ █
█▄▄▄▄▄▄▄█▄█▄█████▄▄▄▄▄█▄█▄▄█▄█▄████

二维码解码URL: https://txz.qq.com/p?k=prPP1NFod5nt1XzHXqPWrcUFy2RJ-Q9v&f=1600001604
如果控制台二维码无法扫码，可以复制解码url到二维码生成网站生成二维码再扫码，也可以打开下方的二维码路径图片进行扫码。
12-16 16:37:51 [warn] 二维码已保存到 C:\Users\Administrator\Desktop\bot\napcat.29927.onekey\versions\9.9.16-29927\resources\app\napcat\cache\qrcode.png
12-16 16:39:54 [error] [Core] [Login] Login Error,ErrCode:  3  ErrMsg: 
12-16 16:39:54 [warn] 请扫描下面的二维码，然后在手Q上授权登录：
12-16 16:39:54 [warn] 

▄▄▄▄▄▄▄▄▄▄▄▄▄▄▄▄▄▄▄▄▄▄▄▄▄▄▄▄▄▄▄▄▄▄▄
█ ▄▄▄▄▄ █▄▄███▀▄█▀█▀▄ ▄▄ ▀█ ▄▄▄▄▄ █
█ █   █ █ ▀█ ▄ █▀ ▀▀ ▀█▀▀██ █   █ █
█ █▄▄▄█ █▄ ▄▄▀▀█▄██▄▀▀▄▀▄▄█ █▄▄▄█ █
█▄▄▄▄▄▄▄█▄▀▄▀▄█ █ ▀▄█▄█ ▀ █▄▄▄▄▄▄▄█
█▄   ▀█▄█ ▀████▀▄█▀ ▄▀▀▀▀█▄▀█▄▄ ▀ █
███ ▀▄ ▄█▄██▀▀▀▄▀█▄▄▀▀██▄▄█ ▀▄█▄ ▄█
█▀▀ █ ▀▄▀█▄▀ █▄█ ▀▀█▄██▀▄█▄█▄▄ ▀▀██
█▄▀█▀▀█▄▀█ ▄█ ▄██ ▄█▄▄▀▀▀ ▀  ▄█ ███
█▀█ ▀  ▄▄█ █▄▀  ▀▀█▀  ▄▄ ▀      ▄ █
██▄▀▀▄ ▄   ▄▄ █▀▄█▀▄▀▀▄▀▀▀  ██ █▄▀█
█▀▀▄   ▄▄▀█▀▄ █▀ ▀▄█▄▀▄█  ▄▀▄█▀▄▀▀█
██▀█▀ █▄█ █ ▄▄▀ █▀▄▀██▄  ▄▄▀▀▄▀▄ ▄█
█▄█▄▄██▄▄▀ █▀ ▄█▀▄ ██▄▀▀  ▄▄▄ ▄██▄█
█ ▄▄▄▄▄ ██   ██▄▀█▄  █▀▄  █▄█ ▀▀███
█ █   █ █▀ ▀██  ▀ ▀▀▄▀█▄  ▄▄▄▄█  ▄█
█ █▄▄▄█ █ ▄ ▀ █▀ ▄▀ █▄█ ▄▀▄ ▄▀█▄▄▀█
█▄▄▄▄▄▄▄█▄█▄█▄██▄▄▄▄▄▄████▄███▄▄███

二维码解码URL: https://txz.qq.com/p?k=c9dYqiQ5qn8WUzSBIMEXv8LC01f9k18X&f=1600001604
如果控制台二维码无法扫码，可以复制解码url到二维码生成网站生成二维码再扫码，也可以打开下方的二维码路径图片进行扫码。
12-16 16:39:54 [warn] 二维码已保存到 C:\Users\Administrator\Desktop\bot\napcat.29927.onekey\versions\9.9.16-29927\resources\app\napcat\cache\qrcode.png
12-16 16:41:56 [error] [Core] [Login] Login Error,ErrCode:  3  ErrMsg: 
12-16 16:41:56 [warn] 请扫描下面的二维码，然后在手Q上授权登录：
12-16 16:41:56 [warn] 

▄▄▄▄▄▄▄▄▄▄▄▄▄▄▄▄▄▄▄▄▄▄▄▄▄▄▄▄▄▄▄▄▄▄▄
█ ▄▄▄▄▄ █▄▄▄ ▀▄██    █ ██▄█ ▄▄▄▄▄ █
█ █   █ ██▄▀ █ ▀▄▄▀█▀  ▄▀ █ █   █ █
█ █▄▄▄█ ██▀▄ ▄████▄██▀ ▀▀▀█ █▄▄▄█ █
█▄▄▄▄▄▄▄█ ▀▄█ ▀ █ █ ▀▄█▄█▄█▄▄▄▄▄▄▄█
█  ▀ ▄▀▄▀█▄▀█▄██▀▀  ▀██▄█▄█▄▀▀█▀▀▄█
██▀▀█▄█▄▀▀▄██▄█▄ █▀ ██▄  ▀▀  ▄▀▀▄▄█
█ ▀ ▄ ▀▄▄ ▄ █▀▀▄  █▄█▄██▀▀▀▄▄███▄▄█
██▀ ▄▄█▄▀█▄ █▀▄▀ ▄█  ▄███ ▀▄█ █▀█▀█
██▄ █▀ ▄▀█▄  ▄▄  ▀███ █ ▄█▄ ▀ ▄█  █
█   ███▄█▀▄ ▀▄  ▄ █ ▄▀▄ ▄██▀█▄█▀▀ █
█▀▀█ █▀▄  ▄▀▄▀██ ██▀ ▄ ▀ ▀▄█▀▀▀█▀██
█ █▄█ ▀▄█▄▄█ ▀█ ▄  ██▄▄ ▄▀ ▀ ▄█▀▄▄█
█▄▄▄▄▄█▄▄ █▄▄▄▀▄▄ ▀▀▀▄█ █ ▄▄▄ ▀▀ ██
█ ▄▄▄▄▄ ██ █ ▄█  ▄▄█▄▀▄   █▄█ ▀ █▀█
█ █   █ █   ▀ ▄    ▀▄▀██▄▄ ▄▄▄▀█▄▄█
█ █▄▄▄█ █▀█▀▄▄  ▄ ▄▄ ▀█ ▀█▀▀▄   ▀ █
█▄▄▄▄▄▄▄█▄▄▄████▄█▄▄▄▄███▄▄█▄█▄████

二维码解码URL: https://txz.qq.com/p?k=p9Di2b4gaL03qXHsGimOCv*0zEoA46At&f=1600001604
如果控制台二维码无法扫码，可以复制解码url到二维码生成网站生成二维码再扫码，也可以打开下方的二维码路径图片进行扫码。
12-16 16:41:56 [warn] 二维码已保存到 C:\Users\Administrator\Desktop\bot\napcat.29927.onekey\versions\9.9.16-29927\resources\app\napcat\cache\qrcode.png
12-16 16:43:56 [error] [Core] [Login] Login Error,ErrCode:  3  ErrMsg: 
12-16 16:43:57 [warn] 请扫描下面的二维码，然后在手Q上授权登录：
12-16 16:43:57 [warn] 

▄▄▄▄▄▄▄▄▄▄▄▄▄▄▄▄▄▄▄▄▄▄▄▄▄▄▄▄▄▄▄▄▄▄▄
█ ▄▄▄▄▄ █▄▄███▀▄█▀▀▀█ ▄█▀▀█ ▄▄▄▄▄ █
█ █   █ █ ▀█ ▄ █▀ ██ ▀█▀███ █   █ █
█ █▄▄▄█ █▄ ▄▄▀▀█▄█▄█▀▀██▄ █ █▄▄▄█ █
█▄▄▄▄▄▄▄█▄▀▄▀▄█ █ ▀ ▀▄█▄█ █▄▄▄▄▄▄▄█
█▄   ▀▀▄█▄▀████▀▄█▄▄  ▄█▀▄▄▀█▄▄ ▀ █
██▀▄▄▄ ▄█▀██▀▀▀▄▀█▄▄▀▄▄▄ ▀█ ▀▄█▄ ▄█
███▄█▀▀▄ ▄▄▀ █▄█ ▀ ▀█▄▀▀▀▀▄█▄▄ ▀▀██
█▄ ▀ ▄ ▄▄▄▄██ ▄██ ▄▄ █▀▄▀█▀  ▄█ ███
█▀▀▀█▄ ▄▄ ▀▄▄▀  ▀▀█▄▄▄▄▄▄▀      ▄ █
█ █▀▄  ▄ ▀█▀▄ █▀ ▀  ▀ ██▀▀  ██ █▄▀█
█▀▀ ▀▄█▄███▄▄ █▀▀ ▄▄▀▀██  ▄▀▄█▀▄▀▀█
██▀▄▀▀▄▄▀ ▀█▄▄▀ ██▄▀█ ██ ▄▄▀▀▄▀▄ ▄█
█▄█▄▄██▄█ ▀█▀ ▄█▄▀▄█▀██▀  ▄▄▄ ▄██▄█
█ ▄▄▄▄▄ ██▄▄ ██▄▀▄█  █▀▀  █▄█ ▀▀███
█ █   █ █▀▄▀██  █▄█  ▀▄   ▄▄▄▄█  ▄█
█ █▄▄▄█ █  ▄▀ █▀ ▄▀██▀▄▄▄▀▄ ▄▀█▄▄▀█
█▄▄▄▄▄▄▄█▄▄▄█▄███▄▄▄█▄▄▄██▄███▄▄███

二维码解码URL: https://txz.qq.com/p?k=FVwQAdo8rI5d8Zfk*PwXTAtwcqltcPDF&f=1600001604
如果控制台二维码无法扫码，可以复制解码url到二维码生成网站生成二维码再扫码，也可以打开下方的二维码路径图片进行扫码。
12-16 16:43:57 [warn] 二维码已保存到 C:\Users\Administrator\Desktop\bot\napcat.29927.onekey\versions\9.9.16-29927\resources\app\napcat\cache\qrcode.png
12-16 16:45:59 [error] [Core] [Login] Login Error,ErrCode:  3  ErrMsg: 
12-16 16:45:59 [warn] 请扫描下面的二维码，然后在手Q上授权登录：
12-16 16:45:59 [warn] 

▄▄▄▄▄▄▄▄▄▄▄▄▄▄▄▄▄▄▄▄▄▄▄▄▄▄▄▄▄▄▄▄▄▄▄
█ ▄▄▄▄▄ █ ██▀▀▄█▄▀ ▄▀▀▀██▀█ ▄▄▄▄▄ █
█ █   █ █  ▀█ ▀█ ▄  █▀ █ ▄█ █   █ █
█ █▄▄▄█ █▀  █▄ ▀▄▀▀ ▀█ █▄▀█ █▄▄▄█ █
█▄▄▄▄▄▄▄█▄█ ▀▄█▄▀▄▀▄▀▄▀▄▀ █▄▄▄▄▄▄▄█
█▄ ██▄▄▄▀██▄█▄▀▄ ▄███▄█ ▀█▀█ █▄ ▄▄█
█▀▀ ▀█▀▄▄▄ ▄█▀██▄▄▀▀█▄ ▀▄▀▀▀▄█▀▄▄██
█▄█▄ ▀▀▄█▀▀▀▄▀▀▄▀▀▄▄▀█▄ ▀▀▀▄█▄▄█▄▄█
██▄▀▄ ▀▄▄▄▄▄ ▄██▄▄ █▀█      ▀  ▄▄██
█▀ █ ▀ ▄▄   █▄▀▄▀█ ▀▀██ █▄▀▄ ▄▀██▄█
█▀ ▀ █ ▄▀ ███▀██ █▀ █▄▀▀   ▄▀ ▀▄▄██
█ ▄▀█▄█▄▀▄▀█▄▀▀▄█ ▄▄ ▄▄▀ ▀ ▄ ▄▀██▄█
███▀ █▄▄▀  █ ▄█▀  ▀▀█▄▀█▄▄  ▄██▄▄██
█▄▄██▄█▄▄▀█ █▄▀▄▄▀ ▀███ ▄ ▄▄▄  ▀ ██
█ ▄▄▄▄▄ █▀▄██▀▄▄▄▀▀▄█▀▀▄█ █▄█ ▄█▄██
█ █   █ █▄ █▄ ▀▄█ █▀█▄ ▀▀▄▄ ▄ ▄█▀ █
█ █▄▄▄█ █▀▀▄ ▀██▄▀▀▀▀▀  █ ▄▄ ▄▄█▄██
█▄▄▄▄▄▄▄█▄█▄███▄██▄█▄▄█▄█▄▄▄█▄▄██▄█

二维码解码URL: https://txz.qq.com/p?k=E6tdCKTpV7S8FlyAZYkpoBS0o3nCcSHU&f=1600001604
如果控制台二维码无法扫码，可以复制解码url到二维码生成网站生成二维码再扫码，也可以打开下方的二维码路径图片进行扫码。
12-16 16:45:59 [warn] 二维码已保存到 C:\Users\Administrator\Desktop\bot\napcat.29927.onekey\versions\9.9.16-29927\resources\app\napcat\cache\qrcode.png
12-16 16:47:59 [error] [Core] [Login] Login Error,ErrCode:  3  ErrMsg: 
12-16 16:47:59 [warn] 请扫描下面的二维码，然后在手Q上授权登录：
12-16 16:47:59 [warn] 

▄▄▄▄▄▄▄▄▄▄▄▄▄▄▄▄▄▄▄▄▄▄▄▄▄▄▄▄▄▄▄▄▄▄▄
█ ▄▄▄▄▄ █▄▄███▀▄█▀ ▄█▄▀▀▀▀█ ▄▄▄▄▄ █
█ █   █ █ ▀█ ▄ █▀ ▀█▄▀▀▀███ █   █ █
█ █▄▄▄█ █▄ ▄▄▀▀█▄██▄▀▀▀ █▀█ █▄▄▄█ █
█▄▄▄▄▄▄▄█▄▀▄▀▄█ █ ▀ ▀▄█ █▄█▄▄▄▄▄▄▄█
█ ▄  █▀▄▀▄▀████▀▄█▀ ▀▀█▀▀▄▄▀█▄▄ ▀ █
█▄ ▀   ▄█ ██▀▀▀▄▀█▄█▀▄█▀▄▀█ ▀▄█▄ ▄█
█▄▄█▄ ▄▄██▄▀ █▄█ ▀  ▀ █▄█ ▄█▄▄ ▀▀██
█▀█ ▄▄▄▄▀▀▄▄█ ▄██ ▄█ █▀ ██▀  ▄█ ███
██▀▀▄▀▄▄██▀▄▄▀  ▀▀▀█▄ ▀ ▀▀      ▄ █
█▀█▀▄██▄▄ ▄▀▄ █▀   ▄▀▀█ ▀▀  ██ █▄▀█
█  ▀▀ ▄▄    ▄ █▀█▀▄ ▄▀█▀  ▄▀▄█▀▄▀▀█
██▀▀█▀▄▄  ▄▄▄▄▀ █ ▄ █ ██ ▄▄▀▀▄▀▄ ▄█
█▄██▄▄▄▄█▀▀▄▀ ▄█▀ ████▀▄  ▄▄▄ ▄██▄█
█ ▄▄▄▄▄ ██▀█ ██▄█▀█▄ ▀▀█  █▄█ ▀▀███
█ █   █ █▀▀ ██  ██ ▄█▀▄█  ▄▄▄▄█  ▄█
█ █▄▄▄█ █ ▀▀▀ █▀▄  ▄▀▄█▄▄▀▄ ▄▀█▄▄▀█
█▄▄▄▄▄▄▄█▄▄▄█▄██▄▄█▄▄█████▄███▄▄███

二维码解码URL: https://txz.qq.com/p?k=lds1OSXaOYl6GvFBj0oQHyH3*eMJMGyw&f=1600001604
如果控制台二维码无法扫码，可以复制解码url到二维码生成网站生成二维码再扫码，也可以打开下方的二维码路径图片进行扫码。
12-16 16:47:59 [warn] 二维码已保存到 C:\Users\Administrator\Desktop\bot\napcat.29927.onekey\versions\9.9.16-29927\resources\app\napcat\cache\qrcode.png
12-16 16:50:02 [error] [Core] [Login] Login Error,ErrCode:  3  ErrMsg: 
12-16 16:50:02 [warn] 请扫描下面的二维码，然后在手Q上授权登录：
12-16 16:50:02 [warn] 

▄▄▄▄▄▄▄▄▄▄▄▄▄▄▄▄▄▄▄▄▄▄▄▄▄▄▄▄▄▄▄▄▄▄▄
█ ▄▄▄▄▄ █▄▄███▀▄█▀▀█▄ ▄▄ ██ ▄▄▄▄▄ █
█ █   █ █ ▀█ ▄ █▀ ▀▀▀█▀▀▀▀█ █   █ █
█ █▄▄▄█ █▄ ▄▄▀▀█▄█ ▄▀█ ▀▄ █ █▄▄▄█ █
█▄▄▄▄▄▄▄█▄▀▄▀▄█ █ ▀ ▀▄█ ▀▄█▄▄▄▄▄▄▄█
█ ▄  ▀▀▄▀ ▀████▀▄█▄ █▀▀███▄▀█▄▄ ▀ █
█ █▀▄ ▀▄█▄██▀▀▀▄▀█▄▀▀██▄▄██ ▀▄█▄ ▄█
█▄▀█ █▀▄ █ ▀ █▄█ ▀  ▀██ ▄█▄█▄▄ ▀▀██
█▀▄ ▀ █▄ ▄█ █ ▄██ ▄█ ▄ ▀▀▄▀  ▄█ ███
█▀▄▀▄▄ ▄ ▀ ▀▄▀  ▀▀█▄█▀█▄▄       ▄ █
█▀▄▄▄▄█▄▀█▄▀▄ █▀ ▄ ▀█▀▄▄▀▀  ██ █▄▀█
█▀▄ ▀▄█▄▄▀▄▄▄ █▀█ ▄ ▀▀██  ▄▀▄█▀▄▀▀█
██▀ █▀▀▄ ▄▄▄▄▄▀ ▀ ▄▀▀▄█▄ ▄▄▀▀▄▀▄ ▄█
█▄████▄▄█▀▄▀▀ ▄█ ▀▀█      ▄▄▄ ▄██▄█
█ ▄▄▄▄▄ ███▄ ██▄█▀▄▀▄▀▀▄  █▄█ ▀▀███
█ █   █ █▀▄▄██   █▀▄█▀    ▄▄▄▄█  ▄█
█ █▄▄▄█ █ █▄▀ █▀ █▀ █▀▄▀▄▀▄ ▄▀█▄▄▀█
█▄▄▄▄▄▄▄█▄█▄█▄██▄▄▄▄██████▄███▄▄███

二维码解码URL: https://txz.qq.com/p?k=W8AHqKEwTMXiHt8hsaNJp3a3gaBijocc&f=1600001604
如果控制台二维码无法扫码，可以复制解码url到二维码生成网站生成二维码再扫码，也可以打开下方的二维码路径图片进行扫码。
12-16 16:50:02 [warn] 二维码已保存到 C:\Users\Administrator\Desktop\bot\napcat.29927.onekey\versions\9.9.16-29927\resources\app\napcat\cache\qrcode.png
12-16 16:52:04 [error] [Core] [Login] Login Error,ErrCode:  3  ErrMsg: 
12-16 16:52:04 [warn] 请扫描下面的二维码，然后在手Q上授权登录：
12-16 16:52:04 [warn] 

▄▄▄▄▄▄▄▄▄▄▄▄▄▄▄▄▄▄▄▄▄▄▄▄▄▄▄▄▄▄▄▄▄▄▄
█ ▄▄▄▄▄ █▀ █▀▀▀ ▀▀▄▄▄▄  ▄ █ ▄▄▄▄▄ █
█ █   █ █▀ ▄ █▀█ ▀█▄▀█▄▀█▀█ █   █ █
█ █▄▄▄█ █▀█ █▄█▄▀▀ ▄▄  ██▀█ █▄▄▄█ █
█▄▄▄▄▄▄▄█▄█▄█ █▄▀ █ █▄▀ ▀ █▄▄▄▄▄▄▄█
█▄▄ ▄▄▀▄   ▄█▄▄▀█▄▄▄▄ ▀▀▀▀▄▀▄█▄▀ ▀█
█▄▄ ▄▀█▄▀  ▀ ▄██▄▀█▀▀█▀█▀█▀▀▄ ▄▀▄██
█ ▀▄▄█▄▄▄▀▄▀▄▀▄▀▄▀███▀▀ ▀▄▄▀ ▄▄█▀▀█
█ █▄▀▀▀▄    █▀██▄▀█ █▄ ▄█▀  ▀██▀▄██
█▀▄▄▄▄ ▄██▄██▄▄▀▄██▀▀▀ ▄▄█▄▀█▄▀█ ▀█
█▄▀ ▀▀▄▄██▄▀ ▄██▄███▀▄▀ ██ ▄▀█▄▀▄██
█▀█▄ ▀ ▄▄   ▄▀▄▀▄▄▄█▀ ▀▄ ▀█▀█▄▀█ ▀█
█ █▄▀█▀▄▀████▀█▀▄▄▄█▀█ ▄▀▀  ▄  ▀▄██
█▄█▄▄▄▄▄▄▀▄▀█▄▄▀▀▀███   ▄ ▄▄▄  ▀█ █
█ ▄▄▄▄▄ █▄▄▄ ▄▄▄▄ ▄▀██▀█  █▄█ ▀ ▄██
█ █   █ █ █▄▄ ▄▀█▀█▀ ▄█▄▀▄ ▄  ▄█▄██
█ █▄▄▄█ █ ▀▀█▄██▄▀▄ █▀ ▄ █▄▄ ▀▀ ▄██
█▄▄▄▄▄▄▄█▄█▄██▄█▄▄▄███▄▄█▄██▄▄▄█▄██

二维码解码URL: https://txz.qq.com/p?k=Yg2D4a2tGdRlD8RsaBYhlN4PEwVBvoK2&f=1600001604
如果控制台二维码无法扫码，可以复制解码url到二维码生成网站生成二维码再扫码，也可以打开下方的二维码路径图片进行扫码。
12-16 16:52:04 [warn] 二维码已保存到 C:\Users\Administrator\Desktop\bot\napcat.29927.onekey\versions\9.9.16-29927\resources\app\napcat\cache\qrcode.png
12-16 16:54:05 [error] [Core] [Login] Login Error,ErrCode:  3  ErrMsg: 
12-16 16:54:05 [warn] 请扫描下面的二维码，然后在手Q上授权登录：
12-16 16:54:05 [warn] 

▄▄▄▄▄▄▄▄▄▄▄▄▄▄▄▄▄▄▄▄▄▄▄▄▄▄▄▄▄▄▄▄▄▄▄
█ ▄▄▄▄▄ █▄▄▄ ▀▄██   ▀▀██▄██ ▄▄▄▄▄ █
█ █   █ ██▄▀ █ ▀▄▄▀█ ▀▄██ █ █   █ █
█ █▄▄▄█ ██▀▄ ▄█████▄▄▀   ██ █▄▄▄█ █
█▄▄▄▄▄▄▄█ ▀▄█ ▀ █ █ █▄█▄█▄█▄▄▄▄▄▄▄█
█  █▄ █▄▀▀▄▀█▄██▀▀█▀ ██▀█▄█▄▀▀█▀▀▄█
█▀▀██ ▄▄ ▀▄██▄█▄ █ █▀ █▀▄█▀  ▄▀▀▄▄█
██ ▀▀ ▄▄    █▀▀▄  ▄▀█▄ █ █▀▄▄███▄▄█
█▀█ ▀█▀▄ █▄██▀▄▀ ▄▄▄ ▄█▀█▀▀▄█ █▀█▀█
█▀ ▄▄ █▄ █▀▀ ▄▄  ▀▀█▀ █  ▄▄ ▀ ▄█  █
█▀▄▄█▄ ▄ ▄▀█▀▄  ▄▄█ ▄▄█▄▄██▀█▄█▀▀ █
█ ▄  ▄█▄▄▀▄▀▄▀██████ ▄ █ ▀▄█▀▀▀█▀██
█ █ ▀█ ▄█▄▄  ▀█  ▀▀██▀▄▀▄▀ ▀ ▄█▀▄▄█
█▄▄▄█▄█▄▄▀ ▄▄▄▀▄█▀▄██▄ ▀█ ▄▄▄ ▀▀ ██
█ ▄▄▄▄▄ ███▄ ▄█ ▄▀█▄▄█▄▄  █▄█ ▀ █▀█
█ █   █ █  ▄▀ ▄ ▀███▀ █▄▄▄ ▄▄▄▀█▄▄█
█ █▄▄▄█ █▀  ▄▄  ▄▄█ ▄ █▄▀█▀▀▄   ▀ █
█▄▄▄▄▄▄▄█▄▄▄█████▄█████▄█▄▄█▄█▄████

二维码解码URL: https://txz.qq.com/p?k=AwEAYRbNbXYr*dmvgnghcnECrWQzHiZX&f=1600001604
如果控制台二维码无法扫码，可以复制解码url到二维码生成网站生成二维码再扫码，也可以打开下方的二维码路径图片进行扫码。
12-16 16:54:05 [warn] 二维码已保存到 C:\Users\Administrator\Desktop\bot\napcat.29927.onekey\versions\9.9.16-29927\resources\app\napcat\cache\qrcode.png
12-16 16:56:07 [error] [Core] [Login] Login Error,ErrCode:  3  ErrMsg: 
12-16 16:56:07 [warn] 请扫描下面的二维码，然后在手Q上授权登录：
12-16 16:56:07 [warn] 

▄▄▄▄▄▄▄▄▄▄▄▄▄▄▄▄▄▄▄▄▄▄▄▄▄▄▄▄▄▄▄▄▄▄▄
█ ▄▄▄▄▄ █▄▄███▀▄█▀▄▄▄█▀▀▀██ ▄▄▄▄▄ █
█ █   █ █ ▀█ ▄ █▀ ██▄▄▀ ▀██ █   █ █
█ █▄▄▄█ █▄ ▄▄▀▀█▄█  ▀█▄▀█▀█ █▄▄▄█ █
█▄▄▄▄▄▄▄█▄▀▄▀▄█ █ ▀▄█ █ ▀ █▄▄▄▄▄▄▄█
█ ▄▄ ▀█▄▀ ▀████▀▄██▄▀▄ █▀█▄▀█▄▄ ▀ █
███▀ ▀ ▄█▀██▀▀▀▄▀█▄█▀█▄█ ▀█ ▀▄█▄ ▄█
█▄█▀▀▄ ▄ █ ▀ █▄█ ▀▀▀ ██ █ ▄█▄▄ ▀▀██
██  ▀ █▄▀▄▄██ ▄██ █▀ █▀ █ ▀  ▄█ ███
██▀▀▄▀▀▄██▀ ▄▀  ▀▀█▄▄▄█ █       ▄ █
█▀ ▄█  ▄█▀▀█▄ █▀▄  █▀▀█▀▀▀  ██ █▄▀█
█ ▄█▀▀▄▄█▀▄ ▄ █▀   ▀█ ▀█  ▄▀▄█▀▄▀▀█
██▀ ▀▀▀▄ ▀▄█▄▄▀ ▀███▀█▄▀ ▄▄▀▀▄▀▄ ▄█
█▄█████▄█ █▄▀ ▄█▀▀██      ▄▄▄ ▄██▄█
█ ▄▄▄▄▄ ██▄  ██▄█▀▄▀  ▀   █▄█ ▀▀███
█ █   █ █▀ ▄██  ▀▄▄ █ █▄  ▄▄▄▄█  ▄█
█ █▄▄▄█ █  █▀ █▀ ▀▀▄█▄█▄▄▀▄ ▄▀█▄▄▀█
█▄▄▄▄▄▄▄█▄▄▄█▄█████▄▄▄████▄███▄▄███

二维码解码URL: https://txz.qq.com/p?k=Yfe8NIcqCBYVUg9Z*i8E*VPPf*JPVwnM&f=1600001604
如果控制台二维码无法扫码，可以复制解码url到二维码生成网站生成二维码再扫码，也可以打开下方的二维码路径图片进行扫码。
12-16 16:56:07 [warn] 二维码已保存到 C:\Users\Administrator\Desktop\bot\napcat.29927.onekey\versions\9.9.16-29927\resources\app\napcat\cache\qrcode.png
12-16 16:58:07 [error] [Core] [Login] Login Error,ErrCode:  3  ErrMsg: 
12-16 16:58:07 [warn] 请扫描下面的二维码，然后在手Q上授权登录：
12-16 16:58:07 [warn] 

▄▄▄▄▄▄▄▄▄▄▄▄▄▄▄▄▄▄▄▄▄▄▄▄▄▄▄▄▄▄▄▄▄▄▄
█ ▄▄▄▄▄ █▀ █▀▀▀ ▀▀ ▄█▄▀█▄▀█ ▄▄▄▄▄ █
█ █   █ █▀ ▄ █▀█ ▀█▄▀▀▄▄▄ █ █   █ █
█ █▄▄▄█ █▀█ █▄█▄▀▀▀▄▄▄ ▄███ █▄▄▄█ █
█▄▄▄▄▄▄▄█▄█▄█ █▄▀ █▄█ ▀▄█ █▄▄▄▄▄▄▄█
█     ▀▄▄  ▄█▄▄▀█▄█▀▀▄▄▄ █▄▀▄█▄▀ ▀█
██▀▀▄█▀▄▄█ ▀ ▄██▄▀█▀█▀▀▄▀ ▀▀▄ ▄▀▄██
█▄▄█  ▀▄▀▄▄▀▄▀▄▀▄▀ ▄█ ▀▄▀█▄▀ ▄▄█▀▀█
██▀▄▀██▄ ▀█▄█▀██▄▀█ ▀▀▀ ▀   ▀██▀▄██
█▀▄ ▄▀▄▄█  ▀█▄▄▀▄█▄▄▀▀▀▄██▄▀█▄▀█ ▀█
█▄▄ ██ ▄ ███ ▄██▄█▄▄█▀▀▀██ ▄▀█▄▀▄██
█▀█ ▀▀▀▄▀  █▄▀▄▀█ ▄▄▄▀█▄ ▀█▀█▄▀█ ▀█
█ █▀ ▀ ▄▀██▄█▀█▀ ██ █▄ ▄▀▀  ▄  ▀▄██
█▄█████▄▄▀▄██▄▄▀▄ ▄██ ▄▄▄ ▄▄▄  ▀█ █
█ ▄▄▄▄▄ █▄ ▀ ▄▄▄▄ ██▀▄ ▀  █▄█ ▀ ▄██
█ █   █ █ ▄ ▄ ▄▀▀▀▀▀▀ ▀▄▀▄ ▄  ▄█▄██
█ █▄▄▄█ █ █▄█▄██▄ ▄▄██   █▄▄ ▀▀ ▄██
█▄▄▄▄▄▄▄█▄▄▄██▄█▄███▄▄▄▄█▄██▄▄▄█▄██

二维码解码URL: https://txz.qq.com/p?k=RryBi0NgclIeXsQLfT4xNGD830uKGOpz&f=1600001604
如果控制台二维码无法扫码，可以复制解码url到二维码生成网站生成二维码再扫码，也可以打开下方的二维码路径图片进行扫码。
12-16 16:58:07 [warn] 二维码已保存到 C:\Users\Administrator\Desktop\bot\napcat.29927.onekey\versions\9.9.16-29927\resources\app\napcat\cache\qrcode.png
12-16 17:00:10 [error] [Core] [Login] Login Error,ErrCode:  3  ErrMsg: 
12-16 17:00:10 [warn] 请扫描下面的二维码，然后在手Q上授权登录：
12-16 17:00:10 [warn] 

▄▄▄▄▄▄▄▄▄▄▄▄▄▄▄▄▄▄▄▄▄▄▄▄▄▄▄▄▄▄▄▄▄▄▄
█ ▄▄▄▄▄ █▄▄███▀▄█▀▀▀▄ ▄ ▀██ ▄▄▄▄▄ █
█ █   █ █ ▀█ ▄ █▀ ▀▄█▀█▄▀ █ █   █ █
█ █▄▄▄█ █▄ ▄▄▀▀█▄█▀▀ ██▄█ █ █▄▄▄█ █
█▄▄▄▄▄▄▄█▄▀▄▀▄█ █ ▀▄█▄█ ▀ █▄▄▄▄▄▄▄█
█ ▄ ▄▀▀▄█ ▀████▀▄█ ▄ ▄ ▀ ▀▄▀█▄▄ ▀ █
█▄ █  ▄▄ ▄██▀▀▀▄▀████ ▄▀ ██ ▀▄█▄ ▄█
█▄  ▄ ▀▄▀▀ ▀ █▄█ ▀▀▀███ ▄▀▄█▄▄ ▀▀██
██▄█▄▀█▄▀▀▄▀█ ▄██ ▄█ ▀  ▀▀▀  ▄█ ███
█▄ ▄ █ ▄ ▄ █▄▀  ▀▀█▀▀▀  ▀█      ▄ █
███▀▄▀▄▄▄▀ █▄ █▀▄▄ ▀█▄▄█▀▀  ██ █▄▀█
█▀███▄ ▄▀ █ ▄ █▀▀▀█▄ ▀▄█  ▄▀▄█▀▄▀▀█
██▀ ▀▀▀▄▀▀▀ ▄▄▀ █ █▀▀ ██ ▄▄▀▀▄▀▄ ▄█
█▄█▄███▄▄ ▀▄▀ ▄█▀▄▀▀▀█▀▄  ▄▄▄ ▄██▄█
█ ▄▄▄▄▄ ██▀  ██▄▀█▄█ █    █▄█ ▀▀███
█ █   █ █▀ ▄██  ▀ █▀ ▀█▄  ▄▄▄▄█  ▄█
█ █▄▄▄█ █  ▀▀ █▀ ▄ ▀▀█▄▄▄▀▄ ▄▀█▄▄▀█
█▄▄▄▄▄▄▄█▄▄▄█▄████▄█▄▄▄███▄███▄▄███

二维码解码URL: https://txz.qq.com/p?k=*z-lT5rshikTvZdeVF4runzS7SS7319Q&f=1600001604
如果控制台二维码无法扫码，可以复制解码url到二维码生成网站生成二维码再扫码，也可以打开下方的二维码路径图片进行扫码。
12-16 17:00:10 [warn] 二维码已保存到 C:\Users\Administrator\Desktop\bot\napcat.29927.onekey\versions\9.9.16-29927\resources\app\napcat\cache\qrcode.png
12-16 17:02:10 [error] [Core] [Login] Login Error,ErrCode:  3  ErrMsg: 
12-16 17:02:10 [warn] 请扫描下面的二维码，然后在手Q上授权登录：
12-16 17:02:10 [warn] 

▄▄▄▄▄▄▄▄▄▄▄▄▄▄▄▄▄▄▄▄▄▄▄▄▄▄▄▄▄▄▄▄▄▄▄
█ ▄▄▄▄▄ █▄▄███▀▄█▀▄▄▄ ██ ██ ▄▄▄▄▄ █
█ █   █ █ ▀█ ▄ █▀ █▄█▀▀▀▄▀█ █   █ █
█ █▄▄▄█ █▄ ▄▄▀▀█▄██▀  ▄ ▄ █ █▄▄▄█ █
█▄▄▄▄▄▄▄█▄▀▄▀▄█ █ ▀ ▀ █▄▀ █▄▄▄▄▄▄▄█
█   ▄██▄█ ▀████▀▄█▄██▀▀█▀█▄▀█▄▄ ▀ █
██ ▄▄█▀▄▀▀██▀▀▀▄▀██▀█▀██ ▀█ ▀▄█▄ ▄█
█▀ ▀▀ ▄▄▄▄ ▀ █▄█ ▀▀▀███ ▄ ▄█▄▄ ▀▀██
██▀▄█▄█▄▄▀▀ █ ▄██ █▀ ▄▀▄▀█▀  ▄█ ███
██▄   ▀▄▀██▄▄▀  ▀▀█▄▄ █         ▄ █
█▄▀▄█▀▀▄ ▀▀▀▄ █▀ █ ▄███▀▀▀  ██ █▄▀█
█▀▀ ▀█▄▄▀▀██▄ █▀▀▀▄▄▄▀▄▀  ▄▀▄█▀▄▀▀█
██▀▀▀█▀▄█▀▀█▄▄▀ █▄▄█▀▄██ ▄▄▀▀▄▀▄ ▄█
█▄██▄▄█▄█  ▀▀ ▄█▄▀ ▀ █▀█  ▄▄▄ ▄██▄█
█ ▄▄▄▄▄ ██▄  ██▄█▀▄█  ▀▀  █▄█ ▀▀███
█ █   █ █▀▀▀██  ███▀█▀▀   ▄▄▄▄█  ▄█
█ █▄▄▄█ █ ██▀ █▀▄▄▀▄█▄█▄▄▀▄ ▄▀█▄▄▀█
█▄▄▄▄▄▄▄█▄▄██▄████▄█▄▄████▄███▄▄███

二维码解码URL: https://txz.qq.com/p?k=vneBiXApCy-NUwhDkGK2kM3Pbps01GER&f=1600001604
如果控制台二维码无法扫码，可以复制解码url到二维码生成网站生成二维码再扫码，也可以打开下方的二维码路径图片进行扫码。
12-16 17:02:10 [warn] 二维码已保存到 C:\Users\Administrator\Desktop\bot\napcat.29927.onekey\versions\9.9.16-29927\resources\app\napcat\cache\qrcode.png
12-16 17:04:13 [error] [Core] [Login] Login Error,ErrCode:  3  ErrMsg: 
12-16 17:04:13 [warn] 请扫描下面的二维码，然后在手Q上授权登录：
12-16 17:04:13 [warn] 

▄▄▄▄▄▄▄▄▄▄▄▄▄▄▄▄▄▄▄▄▄▄▄▄▄▄▄▄▄▄▄▄▄▄▄
█ ▄▄▄▄▄ █▄▄▄ ▀▄██  ▄▀▀ ▀▄██ ▄▄▄▄▄ █
█ █   █ ██▄▀ █ ▀▄▄▀██▀ ▄▄▄█ █   █ █
█ █▄▄▄█ ██▀▄ ▄████▄▄▄██▀▀██ █▄▄▄█ █
█▄▄▄▄▄▄▄█ ▀▄█ ▀ █ █▄▀ █▄█▄█▄▄▄▄▄▄▄█
█▄ ▀ ▄▀▄█▀▄▀█▄██▀▀▀▀▀██▄▀██▄▀▀█▀▀▄█
██▀▀█▄▀▄██▄██▄█▄ █▀ █▀█  ▀▀  ▄▀▀▄▄█
█ ▄ ██▄▄█   █▀▀▄  █▄█▄ █ ▀▀▄▄███▄▄█
█▄▄██▄ ▄▀█▀██▀▄▀ ▄█▀  ▄██ ▀▄█ █▀█▀█
█▀ ▀█▄█▄█▀█▄ ▄▄  ▀▀▀    ▀▄▄ ▀ ▄█  █
███ █▄ ▄▄▄▄▄▀▄  ▄██▀▄█▄ ▄██▀█▄█▀▀ █
█▀▀▄▄█▄▄▀▄▄█▄▀██ ▀ ▀ █▀▀ ▀▄█▀▀▀█▀██
█ █▀█ ▀▄█ █▄ ▀█  █▀▄█▀▄█▄▀ ▀ ▄█▀▄▄█
█▄▄█▄▄▄▄█ █▄▄▄▀▄ ██▄ █▀██ ▄▄▄ ▀▀ ██
█ ▄▄▄▄▄ ███▄ ▄█ ▄▀▄█▄ ▄▄  █▄█ ▀ █▀█
█ █   █ █  █▀ ▄ ▀▄█  █▄ ▄▄ ▄▄▄▀█▄▄█
█ █▄▄▄█ █▀█ ▄▄  ▄ █ ▄▄█▀▀█▀▀▄   ▀ █
█▄▄▄▄▄▄▄█▄█▄████▄█▄▄▄▄▄██▄▄█▄█▄████

二维码解码URL: https://txz.qq.com/p?k=H1usVh6MIiiGV9UgkmhbggJ4fk7*4y61&f=1600001604
如果控制台二维码无法扫码，可以复制解码url到二维码生成网站生成二维码再扫码，也可以打开下方的二维码路径图片进行扫码。
12-16 17:04:13 [warn] 二维码已保存到 C:\Users\Administrator\Desktop\bot\napcat.29927.onekey\versions\9.9.16-29927\resources\app\napcat\cache\qrcode.png
12-16 17:06:13 [error] [Core] [Login] Login Error,ErrCode:  3  ErrMsg: 
12-16 17:06:13 [warn] 请扫描下面的二维码，然后在手Q上授权登录：
12-16 17:06:13 [warn] 

▄▄▄▄▄▄▄▄▄▄▄▄▄▄▄▄▄▄▄▄▄▄▄▄▄▄▄▄▄▄▄▄▄▄▄
█ ▄▄▄▄▄ █▄▄███▀▄█▀ █▄█▄▀ ██ ▄▄▄▄▄ █
█ █   █ █ ▀█ ▄ █▀ ▀██▄▀ ▀██ █   █ █
█ █▄▄▄█ █▄ ▄▄▀▀█▄███ ▀▀ ███ █▄▄▄█ █
█▄▄▄▄▄▄▄█▄▀▄▀▄█ █ ▀▄▀▄█▄█ █▄▄▄▄▄▄▄█
█ ▄▄▄█▀▄█ ▀████▀▄██▄▀▀ ██▄▄▀█▄▄ ▀ █
█▀█   ▄▄█▄██▀▀▀▄▀█▄▄█▀██▄▄█ ▀▄█▄ ▄█
█▀▄█▄▄█▄█ ▄▀ █▄█ ▀ ▀█▄█▄▀ ▄█▄▄ ▀▀██
█ ██  ▄▄█▀▄ █ ▄██ ▄▄▄▀  ▀▄▀  ▄█ ███
█▀▄█▄▄▀▄ ▀█▄▄▀  ▀▀▄   ▄  ▀      ▄ █
█▄ ████▄ █▀ ▄ █▀▄ ▀▀▀▄▄▄▀▀  ██ █▄▀█
█ ▄▀  ▄▄▀▀▄█▄ █▀▄▄█▄▄ ██  ▄▀▄█▀▄▀▀█
██▀▄▀▀ ▄▀▄ █▄▄▀ ▀ ▄ ▀███ ▄▄▀▀▄▀▄ ▄█
█▄█▄███▄█  █▀ ▄█▄ ▀▀▄▄ ▄  ▄▄▄ ▄██▄█
█ ▄▄▄▄▄ ██▄▀ ██▄▀▀▄▀  ▀▄  █▄█ ▀▀███
█ █   █ █▀█ ██  █▄▀ ▄ ▀   ▄▄▄▄█  ▄█
█ █▄▄▄█ █  ▀▀ █▀▄█▀ █ █▀▄▀▄ ▄▀█▄▄▀█
█▄▄▄▄▄▄▄█▄▄▄█▄██▄██▄██▄███▄███▄▄███

二维码解码URL: https://txz.qq.com/p?k=gAV8dRacdIHKioYWLWog8hTwUURyXUS-&f=1600001604
如果控制台二维码无法扫码，可以复制解码url到二维码生成网站生成二维码再扫码，也可以打开下方的二维码路径图片进行扫码。
12-16 17:06:13 [warn] 二维码已保存到 C:\Users\Administrator\Desktop\bot\napcat.29927.onekey\versions\9.9.16-29927\resources\app\napcat\cache\qrcode.png
12-16 17:08:16 [error] [Core] [Login] Login Error,ErrCode:  3  ErrMsg: 
12-16 17:08:16 [warn] 请扫描下面的二维码，然后在手Q上授权登录：
12-16 17:08:16 [warn] 

▄▄▄▄▄▄▄▄▄▄▄▄▄▄▄▄▄▄▄▄▄▄▄▄▄▄▄▄▄▄▄▄▄▄▄
█ ▄▄▄▄▄ █▄▄▄ ▀▄██    ▀▄ █▀█ ▄▄▄▄▄ █
█ █   █ ██▄▀ █ ▀▄▄▀  █ ██▄█ █   █ █
█ █▄▄▄█ ██▀▄ ▄████ █▄█  ▀██ █▄▄▄█ █
█▄▄▄▄▄▄▄█ ▀▄█ ▀ █ █▄█ █ █ █▄▄▄▄▄▄▄█
█ ▄▀▄ █▄▀▀▄▀█▄██▀▀█▀▀▄▀ ███▄▀▀█▀▀▄█
█▄█▄▀ ▄▄ ▄▄██▄█▄ █▀▄▀█▄▄ ▀▀  ▄▀▀▄▄█
█▄ ▄▀▄▄▄▀█▄ █▀▀▄  █▀▄▀▄█ ▄▀▄▄███▄▄█
█▄▀▄█▄ ▄▀ ▀▄█▀▄▀ ▄█▀▄▀█▀▀ ▀▄█ █▀█▀█
█ ▄█  ▄▄▄▄▀▀ ▄▄  ▀▄█ █▄  ▄▄ ▀ ▄█  █
█▄▀▀█▀▀▄ ▄█▀▀▄   ▄▄▄▄ ▄▀▄██▀█▄█▀▀ █
█ ▄▀  ▀▄█▀▄▀▄▀██▄▄██▀▀▀▀ ▀▄█▀▀▀█▀██
█ █▀▄▄▄▄█ ▄  ▀█ ▄█  ▀▀█▀▄▀ ▀ ▄█▀▄▄█
█▄▄▄██▄▄█ ▀█▄▄▀▄ ▀ █▀▄ ██ ▄▄▄ ▀▀ ██
█ ▄▄▄▄▄ ██▄▄ ▄█ ▄ ▄  ███  █▄█ ▀ █▀█
█ █   █ █  █▀ ▄ ▀ █▀▀ ▄▄▄▄ ▄▄▄▀█▄▄█
█ █▄▄▄█ █▀▀▀▄▄   ▄▄▀▄ █ ▀█▀▀▄   ▀ █
█▄▄▄▄▄▄▄█▄▄█████▄████████▄▄█▄█▄████

二维码解码URL: https://txz.qq.com/p?k=BaQpes-FEjOSjfO*83zxB5CdYPZlR8tB&f=1600001604
如果控制台二维码无法扫码，可以复制解码url到二维码生成网站生成二维码再扫码，也可以打开下方的二维码路径图片进行扫码。
12-16 17:08:16 [warn] 二维码已保存到 C:\Users\Administrator\Desktop\bot\napcat.29927.onekey\versions\9.9.16-29927\resources\app\napcat\cache\qrcode.png
12-16 17:10:17 [error] [Core] [Login] Login Error,ErrCode:  3  ErrMsg: 
12-16 17:10:17 [warn] 请扫描下面的二维码，然后在手Q上授权登录：
12-16 17:10:17 [warn] 

▄▄▄▄▄▄▄▄▄▄▄▄▄▄▄▄▄▄▄▄▄▄▄▄▄▄▄▄▄▄▄▄▄▄▄
█ ▄▄▄▄▄ █ ██▀▀▄█▄▀██▀▀▄▄▄██ ▄▄▄▄▄ █
█ █   █ █  ▀█ ▀█ ▄▄▀ ▀ ▄ ▀█ █   █ █
█ █▄▄▄█ █▀  █▄ ▀▄▀▄▀ ██ ▄▄█ █▄▄▄█ █
█▄▄▄▄▄▄▄█▄█ ▀▄█▄▀▄▀ ▀ ▀▄▀ █▄▄▄▄▄▄▄█
█▄▄██▄ ▄█▀█▄█▄▀▄ ▄▄█ █▄▀  ▀█ █▄ ▄▄█
█▄ █▄█▄▄█▄ ▄█▀██▄▄▀▄█ ▀█  ▀▀▄█▀▄▄██
█▄▀▄█▀▄▄ ▀▀▀▄▀▀▄▀▀▄█▀▄▄▄ ▄▀▄█▄▄█▄▄█
██▀▄ ▄▄▄▀ █▄ ▄██▄▄ ▄▀ ▀  █  ▀  ▄▄██
█▀ ▀ ▄▀▄ ▄███▄▀▄▀█▀▀█▄█▄▀█▀▄ ▄▀██▄█
█▀ █▀▀▄▄▄▄▄▀█▀██  ▀▀██▀    ▄▀ ▀▄▄██
█  █▀ ▄▄█▄▄█▄▀▀▄  ▀▀▄▀ ▄ ▀ ▄ ▄▀██▄█
███▀▀█▄▄▄▄ █ ▄█▀▄█▀▄█▄ █▄▄  ▄██▄▄██
█▄▄█▄▄█▄▄▀███▄▀▄▀▀█▀▄█▄ ▄ ▄▄▄  ▀ ██
█ ▄▄▄▄▄ █▀▄▄█▀▄▄ ▄▀▄▀▄▀▄█ █▄█ ▄█▄██
█ █   █ █▄▀▄▄ ▀▄█  ▀▄▀█ ▀▄▄ ▄ ▄█▀ █
█ █▄▄▄█ █▀█▄ ▀██▄▀▀█▀▄▀ █ ▄▄ ▄▄█▄██
█▄▄▄▄▄▄▄█▄█▄███▄██▄█▄▄▄▄█▄▄▄█▄▄██▄█

二维码解码URL: https://txz.qq.com/p?k=pm-1xU7bBmsRc3q0oMWZtyvtKNFjcTgx&f=1600001604
如果控制台二维码无法扫码，可以复制解码url到二维码生成网站生成二维码再扫码，也可以打开下方的二维码路径图片进行扫码。
12-16 17:10:17 [warn] 二维码已保存到 C:\Users\Administrator\Desktop\bot\napcat.29927.onekey\versions\9.9.16-29927\resources\app\napcat\cache\qrcode.png
12-16 17:12:19 [error] [Core] [Login] Login Error,ErrCode:  3  ErrMsg: 
12-16 17:12:19 [warn] 请扫描下面的二维码，然后在手Q上授权登录：
12-16 17:12:19 [warn] 

▄▄▄▄▄▄▄▄▄▄▄▄▄▄▄▄▄▄▄▄▄▄▄▄▄▄▄▄▄▄▄▄▄▄▄
█ ▄▄▄▄▄ █▄▄███▀▄█▀▀██▄▄▀▀▀█ ▄▄▄▄▄ █
█ █   █ █ ▀█ ▄ █▀ ▀█▄▀█  ▀█ █   █ █
█ █▄▄▄█ █▄ ▄▄▀▀█▄█▄▄ ██ █ █ █▄▄▄█ █
█▄▄▄▄▄▄▄█▄▀▄▀▄█ █ ▀▄█▄█ ▀ █▄▄▄▄▄▄▄█
█  ▄▄▀█▄█▄▀████▀▄█▄██▀▀█▀▄▄▀█▄▄ ▀ █
██▀ ██▀▄█▀██▀▀▀▄▀██▀█ ▄▄ ▀█ ▀▄█▄ ▄█
████ ▀█▄▀ ▄▀ █▄█ ▀▀▀▀▄▀█▄ ▄█▄▄ ▀▀██
█▀█▀█▀▄▄▀▄▄▀█ ▄██ ▄ ▄  ▄▀█▀  ▄█ ███
█ ▄▀ ▀▄▄ ▀█▄▄▀  ▀▀█   ▄██▀      ▄ █
█▀██▄█ ▄▄▀▀█▄ █▀▄▄ ▀▀▀▄ ▀▀  ██ █▄▀█
█ ▀ ▄ ▄▄▀█▄▀▄ █▀▀▀  ▀█▀▀  ▄▀▄█▀▄▀▀█
██▀  ▄▀▄  ▄▄▄▄▀ █▀█▄▀▀█  ▄▄▀▀▄▀▄ ▄█
█▄███▄▄▄█▀▄▀▀ ▄█   ▀ ██   ▄▄▄ ▄██▄█
█ ▄▄▄▄▄ ██ ▄ ██▄█▄█▀▄█ ▀  █▄█ ▀▀███
█ █   █ █▀ ▀██  ▀██▀ ▀▀▄  ▄▄▄▄█  ▄█
█ █▄▄▄█ █ █▀▀ █▀ ▄▀ ▀█▄█▄▀▄ ▄▀█▄▄▀█
█▄▄▄▄▄▄▄█▄█▄█▄█████▄██████▄███▄▄███

二维码解码URL: https://txz.qq.com/p?k=NnukDqG*5TwXNXm*MvLqPp3Vwnp1SbpQ&f=1600001604
如果控制台二维码无法扫码，可以复制解码url到二维码生成网站生成二维码再扫码，也可以打开下方的二维码路径图片进行扫码。
12-16 17:12:19 [warn] 二维码已保存到 C:\Users\Administrator\Desktop\bot\napcat.29927.onekey\versions\9.9.16-29927\resources\app\napcat\cache\qrcode.png
12-16 17:14:19 [error] [Core] [Login] Login Error,ErrCode:  3  ErrMsg: 
12-16 17:14:20 [warn] 请扫描下面的二维码，然后在手Q上授权登录：
12-16 17:14:20 [warn] 

▄▄▄▄▄▄▄▄▄▄▄▄▄▄▄▄▄▄▄▄▄▄▄▄▄▄▄▄▄▄▄▄▄▄▄
█ ▄▄▄▄▄ █▄▄▄ ▀▄██ ▀▀▀█ ▀▄██ ▄▄▄▄▄ █
█ █   █ ██▄▀ █ ▀▄▄█▄▄█ ▀█▀█ █   █ █
█ █▄▄▄█ ██▀▄ ▄████▀▄▄█  ▀▀█ █▄▄▄█ █
█▄▄▄▄▄▄▄█ ▀▄█ ▀ █ █▄█ █ █▄█▄▄▄▄▄▄▄█
█ ▄█ ▄█▄▀█▄▀█▄██▀▀█▀ ██▀███▄▀▀█▀▀▄█
██▀ ██▄▄▄ ▄██▄█▄ █▀ █ ▄█▄ ▀  ▄▀▀▄▄█
█▄   ▄▀▄█▄▄ █▀▀▄  ▄█▄██ ▀▄▀▄▄███▄▄█
█▄▀ ▄▄ ▄▀▄▀▀█▀▄▀ ▄█ ▄█▄▄█▀▀▄█ █▀█▀█
█▀▀█▄▀▀▄  ▄▄ ▄▄  ▀▄▀█ ███▀▄ ▀ ▄█  █
█  ▀█▄▄▄█▀▄▄▀▄   ▄▄▄  ▄ ▄██▀█▄█▀▀ █
█  ▀▄█▄▄ ▀▄ ▄▀████▄█▀  █ ▀▄█▀▀▀█▀██
█ █▀▄█▄▄▀ ▀▄ ▀█  ▄▀▀█▄▄█▄▀ ▀ ▄█▀▄▄█
█▄▄███▄▄▄▀▀█▄▄▀▄ ▀▀▀ ██ █ ▄▄▄ ▀▀ ██
█ ▄▄▄▄▄ ██▀▄ ▄█ ▄ █▀▄▄▄▀  █▄█ ▀ █▀█
█ █   █ █  █▀ ▄ ▄▄▄▀▄ ▀ ▄▄ ▄▄▄▀█▄▄█
█ █▄▄▄█ █▀ █▄▄   ▄██ ▀██▀█▀▀▄   ▀ █
█▄▄▄▄▄▄▄█▄█▄██████▄█▄▄▄██▄▄█▄█▄████

二维码解码URL: https://txz.qq.com/p?k=9jTeW3a11Y4nQMP8DtbqzMBPIvlOzPwZ&f=1600001604
如果控制台二维码无法扫码，可以复制解码url到二维码生成网站生成二维码再扫码，也可以打开下方的二维码路径图片进行扫码。
12-16 17:14:20 [warn] 二维码已保存到 C:\Users\Administrator\Desktop\bot\napcat.29927.onekey\versions\9.9.16-29927\resources\app\napcat\cache\qrcode.png
12-16 17:16:22 [error] [Core] [Login] Login Error,ErrCode:  3  ErrMsg: 
12-16 17:16:22 [warn] 请扫描下面的二维码，然后在手Q上授权登录：
12-16 17:16:22 [warn] 

▄▄▄▄▄▄▄▄▄▄▄▄▄▄▄▄▄▄▄▄▄▄▄▄▄▄▄▄▄▄▄▄▄▄▄
█ ▄▄▄▄▄ █▄▄███▀▄█▀ ██▄ ▀▀██ ▄▄▄▄▄ █
█ █   █ █ ▀█ ▄ █▀ ██ ▄█▀▄▄█ █   █ █
█ █▄▄▄█ █▄ ▄▄▀▀█▄█▀█ ▄▀▀█ █ █▄▄▄█ █
█▄▄▄▄▄▄▄█▄▀▄▀▄█ █ ▀▄█▄█ ▀▄█▄▄▄▄▄▄▄█
█▄   █▀▄█▄▀████▀▄█▄▄ ▄▄█▀ ▄▀█▄▄ ▀ █
██▄█▄ █▄ ▄██▀▀▀▄▀█▄▄▀▄█ ▄██ ▀▄█▄ ▄█
█ ▄▄ ▄ ▄█▀ ▀ █▄█ ▀▀▀▄▄▄▄▄▀▄█▄▄ ▀▀██
█ █ █▀ ▄█▄▀██ ▄██ ▄▄ █ ▄▀▀▀  ▄█ ███
██▀▀▀▀ ▄██▄ ▄▀  ▀▀▄▄█▀▄ ▄▀      ▄ █
█ ▄██ █▄▀ ▄▀▄ █▀ █ ██▄▄▄▀▀  ██ █▄▀█
█ ▄    ▄▀█▀█▄ █▀   █▀█▀█  ▄▀▄█▀▄▀▀█
██▀▀▀  ▄ █▄█▄▄▀ █▀▄▀▀ ▄█ ▄▄▀▀▄▀▄ ▄█
█▄██▄██▄▄▀▀█▀ ▄█▀ ▄█▀█▀▀  ▄▄▄ ▄██▄█
█ ▄▄▄▄▄ ███▄ ██▄▀▀▄█ █▀▄  █▄█ ▀▀███
█ █   █ █▀████  ▀█▀ ▄▄▀   ▄▄▄▄█  ▄█
█ █▄▄▄█ █  ▄▀ █▀▄▄ ▄▀▀▄█▄▀▄ ▄▀█▄▄▀█
█▄▄▄▄▄▄▄█▄█▄█▄████▄▄██████▄███▄▄███

二维码解码URL: https://txz.qq.com/p?k=Bx1vGclBdC8HJ*d-rX4-XJtWF9kzqexJ&f=1600001604
如果控制台二维码无法扫码，可以复制解码url到二维码生成网站生成二维码再扫码，也可以打开下方的二维码路径图片进行扫码。
12-16 17:16:22 [warn] 二维码已保存到 C:\Users\Administrator\Desktop\bot\napcat.29927.onekey\versions\9.9.16-29927\resources\app\napcat\cache\qrcode.png
12-16 17:18:22 [error] [Core] [Login] Login Error,ErrCode:  3  ErrMsg: 
12-16 17:18:23 [warn] 请扫描下面的二维码，然后在手Q上授权登录：
12-16 17:18:23 [warn] 

▄▄▄▄▄▄▄▄▄▄▄▄▄▄▄▄▄▄▄▄▄▄▄▄▄▄▄▄▄▄▄▄▄▄▄
█ ▄▄▄▄▄ █▄▄███▀▄█▀█▀▄▀   ▀█ ▄▄▄▄▄ █
█ █   █ █ ▀█ ▄ █▀ ▀▄▄ █▀███ █   █ █
█ █▄▄▄█ █▄ ▄▄▀▀█▄█ █  ▀ ███ █▄▄▄█ █
█▄▄▄▄▄▄▄█▄▀▄▀▄█ █ ▀ █ █▄█▄█▄▄▄▄▄▄▄█
█▄  ▄██▄▀ ▀████▀▄██▄ ▄██▀▄▄▀█▄▄ ▀ █
██ ▄▀  ▄ ▀██▀▀▀▄▀█▄▀▀█▄ ▄▀█ ▀▄█▄ ▄█
█▄█    ▄█▀ ▀ █▄█ ▀▄▀█▄█▄█▀▄█▄▄ ▀▀██
█ ▄▄▀██▄▄█▄ █ ▄██ ██▄▄▀███▀  ▄█ ███
█  ▄▀ ▄▄▀▄  ▄▀  ▀▀ ▄▀ ▄█        ▄ █
█▀  ▄ ▀▄ ▀ █▄ █▀▄█▀▄█▄▄ ▀▀  ██ █▄▀█
█▀██ ▀ ▄▄█▀█▄ █▀  █ ▀▀    ▄▀▄█▀▄▀▀█
██▀▀  ▄▄ ▄  ▄▄▀ ███ █▄██ ▄▄▀▀▄▀▄ ▄█
█▄████▄▄▄▀▄█▀ ▄█  ████▄   ▄▄▄ ▄██▄█
█ ▄▄▄▄▄ ██ █ ██▄█ ▄▄ ▀    █▄█ ▀▀███
█ █   █ █▀▀███  ▀█▄▄  █▄  ▄▄▄▄█  ▄█
█ █▄▄▄█ █ █ ▀ █▀ ▄▀█▀ █▀▄▀▄ ▄▀█▄▄▀█
█▄▄▄▄▄▄▄█▄▄██▄███▄▄▄▄▄████▄███▄▄███

二维码解码URL: https://txz.qq.com/p?k=ttr1wrNd51SSSNBmAQ147cQyHGODcftH&f=1600001604
如果控制台二维码无法扫码，可以复制解码url到二维码生成网站生成二维码再扫码，也可以打开下方的二维码路径图片进行扫码。
12-16 17:18:23 [warn] 二维码已保存到 C:\Users\Administrator\Desktop\bot\napcat.29927.onekey\versions\9.9.16-29927\resources\app\napcat\cache\qrcode.png
12-16 17:20:25 [error] [Core] [Login] Login Error,ErrCode:  3  ErrMsg: 
12-16 17:20:25 [warn] 请扫描下面的二维码，然后在手Q上授权登录：
12-16 17:20:25 [warn] 

▄▄▄▄▄▄▄▄▄▄▄▄▄▄▄▄▄▄▄▄▄▄▄▄▄▄▄▄▄▄▄▄▄▄▄
█ ▄▄▄▄▄ ██▄▄ ▀ ▀█ █▄██▀ ▄▀█ ▄▄▄▄▄ █
█ █   █ █▀▄  █▀▀▄█▀█ ▀ █▄ █ █   █ █
█ █▄▄▄█ █▄▀ █▄█▄█▀ ▄█ █▀▄▀█ █▄▄▄█ █
█▄▄▄▄▄▄▄█▄▀▄█ █▄█ █ ▀▄█▄█ █▄▄▄▄▄▄▄█
█  ▀█▀ ▄ █▄ █▄▄█▀ ██▀███ ▄██▀ ▄▀▀██
█▀█▄█▄█▄▀▄▄▀ ▄██ ▀█▀▀▄▄▀▀ ▀▀  ▄▀▄██
█▄█▀▀█ ▄▄█▄ █▀█   ██ ▀▄█▄▄█ ▄███  █
█▀▀██ ▄▄█▀█ █▀█▀ █▄█▀███▀  ▄█▀█▀▄▀█
█▀▀▄▀ █▄▀▀ ▀█▄▄▀ █▄▀ ▀▀▄▄█▄▀▀▄▀█ ▀█
█▄███▀█▄▄ ▀ ▀▄▄▄▄ █▄ █▄ ▄█▀██▄█▀█▄█
█▀█ █▄▀▄▄▀█▄▄▀▄█  █▀▀█▀  ▀██▀ ▀█ ██
█ █▄ █▄▄ █▀▄█▀█▀▄█▄▄▀ ▄▀▀▀     ▀▄██
█▄▄█▄▄█▄█ ▀▀▄▄█ █ █▄ ██ █ ▄▄▄ ▀▀▄▀█
█ ▄▄▄▄▄ █ ▀█ ▄▄ ▄ ▄██▀▄▀  █▄█ ▀ ▄▀█
█ █   █ ██▀▄▄ ▄▀█▀▀▀ ▄█▄▀▄ ▄▄ ▄█▄██
█ █▄▄▄█ █▀▄█▄▄▄▄▄▀█▀▄█▄ ▀███▄   █▄█
█▄▄▄▄▄▄▄█▄████▄█▄▄▄▄███▄█▄██▄▄▄█▄██

二维码解码URL: https://txz.qq.com/p?k=ZBhbNl1Cii0aa87cnscJmnTwcC7N5IH4&f=1600001604
如果控制台二维码无法扫码，可以复制解码url到二维码生成网站生成二维码再扫码，也可以打开下方的二维码路径图片进行扫码。
12-16 17:20:25 [warn] 二维码已保存到 C:\Users\Administrator\Desktop\bot\napcat.29927.onekey\versions\9.9.16-29927\resources\app\napcat\cache\qrcode.png
