12-16 17:03:18 [info] [NapCat] [Core] NapCat.Core Version: 4.2.27
12-16 17:03:18 [info] 核心登录服务连接成功!
12-16 17:03:18 [error] 快速登录失败，未找到该 QQ 历史登录记录，将使用二维码登录方式
12-16 17:03:18 [info] [NapCat] [WebUi] Current WebUi is not run.
12-16 17:03:20 [warn] 请扫描下面的二维码，然后在手Q上授权登录：
12-16 17:03:20 [warn] 

▄▄▄▄▄▄▄▄▄▄▄▄▄▄▄▄▄▄▄▄▄▄▄▄▄▄▄▄▄▄▄▄▄▄▄
█ ▄▄▄▄▄ █▄▄███▀▄█▀█▀▄██▄ ▄█ ▄▄▄▄▄ █
█ █   █ █ ▀█ ▄ █▀ ▀▀▄▀▀▀ ▀█ █   █ █
█ █▄▄▄█ █▄ ▄▄▀▀█▄██▄ ▄▄▀▄▄█ █▄▄▄█ █
█▄▄▄▄▄▄▄█▄▀▄▀▄█ █ ▀▄█ █ ▀▄█▄▄▄▄▄▄▄█
█   ▄█▀▄█ ▀████▀▄█▄▄    ▀▄▄▀█▄▄ ▀ █
██▀▄█▄▀▄ ▄██▀▀▀▄▀█▄█▀█▄█ ██ ▀▄█▄ ▄█
██▄    ▄██ ▀ █▄█ ▀▄ ▄█ ▄█ ▄█▄▄ ▀▀██
█▄ ▀█▄▀▄█ ▀▄█ ▄██ ██▄▄▀█▀▀▀  ▄█ ███
█▄▀  ▄▄▄▀ ▀▀▄▀  ▀▀▀▄▀▀ ▀█▀      ▄ █
█ ▀██▀▀▄█ ▀ ▄ █▀  ▀▄▀▄██▀▀  ██ █▄▀█
█▀▄▀   ▄▀ ▄█▄ █▀   ▄▄  ▀  ▄▀▄█▀▄▀▀█
██▀█▀▀ ▄ ▄▀ ▄▄▀ ▀ ▄▀▀ ██ ▄▄▀▀▄▀▄ ▄█
█▄█▄███▄█ ▀ ▀ ▄█▄ ██▀██▀  ▄▄▄ ▄██▄█
█ ▄▄▄▄▄ ██▀▄ ██▄█ ▄▀▄▀▀   █▄█ ▀▀███
█ █   █ █▀▀▀██  █▄ ▄▀ ▄▄  ▄▄▄▄█  ▄█
█ █▄▄▄█ █ ▀▄▀ █▀ ▄ ▀█ ▄▀▄▀▄ ▄▀█▄▄▀█
█▄▄▄▄▄▄▄█▄█▄█▄████▄▄██████▄███▄▄███

二维码解码URL: https://txz.qq.com/p?k=JbpJ9I3L*q1qIDdWQIp168p9hyJOsVSO&f=1600001604
如果控制台二维码无法扫码，可以复制解码url到二维码生成网站生成二维码再扫码，也可以打开下方的二维码路径图片进行扫码。
12-16 17:03:20 [warn] 二维码已保存到 C:\Users\Administrator\Desktop\bot\napcat.29927.onekey\versions\9.9.16-29927\resources\app\napcat\cache\qrcode.png
12-16 17:05:23 [error] [Core] [Login] Login Error,ErrCode:  3  ErrMsg: 
12-16 17:05:23 [warn] 请扫描下面的二维码，然后在手Q上授权登录：
12-16 17:05:23 [warn] 

▄▄▄▄▄▄▄▄▄▄▄▄▄▄▄▄▄▄▄▄▄▄▄▄▄▄▄▄▄▄▄▄▄▄▄
█ ▄▄▄▄▄ █ ██▀▀▄█▄▀▀█▀▄▀▀█▀█ ▄▄▄▄▄ █
█ █   █ █  ▀█ ▀█ ▄▄▀ ▄▄▄▀▀█ █   █ █
█ █▄▄▄█ █▀  █▄ ▀▄▀▄▄▀▀▄▀▄██ █▄▄▄█ █
█▄▄▄▄▄▄▄█▄█ ▀▄█▄▀▄▀▄▀ ▀▄▀ █▄▄▄▄▄▄▄█
█▄▄█▀  ▄▀██▄█▄▀▄ ▄▄▄█▄▄ ▀▀▀█ █▄ ▄▄█
██▄█▄ █▄█  ▄█▀██▄▄▀██▀ █ ▄▀▀▄█▀▄▄██
█   ▀▀▄▄  █▀▄▀▀▄▀▀▄▀▄▄▄  ▀▀▄█▄▄█▄▄█
█▄▄█▄ ▀▄▄▀█  ▄██▄▄▀ █▄▀█ ▄  ▀  ▄▄██
██▀▄█ █▄ ██▀█▄▀▄▀████▀█ ▄▄▀▄ ▄▀██▄█
█▄███▄█▄▀▄█▀█▀██ ▀ ▄█▄▀▀   ▄▀ ▀▄▄██
█▀█▀▀ ▀▄ ▄▀█▄▀▀▄ ▄█▀▄█▀  ▀ ▄ ▄▀██▄█
███  █ ▄▄▀█  ▄█▀ ▀ ▄▀▀ ▄▄▄  ▄██▄▄██
█▄▄██▄▄▄█ ▄▀█▄▀▄▄ █▀▄█▄ ▄ ▄▄▄  ▀ ██
█ ▄▄▄▄▄ █▀▀██▀▄▄▄█ ▀█   █ █▄█ ▄█▄██
█ █   █ █▄▄▀▄ ▀▄█ ▄▀▄█▀▄▀▄▄ ▄ ▄█▀ █
█ █▄▄▄█ █▀▄█ ▀██ ▀▀ ▀ ▀ █ ▄▄ ▄▄█▄██
█▄▄▄▄▄▄▄█▄▄▄███▄▄█▄█▄█▄██▄▄▄█▄▄██▄█

二维码解码URL: https://txz.qq.com/p?k=I95rFmuwVYpJ7uvq9dno6l2gTDAgiWY9&f=1600001604
如果控制台二维码无法扫码，可以复制解码url到二维码生成网站生成二维码再扫码，也可以打开下方的二维码路径图片进行扫码。
12-16 17:05:23 [warn] 二维码已保存到 C:\Users\Administrator\Desktop\bot\napcat.29927.onekey\versions\9.9.16-29927\resources\app\napcat\cache\qrcode.png
12-16 17:07:23 [error] [Core] [Login] Login Error,ErrCode:  3  ErrMsg: 
12-16 17:07:23 [warn] 请扫描下面的二维码，然后在手Q上授权登录：
12-16 17:07:23 [warn] 

▄▄▄▄▄▄▄▄▄▄▄▄▄▄▄▄▄▄▄▄▄▄▄▄▄▄▄▄▄▄▄▄▄▄▄
█ ▄▄▄▄▄ █▀ █▀▀▀ ▀▀ ▄▄▄▄▄▄▀█ ▄▄▄▄▄ █
█ █   █ █▀ ▄ █▀█ ▀▀▀▄▄▄▄▄▄█ █   █ █
█ █▄▄▄█ █▀█ █▄█▄▀▀▄▀█▄▀▄▄▀█ █▄▄▄█ █
█▄▄▄▄▄▄▄█▄█▄█ █▄▀ █ █ ▀ ▀ █▄▄▄▄▄▄▄█
█    ▄▀▄ ▄ ▄█▄▄▀█▄▄▄ ▀▄   ▄▀▄█▄▀ ▀█
█▄ ▄▀▄█▄▄  ▀ ▄██▄▀█▀▀▀ █▀ ▀▀▄ ▄▀▄██
█ ▀ █▀█▄▀ ▄▀▄▀▄▀▄▀ ▀█▀▀ ██▄▀ ▄▄█▀▀█
██▄█ ▄ ▄█ ▀ █▀██▄▀█▄█  █▀   ▀██▀▄██
█▀█▀▀ ▄▄██ ▄█▄▄▀▄█▄▀█ █▄▀█▄▀█▄▀█ ▀█
███▄█ █▄█▄█▀ ▄██▄▀██▀▀▀▀██ ▄▀█▄▀▄██
█▀▀▄█ ▀▄▄   ▄▀▄▀  ███▀▀▀ ▀█▀█▄▀█ ▀█
█ █▄███▄▀▄  █▀█▀ ▄▄██ ▀▀▀▀  ▄  ▀▄██
█▄█▄███▄▄▀▀ █▄▄▀▄▄█▀▀▄██▄ ▄▄▄  ▀█ █
█ ▄▄▄▄▄ █▄▀█ ▄▄▄ ▄█▀██    █▄█ ▀ ▄██
█ █   █ █ ▀▄▄ ▄▀█▀▄█▄▀█ ▀▄ ▄  ▄█▄██
█ █▄▄▄█ █ ▀▄█▄██▄█▄ █▄ █ █▄▄ ▀▀ ▄██
█▄▄▄▄▄▄▄█▄█▄██▄██▄▄████▄█▄██▄▄▄█▄██

二维码解码URL: https://txz.qq.com/p?k=rR*rs9Xpk3-xaH5FUFlFo84ieWDrzi1V&f=1600001604
如果控制台二维码无法扫码，可以复制解码url到二维码生成网站生成二维码再扫码，也可以打开下方的二维码路径图片进行扫码。
12-16 17:07:23 [warn] 二维码已保存到 C:\Users\Administrator\Desktop\bot\napcat.29927.onekey\versions\9.9.16-29927\resources\app\napcat\cache\qrcode.png
12-16 17:09:26 [error] [Core] [Login] Login Error,ErrCode:  3  ErrMsg: 
12-16 17:09:26 [warn] 请扫描下面的二维码，然后在手Q上授权登录：
12-16 17:09:26 [warn] 

▄▄▄▄▄▄▄▄▄▄▄▄▄▄▄▄▄▄▄▄▄▄▄▄▄▄▄▄▄▄▄▄▄▄▄
█ ▄▄▄▄▄ █▄▄▄ ▀▄██   ▀▀▄▀█ █ ▄▄▄▄▄ █
█ █   █ ██▄▀ █ ▀▄▄█▄▄▄ ▄  █ █   █ █
█ █▄▄▄█ ██▀▄ ▄████▄ ██▄▄ ▀█ █▄▄▄█ █
█▄▄▄▄▄▄▄█ ▀▄█ ▀ █ █ ▀ █ █▄█▄▄▄▄▄▄▄█
█  ▀ ▄▀▄█▀▄▀█▄██▀▀ ▀██▄▀ ▄█▄▀▀█▀▀▄█
█▀▀▄▀▀ ▄█ ▄██▄█▄ █▀▄▀▄▄▄ █▀  ▄▀▀▄▄█
█▀▀▄ ▀▀▄█ ▄ █▀▀▄  ▀  █▄▀█▄▀▄▄███▄▄█
███▄█ █▄ ▄ ██▀▄▀ ▄██▄▀▄▀▀ ▀▄█ █▀█▀█
█▀▄▀▄▄█▄█▄█  ▄▄  ▀▄█▀██ ▄█▄ ▀ ▄█  █
█▀█▀▀█▀▄▀ ▄ ▀▄   ▄▄▄▄▄█ ▄██▀█▄█▀▀ █
█▀█ ▄ █▄▄██▄▄▀██ ▀██  ▀▀ ▀▄█▀▀▀█▀██
█ █ █▀▄▄█▀▄█ ▀█  ▄  █▄▄▄▄▀ ▀ ▄█▀▄▄█
█▄▄▄▄█▄▄█ █▄▄▄▀▄█ ███▄█ █ ▄▄▄ ▀▀ ██
█ ▄▄▄▄▄ ██▀▀ ▄█  ▄█▄ ▄▄█  █▄█ ▀ █▀█
█ █   █ █ ▀▄▀ ▄ ██▄▀▀█▄ ▄▄ ▄▄▄▀█▄▄█
█ █▄▄▄█ █▀ ▄▄▄  ▄▀▄▀▄ ▄█▀█▀▀▄   ▀ █
█▄▄▄▄▄▄▄█▄▄██████▄▄██▄▄██▄▄█▄█▄████

二维码解码URL: https://txz.qq.com/p?k=rMlJ4uETcm5DZ7h60RHTbBk-YPqLmNO2&f=1600001604
如果控制台二维码无法扫码，可以复制解码url到二维码生成网站生成二维码再扫码，也可以打开下方的二维码路径图片进行扫码。
12-16 17:09:26 [warn] 二维码已保存到 C:\Users\Administrator\Desktop\bot\napcat.29927.onekey\versions\9.9.16-29927\resources\app\napcat\cache\qrcode.png
12-16 17:11:26 [error] [Core] [Login] Login Error,ErrCode:  3  ErrMsg: 
12-16 17:11:26 [warn] 请扫描下面的二维码，然后在手Q上授权登录：
12-16 17:11:26 [warn] 

▄▄▄▄▄▄▄▄▄▄▄▄▄▄▄▄▄▄▄▄▄▄▄▄▄▄▄▄▄▄▄▄▄▄▄
█ ▄▄▄▄▄ █▀ █▀▀▀ ▀▀▄ █ █████ ▄▄▄▄▄ █
█ █   █ █▀ ▄ █▀█ ▀▀▄▄▄▄ ▄▄█ █   █ █
█ █▄▄▄█ █▀█ █▄█▄▀▀  █  ▀███ █▄▄▄█ █
█▄▄▄▄▄▄▄█▄█▄█ █▄▀ █▄█ ▀ █▄█▄▄▄▄▄▄▄█
█ ▄▄▄▄█▄▄  ▄█▄▄▀█▄▀█▄▀ ▄▄▄▄▀▄█▄▀ ▀█
█ ▄▀▄▄ ▄ ▄ ▀ ▄██▄▀▄ █▄▀ █ ▀▀▄ ▄▀▄██
█▀▄▄█ ▀▄▄ ▄▀▄▀▄▀▄▀▄█ ▄▄ ▄▄▄▀ ▄▄█▀▀█
█▀▄ ▀▄ ▄▄▀█▀█▀██▄▀▄▄█  ▀█▀  ▀██▀▄██
██ ▀▀█ ▄▀ ▀ █▄▄▀▄█▀█▄▀██ █▄▀█▄▀█ ▀█
█▀▄█  █▄▀ ▄█ ▄██ ▄█▄▀▄▀███ ▄▀█▄▀▄██
█ ██▄█▀▄█▀█▀▄▀▄▀ ▀ █▀▄█▀ ▀█▀█▄▀█ ▀█
█ ██ ▄▄▄  ▀██▀█▀▄▀█ ▀▀ █▀▀  ▄  ▀▄██
█▄██▄▄█▄▄ ▄▄█▄▄▀▄▀ █ ▀▄ ▄ ▄▄▄  ▀█ █
█ ▄▄▄▄▄ █▄▀  ▄▄▄▄██▄▀  █  █▄█ ▀ ▄██
█ █   █ █ █ ▄ ▄▀ ▀▄█ ▀▀▀▀▄ ▄  ▄█▄██
█ █▄▄▄█ █  ▀█▄██ ▀█▀▀█▀  █▄▄ ▀▀ ▄██
█▄▄▄▄▄▄▄█▄█▄██▄█▄████▄███▄██▄▄▄█▄██

二维码解码URL: https://txz.qq.com/p?k=yHMSKeGY*8X72on3M9MGHkZsYxytDBfA&f=1600001604
如果控制台二维码无法扫码，可以复制解码url到二维码生成网站生成二维码再扫码，也可以打开下方的二维码路径图片进行扫码。
12-16 17:11:26 [warn] 二维码已保存到 C:\Users\Administrator\Desktop\bot\napcat.29927.onekey\versions\9.9.16-29927\resources\app\napcat\cache\qrcode.png
12-16 17:13:29 [error] [Core] [Login] Login Error,ErrCode:  3  ErrMsg: 
12-16 17:13:29 [warn] 请扫描下面的二维码，然后在手Q上授权登录：
12-16 17:13:29 [warn] 

▄▄▄▄▄▄▄▄▄▄▄▄▄▄▄▄▄▄▄▄▄▄▄▄▄▄▄▄▄▄▄▄▄▄▄
█ ▄▄▄▄▄ █▄▄███▀▄█▀  ▄ ▀▀▀▀█ ▄▄▄▄▄ █
█ █   █ █ ▀█ ▄ █▀ ███████ █ █   █ █
█ █▄▄▄█ █▄ ▄▄▀▀█▄█▄▄▀█▄█▄▄█ █▄▄▄█ █
█▄▄▄▄▄▄▄█▄▀▄▀▄█ █ ▀ ▀ █ ▀ █▄▄▄▄▄▄▄█
█▄ ▄ ██▄▀▄▀████▀▄█   ▀ ▀▀▄▄▀█▄▄ ▀ █
█ ▀▀▄▀▀▄  ██▀▀▀▄▀█▄ ▀▄▄▀ ██ ▀▄█▄ ▄█
██▄█▄█▄▄▄▀▄▀ █▄█ ▀██ █▄ ▄▀▄█▄▄ ▀▀██
█ ▀▄███▄▄█ ▄█ ▄██ ▄   ▀█▀▀▀  ▄█ ███
█ ▄▄▀▄▀▄ ▄▄ ▄▀  ▀▀█▀█ ▀▄▀▀      ▄ █
█▀█ ██▀▄▀█▀▀▄ █▀ ▄ ██ ▄█▀▀  ██ █▄▀█
█ ▀ ▄ ▀▄▀▀▄▀▄ █▀  █ ▄▀    ▄▀▄█▀▄▀▀█
██▀█ ▀ ▄█▄▄█▄▄▀ ▀▀██▀██▄ ▄▄▀▀▄▀▄ ▄█
█▄█▄▄██▄▄▀▀█▀ ▄█ ▄▄██▄ ▄  ▄▄▄ ▄██▄█
█ ▄▄▄▄▄ ██▄█ ██▄█▀█▀▄█▀▀  █▄█ ▀▀███
█ █   █ █▀████  ▀  ▄█▀▄   ▄▄▄▄█  ▄█
█ █▄▄▄█ █ █▀▀ █▀▄█  ▀ ▄ ▄▀▄ ▄▀█▄▄▀█
█▄▄▄▄▄▄▄█▄▄▄█▄██▄█▄█▄▄████▄███▄▄███

二维码解码URL: https://txz.qq.com/p?k=jztEO-rTX5MeSpQAghbBlQmN6BhK872K&f=1600001604
如果控制台二维码无法扫码，可以复制解码url到二维码生成网站生成二维码再扫码，也可以打开下方的二维码路径图片进行扫码。
12-16 17:13:29 [warn] 二维码已保存到 C:\Users\Administrator\Desktop\bot\napcat.29927.onekey\versions\9.9.16-29927\resources\app\napcat\cache\qrcode.png
12-16 17:15:29 [error] [Core] [Login] Login Error,ErrCode:  3  ErrMsg: 
12-16 17:15:29 [warn] 请扫描下面的二维码，然后在手Q上授权登录：
12-16 17:15:29 [warn] 

▄▄▄▄▄▄▄▄▄▄▄▄▄▄▄▄▄▄▄▄▄▄▄▄▄▄▄▄▄▄▄▄▄▄▄
█ ▄▄▄▄▄ █▀ █▀▀▀ ▀▀▀▄█ ▀██▀█ ▄▄▄▄▄ █
█ █   █ █▀ ▄ █▀█ ▀▀ ▀▄▄█ ▀█ █   █ █
█ █▄▄▄█ █▀█ █▄█▄▀▀▀█▄  ▄█▀█ █▄▄▄█ █
█▄▄▄▄▄▄▄█▄█▄█ █▄▀ █▄█ ▀ █▄█▄▄▄▄▄▄▄█
█▄▄▄  █▄▄  ▄█▄▄▀█▄▄▄▀▄▄ ██▄▀▄█▄▀ ▀█
█▄▄  ██▄█  ▀ ▄██▄▀▄ ▀▄▀█▀█▀▀▄ ▄▀▄██
███   ▄▄██ ▀▄▀▄▀▄▀▄▀▀▄▄▄██▄▀ ▄▄█▀▀█
█ ▀██▄▀▄▄ ▄▀█▀██▄▀▄▄█▀▀▀█   ▀██▀▄██
██▄█▀█▄▄ ▄███▄▄▀▄█▀▀ ▀▀  █▄▀█▄▀█ ▀█
██  ▄█▀▄▄██▀ ▄██ ▄█▀██ ▀██ ▄▀█▄▀▄██
█ ██▄ ▄▄█▀█▄▄▀▄▀▄▀▄█▀ ▄  ▀█▀█▄▀█ ▀█
█ █▀█▄█▄▀█ ▄█▀█▀▄▄██▀▀ ▀▀▀  ▄  ▀▄██
█▄████▄▄█ ▀██▄▄▀█▀▀▀█▀█▄▄ ▄▄▄  ▀█ █
█ ▄▄▄▄▄ █▄ ▄ ▄▄▄▄ █▄█▄ █  █▄█ ▀ ▄██
█ █   █ █ ▀█▄ ▄▀▄▄ ▄ ▀▀▀▀▄ ▄  ▄█▄██
█ █▄▄▄█ █ ▄▀█▄██ ▀█▄██▀▄ █▄▄ ▀▀ ▄██
█▄▄▄▄▄▄▄█▄█▄██▄███▄█▄▄█▄█▄██▄▄▄█▄██

二维码解码URL: https://txz.qq.com/p?k=xWTNH1ZKqYh6xiFpl35mF72cLuI9l7ka&f=1600001604
如果控制台二维码无法扫码，可以复制解码url到二维码生成网站生成二维码再扫码，也可以打开下方的二维码路径图片进行扫码。
12-16 17:15:29 [warn] 二维码已保存到 C:\Users\Administrator\Desktop\bot\napcat.29927.onekey\versions\9.9.16-29927\resources\app\napcat\cache\qrcode.png
12-16 17:17:32 [error] [Core] [Login] Login Error,ErrCode:  3  ErrMsg: 
12-16 17:17:32 [warn] 请扫描下面的二维码，然后在手Q上授权登录：
12-16 17:17:32 [warn] 

▄▄▄▄▄▄▄▄▄▄▄▄▄▄▄▄▄▄▄▄▄▄▄▄▄▄▄▄▄▄▄▄▄▄▄
█ ▄▄▄▄▄ █▄▄███▀▄█▀█▄▄▄█▀ ▀█ ▄▄▄▄▄ █
█ █   █ █ ▀█ ▄ █▀ ██ █▀▀▄▀█ █   █ █
█ █▄▄▄█ █▄ ▄▄▀▀█▄█▄█▀▀█ ▄ █ █▄▄▄█ █
█▄▄▄▄▄▄▄█▄▀▄▀▄█ █ ▀ ▀▄█ ▀ █▄▄▄▄▄▄▄█
█ ▄▄ █▀▄█ ▀████▀▄█▄█   ▀ ▀▄▀█▄▄ ▀ █
█     █▄ ▀██▀▀▀▄▀█▄▀█▄█ ▄ █ ▀▄█▄ ▄█
█▄▀ ▀ ▄▄▄ ▄▀ █▄█ ▀ ▀ ██▀▄ ▄█▄▄ ▀▀██
█▀ ▀ █ ▄▀█▄▄█ ▄██ █  ▀▀▄▀█▀  ▄█ ███
██▄ ▄▀ ▄▄█▄▀▄▀  ▀▀▄▄█  ▄▄▀      ▄ █
█ ▀▀█  ▄▄▀ █▄ █▀ █  █ ▄█▀▀  ██ █▄▀█
█ ▀█ ▄ ▄█▀█ ▄ █▀▄▀▄█▀ ▀▀  ▄▀▄█▀▄▀▀█
██▀█▄ █▄█▄ █▄▄▀ ▀ ▄█▀ ██ ▄▄▀▀▄▀▄ ▄█
█▄█████▄▄▀ █▀ ▄█  ████ ▄  ▄▄▄ ▄██▄█
█ ▄▄▄▄▄ ██▀  ██▄█▀▄  ▀▀▄  █▄█ ▀▀███
█ █   █ █▀▀▄██  ▀█▀ ▀▀▄   ▄▄▄▄█  ▄█
█ █▄▄▄█ █  ▀▀ █▀ ▄ ▄▀██▄▄▀▄ ▄▀█▄▄▀█
█▄▄▄▄▄▄▄█▄▄██▄█████▄▄▄▄▄██▄███▄▄███

二维码解码URL: https://txz.qq.com/p?k=Fm-CmQt0xQHf6VDyfjwIbA1tC0NzSgsz&f=1600001604
如果控制台二维码无法扫码，可以复制解码url到二维码生成网站生成二维码再扫码，也可以打开下方的二维码路径图片进行扫码。
12-16 17:17:32 [warn] 二维码已保存到 C:\Users\Administrator\Desktop\bot\napcat.29927.onekey\versions\9.9.16-29927\resources\app\napcat\cache\qrcode.png
12-16 17:19:32 [error] [Core] [Login] Login Error,ErrCode:  3  ErrMsg: 
12-16 17:19:32 [warn] 请扫描下面的二维码，然后在手Q上授权登录：
12-16 17:19:32 [warn] 

▄▄▄▄▄▄▄▄▄▄▄▄▄▄▄▄▄▄▄▄▄▄▄▄▄▄▄▄▄▄▄▄▄▄▄
█ ▄▄▄▄▄ █▄▄███▀▄█▀▄ ▄ ██ ▀█ ▄▄▄▄▄ █
█ █   █ █ ▀█ ▄ █▀ ▀▄ ▀▀▀▀ █ █   █ █
█ █▄▄▄█ █▄ ▄▄▀▀█▄███ ▀█ █ █ █▄▄▄█ █
█▄▄▄▄▄▄▄█▄▀▄▀▄█ █ ▀▄█ █▄▀ █▄▄▄▄▄▄▄█
█    █▀▄▀▄▀████▀▄█  ▄ ▄ ▀ ▄▀█▄▄ ▀ █
█▄▀▄█▄▄▄▄███▀▀▀▄▀██▄▀ █▀▄ █ ▀▄█▄ ▄█
█▀▄▄██▄▄▄▄ ▀ █▄█ ▀▄█▀█▀██ ▄█▄▄ ▀▀██
█▀██▀█ ▄▄▀▄██ ▄██ █ ▄▀▀▀██▀  ▄█ ███
█▀▀ █▄▄▄   ▄▄▀  ▀▀█▀▀  ▀        ▄ █
█▄▄█ ▀▄▄█ █ ▄ █▀ █ ███▄ ▀▀  ██ █▄▀█
█▀ ▀▀▀▀▄▀▄▀ ▄ █▀▀    ▄▄▀  ▄▀▄█▀▄▀▀█
██▀▀▀▀▀▄ █ ▀▄▄▀ ▀█▄ █ ▄▀ ▄▄▀▀▄▀▄ ▄█
█▄██▄██▄▄ ██▀ ▄█ ▀ ▀▀▄▄▄  ▄▄▄ ▄██▄█
█ ▄▄▄▄▄ ██ ▄ ██▄█ █▄ ▄ ▀  █▄█ ▀▀███
█ █   █ █▀▄███   █▄ ▀▀ ▀  ▄▄▄▄█  ▄█
█ █▄▄▄█ █ ▄█▀ █▀ █▀ █▄▄ ▄▀▄ ▄▀█▄▄▀█
█▄▄▄▄▄▄▄█▄▄██▄██▄▄▄█▄█▄███▄███▄▄███

二维码解码URL: https://txz.qq.com/p?k=te5miP8--zG-eSv4DdQxohnl6muQ*nfB&f=1600001604
如果控制台二维码无法扫码，可以复制解码url到二维码生成网站生成二维码再扫码，也可以打开下方的二维码路径图片进行扫码。
12-16 17:19:32 [warn] 二维码已保存到 C:\Users\Administrator\Desktop\bot\napcat.29927.onekey\versions\9.9.16-29927\resources\app\napcat\cache\qrcode.png
