12-16 17:24:29 [info] [NapCat] [Core] NapCat.Core Version: 4.2.27
12-16 17:24:30 [info] 核心登录服务连接成功!
12-16 17:24:30 [error] 快速登录失败，未找到该 QQ 历史登录记录，将使用二维码登录方式
12-16 17:24:30 [info] [NapCat] [WebUi] Current WebUi is not run.
12-16 17:24:31 [warn] 请扫描下面的二维码，然后在手Q上授权登录：
12-16 17:24:31 [warn] 

▄▄▄▄▄▄▄▄▄▄▄▄▄▄▄▄▄▄▄▄▄▄▄▄▄▄▄▄▄▄▄▄▄▄▄
█ ▄▄▄▄▄ █▀ █▀▀▀ ▀▀▀ █   ▄██ ▄▄▄▄▄ █
█ █   █ █▀ ▄ █▀█ ▀██▄█▄   █ █   █ █
█ █▄▄▄█ █▀█ █▄█▄▀▀███▄██▄▀█ █▄▄▄█ █
█▄▄▄▄▄▄▄█▄█▄█ █▄▀ █▄█ ▀ ▀▄█▄▄▄▄▄▄▄█
█ ▄▄▄ ▀▄   ▄█▄▄▀█▄▄▄█ █▀▄▄▄▀▄█▄▀ ▀█
█▄█▀ █▄▄ █ ▀ ▄██▄▀▄██▀ ▀▀ ▀▀▄ ▄▀▄██
█ ▀ ▀▄▀▄ █▄▀▄▀▄▀▄▀▀▀█▀ ▄▀█▄▀ ▄▄█▀▀█
█▄▄▀███▄█▀▀▄█▀██▄▀█ █▄ ▄██  ▀██▀▄██
█▀▀▄▀▀▀▄▄▄▀▄█▄▄▀▄█▀▀  ▄▄█▄▄▀█▄▀█ ▀█
█▄▄█▀▀▀▄ ▀▄█ ▄██▄▀█▀█▄▀▀██ ▄▀█▄▀▄██
█▀▄▄ █▄▄██▀█▄▀▄▀▀▀▄█ ▄▀▀ ▀█▀█▄▀█ ▀█
█ █▄▄▄ ▄█ ▄▀█▀█▀▄▀▄▀█  █▀▀  ▄  ▀▄██
█▄█▄▄▄▄▄▄▀▀▄█▄▄▀▄▄ ▀ ▀▀ ▄ ▄▄▄  ▀█ █
█ ▄▄▄▄▄ █▄█▄ ▄▄▄ █▄██▄▀▀  █▄█ ▀ ▄██
█ █   █ █  █▄ ▄▀█▀█▀▄ ██▀▄ ▄  ▄█▄██
█ █▄▄▄█ █ █▀█▄██▄▀█▄▀▄   █▄▄ ▀▀ ▄██
█▄▄▄▄▄▄▄█▄▄▄██▄█▄███▄█▄▄█▄██▄▄▄█▄██

二维码解码URL: https://txz.qq.com/p?k=ErNkuk9DK0s-KYm9yDTCCU7HLvoAFh6N&f=1600001604
如果控制台二维码无法扫码，可以复制解码url到二维码生成网站生成二维码再扫码，也可以打开下方的二维码路径图片进行扫码。
12-16 17:24:31 [warn] 二维码已保存到 C:\Users\Administrator\Desktop\bot\napcat.29927.onekey\versions\9.9.16-29927\resources\app\napcat\cache\qrcode.png
12-16 17:26:34 [error] [Core] [Login] Login Error,ErrCode:  3  ErrMsg: 
12-16 17:26:34 [warn] 请扫描下面的二维码，然后在手Q上授权登录：
12-16 17:26:34 [warn] 

▄▄▄▄▄▄▄▄▄▄▄▄▄▄▄▄▄▄▄▄▄▄▄▄▄▄▄▄▄▄▄▄▄▄▄
█ ▄▄▄▄▄ █▄▄▄ ▀▄██ ▀ ▀ ▀████ ▄▄▄▄▄ █
█ █   █ ██▄▀ █ ▀▄▄█▄█▄ ▄ ▀█ █   █ █
█ █▄▄▄█ ██▀▄ ▄████ ▄█▀ █▀██ █▄▄▄█ █
█▄▄▄▄▄▄▄█ ▀▄█ ▀ █ █▄█▄█▄▀▄█▄▄▄▄▄▄▄█
█▄ █ ▄█▄█▀▄▀█▄██▀▀▄█ █▀█▄▄█▄▀▀█▀▀▄█
█▀▀▄█▄▄▄▄▀▄██▄█▄ █  ▀██▀  ▀  ▄▀▀▄▄█
█   ██▀▄██  █▀▀▄  ▄█▄▄ █ █▀▄▄███▄▄█
███▀▄▀▀▄▄▄▀ █▀▄▀ ▄██ ▄█▀▀█▀▄█ █▀█▀█
███▄▀█ ▄▄█▀█ ▄▄  ▀▀▄  ▀ ▄▄▄ ▀ ▄█  █
██▄▀▀▄▀▄▄█▄█▀▄   ▀██ ██ ▄██▀█▄█▀▀ █
█   ▀█ ▄  █▄▄▀███▄▄▀  ██ ▀▄█▀▀▀█▀██
█ █▀ ▀▀▄▄██  ▀█  ▀▀ ██▄▄▄▀ ▀ ▄█▀▄▄█
█▄▄▄▄██▄▄ ▄ ▄▄▀▄▄▀ ▀ ▄▀██ ▄▄▄ ▀▀ ██
█ ▄▄▄▄▄ ██ ▀ ▄█  ███▄▀█   █▄█ ▀ █▀█
█ █   █ █ █ ▀ ▄ ██▀▄▄ ▀▄▄▄ ▄▄▄▀█▄▄█
█ █▄▄▄█ █▀▄▄▄▄  ▄ ▄▀ ▀█▄▀█▀▀▄   ▀ █
█▄▄▄▄▄▄▄█▄█▄████▄▄██▄█▄██▄▄█▄█▄████

二维码解码URL: https://txz.qq.com/p?k=gpOozfzNkujzAHA5ocgV*EpU7bM4DORO&f=1600001604
如果控制台二维码无法扫码，可以复制解码url到二维码生成网站生成二维码再扫码，也可以打开下方的二维码路径图片进行扫码。
12-16 17:26:34 [warn] 二维码已保存到 C:\Users\Administrator\Desktop\bot\napcat.29927.onekey\versions\9.9.16-29927\resources\app\napcat\cache\qrcode.png
12-16 17:28:36 [error] [Core] [Login] Login Error,ErrCode:  3  ErrMsg: 
12-16 17:28:36 [warn] 请扫描下面的二维码，然后在手Q上授权登录：
12-16 17:28:36 [warn] 

▄▄▄▄▄▄▄▄▄▄▄▄▄▄▄▄▄▄▄▄▄▄▄▄▄▄▄▄▄▄▄▄▄▄▄
█ ▄▄▄▄▄ ██▄▄ ▀ ▀█ ▄▀▄▀███ █ ▄▄▄▄▄ █
█ █   █ █▀▄  █▀▀▄█▀▄▀  █▄ █ █   █ █
█ █▄▄▄█ █▄▀ █▄█▄█▀ ▄▄ ▄▀███ █▄▄▄█ █
█▄▄▄▄▄▄▄█▄▀▄█ █▄█ █ ▀▄█▄█▄█▄▄▄▄▄▄▄█
█▄▄███ ▄ ▀▄ █▄▄█▀ ▀▀ ██▄ ▄██▀ ▄▀▀██
███▄█▀█▄▄▄▄▀ ▄██ ▀█ ▀██ ██▀▀  ▄▀▄██
██▄█▀  ▄██  █▀█   ▄▀  ▄█▀ █ ▄███  █
█▀▄▄█  ▄ ▄▄▄█▀█▀ █▄ ▀▄▄▄▀▄ ▄█▀█▀▄▀█
█▄▄█▀▀▀▄█▄ ▀█▄▄▀ ███▄▀█▀▀▄▄▀▀▄▀█ ▀█
██ ▀▄▄▀▄██▄ ▀▄▄▄▄█▄▀▄▄█ ▄█▀██▄█▀█▄█
█ ▀▄██ ▄ █▀█▄▀▄█ ▄ ▄▀▄█  ▀██▀ ▀█ ██
█ █▀▄  ▄ ▄▀▄█▀█▀▄▄█ ▀▀█▄▀▀     ▀▄██
█▄▄█▄█▄▄▄  ▄▄▄█ ▀██▀▄ ▄██ ▄▄▄ ▀▀▄▀█
█ ▄▄▄▄▄ █ ██ ▄▄  ▀▄▄█▀█▀  █▄█ ▀ ▄▀█
█ █   █ ██▀▀▄ ▄▀▄ ██▀▄▀▄▀▄ ▄▄ ▄█▄██
█ █▄▄▄█ █▀▀█▄▄▄▄  ▄█ ▄▄▀▀███▄   █▄█
█▄▄▄▄▄▄▄█▄████▄█▄▄▄██▄███▄██▄▄▄█▄██

二维码解码URL: https://txz.qq.com/p?k=f-mB8dwE3fBm20FpObkmPnHBT8cUvR9q&f=1600001604
如果控制台二维码无法扫码，可以复制解码url到二维码生成网站生成二维码再扫码，也可以打开下方的二维码路径图片进行扫码。
12-16 17:28:36 [warn] 二维码已保存到 C:\Users\Administrator\Desktop\bot\napcat.29927.onekey\versions\9.9.16-29927\resources\app\napcat\cache\qrcode.png
12-16 17:30:36 [error] [Core] [Login] Login Error,ErrCode:  3  ErrMsg: 
12-16 17:30:36 [warn] 请扫描下面的二维码，然后在手Q上授权登录：
12-16 17:30:36 [warn] 

▄▄▄▄▄▄▄▄▄▄▄▄▄▄▄▄▄▄▄▄▄▄▄▄▄▄▄▄▄▄▄▄▄▄▄
█ ▄▄▄▄▄ █▀ █▀▀▀ ▀▀█▀▄▀ ▄▄ █ ▄▄▄▄▄ █
█ █   █ █▀ ▄ █▀█ ▀▀▄▄▀ ▀▀▄█ █   █ █
█ █▄▄▄█ █▀█ █▄█▄▀▀▀▄▄▀▀▄▄██ █▄▄▄█ █
█▄▄▄▄▄▄▄█▄█▄█ █▄▀ █▄█ ▀ █▄█▄▄▄▄▄▄▄█
█▄▄   ▀▄   ▄█▄▄▀█▄▄▄▄▀ ▄▀▀▄▀▄█▄▀ ▀█
█▄ ▄▀▄▄▄█  ▀ ▄██▄▀▄▄▀█ ▀█▄▀▀▄ ▄▀▄██
█ █▀▄ █▄▄▄▄▀▄▀▄▀▄▀█▀ █  ▀▀▄▀ ▄▄█▀▀█
█▀▄▄█ █▄ ▄▀▄█▀██▄▀▄▄█▄▀▄▀▄  ▀██▀▄██
█▀█▀▀▄█▄█ █▀█▄▄▀▄█ ▀   ▄▄▄▄▀█▄▀█ ▀█
█    ██▄▄ █▀ ▄██  █▄█▄ ▄██ ▄▀█▄▀▄██
█  ▀█▄▀▄ ▄▀▀▄▀▄▀▄▀▄█ ▀▀▄ ▀█▀█▄▀█ ▀█
█ ██ ▀▄▄  ▄ █▀█▀ ▄██▀▄▀▄▀▀  ▄  ▀▄██
█▄███▄█▄▄▀▀██▄▄▀█▄█▀ ▀▄▄▄ ▄▄▄  ▀█ █
█ ▄▄▄▄▄ █▄▄  ▄▄▄ ▄▄█▀▀▀▄  █▄█ ▀ ▄██
█ █   █ █ █▄▄ ▄▀▄▀ ▀▀▄▀▀▀▄ ▄  ▄█▄██
█ █▄▄▄█ █ █▄█▄██▄██▄██▀  █▄▄ ▀▀ ▄██
█▄▄▄▄▄▄▄█▄▄▄██▄█▄▄▄▄▄▄█▄█▄██▄▄▄█▄██

二维码解码URL: https://txz.qq.com/p?k=N45x0YAVDfN7x6kiy*M30g3CiuGi2a9e&f=1600001604
如果控制台二维码无法扫码，可以复制解码url到二维码生成网站生成二维码再扫码，也可以打开下方的二维码路径图片进行扫码。
12-16 17:30:36 [warn] 二维码已保存到 C:\Users\Administrator\Desktop\bot\napcat.29927.onekey\versions\9.9.16-29927\resources\app\napcat\cache\qrcode.png
12-16 17:32:39 [error] [Core] [Login] Login Error,ErrCode:  3  ErrMsg: 
12-16 17:32:39 [warn] 请扫描下面的二维码，然后在手Q上授权登录：
12-16 17:32:39 [warn] 

▄▄▄▄▄▄▄▄▄▄▄▄▄▄▄▄▄▄▄▄▄▄▄▄▄▄▄▄▄▄▄▄▄▄▄
█ ▄▄▄▄▄ █▄▄███▀▄█▀▄▄▄▄▀▀ ▀█ ▄▄▄▄▄ █
█ █   █ █ ▀█ ▄ █▀ █▄▄ █▀█ █ █   █ █
█ █▄▄▄█ █▄ ▄▄▀▀█▄█▀▀▀▀▀█▄▄█ █▄▄▄█ █
█▄▄▄▄▄▄▄█▄▀▄▀▄█ █ ▀▄█▄█ ▀▄█▄▄▄▄▄▄▄█
█▄ ▄▄██▄█▄▀████▀▄█▄ █▀   ▄▄▀█▄▄ ▀ █
█▄▄▀▀ ▀▄ ▄██▀▀▀▄▀█▄▄██▄ ▄▀█ ▀▄█▄ ▄█
█▄  ▀▄█▄██▄▀ █▄█ ▀  █▄▄ ▀▀▄█▄▄ ▀▀██
█  ▄█▀▀▄ █▄▄█ ▄██ ▄█▄█  ▀▀▀  ▄█ ███
███▀▄▄ ▄█▄▄▄▄▀  ▀▀█ ▄ ▄▄ ▄      ▄ █
█ ▄▀▄ ▄▄█▄▀▄▄ █▀▄▄  ██▄ ▀▀  ██ █▄▀█
█▀█▀ ▀▀▄█▄ █▄ █▀█▀▄ █▀▀█  ▄▀▄█▀▄▀▀█
██▀ █  ▄ ▀ █▄▄▀ █▄▄▀█ █  ▄▄▀▀▄▀▄ ▄█
█▄██▄█▄▄▄▀█▀▀ ▄█ ▄▄▄█▄█▄  ▄▄▄ ▄██▄█
█ ▄▄▄▄▄ ██▀▀ ██▄▀▄▄▀  ▀▀  █▄█ ▀▀███
█ █   █ █▀▄ ██  ▄▄▄ ▀▀▄▄  ▄▄▄▄█  ▄█
█ █▄▄▄█ █  █▀ █▀ █  █ ▄▄▄▀▄ ▄▀█▄▄▀█
█▄▄▄▄▄▄▄█▄▄██▄██▄▄▄███▄███▄███▄▄███

二维码解码URL: https://txz.qq.com/p?k=2TxEog6SuDetiWVLhSMUkNd3sa*S*X5q&f=1600001604
如果控制台二维码无法扫码，可以复制解码url到二维码生成网站生成二维码再扫码，也可以打开下方的二维码路径图片进行扫码。
12-16 17:32:39 [warn] 二维码已保存到 C:\Users\Administrator\Desktop\bot\napcat.29927.onekey\versions\9.9.16-29927\resources\app\napcat\cache\qrcode.png
12-16 17:34:41 [error] [Core] [Login] Login Error,ErrCode:  3  ErrMsg: 
12-16 17:34:41 [warn] 请扫描下面的二维码，然后在手Q上授权登录：
12-16 17:34:41 [warn] 

▄▄▄▄▄▄▄▄▄▄▄▄▄▄▄▄▄▄▄▄▄▄▄▄▄▄▄▄▄▄▄▄▄▄▄
█ ▄▄▄▄▄ █▄▄▄ ▀▄██ ▀▀ ▀▄▀███ ▄▄▄▄▄ █
█ █   █ ██▄▀ █ ▀▄▄▀▄▀▀▄▄  █ █   █ █
█ █▄▄▄█ ██▀▄ ▄████▀ ▄▀▄▀ ██ █▄▄▄█ █
█▄▄▄▄▄▄▄█ ▀▄█ ▀ █ █▄█ █ ▀ █▄▄▄▄▄▄▄█
█▄▄▀  █▄▀▀▄▀█▄██▀▀▄▀▀█ █▀▄█▄▀▀█▀▀▄█
███▀▀██▄ ▀▄██▄█▄ █▀ ███▀▄ ▀  ▄▀▀▄▄█
█▄▀▄█▄▀▄▄▀▄ █▀▀▄  ██ █▄▀ ▀▀▄▄███▄▄█
██▄▄███▄ ▄▀ █▀▄▀ ▄▄▄▄▀██▀▄▀▄█ █▀█▀█
█  █▀▀▄▄██ █ ▄▄  ▀▀▄ █   ▄▄ ▀ ▄█  █
█▄██▄ ▄▄ ▀ ▄▀▄   █▄  █▄▀▄██▀█▄█▀▀ █
█ ▄▄▀▄▀▄█ ██▄▀██▄▄▀▀ ██▀ ▀▄█▀▀▀█▀██
█ █▄███▄▄█▀█ ▀█ ▄  █▀▀▄ ▄▀ ▀ ▄█▀▄▄█
█▄▄█▄▄▄▄█▀█▄▄▄▀▄█ ██▄▄ ██ ▄▄▄ ▀▀ ██
█ ▄▄▄▄▄ ██▀▄ ▄█   ██▄███  █▄█ ▀ █▀█
█ █   █ █ ██▀ ▄  ▄█▀█   ▄▄ ▄▄▄▀█▄▄█
█ █▄▄▄█ █▀  ▄▄  ▄▄█ ▄▄█▀▀█▀▀▄   ▀ █
█▄▄▄▄▄▄▄█▄▄▄█████▄▄███▄██▄▄█▄█▄████

二维码解码URL: https://txz.qq.com/p?k=F2cKtAZWMdOONDge8QkjZibs0MujhrIC&f=1600001604
如果控制台二维码无法扫码，可以复制解码url到二维码生成网站生成二维码再扫码，也可以打开下方的二维码路径图片进行扫码。
12-16 17:34:41 [warn] 二维码已保存到 C:\Users\Administrator\Desktop\bot\napcat.29927.onekey\versions\9.9.16-29927\resources\app\napcat\cache\qrcode.png
12-16 17:36:44 [error] [Core] [Login] Login Error,ErrCode:  3  ErrMsg: 
12-16 17:36:44 [warn] 请扫描下面的二维码，然后在手Q上授权登录：
12-16 17:36:44 [warn] 

▄▄▄▄▄▄▄▄▄▄▄▄▄▄▄▄▄▄▄▄▄▄▄▄▄▄▄▄▄▄▄▄▄▄▄
█ ▄▄▄▄▄ █▄▄▄ ▀▄██ █▀ ▀  ▄██ ▄▄▄▄▄ █
█ █   █ ██▄▀ █ ▀▄▄▀▀██ ▄▀▀█ █   █ █
█ █▄▄▄█ ██▀▄ ▄█████ █▀ █ ▀█ █▄▄▄█ █
█▄▄▄▄▄▄▄█ ▀▄█ ▀ █ █ █ █▄█ █▄▄▄▄▄▄▄█
█  █▄ ▀▄▀█▄▀█▄██▀▀▄█   █▀▀█▄▀▀█▀▀▄█
█▄ █  █▄ ▄▄██▄█▄ █▀ █ █▀ ▀▀  ▄▀▀▄▄█
███▄███▄▀▄  █▀▀▄   ▀▄▀█▀ ▄▀▄▄███▄▄█
█▀█▄ █▄▄▄█▀██▀▄▀ ▄▄█▄▀██▀ ▀▄█ █▀█▀█
█▀▄▄▀▀█▄ ▀▀▄ ▄▄  ▀ ▀▄▀▀█ █▄ ▀ ▄█  █
█▄█▀██ ▄█▄█▀▀▄   ▀██▄▄▄ ▄██▀█▄█▀▀ █
█▀▀█ ▄▄▄▄█▀▀▄▀██ ▀██▀█▀▄ ▀▄█▀▀▀█▀██
█ █▄▄▀▄▄█ █  ▀█  ▀ ██ ▄█▄▀ ▀ ▄█▀▄▄█
█▄▄██▄▄▄█▀█▄▄▄▀▄ ▀▀▀ ▄▄██ ▄▄▄ ▀▀ ██
█ ▄▄▄▄▄ ██▀▀ ▄█ ▄ ██▄ █   █▄█ ▀ █▀█
█ █   █ █ ▄█▀ ▄ ▄▄▄▀█ █ ▄▄ ▄▄▄▀█▄▄█
█ █▄▄▄█ █▀ █▄▄   ▀██ ▀█▄▀█▀▀▄   ▀ █
█▄▄▄▄▄▄▄█▄██████▄█▄█▄████▄▄█▄█▄████

二维码解码URL: https://txz.qq.com/p?k=Ra0MFfZw99BbaADnX43RY*rOGUmOwPr7&f=1600001604
如果控制台二维码无法扫码，可以复制解码url到二维码生成网站生成二维码再扫码，也可以打开下方的二维码路径图片进行扫码。
12-16 17:36:44 [warn] 二维码已保存到 C:\Users\Administrator\Desktop\bot\napcat.29927.onekey\versions\9.9.16-29927\resources\app\napcat\cache\qrcode.png
12-16 17:38:46 [error] [Core] [Login] Login Error,ErrCode:  3  ErrMsg: 
12-16 17:38:46 [warn] 请扫描下面的二维码，然后在手Q上授权登录：
12-16 17:38:46 [warn] 

▄▄▄▄▄▄▄▄▄▄▄▄▄▄▄▄▄▄▄▄▄▄▄▄▄▄▄▄▄▄▄▄▄▄▄
█ ▄▄▄▄▄ █▄▄▄ ▀▄██ ▀▄ ▀ ▀█▀█ ▄▄▄▄▄ █
█ █   █ ██▄▀ █ ▀▄▄▀▀█▄ █▀▄█ █   █ █
█ █▄▄▄█ ██▀▄ ▄████▀▀▄▄██▀▀█ █▄▄▄█ █
█▄▄▄▄▄▄▄█ ▀▄█ ▀ █ █▄█▄█ ▀▄█▄▄▄▄▄▄▄█
█  ▀ ▄▀▄▀█▄▀█▄██▀▀██▀██▀▄▄█▄▀▀█▀▀▄█
█▄▄▀  ▀▄ █▄██▄█▄ █ ▀▀█▄█▄▄▀  ▄▀▀▄▄█
█ █▄▀▄ ▄▄ ▄ █▀▀▄   █▄▄▄▀ ▀▀▄▄███▄▄█
█ ▀ ██▄▄█ ▄██▀▄▀ ▄▄ ▄█████▀▄█ █▀█▀█
█ ▄▀▄▀▀▄█▄██ ▄▄  ▀ █▄ █  █▄ ▀ ▄█  █
█  █▄██▄▀ █ ▀▄  ▄██▄▄██ ▄██▀█▄█▀▀ █
█  ▀▀▀ ▄   █▄▀█████▀  █▄ ▀▄█▀▀▀█▀██
█ ██▄▀ ▄▄▀█▄ ▀█ ▄▄▀▄▀▄▄█▄▀ ▀ ▄█▀▄▄█
█▄▄▄▄▄█▄▄▀█ ▄▄▀▄▀ ███ ▀██ ▄▄▄ ▀▀ ██
█ ▄▄▄▄▄ ██   ▄█ ▄▄██  ▄█  █▄█ ▀ █▀█
█ █   █ █ ▀▄▀ ▄  █▀▄▀█▄ ▄▄ ▄▄▄▀█▄▄█
█ █▄▄▄█ █▀██▄▄  ▄██▀▄▄█▀▀█▀▀▄   ▀ █
█▄▄▄▄▄▄▄█▄▄█████▄▄▄█▄▄███▄▄█▄█▄████

二维码解码URL: https://txz.qq.com/p?k=U6NxwmaWc1mGv3*7Lcn6O9TZSCu6admY&f=1600001604
如果控制台二维码无法扫码，可以复制解码url到二维码生成网站生成二维码再扫码，也可以打开下方的二维码路径图片进行扫码。
12-16 17:38:46 [warn] 二维码已保存到 C:\Users\Administrator\Desktop\bot\napcat.29927.onekey\versions\9.9.16-29927\resources\app\napcat\cache\qrcode.png
