12-16 17:00:42 [info] [NapCat] [Core] NapCat.Core Version: 4.2.27
12-16 17:00:42 [info] 核心登录服务连接成功!
12-16 17:00:42 [error] 快速登录失败，未找到该 QQ 历史登录记录，将使用二维码登录方式
12-16 17:00:42 [info] [NapCat] [WebUi] Current WebUi is not run.
12-16 17:00:44 [warn] 请扫描下面的二维码，然后在手Q上授权登录：
12-16 17:00:44 [warn] 

▄▄▄▄▄▄▄▄▄▄▄▄▄▄▄▄▄▄▄▄▄▄▄▄▄▄▄▄▄▄▄▄▄▄▄
█ ▄▄▄▄▄ █▀ █▀▀▀ ▀▀█▄█▄▀█▄██ ▄▄▄▄▄ █
█ █   █ █▀ ▄ █▀█ ▀█▄█▄▄▀▄▀█ █   █ █
█ █▄▄▄█ █▀█ █▄█▄▀▀█▀█▄██▄▀█ █▄▄▄█ █
█▄▄▄▄▄▄▄█▄█▄█ █▄▀ █▄█ ▀ █ █▄▄▄▄▄▄▄█
█▄    ▀▄▄▄ ▄█▄▄▀█▄██▀▀█▄▄█▄▀▄█▄▀ ▀█
██▄▀ █▄▄█  ▀ ▄██▄▀▄██▀ ▄▀ ▀▀▄ ▄▀▄██
█ ▄  ▄▄▄▀█ ▀▄▀▄▀▄▀▀█▀▄▄  █▄▀ ▄▄█▀▀█
█  ▄ ██▄█▄ ▀█▀██▄▀█ ▀█▀█▀▄  ▀██▀▄██
█▀▀▄▄ ▀▄▄▄█▀█▄▄▀▄█▄▄▀ ▀▀▄▄▄▀█▄▀█ ▀█
█  ▄▄█▀▄▄▄▄▀ ▄██▄ █ ▀█  ██ ▄▀█▄▀▄██
█ █▄█  ▄ ▀▄ ▄▀▄▀▄ ▀▀▀▀ ▄ ▀█▀█▄▀█ ▀█
█ █▀▀█▄▄███▄█▀█▀▄▄█ █▄▀▀▀▀  ▄  ▀▄██
█▄█▄▄█▄▄▄▀▀▀█▄▄▀▄ ▀██▀█ ▄ ▄▄▄  ▀█ █
█ ▄▄▄▄▄ █▄▄▄ ▄▄▄▄▄█▄▀▀▀█  █▄█ ▀ ▄██
█ █   █ █ █ ▄ ▄▀█▀▀█ ▀▄▄▀▄ ▄  ▄█▄██
█ █▄▄▄█ █ ▀▀█▄██▄██ ▀▀ ▀ █▄▄ ▀▀ ▄██
█▄▄▄▄▄▄▄█▄▄▄██▄███▄▄█▄▄▄█▄██▄▄▄█▄██

二维码解码URL: https://txz.qq.com/p?k=NzXghklZ5CzIVnAbr4dDDQWX0HYX*ksw&f=1600001604
如果控制台二维码无法扫码，可以复制解码url到二维码生成网站生成二维码再扫码，也可以打开下方的二维码路径图片进行扫码。
12-16 17:00:44 [warn] 二维码已保存到 C:\Users\Administrator\Desktop\bot\napcat.29927.onekey\versions\9.9.16-29927\resources\app\napcat\cache\qrcode.png
12-16 17:02:45 [error] [Core] [Login] Login Error,ErrCode:  3  ErrMsg: 
12-16 17:02:45 [warn] 请扫描下面的二维码，然后在手Q上授权登录：
12-16 17:02:45 [warn] 

▄▄▄▄▄▄▄▄▄▄▄▄▄▄▄▄▄▄▄▄▄▄▄▄▄▄▄▄▄▄▄▄▄▄▄
█ ▄▄▄▄▄ █▄▄███▀▄█▀▀██▄  ▀██ ▄▄▄▄▄ █
█ █   █ █ ▀█ ▄ █▀ ▀███▀ █ █ █   █ █
█ █▄▄▄█ █▄ ▄▄▀▀█▄█▄▄ █▀▀▄ █ █▄▄▄█ █
█▄▄▄▄▄▄▄█▄▀▄▀▄█ █ ▀▄█▄█ █ █▄▄▄▄▄▄▄█
█ ▄  █▀▄█ ▀████▀▄██  ▀▀▀ █▄▀█▄▄ ▀ █
█▄█▄ ▄ ▄▀ ██▀▀▀▄▀█▄▄█ ▄▀ ▄█ ▀▄█▄ ▄█
██▄ ▀ ▄▄▄█ ▀ █▄█ ▀ █▀█ ▄█▀▄█▄▄ ▀▀██
███ ▀▀▄▄▀ ▀▄█ ▄██ █▄▄█  █▀▀  ▄█ ███
█▄█▀█ ▄▄▄█▄ ▄▀  ▀▀█ █▀▀ ▀▄      ▄ █
█▄█████▄▄ ▀█▄ █▀▄   ▀▄█▄▀▀  ██ █▄▀█
█▀  █▀▄▄▀ █▄▄ █▀▀ ▄▄▄ ██  ▄▀▄█▀▄▀▀█
██▀▀█ ▄▄ ▄ ▄▄▄▀ █▀▄▀█▄█▄ ▄▄▀▀▄▀▄ ▄█
█▄██▄██▄▄▀  ▀ ▄█▀ ▄█ ▄▀▄  ▄▄▄ ▄██▄█
█ ▄▄▄▄▄ ██▄▄ ██▄▀███  ▀▄  █▄█ ▀▀███
█ █   █ █▀█ ██    █▀█ █   ▄▄▄▄█  ▄█
█ █▄▄▄█ █ ▄█▀ █▀ ▀▀██▄▄▀▄▀▄ ▄▀█▄▄▀█
█▄▄▄▄▄▄▄█▄▄▄█▄███▄▄▄▄▄▄███▄███▄▄███

二维码解码URL: https://txz.qq.com/p?k=8soDVCRKNMhAugzWpfdcPpDesqi4f9xE&f=1600001604
如果控制台二维码无法扫码，可以复制解码url到二维码生成网站生成二维码再扫码，也可以打开下方的二维码路径图片进行扫码。
12-16 17:02:45 [warn] 二维码已保存到 C:\Users\Administrator\Desktop\bot\napcat.29927.onekey\versions\9.9.16-29927\resources\app\napcat\cache\qrcode.png
12-16 17:04:47 [error] [Core] [Login] Login Error,ErrCode:  3  ErrMsg: 
12-16 17:04:47 [warn] 请扫描下面的二维码，然后在手Q上授权登录：
12-16 17:04:47 [warn] 

▄▄▄▄▄▄▄▄▄▄▄▄▄▄▄▄▄▄▄▄▄▄▄▄▄▄▄▄▄▄▄▄▄▄▄
█ ▄▄▄▄▄ █▄▄███▀▄█▀▄▄█▄▄█▀▀█ ▄▄▄▄▄ █
█ █   █ █ ▀█ ▄ █▀ █▄▄ ▀▀▄ █ █   █ █
█ █▄▄▄█ █▄ ▄▄▀▀█▄███  ▀▀▄▄█ █▄▄▄█ █
█▄▄▄▄▄▄▄█▄▀▄▀▄█ █ ▀▄▀ █▄█ █▄▄▄▄▄▄▄█
█ ▄▄ ▀▀▄▀ ▀████▀▄██  ▄▄▀█▄▄▀█▄▄ ▀ █
█▄▀▄█▀█▄█ ██▀▀▀▄▀█▄▄█ █▀▄██ ▀▄█▄ ▄█
█▀▀▄▄▄▀▄█ ▄▀ █▄█ ▀▀▀█▄▄▄▄▀▄█▄▄ ▀▀██
██▀▄▄▀▄▄██▀██ ▄██ ▄█   ▀█▄▀  ▄█ ███
██▀▄▄▀█▄█ █ ▄▀  ▀▀█▄  ▄█▀▀      ▄ █
█▀█ ██▀▄ ▀▀▀▄ █▀▄ ▀██▄▄▀▀▀  ██ █▄▀█
█▀ ▀▄██▄▀▀██▄ █▀██▄ ▄     ▄▀▄█▀▄▀▀█
██▀▀███▄▀ ▄ ▄▄▀ █ █▀█ █▀ ▄▄▀▀▄▀▄ ▄█
█▄███▄▄▄▄▀█▀▀ ▄█▀  ▀ ██   ▄▄▄ ▄██▄█
█ ▄▄▄▄▄ ██ ▀ ██▄█▀▄▀  ▀   █▄█ ▀▀███
█ █   █ █▀█▀██  ▀▄█▄█ █▄  ▄▄▄▄█  ▄█
█ █▄▄▄█ █ ▀▀▀ █▀   ▄▀▀▄█▄▀▄ ▄▀█▄▄▀█
█▄▄▄▄▄▄▄█▄▄██▄████▄▄▄█▄███▄███▄▄███

二维码解码URL: https://txz.qq.com/p?k=mxVGABxG10qPbgnUOV35KHDSdcrbwwy5&f=1600001604
如果控制台二维码无法扫码，可以复制解码url到二维码生成网站生成二维码再扫码，也可以打开下方的二维码路径图片进行扫码。
12-16 17:04:47 [warn] 二维码已保存到 C:\Users\Administrator\Desktop\bot\napcat.29927.onekey\versions\9.9.16-29927\resources\app\napcat\cache\qrcode.png
12-16 17:06:48 [error] [Core] [Login] Login Error,ErrCode:  3  ErrMsg: 
12-16 17:06:48 [warn] 请扫描下面的二维码，然后在手Q上授权登录：
12-16 17:06:48 [warn] 

▄▄▄▄▄▄▄▄▄▄▄▄▄▄▄▄▄▄▄▄▄▄▄▄▄▄▄▄▄▄▄▄▄▄▄
█ ▄▄▄▄▄ █▀ █▀▀▀ ▀▀▄▄▄█ █▄▀█ ▄▄▄▄▄ █
█ █   █ █▀ ▄ █▀█ ▀▀█▄▀▄▄█▀█ █   █ █
█ █▄▄▄█ █▀█ █▄█▄▀▀█▄▄ ▀▀███ █▄▄▄█ █
█▄▄▄▄▄▄▄█▄█▄█ █▄▀ █ ▀ ▀ █▄█▄▄▄▄▄▄▄█
█▄▄ ▄▄▀▄ ▄ ▄█▄▄▀█▄▄█▀▄ ▄ ▄▄▀▄█▄▀ ▀█
█▀▄▀▄  ▄▀▄ ▀ ▄██▄▀█▄█▄ ▀██▀▀▄ ▄▀▄██
█▀▄█▀█ ▄▀█ ▀▄▀▄▀▄▀▀▀▀▄▀▀▄▄▄▀ ▄▄█▀▀█
█ ▀ █▀ ▄▀ █ █▀██▄▀▄▀▀█▀▄▀   ▀██▀▄██
██ ▀▀ █▄▀█▄ █▄▄▀▄███ ▀  ▀▄▄▀█▄▀█ ▀█
█▀█▄  █▄█ █  ▄██ ▄██▀  ███ ▄▀█▄▀▄██
█▀ ▄▄▀█▄  ▀▀▄▀▄▀ ▀███▀▄▄ ▀█▀█▄▀█ ▀█
█ █▄ ▄▄▄█▀▄▀█▀█▀ ▄█▄█▀ ▀▀▀  ▄  ▀▄██
█▄██▄▄▄▄█ ▄▀█▄▄▀▀▀▄█▀▄  ▄ ▄▄▄  ▀█ █
█ ▄▄▄▄▄ █▄   ▄▄▄▄▄▄▄▀▀▀█  █▄█ ▀ ▄██
█ █   █ █  ▄▄ ▄▀█▀▄▀▀   ▀▄ ▄  ▄█▄██
█ █▄▄▄█ █ ▀▀█▄██ ▀▄▀█▄▀█ █▄▄ ▀▀ ▄██
█▄▄▄▄▄▄▄█▄████▄██████▄▄▄█▄██▄▄▄█▄██

二维码解码URL: https://txz.qq.com/p?k=bMmDa-A6PIRRQv4Gj17r-dqNUQsfLkIA&f=1600001604
如果控制台二维码无法扫码，可以复制解码url到二维码生成网站生成二维码再扫码，也可以打开下方的二维码路径图片进行扫码。
12-16 17:06:48 [warn] 二维码已保存到 C:\Users\Administrator\Desktop\bot\napcat.29927.onekey\versions\9.9.16-29927\resources\app\napcat\cache\qrcode.png
12-16 17:08:48 [error] [Core] [Login] Login Error,ErrCode:  3  ErrMsg: 
12-16 17:08:48 [warn] 请扫描下面的二维码，然后在手Q上授权登录：
12-16 17:08:48 [warn] 

▄▄▄▄▄▄▄▄▄▄▄▄▄▄▄▄▄▄▄▄▄▄▄▄▄▄▄▄▄▄▄▄▄▄▄
█ ▄▄▄▄▄ █▀ █▀▀▀ ▀▀▄▄▄ █▄█▀█ ▄▄▄▄▄ █
█ █   █ █▀ ▄ █▀█ ▀▀█▄▀ ▀▀▄█ █   █ █
█ █▄▄▄█ █▀█ █▄█▄▀▀▄▀█  ▀█▀█ █▄▄▄█ █
█▄▄▄▄▄▄▄█▄█▄█ █▄▀ █ █▄▀ ▀ █▄▄▄▄▄▄▄█
█▄▄▄▄ ▀▄ ▄ ▄█▄▄▀█▄▀█ ▄█▀▀▀▄▀▄█▄▀ ▀█
█ ▄ ▄██▄▀▄ ▀ ▄██▄▀█ ▀▄ █▀█▀▀▄ ▄▀▄██
█▄▄▄▀ ▄▄█▀▄▀▄▀▄▀▄▀▄▄ ▀▀▀▄▄▄▀ ▄▄█▀▀█
██▀█▄█ ▄  ▄▀█▀██▄▀▄▀██▀▀█▄  ▀██▀▄██
█▀▀▀▀█▄▄ █▀▄█▄▄▀▄█▀▀█ ▄▄▄▄▄▀█▄▀█ ▀█
█ ▄▄▀ █▄▀▄   ▄██ ▄█▄██▀███ ▄▀█▄▀▄██
█ ▀█ ▄▄▄▄█▄ ▄▀▄▀▀▀ ▀▄▀▀  ▀█▀█▄▀█ ▀█
█ █▄█ █▄██▀██▀█▀ █▄▄█ ▀ ▀▀  ▄  ▀▄██
█▄█▄███▄█▀▄▄█▄▄▀▄▄▀▀▀▀ ▄▄ ▄▄▄  ▀█ █
█ ▄▄▄▄▄ █▄▄█ ▄▄▄▄▀█▀█▀▀▀  █▄█ ▀ ▄██
█ █   █ █   ▄ ▄▀█▀▄█▀▄█▄▀▄ ▄  ▄█▄██
█ █▄▄▄█ █   █▄██▄ █▀█▄ ▀ █▄▄ ▀▀ ▄██
█▄▄▄▄▄▄▄█▄▄▄██▄███▄███▄▄█▄██▄▄▄█▄██

二维码解码URL: https://txz.qq.com/p?k=LO2XZE83JwCiA4eHPk9SmxX6IkLton0I&f=1600001604
如果控制台二维码无法扫码，可以复制解码url到二维码生成网站生成二维码再扫码，也可以打开下方的二维码路径图片进行扫码。
12-16 17:08:48 [warn] 二维码已保存到 C:\Users\Administrator\Desktop\bot\napcat.29927.onekey\versions\9.9.16-29927\resources\app\napcat\cache\qrcode.png
12-16 17:10:51 [error] [Core] [Login] Login Error,ErrCode:  3  ErrMsg: 
12-16 17:10:51 [warn] 请扫描下面的二维码，然后在手Q上授权登录：
12-16 17:10:51 [warn] 

▄▄▄▄▄▄▄▄▄▄▄▄▄▄▄▄▄▄▄▄▄▄▄▄▄▄▄▄▄▄▄▄▄▄▄
█ ▄▄▄▄▄ █▄▄███▀▄█▀▀▀▄ ▀█▀▀█ ▄▄▄▄▄ █
█ █   █ █ ▀█ ▄ █▀ ███▀█ ▀ █ █   █ █
█ █▄▄▄█ █▄ ▄▄▀▀█▄█ █▀█▄ █▀█ █▄▄▄█ █
█▄▄▄▄▄▄▄█▄▀▄▀▄█ █ ▀ █▄█▄█ █▄▄▄▄▄▄▄█
█ ▄ ▄▀▀▄▀ ▀████▀▄█ ▀▄▀  ▀█▄▀█▄▄ ▀ █
█▄ ▄▄█ ▄█ ██▀▀▀▄▀█▄ ▀██  ██ ▀▄█▄ ▄█
█ █   ▄▄▀▀▄▀ █▄█ ▀▀█  ▄ ▄ ▄█▄▄ ▀▀██
███ █▄▄▄█ █▄█ ▄██ █ ▄█ █▀█▀  ▄█ ███
█ ▄██▄▄▄ ▄█▄▄▀  ▀▀▀▄ ▀ ▄█▀      ▄ █
█▄ ▄██▄▄▀█ ▄▄ █▀ ▀ ▄█ ▄█▀▀  ██ █▄▀█
█▀▀██ █▄▀▀▄▀▄ █▀▄ █▄▄▀ █  ▄▀▄█▀▄▀▀█
██▀█▄▀▄▄▀▄▀█▄▄▀ ▀ █▀▀ ▄  ▄▄▀▀▄▀▄ ▄█
█▄█▄▄▄█▄█ █▀▀ ▄█▄▀ █▄█▄▄  ▄▄▄ ▄██▄█
█ ▄▄▄▄▄ ██   ██▄▀███▄▄ ▄  █▄█ ▀▀███
█ █   █ █▀▀▀██  ▀█  █ ▄▄  ▄▄▄▄█  ▄█
█ █▄▄▄█ █ ▄█▀ █▀▄  ▄█ ██▄▀▄ ▄▀█▄▄▀█
█▄▄▄▄▄▄▄█▄█▄█▄██▄▄▄▄██▄███▄███▄▄███

二维码解码URL: https://txz.qq.com/p?k=Njg-Jx4VxfBriaLAX9DRtC-DjSaZmaCn&f=1600001604
如果控制台二维码无法扫码，可以复制解码url到二维码生成网站生成二维码再扫码，也可以打开下方的二维码路径图片进行扫码。
12-16 17:10:51 [warn] 二维码已保存到 C:\Users\Administrator\Desktop\bot\napcat.29927.onekey\versions\9.9.16-29927\resources\app\napcat\cache\qrcode.png
12-16 17:12:53 [error] [Core] [Login] Login Error,ErrCode:  3  ErrMsg: 
12-16 17:12:53 [warn] 请扫描下面的二维码，然后在手Q上授权登录：
12-16 17:12:53 [warn] 

▄▄▄▄▄▄▄▄▄▄▄▄▄▄▄▄▄▄▄▄▄▄▄▄▄▄▄▄▄▄▄▄▄▄▄
█ ▄▄▄▄▄ █ ██▀▀▄█▄▀██▀█▄██▀█ ▄▄▄▄▄ █
█ █   █ █  ▀█ ▀█ ▄▄ ▄▄ ▄  █ █   █ █
█ █▄▄▄█ █▀  █▄ ▀▄▀█  █▄██▀█ █▄▄▄█ █
█▄▄▄▄▄▄▄█▄█ ▀▄█▄▀▄▀ ▀ ▀▄█▄█▄▄▄▄▄▄▄█
█  ▀█▄ ▄█▀█▄█▄▀▄ ▄▄█ █▀▄ ▄▀█ █▄ ▄▄█
█▀▄▄█▄▄▄█▀ ▄█▀██▄▄▀▀█▀▀▄  ▀▀▄█▀▄▄██
█▄██▄ █▄▀▄█▀▄▀▀▄▀▀█▀█▄▀ ▀█▀▄█▄▄█▄▄█
█▀▀ ▀▄█▄▀▀█▀ ▄██▄▄▀▄█▄▀  ▄  ▀  ▄▄██
█▀▄█▀▀▄▄▄█▄▄█▄▀▄▀█ ▀▄▄▄▄▄█▀▄ ▄▀██▄█
█▀   ██▄▀ ▄██▀██▄█  ▀█ ▀   ▄▀ ▀▄▄██
█▀▄█▄▀▄▄ ▀▀ ▄▀▀▄▀▄  █▄   ▀ ▄ ▄▀██▄█
███ ▄▀▄▄▄▄▄  ▄█▀▄   ▀▄▀ ▄▄  ▄██▄▄██
█▄▄▄██▄▄▄  ██▄▀▄█▀ ▀▄▀▀▄▄ ▄▄▄  ▀ ██
█ ▄▄▄▄▄ █▀█ █▀▄▄▄▀ ██▄▀▀█ █▄█ ▄█▄██
█ █   █ █▄  ▄ ▀▄█ ▄▄█▀▄ ▀▄▄ ▄ ▄█▀ █
█ █▄▄▄█ █▀▀▀ ▀██   ▄██▀▄█ ▄▄ ▄▄█▄██
█▄▄▄▄▄▄▄█▄█▄███▄▄███▄█▄▄█▄▄▄█▄▄██▄█

二维码解码URL: https://txz.qq.com/p?k=YujTHIKZdzNsp93jalWGuasFm-h4HSB7&f=1600001604
如果控制台二维码无法扫码，可以复制解码url到二维码生成网站生成二维码再扫码，也可以打开下方的二维码路径图片进行扫码。
12-16 17:12:53 [warn] 二维码已保存到 C:\Users\Administrator\Desktop\bot\napcat.29927.onekey\versions\9.9.16-29927\resources\app\napcat\cache\qrcode.png
12-16 17:14:56 [error] [Core] [Login] Login Error,ErrCode:  3  ErrMsg: 
12-16 17:14:56 [warn] 请扫描下面的二维码，然后在手Q上授权登录：
12-16 17:14:56 [warn] 

▄▄▄▄▄▄▄▄▄▄▄▄▄▄▄▄▄▄▄▄▄▄▄▄▄▄▄▄▄▄▄▄▄▄▄
█ ▄▄▄▄▄ █▄▄███▀▄█▀█▄█▄▄  ▀█ ▄▄▄▄▄ █
█ █   █ █ ▀█ ▄ █▀ ▀▄█▀▀▀▄██ █   █ █
█ █▄▄▄█ █▄ ▄▄▀▀█▄█▄▀▀▀▄▀███ █▄▄▄█ █
█▄▄▄▄▄▄▄█▄▀▄▀▄█ █ ▀▄█ █ ▀▄█▄▄▄▄▄▄▄█
█▄   ██▄█ ▀████▀▄██▄▀▄▄█ █▄▀█▄▄ ▀ █
█▄▀█ █ ▄  ██▀▀▀▄▀█▄▄█ ██▄██ ▀▄█▄ ▄█
██▄  ▄▄▄▀▄ ▀ █▄█ ▀▄▄█▄▄ ▄ ▄█▄▄ ▀▀██
█▄▀▀  █▄█ ▄▄█ ▄██ ▄▀ █▀ █▄▀  ▄█ ███
███ ▀▀▄▄ █▄▀▄▀  ▀▀▄ ▀  ▄ ▄      ▄ █
█▀▄█▀ ▀▄ ▀▄▄▄ █▀▄▀ █▀▀██▀▀  ██ █▄▀█
█▀▄▄▄▄▀▄▀  █▄ █▀█▀▀  ▄█▀  ▄▀▄█▀▄▀▀█
██▀▄▀▀ ▄█▄▄▄▄▄▀ █▄█ ██▄▀ ▄▄▀▀▄▀▄ ▄█
█▄█████▄█ ▀▀▀ ▄█    ▀█▄▄  ▄▄▄ ▄██▄█
█ ▄▄▄▄▄ ██ ▀ ██▄▀█▄█ ▄▀   █▄█ ▀▀███
█ █   █ █▀▄███  ██▄▄█ ▄▄  ▄▄▄▄█  ▄█
█ █▄▄▄█ █   ▀ █▀▄█  ▀ ▄▄▄▀▄ ▄▀█▄▄▀█
█▄▄▄▄▄▄▄█▄▄▄█▄████▄█▄█▄███▄███▄▄███

二维码解码URL: https://txz.qq.com/p?k=5hh3uIiQzZAtccc2BV9SCdT*VO3C0Aut&f=1600001604
如果控制台二维码无法扫码，可以复制解码url到二维码生成网站生成二维码再扫码，也可以打开下方的二维码路径图片进行扫码。
12-16 17:14:56 [warn] 二维码已保存到 C:\Users\Administrator\Desktop\bot\napcat.29927.onekey\versions\9.9.16-29927\resources\app\napcat\cache\qrcode.png
12-16 17:16:58 [error] [Core] [Login] Login Error,ErrCode:  3  ErrMsg: 
12-16 17:16:58 [warn] 请扫描下面的二维码，然后在手Q上授权登录：
12-16 17:16:58 [warn] 

▄▄▄▄▄▄▄▄▄▄▄▄▄▄▄▄▄▄▄▄▄▄▄▄▄▄▄▄▄▄▄▄▄▄▄
█ ▄▄▄▄▄ █▄▄▄ ▀▄██ █▀ ▀ ▄█▀█ ▄▄▄▄▄ █
█ █   █ ██▄▀ █ ▀▄▄▀ ▀█ █▄██ █   █ █
█ █▄▄▄█ ██▀▄ ▄████ ██▀▀█▀██ █▄▄▄█ █
█▄▄▄▄▄▄▄█ ▀▄█ ▀ █ █▄▀▄█▄█▄█▄▄▄▄▄▄▄█
█  █  ▀▄██▄▀█▄██▀▀▄▄ ▄▀▀ ▄█▄▀▀█▀▀▄█
█ █ █▀█▄█▀▄██▄█▄ █▀▀▀ ▄█▄▀▀  ▄▀▀▄▄█
█▄▀▄   ▄██▄ █▀▀▄   ▀▄█ █▄█▀▄▄███▄▄█
█▄▄ ▀▀█▄█▄ ▄█▀▄▀ ▄▄ ▄▄█ █ ▀▄█ █▀█▀█
█▀ █ ▀▀▄▄▄ ▀ ▄▄  ▀▄█ ▄▀▀ █▄ ▀ ▄█  █
█▀   ▀ ▄█▀ █▀▄   ▄▄ ▄ ▄▀▄██▀█▄█▀▀ █
█▀ ▀██ ▄█▄ █▄▀██ ▀▀▀████ ▀▄█▀▀▀█▀██
█ ██ █▄▄  ▄█ ▀█ ▄█▀███▄ ▄▀ ▀ ▄█▀▄▄█
█▄▄▄▄▄▄▄█ ▀▀▄▄▀▄▄▀▀ █▀█▀█ ▄▄▄ ▀▀ ██
█ ▄▄▄▄▄ ████ ▄█ ▄▀▄  ▄▄   █▄█ ▀ █▀█
█ █   █ █  ▀▀ ▄ ▀▄▄▀▀ ██▄▄ ▄▄▄▀█▄▄█
█ █▄▄▄█ █▀ █▄▄    ██  ▄▄▀█▀▀▄   ▀ █
█▄▄▄▄▄▄▄█▄▄▄████▄▄▄█▄▄███▄▄█▄█▄████

二维码解码URL: https://txz.qq.com/p?k=PSmvcniJ-tp0pg9J-vuZX56JXO*OfyT2&f=1600001604
如果控制台二维码无法扫码，可以复制解码url到二维码生成网站生成二维码再扫码，也可以打开下方的二维码路径图片进行扫码。
12-16 17:16:58 [warn] 二维码已保存到 C:\Users\Administrator\Desktop\bot\napcat.29927.onekey\versions\9.9.16-29927\resources\app\napcat\cache\qrcode.png
12-16 17:19:01 [error] [Core] [Login] Login Error,ErrCode:  3  ErrMsg: 
12-16 17:19:01 [warn] 请扫描下面的二维码，然后在手Q上授权登录：
12-16 17:19:01 [warn] 

▄▄▄▄▄▄▄▄▄▄▄▄▄▄▄▄▄▄▄▄▄▄▄▄▄▄▄▄▄▄▄▄▄▄▄
█ ▄▄▄▄▄ █▄▄▄ ▀▄██ █  █ ▀█▄█ ▄▄▄▄▄ █
█ █   █ ██▄▀ █ ▀▄▄█▄ █ █▀▄█ █   █ █
█ █▄▄▄█ ██▀▄ ▄████▄█▄ ▄  ▀█ █▄▄▄█ █
█▄▄▄▄▄▄▄█ ▀▄█ ▀ █ █ █ █▄▀ █▄▄▄▄▄▄▄█
█▄ ▀ ▄█▄█▀▄▀█▄██▀▀██  ▄▀███▄▀▀█▀▀▄█
█ ▄▄▄█▄▄▄ ▄██▄█▄ █▀▄█▀▄▄ ▀▀  ▄▀▀▄▄█
█ █ ██▄▄▀▄▄ █▀▀▄  █▄ ▄██▄█▀▄▄███▄▄█
█▄▀█▄ ▀▄▀▄█▄█▀▄▀ ▄▄▀▄▀█▄█ ▀▄█ █▀█▀█
█▄▀ ▄▄▄▄ ██  ▄▄  ▀ ▀█▀   █▄ ▀ ▄█  █
█▀█ ▄▀ ▄ ██▀▀▄    ▄▀ ██▄▄██▀█▄█▀▀ █
█ █▄▄██▄███▀▄▀██▄█▀▀███▀ ▀▄█▀▀▀█▀██
█ █  ▄ ▄▄▄▄  ▀█ ▄▄▀▀█ █▀▄▀ ▀ ▄█▀▄▄█
█▄▄█▄██▄▄ █▄▄▄▀▄▄ █▄▀▄▄▀█ ▄▄▄ ▀▀ ██
█ ▄▄▄▄▄ ██▄▄ ▄█   █▄▄▄▄▄  █▄█ ▀ █▀█
█ █   █ █ ██▀ ▄  ▄▀▄█ █▄▄▄ ▄▄▄▀█▄▄█
█ █▄▄▄█ █▀█ ▄▄   ███ █▄▄▀█▀▀▄   ▀ █
█▄▄▄▄▄▄▄█▄█▄█████▄▄█▄█▄██▄▄█▄█▄████

二维码解码URL: https://txz.qq.com/p?k=PQRY7pEcJbQpEELMPE39HVS6DN17krEV&f=1600001604
如果控制台二维码无法扫码，可以复制解码url到二维码生成网站生成二维码再扫码，也可以打开下方的二维码路径图片进行扫码。
12-16 17:19:01 [warn] 二维码已保存到 C:\Users\Administrator\Desktop\bot\napcat.29927.onekey\versions\9.9.16-29927\resources\app\napcat\cache\qrcode.png
