12-18 11:27:51 [info] [NapCat] [Core] NapCat.Core Version: 4.2.27
12-18 11:27:51 [info] 核心登录服务连接成功!
12-18 11:27:51 [error] 快速登录失败，未找到该 QQ 历史登录记录，将使用二维码登录方式
12-18 11:27:51 [info] [NapCat] [WebUi] Current WebUi is not run.
12-18 11:27:53 [warn] 请扫描下面的二维码，然后在手Q上授权登录：
12-18 11:27:53 [warn] 

▄▄▄▄▄▄▄▄▄▄▄▄▄▄▄▄▄▄▄▄▄▄▄▄▄▄▄▄▄▄▄▄▄▄▄
█ ▄▄▄▄▄ █▄▄▄ ▀▄██ ▀ ▀█▄████ ▄▄▄▄▄ █
█ █   █ ██▄▀ █ ▀▄▄▀█▀▀ █▀▄█ █   █ █
█ █▄▄▄█ ██▀▄ ▄████▀▄▄█▀█▀██ █▄▄▄█ █
█▄▄▄▄▄▄▄█ ▀▄█ ▀ █ █ █ █▄▀▄█▄▄▄▄▄▄▄█
█▄ ▀  ▀▄█▀▄▀█▄██▀▀█▀ ██▄█▄█▄▀▀█▀▀▄█
██ ▀█ ▀▄ █▄██▄█▄ █ ▄██▄  ▀▀  ▄▀▀▄▄█
█▀ ▀█ █▄▄   █▀▀▄   ▀██▄▀ ▄▀▄▄███▄▄█
█▄▄█ ██▄▀▄ ▄█▀▄▀ ▄▄█ ▀▄▄▀█▀▄█ █▀█▀█
█ ▀▀█▄▄▄█▀   ▄▄  ▀▀▄▄ █▄ █▄ ▀ ▄█  █
█▀█▀▀ █▄█▄▀▀▀▄  ▄▄▄▄▄ █▄▄██▀█▄█▀▀ █
█▀█▀█ ▀▄▀█▄▀▄▀████▀▀▄▄ ▀ ▀▄█▀▀▀█▀██
█ ██▀▀▄▄▀█▀▄ ▀█ ▄▄ ▀▀██▀▄▀ ▀ ▄█▀▄▄█
█▄▄█▄▄▄▄█ ▀▄▄▄▀▄▄▀ ▀█▄█ █ ▄▄▄ ▀▀ ██
█ ▄▄▄▄▄ ██▀  ▄█   █ ▄▀▄   █▄█ ▀ █▀█
█ █   █ █   ▀ ▄ █▄█ ▀▀█▄▄▄ ▄▄▄▀█▄▄█
█ █▄▄▄█ █▀▀▄▄▄  ▄▄█  ██▀▀█▀▀▄   ▀ █
█▄▄▄▄▄▄▄█▄█▄█████▄██▄▄███▄▄█▄█▄████

二维码解码URL: https://txz.qq.com/p?k=WaGyqn4QrJ0wupkRJybkklAO1LH*HZUX&f=1600001604
如果控制台二维码无法扫码，可以复制解码url到二维码生成网站生成二维码再扫码，也可以打开下方的二维码路径图片进行扫码。
12-18 11:27:53 [warn] 二维码已保存到 C:\Users\Administrator\Desktop\bot\napcat.29927.onekey\versions\9.9.16-29927\resources\app\napcat\cache\qrcode.png
12-18 11:29:53 [error] [Core] [Login] Login Error,ErrCode:  3  ErrMsg: 
12-18 11:29:53 [warn] 请扫描下面的二维码，然后在手Q上授权登录：
12-18 11:29:53 [warn] 

▄▄▄▄▄▄▄▄▄▄▄▄▄▄▄▄▄▄▄▄▄▄▄▄▄▄▄▄▄▄▄▄▄▄▄
█ ▄▄▄▄▄ █▄▄███▀▄█▀██▄▀ ▄  █ ▄▄▄▄▄ █
█ █   █ █ ▀█ ▄ █▀ ▀█▀██▀███ █   █ █
█ █▄▄▄█ █▄ ▄▄▀▀█▄█▄▄  █▀█▀█ █▄▄▄█ █
█▄▄▄▄▄▄▄█▄▀▄▀▄█ █ ▀ █ █ ▀ █▄▄▄▄▄▄▄█
█▄ ▄▄▀█▄█ ▀████▀▄██  ▀  ██▄▀█▄▄ ▀ █
█  █▄ ▄▄▄███▀▀▀▄▀██▀█▀█  ▄█ ▀▄█▄ ▄█
██▀ ▀▀█▄▀▄ ▀ █▄█ ▀█▀▀▄█ █ ▄█▄▄ ▀▀██
███▀▄█ ▄▀▄▄▄█ ▄██ ▄▀ █  ██▀  ▄█ ███
█▄█ ▀█▄▄▄▄▀█▄▀  ▀▀█▀█▀▀  ▄      ▄ █
██▀▄█▄▄▄▀█▀█▄ █▀▄  ▄▀▀▄▄▀▀  ██ █▄▀█
█  ▀▄▀ ▄█▀▀▀▄ █▀▀ █▄▀     ▄▀▄█▀▄▀▀█
██▀█▄▀█▄█▄  ▄▄▀ █ █ ██▄█ ▄▄▀▀▄▀▄ ▄█
█▄█▄█▄█▄█▀ ▄▀ ▄█ ▀▀▀███▀  ▄▄▄ ▄██▄█
█ ▄▄▄▄▄ ██ █ ██▄█ █▄ █ ▀  █▄█ ▀▀███
█ █   █ █▀ ▄██  ▀█▀▄▀ ▄█  ▄▄▄▄█  ▄█
█ █▄▄▄█ █ ▀█▀ █▀ █ ▄██▄▄▄▀▄ ▄▀█▄▄▀█
█▄▄▄▄▄▄▄█▄███▄███▄█▄▄▄▄███▄███▄▄███

二维码解码URL: https://txz.qq.com/p?k=4cE13a4sL374tBCzrwa*2qCZ2WUjBfaE&f=1600001604
如果控制台二维码无法扫码，可以复制解码url到二维码生成网站生成二维码再扫码，也可以打开下方的二维码路径图片进行扫码。
12-18 11:29:53 [warn] 二维码已保存到 C:\Users\Administrator\Desktop\bot\napcat.29927.onekey\versions\9.9.16-29927\resources\app\napcat\cache\qrcode.png
12-18 11:31:56 [error] [Core] [Login] Login Error,ErrCode:  3  ErrMsg: 
12-18 11:31:56 [warn] 请扫描下面的二维码，然后在手Q上授权登录：
12-18 11:31:56 [warn] 

▄▄▄▄▄▄▄▄▄▄▄▄▄▄▄▄▄▄▄▄▄▄▄▄▄▄▄▄▄▄▄▄▄▄▄
█ ▄▄▄▄▄ ██▄▄ ▀ ▀█ ▀ █ ▄ ▄██ ▄▄▄▄▄ █
█ █   █ █▀▄  █▀▀▄█▀▄▀  █▄▀█ █   █ █
█ █▄▄▄█ █▄▀ █▄█▄█▀▄▀█▄▀▄█▀█ █▄▄▄█ █
█▄▄▄▄▄▄▄█▄▀▄█ █▄█ █ █▄█▄█ █▄▄▄▄▄▄▄█
█ ▄█▀█ ▄ ▀▄ █▄▄█▀ ▀▀   ▄ ▄██▀ ▄▀▀██
█ ██▀▀█▄█▄▄▀ ▄██ ▀▄▀▀█▄▀█▀▀▀  ▄▀▄██
██ ██▄▀▄▀▄  █▀█   █▀█ ▄█▀▀█ ▄███  █
█ █▀▀▀█▄▀  ▄█▀█▀ █▄▀▀▄█ █▀ ▄█▀█▀▄▀█
█ ▄▄█▄▀▄█▄▄██▄▄▀ █▄█▀▀▄ █▄▄▀▀▄▀█ ▀█
█▄ █▄▀█▄▀█ ▀▀▄▄▄▄█▄▄▄▄█▀▄█▀██▄█▀█▄█
█▀▀▄▄▄█▄ ▀██▄▀▄█ ▄▄▄▄▄█▄ ▀██▀ ▀█ ██
█ █▀ ▄ ▄▀  ██▀█▀ ████▀▄▀▀▀     ▀▄██
█▄▄█▄▄▄▄▄▀ ▀▄▄█ █▀ █▄ ▄▀█ ▄▄▄ ▀▀▄▀█
█ ▄▄▄▄▄ █ ▄▀ ▄▄  ▄█▄▀▄▄▀  █▄█ ▀ ▄▀█
█ █   █ ███▄▄ ▄▀ ▀ ▄▀▀ ▄▀▄ ▄▄ ▄█▄██
█ █▄▄▄█ █▀  ▄▄▄▄ ▄▄ ▄█▄█▀███▄   █▄█
█▄▄▄▄▄▄▄█▄████▄█▄▄█████▄█▄██▄▄▄█▄██

二维码解码URL: https://txz.qq.com/p?k=A9hGDzYFWqPLagDXgJ8M*xNfq5Y8RgZq&f=1600001604
如果控制台二维码无法扫码，可以复制解码url到二维码生成网站生成二维码再扫码，也可以打开下方的二维码路径图片进行扫码。
12-18 11:31:56 [warn] 二维码已保存到 C:\Users\Administrator\Desktop\bot\napcat.29927.onekey\versions\9.9.16-29927\resources\app\napcat\cache\qrcode.png
12-18 11:33:56 [error] [Core] [Login] Login Error,ErrCode:  3  ErrMsg: 
12-18 11:33:56 [warn] 请扫描下面的二维码，然后在手Q上授权登录：
12-18 11:33:56 [warn] 

▄▄▄▄▄▄▄▄▄▄▄▄▄▄▄▄▄▄▄▄▄▄▄▄▄▄▄▄▄▄▄▄▄▄▄
█ ▄▄▄▄▄ █▀ █▀▀▀ ▀▀  ▄▄▄ ▄▀█ ▄▄▄▄▄ █
█ █   █ █▀ ▄ █▀█ ▀▀█▀▀▄▀ ▄█ █   █ █
█ █▄▄▄█ █▀█ █▄█▄▀▀▀▄▄▄██▄██ █▄▄▄█ █
█▄▄▄▄▄▄▄█▄█▄█ █▄▀ █▄▀ ▀▄▀ █▄▄▄▄▄▄▄█
█▄▄▄ ▄▀▄   ▄█▄▄▀█▄█▀▀▄█ ▀▀▄▀▄█▄▀ ▀█
█ ██ ▀█▄█▄ ▀ ▄██▄▀▄██▄ ▀█ ▀▀▄ ▄▀▄██
█  ▀▄▄ ▄██ ▀▄▀▄▀▄▀▄▄▄▀▀▄ ▀▄▀ ▄▄█▀▀█
█▄▀ ▀▀ ▄██▀██▀██▄▀██▀█▀▀▀   ▀██▀▄██
██▀▀▄ ▄▄█▄▀██▄▄▀▄█ ▀ ██ ▄█▄▀█▄▀█ ▀█
██▀▄█▄▄▄█ █  ▄██▄ █▄▀▀ ███ ▄▀█▄▀▄██
█ ▀▄ ▀▀▄▄█▄ ▄▀▄▀▀▀▄▄█ █▄ ▀█▀█▄▀█ ▀█
█ █▀ ▄█▄▀▀ ██▀█▀  ▄▀█▄▀█▀▀  ▄  ▀▄██
█▄████▄▄█▀ ▄█▄▄▀▀▀▄▄ ▄█▄▄ ▄▄▄  ▀█ █
█ ▄▄▄▄▄ █▄▀▀ ▄▄▄▄█▄ ▀█ ▄  █▄█ ▀ ▄██
█ █   █ █ ▀▄▄ ▄▀ ▀██ ▀█ ▀▄ ▄  ▄█▄██
█ █▄▄▄█ █ ▀▄█▄██ ▀▄▄█  ▀ █▄▄ ▀▀ ▄██
█▄▄▄▄▄▄▄█▄▄███▄█▄█▄█▄██▄█▄██▄▄▄█▄██

二维码解码URL: https://txz.qq.com/p?k=Z83zvjycxjlymj9V*I6xkgG5i62SdBMO&f=1600001604
如果控制台二维码无法扫码，可以复制解码url到二维码生成网站生成二维码再扫码，也可以打开下方的二维码路径图片进行扫码。
12-18 11:33:56 [warn] 二维码已保存到 C:\Users\Administrator\Desktop\bot\napcat.29927.onekey\versions\9.9.16-29927\resources\app\napcat\cache\qrcode.png
12-18 11:35:59 [error] [Core] [Login] Login Error,ErrCode:  3  ErrMsg: 
12-18 11:35:59 [warn] 请扫描下面的二维码，然后在手Q上授权登录：
12-18 11:35:59 [warn] 

▄▄▄▄▄▄▄▄▄▄▄▄▄▄▄▄▄▄▄▄▄▄▄▄▄▄▄▄▄▄▄▄▄▄▄
█ ▄▄▄▄▄ █▄▄███▀▄█▀▄█▄▄██▀██ ▄▄▄▄▄ █
█ █   █ █ ▀█ ▄ █▀ ▀▀ ▀█▀▀██ █   █ █
█ █▄▄▄█ █▄ ▄▄▀▀█▄█▀█ ▀▀ ███ █▄▄▄█ █
█▄▄▄▄▄▄▄█▄▀▄▀▄█ █ ▀▄▀ █▄▀ █▄▄▄▄▄▄▄█
█  ▄ ▀█▄█ ▀████▀▄██ ▄  ▀██▄▀█▄▄ ▀ █
█▄██▄ ▄▄ ▀██▀▀▀▄▀█▄▄█▄▄▄▄▀█ ▀▄█▄ ▄█
█ ▄  ▄ ▄ █ ▀ █▄█ ▀▄█▄▄▄▄  ▄█▄▄ ▀▀██
██ ▄█▀▀▄██  █ ▄██ █▄    ▀▀▀  ▄█ ███
█▀▀█▄ ▀▄▀█ ▄▄▀  ▀▀▄ █▀▄██▀      ▄ █
██▄▀█ █▄ █▀▄▄ █▀▄▄▀▄█ █▄▀▀  ██ █▄▀█
█ ▄▀█▀▀▄ █▄▀▄ █▀▀ ▀  ▀██  ▄▀▄█▀▄▀▀█
██▀█▄█▄▄█▀█ ▄▄▀ █▄▄▄█▄▄█ ▄▄▀▀▄▀▄ ▄█
█▄█▄▄█▄▄▄ ▀▄▀ ▄█▄▀▀▀▀▄█   ▄▄▄ ▄██▄█
█ ▄▄▄▄▄ ██ ▀ ██▄▀███▄▄▀▄  █▄█ ▀▀███
█ █   █ █▀█ ██   ▄▄ ▄▀▄█  ▄▄▄▄█  ▄█
█ █▄▄▄█ █ ▄█▀ █▀▄▀ ██▀▄▀▄▀▄ ▄▀█▄▄▀█
█▄▄▄▄▄▄▄█▄█▄█▄██▄▄█▄██▄███▄███▄▄███

二维码解码URL: https://txz.qq.com/p?k=JLD8IrwC6Kp1hyrawZSyz*DmPLQVLyEA&f=1600001604
如果控制台二维码无法扫码，可以复制解码url到二维码生成网站生成二维码再扫码，也可以打开下方的二维码路径图片进行扫码。
12-18 11:35:59 [warn] 二维码已保存到 C:\Users\Administrator\Desktop\bot\napcat.29927.onekey\versions\9.9.16-29927\resources\app\napcat\cache\qrcode.png
12-18 11:37:59 [error] [Core] [Login] Login Error,ErrCode:  3  ErrMsg: 
12-18 11:37:59 [warn] 请扫描下面的二维码，然后在手Q上授权登录：
12-18 11:37:59 [warn] 

▄▄▄▄▄▄▄▄▄▄▄▄▄▄▄▄▄▄▄▄▄▄▄▄▄▄▄▄▄▄▄▄▄▄▄
█ ▄▄▄▄▄ █▄▄███▀▄█▀▄█▄▄ ▄ ▀█ ▄▄▄▄▄ █
█ █   █ █ ▀█ ▄ █▀ ▀▀▀▄█▄███ █   █ █
█ █▄▄▄█ █▄ ▄▄▀▀█▄█▀█▀▀█ ▄ █ █▄▄▄█ █
█▄▄▄▄▄▄▄█▄▀▄▀▄█ █ ▀▄▀▄█▄█ █▄▄▄▄▄▄▄█
█    █▀▄▀▄▀████▀▄█▀ ▀▀ ▀▀▄▄▀█▄▄ ▀ █
█▀█▄ ▄ ▄▄▄██▀▀▀▄▀█▄██▄▄▄ ▄█ ▀▄█▄ ▄█
█▀█▀▀█ ▄▄▄▄▀ █▄█ ▀▀▀▄▄█▄  ▄█▄▄ ▀▀██
█▄▄▀▀▄▀▄▀ ▀▄█ ▄██ ▄  █  ▀ ▀  ▄█ ███
█▀█▀█▄▄▄ █▄█▄▀  ▀▀█ ██▀ ▄▀      ▄ █
██▄▀█▄█▄▀███▄ █▀ ▄▀ ▀▀▄▀▀▀  ██ █▄▀█
█ ▀█▀  ▄▀ ▄█▄ █▀   ▄▀ ▄▀  ▄▀▄█▀▄▀▀█
██▀██▀█▄ ▀▀▀▄▄▀ █▀▄██▀██ ▄▄▀▀▄▀▄ ▄█
█▄█▄█▄█▄█▀▄ ▀ ▄█ ▄██▄██   ▄▄▄ ▄██▄█
█ ▄▄▄▄▄ ██▀▀ ██▄▀▄█▄ █▀█  █▄█ ▀▀███
█ █   █ █▀▄███   ▄ ▄▄ ▀   ▄▄▄▄█  ▄█
█ █▄▄▄█ █ ▀▀▀ █▀▄ ▀ ▀▀█▄▄▀▄ ▄▀█▄▄▀█
█▄▄▄▄▄▄▄█▄▄██▄█████▄▄▄▄▄██▄███▄▄███

二维码解码URL: https://txz.qq.com/p?k=CKwQr0wcIytN2jOz2ZoOz*HVqxMIUx0K&f=1600001604
如果控制台二维码无法扫码，可以复制解码url到二维码生成网站生成二维码再扫码，也可以打开下方的二维码路径图片进行扫码。
12-18 11:37:59 [warn] 二维码已保存到 C:\Users\Administrator\Desktop\bot\napcat.29927.onekey\versions\9.9.16-29927\resources\app\napcat\cache\qrcode.png
12-18 11:40:02 [error] [Core] [Login] Login Error,ErrCode:  3  ErrMsg: 
12-18 11:40:02 [warn] 请扫描下面的二维码，然后在手Q上授权登录：
12-18 11:40:02 [warn] 

▄▄▄▄▄▄▄▄▄▄▄▄▄▄▄▄▄▄▄▄▄▄▄▄▄▄▄▄▄▄▄▄▄▄▄
█ ▄▄▄▄▄ █▄▄▄ ▀▄██  █▀▄ █▄▀█ ▄▄▄▄▄ █
█ █   █ ██▄▀ █ ▀▄▄▀▀▄▀▄█ ▀█ █   █ █
█ █▄▄▄█ ██▀▄ ▄████ ▀█▀▄▀ ▀█ █▄▄▄█ █
█▄▄▄▄▄▄▄█ ▀▄█ ▀ █ █▄▀▄█ ▀ █▄▄▄▄▄▄▄█
█ ▄█  █▄█▀▄▀█▄██▀▀▄▀▄▄▄█▄▄█▄▀▀█▀▀▄█
█▄▀█▄▄▀▄▀ ▄██▄█▄ █▀ ██▄▄ ▄▀  ▄▀▀▄▄█
██▄▀ ▄█▄  ▄ █▀▀▄  ▄██▄█ ▄▄▀▄▄███▄▄█
█▄ █▄▄█▄▀▄▄▄█▀▄▀ ▄▄▄▄▄█▀█▀▀▄█ █▀█▀█
██▀▀█ ▄▄██▄  ▄▄  ▀▀▄▀▀██▀█▄ ▀ ▄█  █
█▄▄█ ▀ ▄▀ ██▀▄  ▄██▀ █▄█▄██▀█▄█▀▀ █
█ █ ▀ █▄█▄█▀▄▀██▄▄▀▀▀▀▀▀ ▀▄█▀▀▀█▀██
█ █▄█ █▄█ ▄█ ▀█ ▄▄▀██ ▄█▄▀ ▀ ▄█▀▄▄█
█▄▄████▄▄  ▀▄▄▀▄▀▄▀▄ ▄▀██ ▄▄▄ ▀▀ ██
█ ▄▄▄▄▄ ████ ▄█   █ ▄ ▄▄  █▄█ ▀ █▀█
█ █   █ █   ▀ ▄ ▄█▀█ ███▄▄ ▄▄▄▀█▄▄█
█ █▄▄▄█ █▀  ▄▄  ▄▀██ ▀█▄▀█▀▀▄   ▀ █
█▄▄▄▄▄▄▄█▄▄█████▄█▄█▄█▄██▄▄█▄█▄████

二维码解码URL: https://txz.qq.com/p?k=YDJNSAU64ii2A9D-uiUA71bS6O8wuB-A&f=1600001604
如果控制台二维码无法扫码，可以复制解码url到二维码生成网站生成二维码再扫码，也可以打开下方的二维码路径图片进行扫码。
12-18 11:40:02 [warn] 二维码已保存到 C:\Users\Administrator\Desktop\bot\napcat.29927.onekey\versions\9.9.16-29927\resources\app\napcat\cache\qrcode.png
12-18 11:42:02 [error] [Core] [Login] Login Error,ErrCode:  3  ErrMsg: 
12-18 11:42:02 [warn] 请扫描下面的二维码，然后在手Q上授权登录：
12-18 11:42:02 [warn] 

▄▄▄▄▄▄▄▄▄▄▄▄▄▄▄▄▄▄▄▄▄▄▄▄▄▄▄▄▄▄▄▄▄▄▄
█ ▄▄▄▄▄ █▄▄▄ ▀▄██   ▀▀ ▀▄██ ▄▄▄▄▄ █
█ █   █ ██▄▀ █ ▀▄▄▀▀▄▄▄████ █   █ █
█ █▄▄▄█ ██▀▄ ▄████▄▀▄█ ▄ ▀█ █▄▄▄█ █
█▄▄▄▄▄▄▄█ ▀▄█ ▀ █ █ █ █▄█ █▄▄▄▄▄▄▄█
█▄ ▀▄▄▀▄█▀▄▀█▄██▀▀ ▀▄▄▀▀ ██▄▀▀█▀▀▄█
█▀██ ▄▀▄▀▄▄██▄█▄ █  █▄▄ ▄▀▀  ▄▀▀▄▄█
█ █▄█▀▄▄  ▄ █▀▀▄  █▄▄█▄█▀▄▀▄▄███▄▄█
█ █▀█▀▄▄██ ▀█▀▄▀ ▄█ ▄█▄█▀█▀▄█ █▀█▀█
██▀ █ ▀▄██▄▀ ▄▄  ▀▄▀▀ ▀▄▀▄▄ ▀ ▄█  █
██ ▄▄██▄ ▄▄▄▀▄  ▄██▀▄▀▄▄▄██▀█▄█▀▀ █
█ ▀ █▄█▄▀▀█▀▄▀██ ███▀█▄█ ▀▄█▀▀▀█▀██
█ █▄▀█▀▄▄ ▄  ▀█  ▄▀▄▀▄█▀▄▀ ▀ ▄█▀▄▄█
█▄▄██▄▄▄▄  ▀▄▄▀▄▄ █▀▀██ █ ▄▄▄ ▀▀ ██
█ ▄▄▄▄▄ ██ ▀ ▄█  █▄▄▄█▄█  █▄█ ▀ █▀█
█ █   █ █ ▄▀▀ ▄ ▀█ ▀▀   ▄▄ ▄▄▄▀█▄▄█
█ █▄▄▄█ █▀▀█▄▄  ▄██▀▄█▄ ▀█▀▀▄   ▀ █
█▄▄▄▄▄▄▄█▄█▄█████████████▄▄█▄█▄████

二维码解码URL: https://txz.qq.com/p?k=OkxUWVlExR5IodZkdpRtc2h0NScFYoGq&f=1600001604
如果控制台二维码无法扫码，可以复制解码url到二维码生成网站生成二维码再扫码，也可以打开下方的二维码路径图片进行扫码。
12-18 11:42:02 [warn] 二维码已保存到 C:\Users\Administrator\Desktop\bot\napcat.29927.onekey\versions\9.9.16-29927\resources\app\napcat\cache\qrcode.png
12-18 11:44:05 [error] [Core] [Login] Login Error,ErrCode:  3  ErrMsg: 
12-18 11:44:05 [warn] 请扫描下面的二维码，然后在手Q上授权登录：
12-18 11:44:05 [warn] 

▄▄▄▄▄▄▄▄▄▄▄▄▄▄▄▄▄▄▄▄▄▄▄▄▄▄▄▄▄▄▄▄▄▄▄
█ ▄▄▄▄▄ █▄▄▄ ▀▄██  ▄▀█  ▄██ ▄▄▄▄▄ █
█ █   █ ██▄▀ █ ▀▄▄██   ▀▄▄█ █   █ █
█ █▄▄▄█ ██▀▄ ▄█████▀▄▀▄▄▀▄█ █▄▄▄█ █
█▄▄▄▄▄▄▄█ ▀▄█ ▀ █ █ ▀▄█▄█ █▄▄▄▄▄▄▄█
█▄▄▀ ▄▀▄▀█▄▀█▄██▀▀▄▀▀▀█▀▄██▄▀▀█▀▀▄█
█▀ ▄▄▄ ▄█▀▄██▄█▄ █▀ █▀▄█  ▀  ▄▀▀▄▄█
█ ▄▀▄ █▄▀▄  █▀▀▄  █▄█▄ █▀█▀▄▄███▄▄█
█ █▀▄  ▄▀█▀▄█▀▄▀ ▄█▄▄ █▄█▀▀▄█ █▀█▀█
██▀█ ▀▄▄  █▄ ▄▄  ▀▀▀▄ ▄ ▄▀▄ ▀ ▄█  █
█▀▄▄▄ ▄▄ ▄██▀▄  ▄ ▄▄▄██▀▄██▀█▄█▀▀ █
█ █▄█▄▄▄█▀▀▄▄▀██▄▄▀▀▄█ ▀ ▀▄█▀▀▀█▀██
█ █▀ ██▄▀ ▄▀ ▀█  ▀▀ ▀ ▄ ▄▀ ▀ ▄█▀▄▄█
█▄▄▄▄█▄▄█▀ ▄▄▄▀▄   █▄▄███ ▄▄▄ ▀▀ ██
█ ▄▄▄▄▄ ██▄▄ ▄█  ▀█  ▀▄▄  █▄█ ▀ █▀█
█ █   █ █  ▀▀ ▄ ▀██▀█▀▀ ▄▄ ▄▄▄▀█▄▄█
█ █▄▄▄█ █▀▀▀▄▄  ▄▄▄▀▄▄█▀▀█▀▀▄   ▀ █
█▄▄▄▄▄▄▄█▄█▄████▄███▄▄▄██▄▄█▄█▄████

二维码解码URL: https://txz.qq.com/p?k=1xY3G4aKGLaoVRfGIm-mgZb1aJXlPkbD&f=1600001604
如果控制台二维码无法扫码，可以复制解码url到二维码生成网站生成二维码再扫码，也可以打开下方的二维码路径图片进行扫码。
12-18 11:44:05 [warn] 二维码已保存到 C:\Users\Administrator\Desktop\bot\napcat.29927.onekey\versions\9.9.16-29927\resources\app\napcat\cache\qrcode.png
