12-18 11:57:24 [info] [NapCat] [Core] NapCat.Core Version: 4.2.27
12-18 11:57:25 [info] 核心登录服务连接成功!
12-18 11:57:25 [error] 快速登录失败，未找到该 QQ 历史登录记录，将使用二维码登录方式
12-18 11:57:25 [info] [NapCat] [WebUi] Current WebUi is not run.
12-18 11:57:26 [warn] 请扫描下面的二维码，然后在手Q上授权登录：
12-18 11:57:26 [warn] 

▄▄▄▄▄▄▄▄▄▄▄▄▄▄▄▄▄▄▄▄▄▄▄▄▄▄▄▄▄▄▄▄▄▄▄
█ ▄▄▄▄▄ █▄▄███▀▄█▀██▄█   ▄█ ▄▄▄▄▄ █
█ █   █ █ ▀█ ▄ █▀ ▀▄█▀▀▀█ █ █   █ █
█ █▄▄▄█ █▄ ▄▄▀▀█▄█▄  ██ ▄▄█ █▄▄▄█ █
█▄▄▄▄▄▄▄█▄▀▄▀▄█ █ ▀▄▀ █▄█ █▄▄▄▄▄▄▄█
█ ▄▄▄██▄▀ ▀████▀▄█▄██ ▄█▀ ▄▀█▄▄ ▀ █
█▄▀▀ ▄▄▄▀███▀▀▀▄▀██ █▄█ ▄▀█ ▀▄█▄ ▄█
█▄▄▄██▄▄██ ▀ █▄█ ▀▀▀ ▀█ ▀▀▄█▄▄ ▀▀██
█▀ ▀▄▀ ▄▀▀▄▄█ ▄██ ▄▀ █▀▄▀▀▀  ▄█ ███
█▀▄▄▄█ ▄▀▀▀ ▄▀  ▀▀▄▄▀ ▄▄ ▄      ▄ █
█▀  ▄▄ ▄▄▀▀ ▄ █▀  ▀██▀██▀▀  ██ █▄▀█
█ █▄█▀█▄███▄▄ █▀  ▀ ▀ ██  ▄▀▄█▀▄▀▀█
██▀ ▄▀▀▄ ▄▄▄▄▄▀ ▀██▄▀▄█▀ ▄▄▀▀▄▀▄ ▄█
█▄█▄▄▄█▄▄▀  ▀ ▄█▄▀▄  ▄█   ▄▄▄ ▄██▄█
█ ▄▄▄▄▄ ██ █ ██▄▀▄██▄▄▀█  █▄█ ▀▀███
█ █   █ █▀  ██  ▀  ▄ ▀▄▄  ▄▄▄▄█  ▄█
█ █▄▄▄█ █  ▀▀ █▀▄▄  █▀█▄▄▀▄ ▄▀█▄▄▀█
█▄▄▄▄▄▄▄█▄███▄██▄█▄██▄████▄███▄▄███

二维码解码URL: https://txz.qq.com/p?k=2T6D7PlprHtvXYxxB*Zs3t7RDN9K90FO&f=1600001604
如果控制台二维码无法扫码，可以复制解码url到二维码生成网站生成二维码再扫码，也可以打开下方的二维码路径图片进行扫码。
12-18 11:57:26 [warn] 二维码已保存到 C:\Users\Administrator\Desktop\bot\napcat.29927.onekey\versions\9.9.16-29927\resources\app\napcat\cache\qrcode.png
12-18 11:59:29 [error] [Core] [Login] Login Error,ErrCode:  3  ErrMsg: 
12-18 11:59:29 [warn] 请扫描下面的二维码，然后在手Q上授权登录：
12-18 11:59:29 [warn] 

▄▄▄▄▄▄▄▄▄▄▄▄▄▄▄▄▄▄▄▄▄▄▄▄▄▄▄▄▄▄▄▄▄▄▄
█ ▄▄▄▄▄ █▄▄███▀▄█▀ ▄█▄▀▀ ██ ▄▄▄▄▄ █
█ █   █ █ ▀█ ▄ █▀ █▄▄██ █ █ █   █ █
█ █▄▄▄█ █▄ ▄▄▀▀█▄██▀ ▀▄██▄█ █▄▄▄█ █
█▄▄▄▄▄▄▄█▄▀▄▀▄█ █ ▀ ▀ █▄▀▄█▄▄▄▄▄▄▄█
█ ▄  ▀█▄█▄▀████▀▄█▄█ ▄  █▄▄▀█▄▄ ▀ █
█▀▄█  ▄▄▀ ██▀▀▀▄▀██ ▀▀██▄██ ▀▄█▄ ▄█
█▀▀▀▀▀█▄▄▄▄▀ █▄█ ▀  █▄ ▄██▄█▄▄ ▀▀██
█▀▄▀███▄  █▀█ ▄██ █▀▄▄▀ █▀▀  ▄█ ███
█▄ █ ▀▄▄▀▀ ▀▄▀  ▀▀▀█ ▀█▄ ▄      ▄ █
█ ▀ ▄▀▀▄█▀▄▄▄ █▀   ▄▀▀▄█▀▀  ██ █▄▀█
█ █▀█▀█▄██  ▄ █▀  ▄▄█▀ █  ▄▀▄█▀▄▀▀█
██▀▀ █ ▄▀█▀▄▄▄▀ █▄▄▄█ ▄▄ ▄▄▀▀▄▀▄ ▄█
█▄█▄▄▄▄▄█ ▄▄▀ ▄█▄ ▄ ██▀▄  ▄▄▄ ▄██▄█
█ ▄▄▄▄▄ ██▄█ ██▄█ ██ █ █  █▄█ ▀▀███
█ █   █ █▀█▄██  ▀▄▀ ▄▄█▄  ▄▄▄▄█  ▄█
█ █▄▄▄█ █ ▀█▀ █▀▄ ▀▄█▄██▄▀▄ ▄▀█▄▄▀█
█▄▄▄▄▄▄▄█▄▄██▄██▄▄▄███▄▄██▄███▄▄███

二维码解码URL: https://txz.qq.com/p?k=00Pdnl1IPgnR-*FJYU3aIM70*t9x-vUO&f=1600001604
如果控制台二维码无法扫码，可以复制解码url到二维码生成网站生成二维码再扫码，也可以打开下方的二维码路径图片进行扫码。
12-18 11:59:29 [warn] 二维码已保存到 C:\Users\Administrator\Desktop\bot\napcat.29927.onekey\versions\9.9.16-29927\resources\app\napcat\cache\qrcode.png
12-18 12:01:29 [error] [Core] [Login] Login Error,ErrCode:  3  ErrMsg: 
12-18 12:01:29 [warn] 请扫描下面的二维码，然后在手Q上授权登录：
12-18 12:01:29 [warn] 

▄▄▄▄▄▄▄▄▄▄▄▄▄▄▄▄▄▄▄▄▄▄▄▄▄▄▄▄▄▄▄▄▄▄▄
█ ▄▄▄▄▄ █▄▄███▀▄█▀▄██▄ █▀▀█ ▄▄▄▄▄ █
█ █   █ █ ▀█ ▄ █▀ ██▀▄█▀ ▀█ █   █ █
█ █▄▄▄█ █▄ ▄▄▀▀█▄█▀█ ▀▄ █▄█ █▄▄▄█ █
█▄▄▄▄▄▄▄█▄▀▄▀▄█ █ ▀ ▀ █ ▀▄█▄▄▄▄▄▄▄█
█    █▀▄▀ ▀████▀▄█▄█ ▄▀█▄█▄▀█▄▄ ▀ █
█▄▄▄█▄▀▄ ▀██▀▀▀▄▀██▄▀▀▄█▄██ ▀▄█▄ ▄█
█▄█ █▀ ▄▀  ▀ █▄█ ▀▄▄██▄ ▄█▄█▄▄ ▀▀██
█ ▄▀█ ▀▄ █  █ ▄██ ▄▀ ▀▀▄▀▀▀  ▄█ ███
███▀▄ █▄▀▀▄▀▄▀  ▀▀█▀▄ ▄▄▄       ▄ █
█▀█▄▀█▄▄ █ ▀▄ █▀▄█▀▄▀▀██▀▀  ██ █▄▀█
█   ▀▄▄▄█ █ ▄ █▀  █▄█ ██  ▄▀▄█▀▄▀▀█
██▀ ▀▀ ▄▄ █▄▄▄▀ ▀██ ██▄▀ ▄▄▀▀▄▀▄ ▄█
█▄██▄█▄▄█▀▀▀▀ ▄██▀▄ ██▄   ▄▄▄ ▄██▄█
█ ▄▄▄▄▄ ██ ▄ ██▄▀▄█▀▄█    █▄█ ▀▀███
█ █   █ █▀▀███    ▄   ▀   ▄▄▄▄█  ▄█
█ █▄▄▄█ █ ▀ ▀ █▀ █▀▀█▄██▄▀▄ ▄▀█▄▄▀█
█▄▄▄▄▄▄▄█▄▄▄█▄███▄█▄▄█████▄███▄▄███

二维码解码URL: https://txz.qq.com/p?k=R8HkCyCPrJSJEHCZnE3oZK6*0W8UB8NH&f=1600001604
如果控制台二维码无法扫码，可以复制解码url到二维码生成网站生成二维码再扫码，也可以打开下方的二维码路径图片进行扫码。
12-18 12:01:29 [warn] 二维码已保存到 C:\Users\Administrator\Desktop\bot\napcat.29927.onekey\versions\9.9.16-29927\resources\app\napcat\cache\qrcode.png
12-18 12:03:31 [error] [Core] [Login] Login Error,ErrCode:  3  ErrMsg: 
12-18 12:03:32 [warn] 请扫描下面的二维码，然后在手Q上授权登录：
12-18 12:03:32 [warn] 

▄▄▄▄▄▄▄▄▄▄▄▄▄▄▄▄▄▄▄▄▄▄▄▄▄▄▄▄▄▄▄▄▄▄▄
█ ▄▄▄▄▄ █▀ █▀▀▀ ▀▀ ▄▄▄ ▀█▀█ ▄▄▄▄▄ █
█ █   █ █▀ ▄ █▀█ ▀▀█▄█▄██▄█ █   █ █
█ █▄▄▄█ █▀█ █▄█▄▀▀▄ ▄ ▀▄▄██ █▄▄▄█ █
█▄▄▄▄▄▄▄█▄█▄█ █▄▀ █ ▀ ▀ █▄█▄▄▄▄▄▄▄█
█▄    █▄   ▄█▄▄▀█▄  ▀ ██▀█▄▀▄█▄▀ ▀█
█ ▀▄▄ █▄ █ ▀ ▄██▄▀▄ █ ▀██▄▀▀▄ ▄▀▄██
█▀█▀ █▀▄▄▄ ▀▄▀▄▀▄▀▀▀ ██▄▀▀▄▀ ▄▄█▀▀█
█▀▀▀▀ █▄▄▄███▀██▄▀█ ▀▄▀███  ▀██▀▄██
█  ███ ▄  ▀▄█▄▄▀▄█▄▀▀▄ ▄█▄▄▀█▄▀█ ▀█
█▀ ██▀▄▄█▄ █ ▄██  ▄██ ▀███ ▄▀█▄▀▄██
█ ▄ ▀▄▀▄ ▀█▄▄▀▄▀▀▀██ █▀▀ ▀█▀█▄▀█ ▀█
█ █▀▀██▄ ▀▀▀█▀█▀ ▀▄█▀ ▀ ▀▀  ▄  ▀▄██
█▄█▄██▄▄▄▀▄ █▄▄▀  ▄▄▀ ██▄ ▄▄▄  ▀█ █
█ ▄▄▄▄▄ █▄██ ▄▄▄▄▀▄ ██▀█  █▄█ ▀ ▄██
█ █   █ █ ▀▄▄ ▄▀ ▀▄▀▄▀▄▄▀▄ ▄  ▄█▄██
█ █▄▄▄█ █   █▄██  ▄▀██ █ █▄▄ ▀▀ ▄██
█▄▄▄▄▄▄▄█▄█▄██▄█▄▄▄▄▄██▄█▄██▄▄▄█▄██

二维码解码URL: https://txz.qq.com/p?k=E4upD9*jB7*HhHw-3-wboh*HgW2f5FTM&f=1600001604
如果控制台二维码无法扫码，可以复制解码url到二维码生成网站生成二维码再扫码，也可以打开下方的二维码路径图片进行扫码。
12-18 12:03:32 [warn] 二维码已保存到 C:\Users\Administrator\Desktop\bot\napcat.29927.onekey\versions\9.9.16-29927\resources\app\napcat\cache\qrcode.png
12-18 12:05:34 [error] [Core] [Login] Login Error,ErrCode:  3  ErrMsg: 
12-18 12:05:34 [warn] 请扫描下面的二维码，然后在手Q上授权登录：
12-18 12:05:34 [warn] 

▄▄▄▄▄▄▄▄▄▄▄▄▄▄▄▄▄▄▄▄▄▄▄▄▄▄▄▄▄▄▄▄▄▄▄
█ ▄▄▄▄▄ █▀ █▀▀▀ ▀▀ ▄█▄▀▀█▀█ ▄▄▄▄▄ █
█ █   █ █▀ ▄ █▀█ ▀█▄▄▀▄▀▀ █ █   █ █
█ █▄▄▄█ █▀█ █▄█▄▀▀▀ █▄▀▄█▀█ █▄▄▄█ █
█▄▄▄▄▄▄▄█▄█▄█ █▄▀ █▄█▄▀▄█ █▄▄▄▄▄▄▄█
█▄▄   ▀▄ ▄ ▄█▄▄▀█▄██▄▀▄▄▀█▄▀▄█▄▀ ▀█
█▄  ▀▀▄▄ ▄ ▀ ▄██▄▀█▄▀▀ ▄▀█▀▀▄ ▄▀▄██
█▀  ▀▀▀▄▀▀▄▀▄▀▄▀▄▀ ██▀▄▄▀▀▄▀ ▄▄█▀▀█
█▀ ▄█▀█▄▄█▀▀█▀██▄▀█ ██▀██   ▀██▀▄██
█ ▄▀███▄█▀█▄█▄▄▀▄█▀█▄ ▀▀▄█▄▀█▄▀█ ▀█
█▀▀ ▀ ▀▄▄ ▄█ ▄██▄█▄ ▀▄▀ ██ ▄▀█▄▀▄██
█▀█▄ ██▄▄ ▀█▄▀▄▀█ ▄▄▀ ▀▀ ▀█▀█▄▀█ ▀█
█ █▀  █▄▀ ▄▄█▀█▀▄█▄█▀▀▀▄▀▀  ▄  ▀▄██
█▄█▄▄██▄█ █▄█▄▄▀██▄▀ ▀  ▄ ▄▄▄  ▀█ █
█ ▄▄▄▄▄ █▄▄▀ ▄▄▄▄▀█▀█▀ █  █▄█ ▀ ▄██
█ █   █ █ ██▄ ▄▀ ▀▄▀▄▀▄▄▀▄ ▄  ▄█▄██
█ █▄▄▄█ █ █▄█▄██ ███▀▀   █▄▄ ▀▀ ▄██
█▄▄▄▄▄▄▄█▄█▄██▄█▄▄▄█▄█▄▄█▄██▄▄▄█▄██

二维码解码URL: https://txz.qq.com/p?k=X7pHLxLJ76PMNLnsXFHRNCQxZ7depF*z&f=1600001604
如果控制台二维码无法扫码，可以复制解码url到二维码生成网站生成二维码再扫码，也可以打开下方的二维码路径图片进行扫码。
12-18 12:05:34 [warn] 二维码已保存到 C:\Users\Administrator\Desktop\bot\napcat.29927.onekey\versions\9.9.16-29927\resources\app\napcat\cache\qrcode.png
12-18 12:07:37 [error] [Core] [Login] Login Error,ErrCode:  3  ErrMsg: 
12-18 12:07:37 [warn] 请扫描下面的二维码，然后在手Q上授权登录：
12-18 12:07:37 [warn] 

▄▄▄▄▄▄▄▄▄▄▄▄▄▄▄▄▄▄▄▄▄▄▄▄▄▄▄▄▄▄▄▄▄▄▄
█ ▄▄▄▄▄ █ ██▀▀▄█▄▀▀▀▀▀▀▄█▀█ ▄▄▄▄▄ █
█ █   █ █  ▀█ ▀█ ▄▄ ▄▄▄▀ ▄█ █   █ █
█ █▄▄▄█ █▀  █▄ ▀▄▀██▀█▀ ███ █▄▄▄█ █
█▄▄▄▄▄▄▄█▄█ ▀▄█▄▀▄▀▄█ ▀▄▀▄█▄▄▄▄▄▄▄█
█  ██  ▄█▀█▄█▄▀▄ ▄ ▀▄█▄▀▄█▀█ █▄ ▄▄█
█▀▀█ █▄▄▀█ ▄█▀██▄▄ █▀▀▀ ▄▀▀▀▄█▀▄▄██
█▀▄█ ▀▄▄█▄█▀▄▀▀▄▀▀▄██▄▄▀█▄▀▄█▄▄█▄▄█
█▄▀██▄█▄███▄ ▄██▄▄▀ ▀▀ ▀▄   ▀  ▄▄██
█▄▀▄▄  ▄▄▀▀ █▄▀▄▀█▄█▄▄▄ █▄▀▄ ▄▀██▄█
█ ▄█▀▀█▄▀▀▀ █▀██ ▄▀ █ ▀    ▄▀ ▀▄▄██
█ ▀▄▄ ▀▄█▄█ ▄▀▀▄▀▀▄▄ ▄▄▄ ▀ ▄ ▄▀██▄█
███▀ ▄█▄▄ ▄▄ ▄█▀▄▀▀▄██ █▄▄  ▄██▄▄██
█▄▄▄▄▄█▄█▀ ▄█▄▀▄█▀ ▀▀█▄ ▄ ▄▄▄  ▀ ██
█ ▄▄▄▄▄ █▀███▀▄▄▄ ▀██▄▀▀█ █▄█ ▄█▄██
█ █   █ █▄██▄ ▀▄▀ ▄▄▄▄▀▄▀▄▄ ▄ ▄█▀ █
█ █▄▄▄█ █▀ █ ▀██▄ ▀▀▀▄▀██ ▄▄ ▄▄█▄██
█▄▄▄▄▄▄▄█▄▄▄███▄▄█▄█▄██▄█▄▄▄█▄▄██▄█

二维码解码URL: https://txz.qq.com/p?k=GFYDS724revOSaXEfnufsthww6j3jrCd&f=1600001604
如果控制台二维码无法扫码，可以复制解码url到二维码生成网站生成二维码再扫码，也可以打开下方的二维码路径图片进行扫码。
12-18 12:07:37 [warn] 二维码已保存到 C:\Users\Administrator\Desktop\bot\napcat.29927.onekey\versions\9.9.16-29927\resources\app\napcat\cache\qrcode.png
12-18 12:09:37 [error] [Core] [Login] Login Error,ErrCode:  3  ErrMsg: 
12-18 12:09:37 [warn] 请扫描下面的二维码，然后在手Q上授权登录：
12-18 12:09:37 [warn] 

▄▄▄▄▄▄▄▄▄▄▄▄▄▄▄▄▄▄▄▄▄▄▄▄▄▄▄▄▄▄▄▄▄▄▄
█ ▄▄▄▄▄ █▄▄▄ ▀▄██  ▀▀   █▀█ ▄▄▄▄▄ █
█ █   █ ██▄▀ █ ▀▄▄▀ ██▄█▄ █ █   █ █
█ █▄▄▄█ ██▀▄ ▄████ ▀███ ▀██ █▄▄▄█ █
█▄▄▄▄▄▄▄█ ▀▄█ ▀ █ █ █▄█ █▄█▄▄▄▄▄▄▄█
█  ▀  ▀▄██▄▀█▄██▀▀██ ▄▄█▀▀█▄▀▀█▀▀▄█
██▀▀██▀▄█ ▄██▄█▄ █ ████ ▄▀▀  ▄▀▀▄▄█
██▄█ ▀ ▄█   █▀▀▄  ▄██▄ ▀▀▄▀▄▄███▄▄█
█▀█▄▄▄ ▄▄▀▀▀█▀▄▀ ▄█ ▄██ ▀ ▀▄█ █▀█▀█
█▀▄  █▀▄█▄   ▄▄  ▀█▀█ ▀ ▄█▄ ▀ ▄█  █
█▄▀█ ▄▀▄██▀ ▀▄   ███  █▄▄██▀█▄█▀▀ █
█▀▄▀▄▄▀▄ ▄▀▀▄▀██ █    █▀ ▀▄█▀▀▀█▀██
█ ██▄▄▀▄▀▄█▀ ▀█ ▄▀▀ ▀▀██▄▀ ▀ ▄█▀▄▄█
█▄▄██▄▄▄█ ▀█▄▄▀▄▀█▀█▄▄ ██ ▄▄▄ ▀▀ ██
█ ▄▄▄▄▄ ██▄▄ ▄█ ▄▄█▄ ▀█   █▄█ ▀ █▀█
█ █   █ █ ▀▀▀ ▄  █▄▀▄ ▀▄▄▄ ▄▄▄▀█▄▄█
█ █▄▄▄█ █▀▀▄▄▄    ▄▄ ██▄▀█▀▀▄   ▀ █
█▄▄▄▄▄▄▄█▄▄▄█████▄███████▄▄█▄█▄████

二维码解码URL: https://txz.qq.com/p?k=rk5bgYVZjcJzmJg0DivR20UPo*yINd8s&f=1600001604
如果控制台二维码无法扫码，可以复制解码url到二维码生成网站生成二维码再扫码，也可以打开下方的二维码路径图片进行扫码。
12-18 12:09:37 [warn] 二维码已保存到 C:\Users\Administrator\Desktop\bot\napcat.29927.onekey\versions\9.9.16-29927\resources\app\napcat\cache\qrcode.png
12-18 12:11:39 [error] [Core] [Login] Login Error,ErrCode:  3  ErrMsg: 
12-18 12:11:39 [warn] 请扫描下面的二维码，然后在手Q上授权登录：
12-18 12:11:39 [warn] 

▄▄▄▄▄▄▄▄▄▄▄▄▄▄▄▄▄▄▄▄▄▄▄▄▄▄▄▄▄▄▄▄▄▄▄
█ ▄▄▄▄▄ █▀ █▀▀▀ ▀▀▀█▄▀▄ ▄ █ ▄▄▄▄▄ █
█ █   █ █▀ ▄ █▀█ ▀█▄█▄▄ ▀▄█ █   █ █
█ █▄▄▄█ █▀█ █▄█▄▀▀▀▄▄ ▀▀▄ █ █▄▄▄█ █
█▄▄▄▄▄▄▄█▄█▄█ █▄▀ █▄▀▄▀▄▀▄█▄▄▄▄▄▄▄█
█▄  ▄ █▄ ▄ ▄█▄▄▀█▄ ▀█   ▀▀▄▀▄█▄▀ ▀█
█▄▀ ██ ▄█▄ ▀ ▄██▄▀█▄█▄ █▀▀▀▀▄ ▄▀▄██
█▀▄▄█▄█▄  ▄▀▄▀▄▀▄▀▄▄ ▄██▄▄▄▀ ▄▄█▀▀█
█ ▄▀▄ ▄▄▄ ▄██▀██▄▀▄▀█ ▀█▀▄  ▀██▀▄██
██  █▀▄▄ ▀▄▀█▄▄▀▄█ ▄█▀ ▄█▄▄▀█▄▀█ ▀█
█  ▄ ▄▀▄▀▀▀▄ ▄██ ▄█▄█▀▀▀██ ▄▀█▄▀▄██
█ ██▄▄▀▄▀▀██▄▀▄▀▀▀ ▀█ █  ▀█▀█▄▀█ ▀█
█ ██▄▀▀▄█▀ ██▀█▀▄██▄▀█▀█▀▀  ▄  ▀▄██
█▄█▄▄██▄█▀▄▄█▄▄▀▄▄▄█▀▄▄▄▄ ▄▄▄  ▀█ █
█ ▄▄▄▄▄ █▄ █ ▄▄▄ ███▀▀▀   █▄█ ▀ ▄██
█ █   █ █ ▀ ▄ ▄▀▄▄▄▀▀ ▀▀▀▄ ▄  ▄█▄██
█ █▄▄▄█ █   █▄██▄ ▄ ▀ ▀▀ █▄▄ ▀▀ ▄██
█▄▄▄▄▄▄▄█▄▄███▄█▄█████▄▄█▄██▄▄▄█▄██

二维码解码URL: https://txz.qq.com/p?k=FK687lP*CzO3Gv2TE9Se6Gi69iubG02I&f=1600001604
如果控制台二维码无法扫码，可以复制解码url到二维码生成网站生成二维码再扫码，也可以打开下方的二维码路径图片进行扫码。
12-18 12:11:39 [warn] 二维码已保存到 C:\Users\Administrator\Desktop\bot\napcat.29927.onekey\versions\9.9.16-29927\resources\app\napcat\cache\qrcode.png
12-18 12:13:42 [error] [Core] [Login] Login Error,ErrCode:  3  ErrMsg: 
12-18 12:13:42 [warn] 请扫描下面的二维码，然后在手Q上授权登录：
12-18 12:13:42 [warn] 

▄▄▄▄▄▄▄▄▄▄▄▄▄▄▄▄▄▄▄▄▄▄▄▄▄▄▄▄▄▄▄▄▄▄▄
█ ▄▄▄▄▄ █▄▄███▀▄█▀▀█▄ ██▀██ ▄▄▄▄▄ █
█ █   █ █ ▀█ ▄ █▀ ▀█▄▀█▀█▄█ █   █ █
█ █▄▄▄█ █▄ ▄▄▀▀█▄█▀▀   ██ █ █▄▄▄█ █
█▄▄▄▄▄▄▄█▄▀▄▀▄█ █ ▀▄█ █▄▀▄█▄▄▄▄▄▄▄█
█▄▄▄ ██▄█ ▀████▀▄█ ▄▄▀  ▄▄▄▀█▄▄ ▀ █
██▄▀▀▄ ▄▄ ██▀▀▀▄▀█▄███▄▀▄██ ▀▄█▄ ▄█
█▄▄▄█ █▄█ ▄▀ █▄█ ▀ █▄█▀▄▄▀▄█▄▄ ▀▀██
█▀██▄ ▀▄ ██▄█ ▄██ ▄▄ ▄▀█▀█▀  ▄█ ███
█▄▄█▀▄█▄█ ▄▀▄▀  ▀▀▄▄▀▀ ▄ ▀      ▄ █
█ ▄█▀█▀▄██▄ ▄ █▀ █ ▀█ ██▀▀  ██ █▄▀█
█▀▀▄▄▀▄▄▄▀ ▄▄ █▀▄▄█▄█▀    ▄▀▄█▀▄▀▀█
██▀  ▀▀▄▄ ▀█▄▄▀ ▀▄██▀█▄▀ ▄▄▀▀▄▀▄ ▄█
█▄█▄███▄█ ▄▀▀ ▄█  ▄█▄▄▀   ▄▄▄ ▄██▄█
█ ▄▄▄▄▄ ██ ▄ ██▄▀ ██▄  ▄  █▄█ ▀▀███
█ █   █ █▀ ▄██  ▀█ ▄  █▄  ▄▄▄▄█  ▄█
█ █▄▄▄█ █ ▀▄▀ █▀  ▀▀█ ██▄▀▄ ▄▀█▄▄▀█
█▄▄▄▄▄▄▄█▄███▄█████▄█▄▄███▄███▄▄███

二维码解码URL: https://txz.qq.com/p?k=fxYtIn2lz2zRyMYISKA0pnxgGRiMWdw*&f=1600001604
如果控制台二维码无法扫码，可以复制解码url到二维码生成网站生成二维码再扫码，也可以打开下方的二维码路径图片进行扫码。
12-18 12:13:42 [warn] 二维码已保存到 C:\Users\Administrator\Desktop\bot\napcat.29927.onekey\versions\9.9.16-29927\resources\app\napcat\cache\qrcode.png
12-18 12:15:42 [error] [Core] [Login] Login Error,ErrCode:  3  ErrMsg: 
12-18 12:15:42 [warn] 请扫描下面的二维码，然后在手Q上授权登录：
12-18 12:15:42 [warn] 

▄▄▄▄▄▄▄▄▄▄▄▄▄▄▄▄▄▄▄▄▄▄▄▄▄▄▄▄▄▄▄▄▄▄▄
█ ▄▄▄▄▄ █ ██▀▀▄█▄▀▄▀▀▄▄█▄██ ▄▄▄▄▄ █
█ █   █ █  ▀█ ▀█ ▄▄ ▀▀ ▄▀▀█ █   █ █
█ █▄▄▄█ █▀  █▄ ▀▄▀ ▀▀▀▄▀███ █▄▄▄█ █
█▄▄▄▄▄▄▄█▄█ ▀▄█▄▀▄▀▄█ ▀▄▀ █▄▄▄▄▄▄▄█
█  █▀▄▄▄███▄█▄▀▄ ▄ ▀▄▀▄▀▀█▀█ █▄ ▄▄█
██▀▄▀▀█▄ ▀ ▄█▀██▄▄▀ ▀▀ ▀▄▀▀▀▄█▀▄▄██
██▄ ▀ ▀▄▄▀█▀▄▀▀▄▀▀█▀█▄▀▄▀█▀▄█▄▄█▄▄█
█▀██▄▀▄▄▄█▄  ▄██▄▄ ▀█▄ █▄▄  ▀  ▄▄██
█ ████▄▄▀ █▄█▄▀▄▀████▀  ▄▄▀▄ ▄▀██▄█
█▀█▀█▄▀▄▄▀▄▄█▀██▄█  ▀▄ ▄   ▄▀ ▀▄▄██
█▀▀ ███▄█▄▄▀▄▀▀▄▀  ▀▄▀█▄ ▀ ▄ ▄▀██▄█
███▄▄▄█▄▀▀ █ ▄█▀ ▀▀ ▀█ █▄▄  ▄██▄▄██
█▄▄▄██▄▄▄▀▀██▄▀▄█ ▄██  ▄▄ ▄▄▄  ▀ ██
█ ▄▄▄▄▄ █▀  █▀▄▄▄█▀ █▀▀▄█ █▄█ ▄█▄██
█ █   █ █▄▄ ▄ ▀▄ ▀▀▀ █ ▄▀▄▄ ▄ ▄█▀ █
█ █▄▄▄█ █▀ ▄ ▀██ █▀██▄ ██ ▄▄ ▄▄█▄██
█▄▄▄▄▄▄▄█▄▄████▄█▄▄████▄█▄▄▄█▄▄██▄█

二维码解码URL: https://txz.qq.com/p?k=KvuShM4MyEkmYT*39n4y9zoAUowJuoQw&f=1600001604
如果控制台二维码无法扫码，可以复制解码url到二维码生成网站生成二维码再扫码，也可以打开下方的二维码路径图片进行扫码。
12-18 12:15:42 [warn] 二维码已保存到 C:\Users\Administrator\Desktop\bot\napcat.29927.onekey\versions\9.9.16-29927\resources\app\napcat\cache\qrcode.png
12-18 12:17:44 [error] [Core] [Login] Login Error,ErrCode:  3  ErrMsg: 
12-18 12:17:44 [warn] 请扫描下面的二维码，然后在手Q上授权登录：
12-18 12:17:44 [warn] 

▄▄▄▄▄▄▄▄▄▄▄▄▄▄▄▄▄▄▄▄▄▄▄▄▄▄▄▄▄▄▄▄▄▄▄
█ ▄▄▄▄▄ █▄▄███▀▄█▀▄ ▄▄ ▄▀██ ▄▄▄▄▄ █
█ █   █ █ ▀█ ▄ █▀ ▀▄▄▀▀ ▄ █ █   █ █
█ █▄▄▄█ █▄ ▄▄▀▀█▄█▄ ▀█ ██▄█ █▄▄▄█ █
█▄▄▄▄▄▄▄█▄▀▄▀▄█ █ ▀ ▀▄█ ▀ █▄▄▄▄▄▄▄█
█▄▄  █▀▄▀▄▀████▀▄█ ▄▀▀█▀▀▄▄▀█▄▄ ▀ █
█ █▄ ▀▄▄▀▄██▀▀▀▄▀█▄▀▀▀▄▀ ▄█ ▀▄█▄ ▄█
█ ▀ ▄▀ ▄██▄▀ █▄█ ▀▄█▀▄▀▄  ▄█▄▄ ▀▀██
█ ▄ ▄▀█▄▄▄█▄█ ▄██ ▄     ▀▀▀  ▄█ ███
████ ▀ ▄▄▄▀ ▄▀  ▀▀▄   █▄█       ▄ █
█▄ ██  ▄ ▄ █▄ █▀▄▄ ▄▀▄▄▀▀▀  ██ █▄▀█
█▀▀ █  ▄█▀▄▄▄ █▀▄█▀ ▄ ██  ▄▀▄█▀▄▀▀█
██▀ ▄ ▄▄▄▀▀▄▄▄▀ ▀▄███ █▄ ▄▄▀▀▄▀▄ ▄█
█▄██▄▄█▄▄▀█▄▀ ▄█▄▀▄█▄█    ▄▄▄ ▄██▄█
█ ▄▄▄▄▄ ██▀▄ ██▄▀ █ ▄  ▄  █▄█ ▀▀███
█ █   █ █▀█▄██  ██ ▄  ▀   ▄▄▄▄█  ▄█
█ █▄▄▄█ █ █▄▀ █▀▄ ▀▄▀▀▄█▄▀▄ ▄▀█▄▄▀█
█▄▄▄▄▄▄▄█▄███▄███▄▄▄██▄███▄███▄▄███

二维码解码URL: https://txz.qq.com/p?k=ZKtfROZkQMZHjMNWOunQouynRJlHeDG9&f=1600001604
如果控制台二维码无法扫码，可以复制解码url到二维码生成网站生成二维码再扫码，也可以打开下方的二维码路径图片进行扫码。
12-18 12:17:44 [warn] 二维码已保存到 C:\Users\Administrator\Desktop\bot\napcat.29927.onekey\versions\9.9.16-29927\resources\app\napcat\cache\qrcode.png
12-18 12:19:47 [error] [Core] [Login] Login Error,ErrCode:  3  ErrMsg: 
12-18 12:19:47 [warn] 请扫描下面的二维码，然后在手Q上授权登录：
12-18 12:19:47 [warn] 

▄▄▄▄▄▄▄▄▄▄▄▄▄▄▄▄▄▄▄▄▄▄▄▄▄▄▄▄▄▄▄▄▄▄▄
█ ▄▄▄▄▄ █▄▄███▀▄█▀▀▀▄▄ ▀▀▀█ ▄▄▄▄▄ █
█ █   █ █ ▀█ ▄ █▀ █▄▀███▄▄█ █   █ █
█ █▄▄▄█ █▄ ▄▄▀▀█▄█   ▀▀ ▄ █ █▄▄▄█ █
█▄▄▄▄▄▄▄█▄▀▄▀▄█ █ ▀▄▀▄█ █▄█▄▄▄▄▄▄▄█
█▄  ▄█▀▄▀ ▀████▀▄██▄█▀   █▄▀█▄▄ ▀ █
██  █▀ ▄▀▀██▀▀▀▄▀█▄█▀ █   █ ▀▄█▄ ▄█
█ ▄ ▀▀█▄▀█ ▀ █▄█ ▀▀▀▄█ ▄▄ ▄█▄▄ ▀▀██
█▀█ ▀ ▄▄██ ▄█ ▄██ █▄ ▀  ▀ ▀  ▄█ ███
██▀██ ▄▄ ▄▀▄▄▀  ▀▀█ █▀ ▄▄       ▄ █
█  █▄█▄▄█▀▀ ▄ █▀▄ ▀███▄█▀▀  ██ █▄▀█
█  ▀  ▀▄▄ ▀▄▄ █▀█ ▀  ▄ ▀  ▄▀▄█▀▄▀▀█
██▀▄▀ █▄▄▀▄▀▄▄▀ █▄█ ▀██▀ ▄▄▀▀▄▀▄ ▄█
█▄█▄██▄▄▄▀▄▀▀ ▄█▄▀█▀██ ▄  ▄▄▄ ▄██▄█
█ ▄▄▄▄▄ ██▀█ ██▄▀▄██ ▀▀▀  █▄█ ▀▀███
█ █   █ █▀ ▀██  ▄█▀▀▀     ▄▄▄▄█  ▄█
█ █▄▄▄█ █   ▀ █▀▄▀▀▄▀ █ ▄▀▄ ▄▀█▄▄▀█
█▄▄▄▄▄▄▄█▄▄▄█▄██▄▄█▄▄▄████▄███▄▄███

二维码解码URL: https://txz.qq.com/p?k=SokWG34KxpMoSFA4vLOkuVPUtOY8LHEe&f=1600001604
如果控制台二维码无法扫码，可以复制解码url到二维码生成网站生成二维码再扫码，也可以打开下方的二维码路径图片进行扫码。
12-18 12:19:47 [warn] 二维码已保存到 C:\Users\Administrator\Desktop\bot\napcat.29927.onekey\versions\9.9.16-29927\resources\app\napcat\cache\qrcode.png
12-18 12:21:47 [error] [Core] [Login] Login Error,ErrCode:  3  ErrMsg: 
12-18 12:21:47 [warn] 请扫描下面的二维码，然后在手Q上授权登录：
12-18 12:21:47 [warn] 

▄▄▄▄▄▄▄▄▄▄▄▄▄▄▄▄▄▄▄▄▄▄▄▄▄▄▄▄▄▄▄▄▄▄▄
█ ▄▄▄▄▄ █▄▄▄ ▀▄██   ▀█ ▀▄▀█ ▄▄▄▄▄ █
█ █   █ ██▄▀ █ ▀▄▄▀█▄  ██▄█ █   █ █
█ █▄▄▄█ ██▀▄ ▄█████ ▄▀▄█▀██ █▄▄▄█ █
█▄▄▄▄▄▄▄█ ▀▄█ ▀ █ █ ▀▄█▄█ █▄▄▄▄▄▄▄█
█  ▀ ▄█▄██▄▀█▄██▀▀▄▀ █ ▀▀▄█▄▀▀█▀▀▄█
█▄▀▄ ▀▄▄▀█▄██▄█▄ █▀ ▀▄█▀ ▄▀  ▄▀▀▄▄█
█▄█▀▄▄▄▄█ ▄ █▀▀▄  ██▄▀ ▀▄█▀▄▄███▄▄█
█▄  ▀█ ▄ ▀▀██▀▄▀ ▄▄▀▄▀▄▄██▀▄█ █▀█▀█
███▄▀ █▄▄█▀▀ ▄▄  ▀▀█▀▀▄▄▄█▄ ▀ ▄█  █
█▄█▀ ▄ ▄▄▄▀▄▀▄   ▀▄▀▄██ ▄██▀█▄█▀▀ █
█▀▄▄█ ▀▄  ▄ ▄▀██▀▄▀▀██▀  ▀▄█▀▀▀█▀██
█ █▀█ █▄▀▀▀▀ ▀█ ▄ ▀▀▀▀█▀▄▀ ▀ ▄█▀▄▄█
█▄▄▄█▄▄▄▄ ▀▄▄▄▀▄▄▀█▀█▄█▀█ ▄▄▄ ▀▀ ██
█ ▄▄▄▄▄ ██▀█ ▄█ ▄▀█▄ █▄   █▄█ ▀ █▀█
█ █   █ █   ▀ ▄ ▀█ ▀▄ ▀█▄▄ ▄▄▄▀█▄▄█
█ █▄▄▄█ █▀▄▀▄▄   ▄█  ▄▄▄▀█▀▀▄   ▀ █
█▄▄▄▄▄▄▄█▄▄▄█████▄▄▄▄▄███▄▄█▄█▄████

二维码解码URL: https://txz.qq.com/p?k=uTapWdJYS*p8tNoOp2eecjbvtNaB*iQo&f=1600001604
如果控制台二维码无法扫码，可以复制解码url到二维码生成网站生成二维码再扫码，也可以打开下方的二维码路径图片进行扫码。
12-18 12:21:47 [warn] 二维码已保存到 C:\Users\Administrator\Desktop\bot\napcat.29927.onekey\versions\9.9.16-29927\resources\app\napcat\cache\qrcode.png
12-18 12:23:49 [error] [Core] [Login] Login Error,ErrCode:  3  ErrMsg: 
12-18 12:23:49 [warn] 请扫描下面的二维码，然后在手Q上授权登录：
12-18 12:23:49 [warn] 

▄▄▄▄▄▄▄▄▄▄▄▄▄▄▄▄▄▄▄▄▄▄▄▄▄▄▄▄▄▄▄▄▄▄▄
█ ▄▄▄▄▄ █▀ █▀▀▀ ▀▀  ▄█▄▄▄▀█ ▄▄▄▄▄ █
█ █   █ █▀ ▄ █▀█ ▀█▄▄ ▄█▄ █ █   █ █
█ █▄▄▄█ █▀█ █▄█▄▀▀▄▄▄ ▄▄███ █▄▄▄█ █
█▄▄▄▄▄▄▄█▄█▄█ █▄▀ █▄█▄▀ █▄█▄▄▄▄▄▄▄█
█▄ ▄ ▄▀▄▄▄ ▄█▄▄▀█▄ ▀▄▀ ▄█▄▄▀▄█▄▀ ▀█
█▄▀ ▄▄ ▄ ▄ ▀ ▄██▄▀█ █ ▀███▀▀▄ ▄▀▄██
█ ▄█   ▄█  ▀▄▀▄▀▄▀▄▀█  ▄██▄▀ ▄▄█▀▀█
█▀▄▄▀▀█▄█▀▀▀█▀██▄▀█▄▀  ▄█▀  ▀██▀▄██
█▀ ██  ▄▄ ▄ █▄▄▀▄█▄█▄▀▀▄ █▄▀█▄▀█ ▀█
█ ██▄▄█▄ █▀█ ▄██ ▄▄███▀███ ▄▀█▄▀▄██
█▀▀▄▀▄▀▄█▀▀ ▄▀▄▀▄ ▀▀  █  ▀█▀█▄▀█ ▀█
█ ██▄  ▄█ ▄ █▀█▀▄█▄▄▀▀ ▀▀▀  ▄  ▀▄██
█▄████▄▄█ ▄▄█▄▄▀▄▄▄▀█ ▀▄▄ ▄▄▄  ▀█ █
█ ▄▄▄▄▄ █▄ ▄ ▄▄▄  ▄▄▀ ▀▄  █▄█ ▀ ▄██
█ █   █ █ ▀ ▄ ▄▀ ▀▀▀▄▀▀ ▀▄ ▄  ▄█▄██
█ █▄▄▄█ █ ███▄██ ▄▄ █ ▀█ █▄▄ ▀▀ ▄██
█▄▄▄▄▄▄▄█▄████▄█████▄█▄▄█▄██▄▄▄█▄██

二维码解码URL: https://txz.qq.com/p?k=yUEBr3BDbyfrMOVxOUIv*MhawKcJIE2q&f=1600001604
如果控制台二维码无法扫码，可以复制解码url到二维码生成网站生成二维码再扫码，也可以打开下方的二维码路径图片进行扫码。
12-18 12:23:49 [warn] 二维码已保存到 C:\Users\Administrator\Desktop\bot\napcat.29927.onekey\versions\9.9.16-29927\resources\app\napcat\cache\qrcode.png
12-18 12:25:52 [error] [Core] [Login] Login Error,ErrCode:  3  ErrMsg: 
12-18 12:25:52 [warn] 请扫描下面的二维码，然后在手Q上授权登录：
12-18 12:25:52 [warn] 

▄▄▄▄▄▄▄▄▄▄▄▄▄▄▄▄▄▄▄▄▄▄▄▄▄▄▄▄▄▄▄▄▄▄▄
█ ▄▄▄▄▄ █▄▄███▀▄█▀█▄▄▄▀▄▀██ ▄▄▄▄▄ █
█ █   █ █ ▀█ ▄ █▀ █▄█▄█ ▀ █ █   █ █
█ █▄▄▄█ █▄ ▄▄▀▀█▄█  ▀████ █ █▄▄▄█ █
█▄▄▄▄▄▄▄█▄▀▄▀▄█ █ ▀ ▀▄█ █ █▄▄▄▄▄▄▄█
█  ▄▄▀▀▄▀▄▀████▀▄█▄▄▀▀▄█▀▄▄▀█▄▄ ▀ █
█▄▄▀██▀▄████▀▀▀▄▀████▄▄▄▄ █ ▀▄█▄ ▄█
██ ██▀ ▄█▀▄▀ █▄█ ▀█▀██▄ ██▄█▄▄ ▀▀██
██▀██▀▄▄▄█ ██ ▄██ ██▄   ▀▀▀  ▄█ ███
█   █ ▄▄█▀▀▄▄▀  ▀▀█▀██▀ █▀      ▄ █
█▄█▄█ █▄▄▄▄█▄ █▀ ▄▀█████▀▀  ██ █▄▀█
█▀▄ ▄ █▄▄▄ ▄▄ █▀███ █▀ █  ▄▀▄█▀▄▀▀█
██▀▀▄▀▄▄ ▄ ▄▄▄▀ ▀▄▄▀█▀▄▀ ▄▄▀▀▄▀▄ ▄█
█▄█▄█▄▄▄█▀▄▀▀ ▄█▀▀ ▀▀█▀▄  ▄▄▄ ▄██▄█
█ ▄▄▄▄▄ ██▄  ██▄▀██ ▄▄ █  █▄█ ▀▀███
█ █   █ █▀▄▀██  ▀█▄ ▄ █▄  ▄▄▄▄█  ▄█
█ █▄▄▄█ █ ▄█▀ █▀▄▀ ▀▀ ▄█▄▀▄ ▄▀█▄▄▀█
█▄▄▄▄▄▄▄█▄▄▄█▄████▄█▄▄▄▄██▄███▄▄███

二维码解码URL: https://txz.qq.com/p?k=J5wlZeoSJbnP3igL5BnGcWrY4AtW4ao3&f=1600001604
如果控制台二维码无法扫码，可以复制解码url到二维码生成网站生成二维码再扫码，也可以打开下方的二维码路径图片进行扫码。
12-18 12:25:52 [warn] 二维码已保存到 C:\Users\Administrator\Desktop\bot\napcat.29927.onekey\versions\9.9.16-29927\resources\app\napcat\cache\qrcode.png
12-18 12:27:52 [error] [Core] [Login] Login Error,ErrCode:  3  ErrMsg: 
12-18 12:27:52 [warn] 请扫描下面的二维码，然后在手Q上授权登录：
12-18 12:27:52 [warn] 

▄▄▄▄▄▄▄▄▄▄▄▄▄▄▄▄▄▄▄▄▄▄▄▄▄▄▄▄▄▄▄▄▄▄▄
█ ▄▄▄▄▄ █▄▄███▀▄█▀  █▄██ ▀█ ▄▄▄▄▄ █
█ █   █ █ ▀█ ▄ █▀ ███▄█ ▀██ █   █ █
█ █▄▄▄█ █▄ ▄▄▀▀█▄█▀▀▀█ ▀▄ █ █▄▄▄█ █
█▄▄▄▄▄▄▄█▄▀▄▀▄█ █ ▀▄█ █▄█▄█▄▄▄▄▄▄▄█
█▄▄▄ ▀█▄█ ▀████▀▄█  █  █▀ ▄▀█▄▄ ▀ █
█ █▄▄ ▀▄▄ ██▀▀▀▄▀█▄▄▀█▄█▄▀█ ▀▄█▄ ▄█
█▀▀▀▀▄ ▄▄ ▄▀ █▄█ ▀  █▄▄ ▀ ▄█▄▄ ▀▀██
█ ▀▄▄▀▄▄    █ ▄██ ██▄ ▀▄▀▀▀  ▄█ ███
█▀▄▀██▀▄▄▄▀▀▄▀  ▀▀ ▄▄▄▄█▄▀      ▄ █
███▄ ██▄ ▀▄▄▄ █▀▄ ▀▄▀█▄█▀▀  ██ █▄▀█
█ ▄▄▀ ▄▄ █▄▄▄ █▀▄▄█ ▀▀    ▄▀▄█▀▄▀▀█
██▀▄██▀▄  ▄ ▄▄▀ ▀▀▄▄█▄█▀ ▄▄▀▀▄▀▄ ▄█
█▄██▄▄▄▄▄  █▀ ▄█▀ ▀▀▀▄█▀  ▄▄▄ ▄██▄█
█ ▄▄▄▄▄ ███▄ ██▄▀ ▄▄  ▀   █▄█ ▀▀███
█ █   █ █▀ ▄██  ▄█▀▄██▀   ▄▄▄▄█  ▄█
█ █▄▄▄█ █ █▄▀ █▀ █▀▀█▄█▄▄▀▄ ▄▀█▄▄▀█
█▄▄▄▄▄▄▄█▄███▄███▄█▄▄▄▄▄██▄███▄▄███

二维码解码URL: https://txz.qq.com/p?k=BD3YhjcP001N57rn-QXGLNl1HDWmBLz-&f=1600001604
如果控制台二维码无法扫码，可以复制解码url到二维码生成网站生成二维码再扫码，也可以打开下方的二维码路径图片进行扫码。
12-18 12:27:52 [warn] 二维码已保存到 C:\Users\Administrator\Desktop\bot\napcat.29927.onekey\versions\9.9.16-29927\resources\app\napcat\cache\qrcode.png
12-18 12:29:54 [error] [Core] [Login] Login Error,ErrCode:  3  ErrMsg: 
12-18 12:29:54 [warn] 请扫描下面的二维码，然后在手Q上授权登录：
12-18 12:29:54 [warn] 

▄▄▄▄▄▄▄▄▄▄▄▄▄▄▄▄▄▄▄▄▄▄▄▄▄▄▄▄▄▄▄▄▄▄▄
█ ▄▄▄▄▄ █▄▄███▀▄█▀█▄▄ █▄▀██ ▄▄▄▄▄ █
█ █   █ █ ▀█ ▄ █▀ ▀▄█▀█▄▄██ █   █ █
█ █▄▄▄█ █▄ ▄▄▀▀█▄█ ▀ █▀ ▄ █ █▄▄▄█ █
█▄▄▄▄▄▄▄█▄▀▄▀▄█ █ ▀▄▀ █▄▀▄█▄▄▄▄▄▄▄█
█▄   █▀▄▀▄▀████▀▄█▀  ▄▄██▄▄▀█▄▄ ▀ █
█▀▄██▀▀▄█▀██▀▀▀▄▀█▄▀▀ ▄█ ██ ▀▄█▄ ▄█
█▄▄▀█  ▄ █ ▀ █▄█ ▀▀▀▀ ▄ ██▄█▄▄ ▀▀██
█  █▀▀▀▄█ ███ ▄██ ▄  █▀▀▀▀▀  ▄█ ███
█ █  ▀ ▄  █▄▄▀  ▀▀ ▄  ▀ ▄       ▄ █
███▄▀▀▄▄ ▄ █▄ █▀▄▄▀▀▀█▄█▀▀  ██ █▄▀█
█▀▀ ▀▀ ▄██ █▄ █▀▀ █▄▄     ▄▀▄█▀▄▀▀█
██▀  ▀ ▄  ▀ ▄▄▀ ▀██▀▀███ ▄▄▀▀▄▀▄ ▄█
█▄███▄█▄█ ▄▀▀ ▄█▄▀▄   █   ▄▄▄ ▄██▄█
█ ▄▄▄▄▄ ██▄▄ ██▄▀ █▀▄▀▀▄  █▄█ ▀▀███
█ █   █ █▀ ███  ▀█▀ ▀▀▄   ▄▄▄▄█  ▄█
█ █▄▄▄█ █   ▀ █▀ █▀ █▄▄▄▄▀▄ ▄▀█▄▄▀█
█▄▄▄▄▄▄▄█▄█▄█▄██▄▄█▄▄▄████▄███▄▄███

二维码解码URL: https://txz.qq.com/p?k=R2QRX2kUH1pdUT9VJ42rcfIVMS8yJdFA&f=1600001604
如果控制台二维码无法扫码，可以复制解码url到二维码生成网站生成二维码再扫码，也可以打开下方的二维码路径图片进行扫码。
12-18 12:29:54 [warn] 二维码已保存到 C:\Users\Administrator\Desktop\bot\napcat.29927.onekey\versions\9.9.16-29927\resources\app\napcat\cache\qrcode.png
12-18 12:31:57 [error] [Core] [Login] Login Error,ErrCode:  3  ErrMsg: 
12-18 12:31:57 [warn] 请扫描下面的二维码，然后在手Q上授权登录：
12-18 12:31:57 [warn] 

▄▄▄▄▄▄▄▄▄▄▄▄▄▄▄▄▄▄▄▄▄▄▄▄▄▄▄▄▄▄▄▄▄▄▄
█ ▄▄▄▄▄ █▄▄███▀▄█▀█▀█ █▀ ██ ▄▄▄▄▄ █
█ █   █ █ ▀█ ▄ █▀ ▀▄ ██▀▀██ █   █ █
█ █▄▄▄█ █▄ ▄▄▀▀█▄█▄▀ █ ██▄█ █▄▄▄█ █
█▄▄▄▄▄▄▄█▄▀▄▀▄█ █ ▀ █▄█ ▀▄█▄▄▄▄▄▄▄█
█▄   ██▄▀ ▀████▀▄█ ▀ ▄ █▀ ▄▀█▄▄ ▀ █
█ ▀▀▀▀▀▄█▀██▀▀▀▄▀█▄ ▀█▄ ▄ █ ▀▄█▄ ▄█
█▄▀██▄█▄▀█ ▀ █▄█ ▀    ▀▀█▀▄█▄▄ ▀▀██
█▀▄█▀▄ ▄▄▄▀▀█ ▄██ █  ▀▀▄█▀▀  ▄█ ███
█▀ ▄█▀▄▄  ▀▀▄▀  ▀▀ ▄  ▄▄▀▄      ▄ █
██ ▄▄▄█▄█▄▀▀▄ █▀ ▄  ███▄▀▀  ██ █▄▀█
█ ▀▄█▀█▄    ▄ █▀▀ ▄█      ▄▀▄█▀▄▀▀█
██▀ ▀█▀▄▀▀█▄▄▄▀ ▀▄▄▄▀▀█▀ ▄▄▀▀▄▀▄ ▄█
█▄█████▄▄ █▄▀ ▄█▄▀ ▀▀ ▀▄  ▄▄▄ ▄██▄█
█ ▄▄▄▄▄ ██   ██▄▀▀▄  ▄▀▀  █▄█ ▀▀███
█ █   █ █▀▄ ██  ▀ ▀▀██▀   ▄▄▄▄█  ▄█
█ █▄▄▄█ █ ▄▄▀ █▀▄ ▀ █▄▄▄▄▀▄ ▄▀█▄▄▀█
█▄▄▄▄▄▄▄█▄███▄███▄█▄██▄▄██▄███▄▄███

二维码解码URL: https://txz.qq.com/p?k=8u0xmof8v0mL-35tN94hWe-4K4v9E5GC&f=1600001604
如果控制台二维码无法扫码，可以复制解码url到二维码生成网站生成二维码再扫码，也可以打开下方的二维码路径图片进行扫码。
12-18 12:31:57 [warn] 二维码已保存到 C:\Users\Administrator\Desktop\bot\napcat.29927.onekey\versions\9.9.16-29927\resources\app\napcat\cache\qrcode.png
12-18 12:33:57 [error] [Core] [Login] Login Error,ErrCode:  3  ErrMsg: 
12-18 12:33:57 [warn] 请扫描下面的二维码，然后在手Q上授权登录：
12-18 12:33:57 [warn] 

▄▄▄▄▄▄▄▄▄▄▄▄▄▄▄▄▄▄▄▄▄▄▄▄▄▄▄▄▄▄▄▄▄▄▄
█ ▄▄▄▄▄ █▀ █▀▀▀ ▀▀▀▀█ ▀█▄▀█ ▄▄▄▄▄ █
█ █   █ █▀ ▄ █▀█ ▀▀▄▄ ▄▀▄▄█ █   █ █
█ █▄▄▄█ █▀█ █▄█▄▀▀▀▄▄█ ▄▄▄█ █▄▄▄█ █
█▄▄▄▄▄▄▄█▄█▄█ █▄▀ █ █ ▀▄▀ █▄▄▄▄▄▄▄█
█ ▄▄▄▄█▄▄  ▄█▄▄▀█▄▄▀▀▀███▄▄▀▄█▄▀ ▀█
██▄▄ ▄█▄   ▀ ▄██▄▀█▀▀▀▀██▀▀▀▄ ▄▀▄██
█▄▀▀▄ ▀▄▀▄▄▀▄▀▄▀▄▀ ▀▀▀▀▄▀▀▄▀ ▄▄█▀▀█
█▀█ █▄▄▄▄▀▄██▀██▄▀▄██▄▀▄█   ▀██▀▄██
█▄██▄ ▄▄▀▀ ██▄▄▀▄██▀▀▄▀▀ ▄▄▀█▄▀█ ▀█
█▄    ▄▄██▄  ▄██ ███▀█ ▀██ ▄▀█▄▀▄██
█▀ █▀▀ ▄█  ▄▄▀▄▀█  ▀▄ ▄  ▀█▀█▄▀█ ▀█
█ █ ▄██▄▄█▀ █▀█▀▄██▄▀ ▀█▀▀  ▄  ▀▄██
█▄█▄▄██▄█▀█▄█▄▄▀▀ ▄▄▀ █▄▄ ▄▄▄  ▀█ █
█ ▄▄▄▄▄ █▄▄▀ ▄▄▄ ▄▄▀▀▄▀█  █▄█ ▀ ▄██
█ █   █ █ ▀█▄ ▄▀▀▀▀▀▀▄▄ ▀▄ ▄  ▄█▄██
█ █▄▄▄█ █  ▄█▄██ ▄▄▄█▄ █ █▄▄ ▀▀ ▄██
█▄▄▄▄▄▄▄█▄█▄██▄█▄▄██▄█▄▄█▄██▄▄▄█▄██

二维码解码URL: https://txz.qq.com/p?k=h1C2hp*f1ZjXI3wZ1fd7RfdoEi6KQIZx&f=1600001604
如果控制台二维码无法扫码，可以复制解码url到二维码生成网站生成二维码再扫码，也可以打开下方的二维码路径图片进行扫码。
12-18 12:33:57 [warn] 二维码已保存到 C:\Users\Administrator\Desktop\bot\napcat.29927.onekey\versions\9.9.16-29927\resources\app\napcat\cache\qrcode.png
