12-18 14:21:19 [info] [NapCat] [Core] NapCat.Core Version: 4.2.27
12-18 14:21:20 [info] 核心登录服务连接成功!
12-18 14:21:20 [error] 快速登录失败，未找到该 QQ 历史登录记录，将使用二维码登录方式
12-18 14:21:20 [info] [NapCat] [WebUi] Current WebUi is not run.
12-18 14:21:21 [warn] 请扫描下面的二维码，然后在手Q上授权登录：
12-18 14:21:21 [warn] 

▄▄▄▄▄▄▄▄▄▄▄▄▄▄▄▄▄▄▄▄▄▄▄▄▄▄▄▄▄▄▄▄▄▄▄
█ ▄▄▄▄▄ █▄▄▄ ▀▄██ ▄█ ▀▄▀█▀█ ▄▄▄▄▄ █
█ █   █ ██▄▀ █ ▀▄▄▀▄██▄█▀▄█ █   █ █
█ █▄▄▄█ ██▀▄ ▄████▄▄█▀▄▀▀▀█ █▄▄▄█ █
█▄▄▄▄▄▄▄█ ▀▄█ ▀ █ █ █▄█ ▀ █▄▄▄▄▄▄▄█
█ ▄▀▄ ▀▄▀▀▄▀█▄██▀▀▄█ ▄▄▀  █▄▀▀█▀▀▄█
██▄▀ ▀ ▄▀▄▄██▄█▄ █▀ ▀ ▄█▄▀▀  ▄▀▀▄▄█
█▀ █ ▄█▄▀▀  █▀▀▄  █▄▄█▄▀▄▄▀▄▄███▄▄█
██▄  ▄▄▄█ █▀█▀▄▀ ▄█  ▄█ █ ▀▄█ █▀█▀█
██▀▄▀▀█▄▀  ▄ ▄▄  ▀▄▀▀ ▄▄██▄ ▀ ▄█  █
█▀▄▄▀█▄▄▀█ ▀▀▄   ▄█▀▄███▄██▀█▄█▀▀ █
█▀▀ ▀▀▄▄█ ▄█▄▀██▀  ▀▀██▄ ▀▄█▀▀▀█▀██
█ ████ ▄ █▄▄ ▀█   ▀▀█▄█ ▄▀ ▀ ▄█▀▄▄█
█▄▄██▄▄▄█ ▀▀▄▄▀▄  ██▀█ ▀█ ▄▄▄ ▀▀ ██
█ ▄▄▄▄▄ ██▀▄ ▄█ ▄▀▄ ▄▀█   █▄█ ▀ █▀█
█ █   █ █ ▄▀▀ ▄ ▄▄▀▄  █▄▄▄ ▄▄▄▀█▄▄█
█ █▄▄▄█ █▀ █▄▄  ▄██▄ █▄▀▀█▀▀▄   ▀ █
█▄▄▄▄▄▄▄█▄█▄████▄█▄█▄████▄▄█▄█▄████

二维码解码URL: https://txz.qq.com/p?k=xC*xuAARV6ZuehXogvwRTfr0Nnr3qQc*&f=1600001604
如果控制台二维码无法扫码，可以复制解码url到二维码生成网站生成二维码再扫码，也可以打开下方的二维码路径图片进行扫码。
12-18 14:21:21 [warn] 二维码已保存到 C:\Users\Administrator\Desktop\bot\napcat.29927.onekey\versions\9.9.16-29927\resources\app\napcat\cache\qrcode.png
12-18 14:23:23 [error] [Core] [Login] Login Error,ErrCode:  3  ErrMsg: 
12-18 14:23:24 [warn] 请扫描下面的二维码，然后在手Q上授权登录：
12-18 14:23:24 [warn] 

▄▄▄▄▄▄▄▄▄▄▄▄▄▄▄▄▄▄▄▄▄▄▄▄▄▄▄▄▄▄▄▄▄▄▄
█ ▄▄▄▄▄ █▄▄▄ ▀▄██ ▄▀▀█▄▄███ ▄▄▄▄▄ █
█ █   █ ██▄▀ █ ▀▄▄██▄▄ ▀▄ █ █   █ █
█ █▄▄▄█ ██▀▄ ▄████ █▄█▀▀ ▀█ █▄▄▄█ █
█▄▄▄▄▄▄▄█ ▀▄█ ▀ █ █▄█ █▄▀ █▄▄▄▄▄▄▄█
█▄ ▀ ▄▀▄▀█▄▀█▄██▀▀▀▀▀▀█▀ ██▄▀▀█▀▀▄█
█▀▀▄ ▄▄▄▀▄▄██▄█▄ █  ▀▄▄  ▀▀  ▄▀▀▄▄█
█ █▄▄▀ ▄▀   █▀▀▄  ▄█▄▀█ ██▀▄▄███▄▄█
█▄██▀  ▄ ▄▀▄█▀▄▀ ▄█▀▄ ▄▄▀ ▀▄█ █▀█▀█
█  ▄ ▄█▄ ▀ ▄ ▄▄  ▀▀█▄▀▄ ▄▀▄ ▀ ▄█  █
██▄▄▀█ ▄▀ ▄▀▀▄   ██▄▄▀▄▀▄██▀█▄█▀▀ █
█ █ ▀▄▄▄█ █▀▄▀██ █▄▀ ███ ▀▄█▀▀▀█▀██
█ █ ▄██▄▄▄▀▀ ▀█ ▄  ▀▀▄██▄▀ ▀ ▄█▀▄▄█
█▄▄█▄█▄▄▄▀█▀▄▄▀▄█▀████▄▀█ ▄▄▄ ▀▀ ██
█ ▄▄▄▄▄ ███▄ ▄█  ▄█▄ ██▀  █▄█ ▀ █▀█
█ █   █ █ ▀█▀ ▄  ▄ ██   ▄▄ ▄▄▄▀█▄▄█
█ █▄▄▄█ █▀  ▄▄   █▄  █▄█▀█▀▀▄   ▀ █
█▄▄▄▄▄▄▄█▄█▄████▄███▄█▄██▄▄█▄█▄████

二维码解码URL: https://txz.qq.com/p?k=2YzCa*d1EsVLEFzcY2*uqUHTsdqPSvYs&f=1600001604
如果控制台二维码无法扫码，可以复制解码url到二维码生成网站生成二维码再扫码，也可以打开下方的二维码路径图片进行扫码。
12-18 14:23:24 [warn] 二维码已保存到 C:\Users\Administrator\Desktop\bot\napcat.29927.onekey\versions\9.9.16-29927\resources\app\napcat\cache\qrcode.png
12-18 14:25:24 [error] [Core] [Login] Login Error,ErrCode:  3  ErrMsg: 
12-18 14:25:24 [warn] 请扫描下面的二维码，然后在手Q上授权登录：
12-18 14:25:24 [warn] 

▄▄▄▄▄▄▄▄▄▄▄▄▄▄▄▄▄▄▄▄▄▄▄▄▄▄▄▄▄▄▄▄▄▄▄
█ ▄▄▄▄▄ █▀ █▀▀▀ ▀▀▄▄▄▄▄ ███ ▄▄▄▄▄ █
█ █   █ █▀ ▄ █▀█ ▀▀▄█▄▄ █▀█ █   █ █
█ █▄▄▄█ █▀█ █▄█▄▀▀▀ ▄▄▀██▀█ █▄▄▄█ █
█▄▄▄▄▄▄▄█▄█▄█ █▄▀ █▄█▄▀▄▀▄█▄▄▄▄▄▄▄█
█ ▄   █▄▄▄ ▄█▄▄▀█▄██▀▄█▄ ▄▄▀▄█▄▀ ▀█
█▄ ▄██▄▄ █ ▀ ▄██▄▀▄█▀█ █▀█▀▀▄ ▄▀▄██
█▄▀█ █ ▄  ▄▀▄▀▄▀▄▀██▀▀▀ ▀▀▄▀ ▄▄█▀▀█
█▄ █ █▄▄▄▄▄ █▀██▄▀▄▀█▄▀ ██  ▀██▀▄██
█▀▀▀   ▄█ █ █▄▄▀▄██▀ ▄▀ ▀█▄▀█▄▀█ ▀█
██  █▄▀▄▀▀██ ▄██▄ █▀██▀▄██ ▄▀█▄▀▄██
█▀▀▀▀ ▄▄   ▀▄▀▄▀  ██▄ ▄▄ ▀█▀█▄▀█ ▀█
█ █▄ ██▄ █▀ █▀█▀ ▄█ █▀ ▀▀▀  ▄  ▀▄██
█▄█▄▄▄▄▄█▀ ▀█▄▄▀▄▄██ ▀ ▄▄ ▄▄▄  ▀█ █
█ ▄▄▄▄▄ █▄▄▀ ▄▄▄▄▀█ ██ ▄  █▄█ ▀ ▄██
█ █   █ █ ▄█▄ ▄▀▄▄█▀ ▀▄▄▀▄ ▄  ▄█▄██
█ █▄▄▄█ █ ▄▄█▄██ ▄▄▀▀█ ▄ █▄▄ ▀▀ ▄██
█▄▄▄▄▄▄▄█▄▄▄██▄█▄█▄████▄█▄██▄▄▄█▄██

二维码解码URL: https://txz.qq.com/p?k=u7nEWhhwvIDLbhlX9b0dlcWVDPPFa61W&f=1600001604
如果控制台二维码无法扫码，可以复制解码url到二维码生成网站生成二维码再扫码，也可以打开下方的二维码路径图片进行扫码。
12-18 14:25:24 [warn] 二维码已保存到 C:\Users\Administrator\Desktop\bot\napcat.29927.onekey\versions\9.9.16-29927\resources\app\napcat\cache\qrcode.png
12-18 14:27:27 [error] [Core] [Login] Login Error,ErrCode:  3  ErrMsg: 
12-18 14:27:27 [warn] 请扫描下面的二维码，然后在手Q上授权登录：
12-18 14:27:27 [warn] 

▄▄▄▄▄▄▄▄▄▄▄▄▄▄▄▄▄▄▄▄▄▄▄▄▄▄▄▄▄▄▄▄▄▄▄
█ ▄▄▄▄▄ █▄▄▄ ▀▄██ █▄ ▀▄█▄██ ▄▄▄▄▄ █
█ █   █ ██▄▀ █ ▀▄▄█▄▀▀ █▄ █ █   █ █
█ █▄▄▄█ ██▀▄ ▄████▄▄▄ ▀ ▀▀█ █▄▄▄█ █
█▄▄▄▄▄▄▄█ ▀▄█ ▀ █ █ █▄█▄█ █▄▄▄▄▄▄▄█
█ ▄▀▄▄█▄▀█▄▀█▄██▀▀  ▄▄█▀▀██▄▀▀█▀▀▄█
█ ▀▀▄█ ▄  ▄██▄█▄ █ █▀█▄ ▄█▀  ▄▀▀▄▄█
██▀ █▀▀▄▀▀  █▀▀▄  ▀▀▄▀▄█ ▄▀▄▄███▄▄█
█▀ █▀▀ ▄█▄▀▀█▀▄▀ ▄▄  ██ ▀▄▀▄█ █▀█▀█
█▄ ▄███▄█ ▄▄ ▄▄  ▀█▀█ ▀▀ ▄▄ ▀ ▄█  █
██▀▀▄▄ ▄██  ▀▄  ▄ ▄▄▄▄▄▀▄██▀█▄█▀▀ █
█  █▀  ▄   ▀▄▀██ █▀▀███▀ ▀▄█▀▀▀█▀██
█ █▄▀▄ ▄ ▀▀▄ ▀█  ▄▀█▀▄█▄▄▀ ▀ ▄█▀▄▄█
█▄▄██▄█▄▄▀ █▄▄▀▄█ ███▄ ██ ▄▄▄ ▀▀ ██
█ ▄▄▄▄▄ ███  ▄█  ▀██ ▀▄█  █▄█ ▀ █▀█
█ █   █ █ ▄▄▀ ▄ ███  ▀█▄▄▄ ▄▄▄▀█▄▄█
█ █▄▄▄█ █▀ ▄▄▄   ▄▄█ ▄▄█▀█▀▀▄   ▀ █
█▄▄▄▄▄▄▄█▄█▄██████▄█▄▄███▄▄█▄█▄████

二维码解码URL: https://txz.qq.com/p?k=FgpcQzdB-gMttzjNF3W*LF-jiOu-zKOt&f=1600001604
如果控制台二维码无法扫码，可以复制解码url到二维码生成网站生成二维码再扫码，也可以打开下方的二维码路径图片进行扫码。
12-18 14:27:27 [warn] 二维码已保存到 C:\Users\Administrator\Desktop\bot\napcat.29927.onekey\versions\9.9.16-29927\resources\app\napcat\cache\qrcode.png
12-18 14:29:27 [error] [Core] [Login] Login Error,ErrCode:  3  ErrMsg: 
12-18 14:29:27 [warn] 请扫描下面的二维码，然后在手Q上授权登录：
12-18 14:29:27 [warn] 

▄▄▄▄▄▄▄▄▄▄▄▄▄▄▄▄▄▄▄▄▄▄▄▄▄▄▄▄▄▄▄▄▄▄▄
█ ▄▄▄▄▄ █▀ █▀▀▀ ▀▀█▄▄ ▀▄▄▀█ ▄▄▄▄▄ █
█ █   █ █▀ ▄ █▀█ ▀▀▄▀▀▄█  █ █   █ █
█ █▄▄▄█ █▀█ █▄█▄▀▀██▄█  ▄▄█ █▄▄▄█ █
█▄▄▄▄▄▄▄█▄█▄█ █▄▀ █ █▄▀▄▀▄█▄▄▄▄▄▄▄█
█▄ ▄▄ ▀▄▄  ▄█▄▄▀█▄ ▀   ▄▀▄▄▀▄█▄▀ ▀█
█▄ ▄▄ █▄   ▀ ▄██▄▀█▀▀  ▀▀▀▀▀▄ ▄▀▄██
██▄███▀▄▄▀▄▀▄▀▄▀▄▀▄█ ▀  ▀▀▄▀ ▄▄█▀▀█
█▀ ▄ ▀█▄█▄█▄█▀██▄▀█▄█▄▀▀█▀  ▀██▀▄██
█ ▀▄   ▄▄▀▄▄█▄▄▀▄█▄▀ ▄▀ ██▄▀█▄▀█ ▀█
█▄ ▀█▄▄▄ █▄  ▄██ █▄█▀▄  ██ ▄▀█▄▀▄██
█ ▀▄▄█ ▄▀  ▀▄▀▄▀▄ █▀▄▀▀  ▀█▀█▄▀█ ▀█
█ █▄█ ▄▄█ ▀▄█▀█▀  ▄██▀▀▀▀▀  ▄  ▀▄██
█▄█▄▄█▄▄▄▀▀▄█▄▄▀▄ ▀▀█ █▀▄ ▄▄▄  ▀█ █
█ ▄▄▄▄▄ █▄▀  ▄▄▄▄██▄▀  ▀  █▄█ ▀ ▄██
█ █   █ █   ▄ ▄▀▄▄█▀▀ ▀▀▀▄ ▄  ▄█▄██
█ █▄▄▄█ █ █ █▄██  █▀▀▀ ▄ █▄▄ ▀▀ ▄██
█▄▄▄▄▄▄▄█▄█▄██▄█▄▄▄▄██▄▄█▄██▄▄▄█▄██

二维码解码URL: https://txz.qq.com/p?k=Q3g*x4ASus94FwTK9ox9dtlqgGID52up&f=1600001604
如果控制台二维码无法扫码，可以复制解码url到二维码生成网站生成二维码再扫码，也可以打开下方的二维码路径图片进行扫码。
12-18 14:29:27 [warn] 二维码已保存到 C:\Users\Administrator\Desktop\bot\napcat.29927.onekey\versions\9.9.16-29927\resources\app\napcat\cache\qrcode.png
12-18 14:31:30 [error] [Core] [Login] Login Error,ErrCode:  3  ErrMsg: 
12-18 14:31:30 [warn] 请扫描下面的二维码，然后在手Q上授权登录：
12-18 14:31:30 [warn] 

▄▄▄▄▄▄▄▄▄▄▄▄▄▄▄▄▄▄▄▄▄▄▄▄▄▄▄▄▄▄▄▄▄▄▄
█ ▄▄▄▄▄ █▄▄▄ ▀▄██  ▀▀▄ ▄▄██ ▄▄▄▄▄ █
█ █   █ ██▄▀ █ ▀▄▄██ ▀▄▄█▀█ █   █ █
█ █▄▄▄█ ██▀▄ ▄████▀▀███  ▀█ █▄▄▄█ █
█▄▄▄▄▄▄▄█ ▀▄█ ▀ █ █▄█ █ █ █▄▄▄▄▄▄▄█
█  █ ▄█▄▀▀▄▀█▄██▀▀ ▀  ██▀▀█▄▀▀█▀▀▄█
█▄█▄█▄▄▄█▀▄██▄█▄ █ █▀▄▄ ▄▀▀  ▄▀▀▄▄█
█▀█▀▄▄ ▄▄ ▄ █▀▀▄  █▄█ █  █▀▄▄███▄▄█
██▄▄█▀▀▄█ █▄█▀▄▀ ▄█ ▄▀█▀█▀▀▄█ █▀█▀█
█▀▀██▄▄▄██▄▄ ▄▄  ▀▀▄    ▀█▄ ▀ ▄█  █
█▀▀█ ▀▄▄  ██▀▄  ▄▀█▀ █▄▄▄██▀█▄█▀▀ █
█▀▀█▀ ▀▄████▄▀██▄███ ▄██ ▀▄█▀▀▀█▀██
█ ██▄▀▀▄▄▀▄  ▀█  █▀█▀▄▄▀▄▀ ▀ ▄█▀▄▄█
█▄▄██▄▄▄█ ▀█▄▄▀▄▄ █▄▀▄▄██ ▄▄▄ ▀▀ ██
█ ▄▄▄▄▄ ██▀▄ ▄█ ▄▀█  █▄▀  █▄█ ▀ █▀█
█ █   █ █ ▀▄▀ ▄ ▀▄ ▀▄ █ ▄▄ ▄▄▄▀█▄▄█
█ █▄▄▄█ █▀  ▄▄  ▄▀▄▄▄▄██▀█▀▀▄   ▀ █
█▄▄▄▄▄▄▄█▄▄█████▄▄▄█▄█▄██▄▄█▄█▄████

二维码解码URL: https://txz.qq.com/p?k=Ys0EBYt6HpDfFNJuh*2I3Ym06W0AeyFU&f=1600001604
如果控制台二维码无法扫码，可以复制解码url到二维码生成网站生成二维码再扫码，也可以打开下方的二维码路径图片进行扫码。
12-18 14:31:30 [warn] 二维码已保存到 C:\Users\Administrator\Desktop\bot\napcat.29927.onekey\versions\9.9.16-29927\resources\app\napcat\cache\qrcode.png
12-18 14:33:30 [error] [Core] [Login] Login Error,ErrCode:  3  ErrMsg: 
12-18 14:33:30 [warn] 请扫描下面的二维码，然后在手Q上授权登录：
12-18 14:33:30 [warn] 

▄▄▄▄▄▄▄▄▄▄▄▄▄▄▄▄▄▄▄▄▄▄▄▄▄▄▄▄▄▄▄▄▄▄▄
█ ▄▄▄▄▄ ██▄▄ ▀ ▀█ ▄██▄▄█▄██ ▄▄▄▄▄ █
█ █   █ █▀▄  █▀▀▄█▀▀▄▀  ▄▄█ █   █ █
█ █▄▄▄█ █▄▀ █▄█▄█▀█▀█▄▄ ▄██ █▄▄▄█ █
█▄▄▄▄▄▄▄█▄▀▄█ █▄█ █ █▄█ █ █▄▄▄▄▄▄▄█
█  ▀▀▀▄▄▄▀▄ █▄▄█▀ ██▀▄▄▄ ███▀ ▄▀▀██
█▀▄▀▄██▄ ▀▄▀ ▄██ ▀▄▀█ ███▀▀▀  ▄▀▄██
█ ▀▀   ▄▄█  █▀█   ▀▀   █▄██ ▄███  █
█ ▀▀█▀▄▄▀ ▄▀█▀█▀ ██▀▀ ▄▄▀▄ ▄█▀█▀▄▀█
█▄▀▀ ▄█▄▄ █▀█▄▄▀ ██▀▀▀▀  ▄▄▀▀▄▀█ ▀█
█▄▄▄▀▀ ▄████▀▄▄▄ █▄█▄▀▄ ▄█▀██▄█▀█▄█
█▀▄█▀▀ ▄█▄ ▄▄▀▄█ █▄█▀▄██ ▀██▀ ▀█ ██
█ █ █▄█▄▀▄███▀█▀ ██ █ ▄▄▀▀     ▀▄██
█▄▄▄█▄█▄▄ ▄ ▄▄█  █▀▄ █▀▄█ ▄▄▄ ▀▀▄▀█
█ ▄▄▄▄▄ █    ▄▄ ▄██ ▀██▀  █▄█ ▀ ▄▀█
█ █   █ ██▄▀▄ ▄▀  ▄█ ▀ ▄▀▄ ▄▄ ▄█▄██
█ █▄▄▄█ █▀▀ ▄▄▄▄▄██▄ ▄▄ ▀███▄   █▄█
█▄▄▄▄▄▄▄█▄█▄██▄█▄███▄██▄█▄██▄▄▄█▄██

二维码解码URL: https://txz.qq.com/p?k=nQysQ5RMy4*Ijn5ucepB50VlEp8sAt2c&f=1600001604
如果控制台二维码无法扫码，可以复制解码url到二维码生成网站生成二维码再扫码，也可以打开下方的二维码路径图片进行扫码。
12-18 14:33:30 [warn] 二维码已保存到 C:\Users\Administrator\Desktop\bot\napcat.29927.onekey\versions\9.9.16-29927\resources\app\napcat\cache\qrcode.png
12-18 14:35:31 [error] [Core] [Login] Login Error,ErrCode:  3  ErrMsg: 
12-18 14:35:31 [warn] 请扫描下面的二维码，然后在手Q上授权登录：
12-18 14:35:31 [warn] 

▄▄▄▄▄▄▄▄▄▄▄▄▄▄▄▄▄▄▄▄▄▄▄▄▄▄▄▄▄▄▄▄▄▄▄
█ ▄▄▄▄▄ ██▄▄ ▀ ▀█ ▀▄█▀█▄█▀█ ▄▄▄▄▄ █
█ █   █ █▀▄  █▀▀▄█▀▄█ ▄█▀ █ █   █ █
█ █▄▄▄█ █▄▀ █▄█▄█▀▄ █ █▀█▀█ █▄▄▄█ █
█▄▄▄▄▄▄▄█▄▀▄█ █▄█ █ ▀ █ ▀ █▄▄▄▄▄▄▄█
█ ▄██▀▄▄ ▀▄ █▄▄█▀  █▀▄▄ ████▀ ▄▀▀██
█▀█▄▀▀▄▄ ▀▄▀ ▄██ ▀█ █▄█▀█▄▀▀  ▄▀▄██
█▀▄▄█▀▄▄▄▄  █▀█   ▄▀ ▀ █▄▄█ ▄███  █
█▀  ▄▄ ▄█ ▀▄█▀█▀ █▄██ █ ▀  ▄█▀█▀▄▀█
█▀██▄▄▀▄▄ ▄▀█▄▄▀ █ ▄▀ █▄▀█▄▀▀▄▀█ ▀█
█▄ ▀ ▄▄▄█ ▀▀▀▄▄▄ ▄▄▄ ██▄▄█▀██▄█▀█▄█
█▀▀▀▀█▄▄█ █ ▄▀▄█▀▀▄▄▀ ▄▄ ▀██▀ ▀█ ██
█ █▀▀█▄▄▀█ ▀█▀█▀ ▄█▀█▄▄█▀▀     ▀▄██
█▄▄▄███▄█▀█▀▄▄█   █▄▄▀█▀█ ▄▄▄ ▀▀▄▀█
█ ▄▄▄▄▄ █  █ ▄▄ ▄▀█ ████  █▄█ ▀ ▄▀█
█ █   █ ██ █▄ ▄▀▀ ▄▄▀▀▀▄▀▄ ▄▄ ▄█▄██
█ █▄▄▄█ █▀▀▄▄▄▄▄ ▄▄█ ▄█ ▀███▄   █▄█
█▄▄▄▄▄▄▄█▄████▄██▄▄██▄▄▄█▄██▄▄▄█▄██

二维码解码URL: https://txz.qq.com/p?k=rDRHhMCNbPskRdQ3qqwEnhxG9405zxc*&f=1600001604
如果控制台二维码无法扫码，可以复制解码url到二维码生成网站生成二维码再扫码，也可以打开下方的二维码路径图片进行扫码。
12-18 14:35:31 [warn] 二维码已保存到 C:\Users\Administrator\Desktop\bot\napcat.29927.onekey\versions\9.9.16-29927\resources\app\napcat\cache\qrcode.png
