12-18 11:51:57 [info] [NapCat] [Core] NapCat.Core Version: 4.2.27
12-18 11:51:57 [info] 核心登录服务连接成功!
12-18 11:51:57 [error] 快速登录失败，未找到该 QQ 历史登录记录，将使用二维码登录方式
12-18 11:51:57 [info] [NapCat] [WebUi] Current WebUi is not run.
12-18 11:51:59 [warn] 请扫描下面的二维码，然后在手Q上授权登录：
12-18 11:51:59 [warn] 

▄▄▄▄▄▄▄▄▄▄▄▄▄▄▄▄▄▄▄▄▄▄▄▄▄▄▄▄▄▄▄▄▄▄▄
█ ▄▄▄▄▄ █▄▄▄ ▀▄██ █▄▀ █▄█▀█ ▄▄▄▄▄ █
█ █   █ ██▄▀ █ ▀▄▄▀▀▄▄ ██▀█ █   █ █
█ █▄▄▄█ ██▀▄ ▄████▄▀▄█▀▀ ▀█ █▄▄▄█ █
█▄▄▄▄▄▄▄█ ▀▄█ ▀ █ █ █ █ ▀ █▄▄▄▄▄▄▄█
█  ▀▄▄▀▄▀█▄▀█▄██▀▀█▀  ▀▀▀▄█▄▀▀█▀▀▄█
█▀▄ ▀▀ ▄▄▄▄██▄█▄ █▀▀█▀█▄▄█▀  ▄▀▀▄▄█
█▀▄█▄█ ▄▀▀  █▀▀▄   ▀█ ▀▄ ▄▀▄▄███▄▄█
█  ▄▀█▄▄▀█▄▀█▀▄▀ ▄█▀▄ ▄██ ▀▄█ █▀█▀█
███  ██▄▀ █▄ ▄▄  ▀ ▀▀ ▄▄█▀▄ ▀ ▄█  █
█▀▀█▄▀ ▄██▀▄▀▄   █▄▀▄█▄▀▄██▀█▄█▀▀ █
█ ▀█  ▀▄▄█ ▄▄▀███▄▀█▀█▀█ ▀▄█▀▀▀█▀██
█ █    ▄ ██▀ ▀█ ▄▀  ███▀▄▀ ▀ ▄█▀▄▄█
█▄▄▄███▄█▀ █▄▄▀▄▄▀▀▀▄▀█ █ ▄▄▄ ▀▀ ██
█ ▄▄▄▄▄ ██▄  ▄█ ▄ █▄▄▄▄▀  █▄█ ▀ █▀█
█ █   █ █ ██▀ ▄   █▄█▀  ▄▄ ▄▄▄▀█▄▄█
█ █▄▄▄█ █▀▄▀▄▄   █▄▄ ▄▄ ▀█▀▀▄   ▀ █
█▄▄▄▄▄▄▄█▄▄▄████▄▄▄█▄▄▄██▄▄█▄█▄████

二维码解码URL: https://txz.qq.com/p?k=8gbDiko-Uz4ITU1oa-2t-2FLDXi9c0PK&f=1600001604
如果控制台二维码无法扫码，可以复制解码url到二维码生成网站生成二维码再扫码，也可以打开下方的二维码路径图片进行扫码。
12-18 11:51:59 [warn] 二维码已保存到 C:\Users\Administrator\Desktop\bot\napcat.29927.onekey\versions\9.9.16-29927\resources\app\napcat\cache\qrcode.png
12-18 11:53:59 [error] [Core] [Login] Login Error,ErrCode:  3  ErrMsg: 
12-18 11:53:59 [warn] 请扫描下面的二维码，然后在手Q上授权登录：
12-18 11:53:59 [warn] 

▄▄▄▄▄▄▄▄▄▄▄▄▄▄▄▄▄▄▄▄▄▄▄▄▄▄▄▄▄▄▄▄▄▄▄
█ ▄▄▄▄▄ █▀ █▀▀▀ ▀▀▀ █ ▀▄█▀█ ▄▄▄▄▄ █
█ █   █ █▀ ▄ █▀█ ▀▀█ █▄ ███ █   █ █
█ █▄▄▄█ █▀█ █▄█▄▀▀█ ▄ ▀▄█▀█ █▄▄▄█ █
█▄▄▄▄▄▄▄█▄█▄█ █▄▀ █▄█ ▀ ▀ █▄▄▄▄▄▄▄█
█ ▄  ▄█▄▄▄ ▄█▄▄▀█▄ ▀ ▀▀▄▀▄▄▀▄█▄▀ ▀█
██▀█▀█ ▄█▀ ▀ ▄██▄▀▄█▀█▀▀▀ ▀▀▄ ▄▀▄██
██  █  ▄▄ ▄▀▄▀▄▀▄▀▀█ █▀▀▀▄▄▀ ▄▄█▀▀█
███ ██▄▄▀█▀ █▀██▄▀▄ █   ██  ▀██▀▄██
█ ▀▀▄ ▄▄▀  ██▄▄▀▄█ ▀ ▀▀▀▄▄▄▀█▄▀█ ▀█
█▄▀▄ █▀▄▀▀██ ▄██ ▄█▄▀█ ▀██ ▄▀█▄▀▄██
█ ▀ ▄▀ ▄██ █▄▀▄▀█▀ ▄▄ ▀▄ ▀█▀█▄▀█ ▀█
█ █▄▄▄█▄ █ ▄█▀█▀ ██ █▄▀▀▀▀  ▄  ▀▄██
█▄██▄█▄▄▄ ▄██▄▄▀▄ ▀█  ▄▄▄ ▄▄▄  ▀█ █
█ ▄▄▄▄▄ █▄█▀ ▄▄▄▄▄█▄█▀▀▄  █▄█ ▀ ▄██
█ █   █ █ ▄ ▄ ▄▀ ▀██▀ ▀ ▀▄ ▄  ▄█▄██
█ █▄▄▄█ █ ▀ █▄██  █▀█▄ ▀ █▄▄ ▀▀ ▄██
█▄▄▄▄▄▄▄█▄▄███▄███▄██▄███▄██▄▄▄█▄██

二维码解码URL: https://txz.qq.com/p?k=MbbTYyc51cNq1tyZm*mkCaoZi8YTmCpi&f=1600001604
如果控制台二维码无法扫码，可以复制解码url到二维码生成网站生成二维码再扫码，也可以打开下方的二维码路径图片进行扫码。
12-18 11:53:59 [warn] 二维码已保存到 C:\Users\Administrator\Desktop\bot\napcat.29927.onekey\versions\9.9.16-29927\resources\app\napcat\cache\qrcode.png
12-18 11:56:02 [error] [Core] [Login] Login Error,ErrCode:  3  ErrMsg: 
12-18 11:56:02 [warn] 请扫描下面的二维码，然后在手Q上授权登录：
12-18 11:56:02 [warn] 

▄▄▄▄▄▄▄▄▄▄▄▄▄▄▄▄▄▄▄▄▄▄▄▄▄▄▄▄▄▄▄▄▄▄▄
█ ▄▄▄▄▄ █▄▄▄ ▀▄██  ▄▀█▀▄███ ▄▄▄▄▄ █
█ █   █ ██▄▀ █ ▀▄▄▀█  ▄▄█ █ █   █ █
█ █▄▄▄█ ██▀▄ ▄████▀ ▄▀▄▄ ██ █▄▄▄█ █
█▄▄▄▄▄▄▄█ ▀▄█ ▀ █ █ ▀▄█▄▀ █▄▄▄▄▄▄▄█
█▄▄█▄▄▀▄▀█▄▀█▄██▀▀▄▀▄█▄█ ▄█▄▀▀█▀▀▄█
█ ▀ ▀▄▀▄▄▄▄██▄█▄ █ ▀▀ ▄▀▄▄▀  ▄▀▀▄▄█
█▀▀▀▄██▄▄▄  █▀▀▄   ▀ ██▀█▄▀▄▄███▄▄█
███▄  █▄█▀█▀█▀▄▀ ▄▄█ ▄▄ █▀▀▄█ █▀█▀█
█▀ ▄█▄█▄█ ▀▄ ▄▄  ▀ ▀▄ █  ▄▄ ▀ ▄█  █
█ ▀████▄  █▄▀▄  ▄ ▄▄ ██ ▄██▀█▄█▀▀ █
█ ██▀▄ ▄▀▄ █▄▀██▄███▄███ ▀▄█▀▀▀█▀██
█ █▄ █ ▄████ ▀█ ▄▄▀▄█ █▄▄▀ ▀ ▄█▀▄▄█
█▄▄▄▄▄▄▄█▀█▀▄▄▀▄  ██▄▄ ▀█ ▄▄▄ ▀▀ ██
█ ▄▄▄▄▄ ██ ▄ ▄█  ▀█▄▄▀▄▄  █▄█ ▀ █▀█
█ █   █ █ ▄▄▀ ▄    ██▀ ▄▄▄ ▄▄▄▀█▄▄█
█ █▄▄▄█ █▀▀▀▄▄   █▄▀ ██▄▀█▀▀▄   ▀ █
█▄▄▄▄▄▄▄█▄▄▄█████▄▄█▄████▄▄█▄█▄████

二维码解码URL: https://txz.qq.com/p?k=ANkAjTPpcwYZePdEOVEmghdOASqTk3eT&f=1600001604
如果控制台二维码无法扫码，可以复制解码url到二维码生成网站生成二维码再扫码，也可以打开下方的二维码路径图片进行扫码。
12-18 11:56:02 [warn] 二维码已保存到 C:\Users\Administrator\Desktop\bot\napcat.29927.onekey\versions\9.9.16-29927\resources\app\napcat\cache\qrcode.png
12-18 11:58:02 [error] [Core] [Login] Login Error,ErrCode:  3  ErrMsg: 
12-18 11:58:02 [warn] 请扫描下面的二维码，然后在手Q上授权登录：
12-18 11:58:02 [warn] 

▄▄▄▄▄▄▄▄▄▄▄▄▄▄▄▄▄▄▄▄▄▄▄▄▄▄▄▄▄▄▄▄▄▄▄
█ ▄▄▄▄▄ █▀ █▀▀▀ ▀▀█▀▄  ▄▄ █ ▄▄▄▄▄ █
█ █   █ █▀ ▄ █▀█ ▀▀▄▄█▄▀█▄█ █   █ █
█ █▄▄▄█ █▀█ █▄█▄▀▀▀▀▄▄▀▀▄ █ █▄▄▄█ █
█▄▄▄▄▄▄▄█▄█▄█ █▄▀ █ █▄▀ █ █▄▄▄▄▄▄▄█
█ ▄  ▄█▄▄▄ ▄█▄▄▀█▄▄▄█ █▄▀█▄▀▄█▄▀ ▀█
█▄ ▀▄██▄▄▄ ▀ ▄██▄▀▄███ ▄█ ▀▀▄ ▄▀▄██
█▀ ▀▀▀ ▄█ ▄▀▄▀▄▀▄▀▄█ ▄▀  ▄▄▀ ▄▄█▀▀█
██▄▀▀▀ ▄█▄ ██▀██▄▀█ ▀▀ ▀█▀  ▀██▀▄██
█▀▀█▄▀█▄  ▀▄█▄▄▀▄█ █▀▀██▀▄▄▀█▄▀█ ▀█
█ ▄▀▀▄█▄▀▀▄▄ ▄██ ▄█ ██▀███ ▄▀█▄▀▄██
█  ▄  █▄▄▀██▄▀▄▀▀ ▄██  ▄ ▀█▀█▄▀█ ▀█
█ █  ▀▄▄  ▄▄█▀█▀  ▄▄█   ▀▀  ▄  ▀▄██
█▄█████▄▄ █▀█▄▄▀▄▄ ▀▀▀ ▄▄ ▄▄▄  ▀█ █
█ ▄▄▄▄▄ █▄█▄ ▄▄▄▄▀▄ ▀  ▀  █▄█ ▀ ▄██
█ █   █ █  ▄▄ ▄▀  ▀█▀ ▀▀▀▄ ▄  ▄█▄██
█ █▄▄▄█ █ █▀█▄██▄▀█▄█▀▀  █▄▄ ▀▀ ▄██
█▄▄▄▄▄▄▄█▄▄███▄█▄█▄█▄██▄█▄██▄▄▄█▄██

二维码解码URL: https://txz.qq.com/p?k=ahp00mlq*EA7lwePf8Pcpr7pxsjYfV5Y&f=1600001604
如果控制台二维码无法扫码，可以复制解码url到二维码生成网站生成二维码再扫码，也可以打开下方的二维码路径图片进行扫码。
12-18 11:58:02 [warn] 二维码已保存到 C:\Users\Administrator\Desktop\bot\napcat.29927.onekey\versions\9.9.16-29927\resources\app\napcat\cache\qrcode.png
12-18 12:00:05 [error] [Core] [Login] Login Error,ErrCode:  3  ErrMsg: 
12-18 12:00:05 [warn] 请扫描下面的二维码，然后在手Q上授权登录：
12-18 12:00:05 [warn] 

▄▄▄▄▄▄▄▄▄▄▄▄▄▄▄▄▄▄▄▄▄▄▄▄▄▄▄▄▄▄▄▄▄▄▄
█ ▄▄▄▄▄ █▄▄▄ ▀▄██  █▀▀█▄███ ▄▄▄▄▄ █
█ █   █ ██▄▀ █ ▀▄▄▀▄   █▄▄█ █   █ █
█ █▄▄▄█ ██▀▄ ▄████▄▄▄▀▄█▀ █ █▄▄▄█ █
█▄▄▄▄▄▄▄█ ▀▄█ ▀ █ █▄▀ █ ▀ █▄▄▄▄▄▄▄█
█▄▄▀ ▄█▄▀▀▄▀█▄██▀▀▀▀▀█▀▀▄▄█▄▀▀█▀▀▄█
█ ▀ █ █▄ ▀▄██▄█▄ █▀▄█▀██ ▄▀  ▄▀▀▄▄█
█▄█ ▄▀▄▄██  █▀▀▄   █▄▀ ▀▄█▀▄▄███▄▄█
██▀▀ ▀█▄▄▄▄██▀▄▀ ▄█▄ ▄█ ▀▄▀▄█ █▀█▀█
█ ██▄▀▄▄█ ▄▄ ▄▄  ▀▀▀█▀▄ ▄▄▄ ▀ ▄█  █
██▄ ██ ▄██▄▀▀▄  ▄ ▄▄▄▀▄█▄██▀█▄█▀▀ █
█  ▄▀█▀▄▄█▀▄▄▀██ █▀▀ ▄▄█ ▀▄█▀▀▀█▀██
█ █▀▀▀█▄▄▄▀▀ ▀█ ▄▀▀ ▀▄█▄▄▀ ▀ ▄█▀▄▄█
█▄▄▄███▄▄▀ █▄▄▀▄█ ▀▀█ ▀▄█ ▄▄▄ ▀▀ ██
█ ▄▄▄▄▄ ██ ▄ ▄█  █▄█ ▀▄█  █▄█ ▀ █▀█
█ █   █ █ █▄▀ ▄  ██▄ ▀██▄▄ ▄▄▄▀█▄▄█
█ █▄▄▄█ █▀▀▀▄▄   ▄▄▄▄▄▄▀▀█▀▀▄   ▀ █
█▄▄▄▄▄▄▄█▄▄▄████▄█▄█▄████▄▄█▄█▄████

二维码解码URL: https://txz.qq.com/p?k=fTJ3iekZDW-5fz*sW5ilvgKYaJo9rgHt&f=1600001604
如果控制台二维码无法扫码，可以复制解码url到二维码生成网站生成二维码再扫码，也可以打开下方的二维码路径图片进行扫码。
12-18 12:00:05 [warn] 二维码已保存到 C:\Users\Administrator\Desktop\bot\napcat.29927.onekey\versions\9.9.16-29927\resources\app\napcat\cache\qrcode.png
12-18 12:02:05 [error] [Core] [Login] Login Error,ErrCode:  3  ErrMsg: 
12-18 12:02:05 [warn] 请扫描下面的二维码，然后在手Q上授权登录：
12-18 12:02:05 [warn] 

▄▄▄▄▄▄▄▄▄▄▄▄▄▄▄▄▄▄▄▄▄▄▄▄▄▄▄▄▄▄▄▄▄▄▄
█ ▄▄▄▄▄ █▄▄▄ ▀▄██ ▄█▀▀▄██▄█ ▄▄▄▄▄ █
█ █   █ ██▄▀ █ ▀▄▄▀█ ▀ ██ █ █   █ █
█ █▄▄▄█ ██▀▄ ▄████▀▀▄▀▀█ ██ █▄▄▄█ █
█▄▄▄▄▄▄▄█ ▀▄█ ▀ █ █▄▀▄█ ▀ █▄▄▄▄▄▄▄█
█▄ █ ▄▀▄▀█▄▀█▄██▀▀▄▄▀▀▄█ ▄█▄▀▀█▀▀▄█
██▄▀▀▄▀▄  ▄██▄█▄ █▀▀▀ ▄▄ ▄▀  ▄▀▀▄▄█
██  █▀█▄▀ ▄ █▀▀▄  █▄ ▄██ ▄▀▄▄███▄▄█
█▀▀█ █▀▄ ▀▄██▀▄▀ ▄█ ▄▄▄▀█ ▀▄█ █▀█▀█
██▀█▄ ▄▄ █ ▄ ▄▄  ▀ ▀▀▀▀ ██▄ ▀ ▄█  █
██▀▀ █ ▄  ▀▀▀▄   ███ ▄█▄▄██▀█▄█▀▀ █
█▀ ▀█  ▄▀█  ▄▀██ █ ▀██ ▀ ▀▄█▀▀▀█▀██
█ ██▄▄█▄█ ██ ▀█ ▄▀  ▀██▀▄▀ ▀ ▄█▀▄▄█
█▄▄█▄▄█▄█▀▄ ▄▄▀▄▀  █▄▄ ██ ▄▄▄ ▀▀ ██
█ ▄▄▄▄▄ ██   ▄█   ▄ ▄ ▄   █▄█ ▀ █▀█
█ █   █ █ ▀ ▀ ▄ ▄█ ▀▀█  ▄▄ ▄▄▄▀█▄▄█
█ █▄▄▄█ █▀█▀▄▄   ▀█  ▄▄▀▀█▀▀▄   ▀ █
█▄▄▄▄▄▄▄█▄███████▄▄██████▄▄█▄█▄████

二维码解码URL: https://txz.qq.com/p?k=xdkA1oUdjJHMl1cLuF-huy60GhZBoBhs&f=1600001604
如果控制台二维码无法扫码，可以复制解码url到二维码生成网站生成二维码再扫码，也可以打开下方的二维码路径图片进行扫码。
12-18 12:02:05 [warn] 二维码已保存到 C:\Users\Administrator\Desktop\bot\napcat.29927.onekey\versions\9.9.16-29927\resources\app\napcat\cache\qrcode.png
12-18 12:04:07 [error] [Core] [Login] Login Error,ErrCode:  3  ErrMsg: 
12-18 12:04:08 [warn] 请扫描下面的二维码，然后在手Q上授权登录：
12-18 12:04:08 [warn] 

▄▄▄▄▄▄▄▄▄▄▄▄▄▄▄▄▄▄▄▄▄▄▄▄▄▄▄▄▄▄▄▄▄▄▄
█ ▄▄▄▄▄ █▄▄▄ ▀▄██ ▄▄▀█▄▀█▄█ ▄▄▄▄▄ █
█ █   █ ██▄▀ █ ▀▄▄█▄▄█  ▄██ █   █ █
█ █▄▄▄█ ██▀▄ ▄█████ ▄ █ ▀▄█ █▄▄▄█ █
█▄▄▄▄▄▄▄█ ▀▄█ ▀ █ █▄█ █ █▄█▄▄▄▄▄▄▄█
█▄ ▀▄ ▀▄█▀▄▀█▄██▀▀▄▄  ██▄▄█▄▀▀█▀▀▄█
██▄█▄█▀▄█▄▄██▄█▄ █ ▄▀ █▄▄▀▀  ▄▀▀▄▄█
█▀▀█  ▄▄█▀▄ █▀▀▄  █▀█▄█ ▄█▀▄▄███▄▄█
█▀  ▀▀▄▄ █▀▀█▀▄▀ ▄▄ ▄▄█ █ ▀▄█ █▀█▀█
██ ██ ▀▄▀█▀  ▄▄  ▀▄▀  █▄██▄ ▀ ▄█  █
███ ▄▀▀▄▄██ ▀▄  ▄███ ██▄▄██▀█▄█▀▀ █
█  █▀▀▄▄▄█ ▄▄▀███▄▄█ ▄▄▀ ▀▄█▀▀▀█▀██
█ ██▄▀█▄ █   ▀█ ▄▀  ▀▀█ ▄▀ ▀ ▄█▀▄▄█
█▄▄▄███▄▄   ▄▄▀▄ █ ▀▀▄ ██ ▄▄▄ ▀▀ ██
█ ▄▄▄▄▄ ███  ▄█  ▄▄█  █▀  █▄█ ▀ █▀█
█ █   █ █ █▄▀ ▄ ▄█▀█   ▄▄▄ ▄▄▄▀█▄▄█
█ █▄▄▄█ █▀ █▄▄  ▄▀█ ▄ ▄ ▀█▀▀▄   ▀ █
█▄▄▄▄▄▄▄█▄▄█████▄█▄▄▄████▄▄█▄█▄████

二维码解码URL: https://txz.qq.com/p?k=xSM749w2rFNYbkOumn31dK1bOpOr5F0I&f=1600001604
如果控制台二维码无法扫码，可以复制解码url到二维码生成网站生成二维码再扫码，也可以打开下方的二维码路径图片进行扫码。
12-18 12:04:08 [warn] 二维码已保存到 C:\Users\Administrator\Desktop\bot\napcat.29927.onekey\versions\9.9.16-29927\resources\app\napcat\cache\qrcode.png
12-18 12:06:08 [error] [Core] [Login] Login Error,ErrCode:  3  ErrMsg: 
12-18 12:06:08 [warn] 请扫描下面的二维码，然后在手Q上授权登录：
12-18 12:06:08 [warn] 

▄▄▄▄▄▄▄▄▄▄▄▄▄▄▄▄▄▄▄▄▄▄▄▄▄▄▄▄▄▄▄▄▄▄▄
█ ▄▄▄▄▄ █▄▄▄ ▀▄██ ▄▄▀▀▄▀███ ▄▄▄▄▄ █
█ █   █ ██▄▀ █ ▀▄▄▀▀▄▄▄▄ ▀█ █   █ █
█ █▄▄▄█ ██▀▄ ▄████▄▀██▄ ▀██ █▄▄▄█ █
█▄▄▄▄▄▄▄█ ▀▄█ ▀ █ █▄█ █ █▄█▄▄▄▄▄▄▄█
█ ▄▀  █▄█▀▄▀█▄██▀▀██▀▀ █▀▄█▄▀▀█▀▀▄█
████ █▄▄█▀▄██▄█▄ █ ▄▀ █▀▄█▀  ▄▀▀▄▄█
█ ▄▀▄▀▄▄▄█▄ █▀▀▄  ▀█▄▄▀█ █▀▄▄███▄▄█
█▄▀██▄▄▄ ▀ ▄█▀▄▀ ▄█▄ ▀█▀▀▄▀▄█ █▀█▀█
█  ▄▄▄█▄▀▀▄  ▄▄  ▀▄▀▄ ▄ █▄▄ ▀ ▄█  █
█▄ ▀▄▄▀▄▀ █▀▀▄    █▄▄▄▄ ▄██▀█▄█▀▀ █
█  ▄█▄█▄▀ ██▄▀██ ▄████▄▀ ▀▄█▀▀▀█▀██
█ █ ▄█▀▄ ▀██ ▀█   ▀ █ █▄▄▀ ▀ ▄█▀▄▄█
█▄▄█▄█▄▄█ ▄▄▄▄▀▄▀ ▄█▄▀█▀█ ▄▄▄ ▀▀ ██
█ ▄▄▄▄▄ ██ █ ▄█  ▀▄▄▄▄▄▀  █▄█ ▀ █▀█
█ █   █ █ ▀ ▀ ▄   ▀▄█▀▀ ▄▄ ▄▄▄▀█▄▄█
█ █▄▄▄█ █▀ ▀▄▄  ▄▄█▄▄ █ ▀█▀▀▄   ▀ █
█▄▄▄▄▄▄▄█▄█▄████▄█▄▄▄████▄▄█▄█▄████

二维码解码URL: https://txz.qq.com/p?k=nweotQZnAGtkbU4NJf*Te3QyKRS303kf&f=1600001604
如果控制台二维码无法扫码，可以复制解码url到二维码生成网站生成二维码再扫码，也可以打开下方的二维码路径图片进行扫码。
12-18 12:06:08 [warn] 二维码已保存到 C:\Users\Administrator\Desktop\bot\napcat.29927.onekey\versions\9.9.16-29927\resources\app\napcat\cache\qrcode.png
12-18 12:08:11 [error] [Core] [Login] Login Error,ErrCode:  3  ErrMsg: 
12-18 12:08:11 [warn] 请扫描下面的二维码，然后在手Q上授权登录：
12-18 12:08:11 [warn] 

▄▄▄▄▄▄▄▄▄▄▄▄▄▄▄▄▄▄▄▄▄▄▄▄▄▄▄▄▄▄▄▄▄▄▄
█ ▄▄▄▄▄ █▀ █▀▀▀ ▀▀███▄ ▄▄ █ ▄▄▄▄▄ █
█ █   █ █▀ ▄ █▀█ ▀▀▄█▄▄▀  █ █   █ █
█ █▄▄▄█ █▀█ █▄█▄▀▀▄▀█  ▄█▀█ █▄▄▄█ █
█▄▄▄▄▄▄▄█▄█▄█ █▄▀ █ ▀▄▀ ▀ █▄▄▄▄▄▄▄█
█   ▄▄▀▄   ▄█▄▄▀█▄▀▀▀    █▄▀▄█▄▀ ▀█
█ ▄▄ ▀█▄ ▄ ▀ ▄██▄▀████▀██▀▀▀▄ ▄▀▄██
███▄▀▀ ▄█▄ ▀▄▀▄▀▄▀▀▀ ▀█▄ ▄▄▀ ▄▄█▀▀█
██▀ ▀▀ ▄ ▄███▀██▄▀█▄█▄▀ ██  ▀██▀▄██
█ ▀█  █▄▀█▄▄█▄▄▀▄█▄▀ ▀▀▄▄▄▄▀█▄▀█ ▀█
█  ▄▀█▀▄▀██▀ ▄██▄▀▄▄▀▄▀ ██ ▄▀█▄▀▄██
█ ██▄ █▄ █▄█▄▀▄▀▀▀  ▀▀▄▄ ▀█▀█▄▀█ ▀█
█ █▀█▀▄▄▄▄█ █▀█▀▄█▄ ▀▀ █▀▀  ▄  ▀▄██
█▄███▄█▄█▀▀ █▄▄▀█▀▀█▀ █ ▄ ▄▄▄  ▀█ █
█ ▄▄▄▄▄ █▄ ▀ ▄▄▄▄▄▄ ▀▄ ▀  █▄█ ▀ ▄██
█ █   █ █ ▀ ▄ ▄▀  ██▀ █ ▀▄ ▄  ▄█▄██
█ █▄▄▄█ █  ██▄██ █▄▄▀▀▀█ █▄▄ ▀▀ ▄██
█▄▄▄▄▄▄▄█▄▄███▄██▄▄▄█▄█▄█▄██▄▄▄█▄██

二维码解码URL: https://txz.qq.com/p?k=MizJ0qRogHyzvsvcihsDTxMIc*ZS8SjN&f=1600001604
如果控制台二维码无法扫码，可以复制解码url到二维码生成网站生成二维码再扫码，也可以打开下方的二维码路径图片进行扫码。
12-18 12:08:11 [warn] 二维码已保存到 C:\Users\Administrator\Desktop\bot\napcat.29927.onekey\versions\9.9.16-29927\resources\app\napcat\cache\qrcode.png
12-18 12:10:13 [error] [Core] [Login] Login Error,ErrCode:  3  ErrMsg: 
12-18 12:10:13 [warn] 请扫描下面的二维码，然后在手Q上授权登录：
12-18 12:10:13 [warn] 

▄▄▄▄▄▄▄▄▄▄▄▄▄▄▄▄▄▄▄▄▄▄▄▄▄▄▄▄▄▄▄▄▄▄▄
█ ▄▄▄▄▄ ██▄▄ ▀ ▀█  ▀█ ▀ █▀█ ▄▄▄▄▄ █
█ █   █ █▀▄  █▀▀▄█▀▄▄▄ ▄█▄█ █   █ █
█ █▄▄▄█ █▄▀ █▄█▄█▀ ▄▄  ▄▄▀█ █▄▄▄█ █
█▄▄▄▄▄▄▄█▄▀▄█ █▄█ █ █▄█ ▀▄█▄▄▄▄▄▄▄█
█  ▀▀▀▄▄▄█▄ █▄▄█▀ ▄▀▀█▀▄▀▀██▀ ▄▀▀██
███   █▄█▄▄▀ ▄██ ▀█▀█▀███▀▀▀  ▄▀▄██
█ ██ ██▄▄▀▄ █▀█    ▀▄ ▀████ ▄███  █
█▀ ▀▀ ▄▄▀▄ ▀█▀█▀ █▄▀▀████▄ ▄█▀█▀▄▀█
█▄▄▄█ █▄▄█▀██▄▄▀ █▀██▀ ▄▀▀▄▀▀▄▀█ ▀█
██▄▄▀ █▄▀▄▀▀▀▄▄▄ ▀▄ ▄▄▄▀▄█▀██▄█▀█▄█
█ █▄▀▀▀▄ ▀ █▄▀▄█▄▄█▀█▄█  ▀██▀ ▀█ ██
█ █▀▄ █▄█▀▄ █▀█▀▄▀▄▄█▄▄▄▀▀     ▀▄██
█▄▄█▄▄█▄▄ ▄▀▄▄█ ▀ ▀█▀ ▀██ ▄▄▄ ▀▀▄▀█
█ ▄▄▄▄▄ █ ▄  ▄▄  ▀█▄▀ ▄   █▄█ ▀ ▄▀█
█ █   █ ██▀▄▄ ▄▀▄▀ ▀▀▀▄▄▀▄ ▄▄ ▄█▄██
█ █▄▄▄█ █▀▄▀▄▄▄▄ ▀██▄▀▄ ▀███▄   █▄█
█▄▄▄▄▄▄▄█▄████▄█▄▄▄██▄█▄█▄██▄▄▄█▄██

二维码解码URL: https://txz.qq.com/p?k=4Y6poszkMdlAuciPFDaw2ndNXCyowBlW&f=1600001604
如果控制台二维码无法扫码，可以复制解码url到二维码生成网站生成二维码再扫码，也可以打开下方的二维码路径图片进行扫码。
12-18 12:10:13 [warn] 二维码已保存到 C:\Users\Administrator\Desktop\bot\napcat.29927.onekey\versions\9.9.16-29927\resources\app\napcat\cache\qrcode.png
12-18 12:12:15 [error] [Core] [Login] Login Error,ErrCode:  3  ErrMsg: 
12-18 12:12:15 [warn] 请扫描下面的二维码，然后在手Q上授权登录：
12-18 12:12:15 [warn] 

▄▄▄▄▄▄▄▄▄▄▄▄▄▄▄▄▄▄▄▄▄▄▄▄▄▄▄▄▄▄▄▄▄▄▄
█ ▄▄▄▄▄ █▄▄███▀▄█▀███▄   ▄█ ▄▄▄▄▄ █
█ █   █ █ ▀█ ▄ █▀ ▀▄▄▀▀▀  █ █   █ █
█ █▄▄▄█ █▄ ▄▄▀▀█▄███▀▀ ▀█▄█ █▄▄▄█ █
█▄▄▄▄▄▄▄█▄▀▄▀▄█ █ ▀▄▀▄█ █▄█▄▄▄▄▄▄▄█
█ ▄ ▄█▀▄▀▄▀████▀▄█ ▀█▀▀▀ ▄▄▀█▄▄ ▀ █
██ ▀   ▄█▀██▀▀▀▄▀███▀▀▄▄▄▀█ ▀▄█▄ ▄█
█▀▀█▄  ▄▄█▄▀ █▄█ ▀▀█ ▀▄ ▄ ▄█▄▄ ▀▀██
█▀▀█▀ █▄█▀▀ █ ▄██ ▄█▄ ▀▀█ ▀  ▄█ ███
█▀▄▀ ██▄▀██ ▄▀  ▀▀▄▄  █▄▀▀      ▄ █
█▀██▄▀ ▄ ▀▄ ▄ █▀ █ ▀█▄▄█▀▀  ██ █▄▀█
█ █▀▀█ ▄███▀▄ █▀██  █▀▀█  ▄▀▄█▀▄▀▀█
██▀█▀▀█▄ █▄▀▄▄▀ █ ▄█▀▀▄█ ▄▄▀▀▄▀▄ ▄█
█▄█████▄█ ▄▀▀ ▄█ ▄█▀ ▀▀█  ▄▄▄ ▄██▄█
█ ▄▄▄▄▄ ██   ██▄█▄▄▀ █▀▀  █▄█ ▀▀███
█ █   █ █▀▄▀██  ▀  ▄▄▀▄   ▄▄▄▄█  ▄█
█ █▄▄▄█ █ ▀▀▀ █▀ ▀  █▀█ ▄▀▄ ▄▀█▄▄▀█
█▄▄▄▄▄▄▄█▄▄██▄██▄▄█▄▄▄▄▄██▄███▄▄███

二维码解码URL: https://txz.qq.com/p?k=ilzn7KWUPC-g0z-MM-OQSh*CGhZKN212&f=1600001604
如果控制台二维码无法扫码，可以复制解码url到二维码生成网站生成二维码再扫码，也可以打开下方的二维码路径图片进行扫码。
12-18 12:12:15 [warn] 二维码已保存到 C:\Users\Administrator\Desktop\bot\napcat.29927.onekey\versions\9.9.16-29927\resources\app\napcat\cache\qrcode.png
12-18 12:14:17 [error] [Core] [Login] Login Error,ErrCode:  3  ErrMsg: 
12-18 12:14:18 [warn] 请扫描下面的二维码，然后在手Q上授权登录：
12-18 12:14:18 [warn] 

▄▄▄▄▄▄▄▄▄▄▄▄▄▄▄▄▄▄▄▄▄▄▄▄▄▄▄▄▄▄▄▄▄▄▄
█ ▄▄▄▄▄ █▄▄███▀▄█▀▄█▄▄▄▄  █ ▄▄▄▄▄ █
█ █   █ █ ▀█ ▄ █▀ ▀██ ▀▀▄ █ █   █ █
█ █▄▄▄█ █▄ ▄▄▀▀█▄█  ▀▀ ██▄█ █▄▄▄█ █
█▄▄▄▄▄▄▄█▄▀▄▀▄█ █ ▀▄▀ █ ▀▄█▄▄▄▄▄▄▄█
█▄  ▄▀▀▄▀ ▀████▀▄█▄  ▄▀▀▀ ▄▀█▄▄ ▀ █
█▄  ▀▀▄▄█ ██▀▀▀▄▀██▀▀▄█▄▄▀█ ▀▄█▄ ▄█
█▄█ ▀██▄▄█ ▀ █▄█ ▀▄█ ▄▀ ▄ ▄█▄▄ ▀▀██
███▄ ▀█▄█▄▀██ ▄██ ▄ ▄█▀▄▀▄▀  ▄█ ███
██▀ █  ▄▀▄  ▄▀  ▀▀ ▄▄▀█▄▀▀      ▄ █
█▄▄ ▀█▀▄▀  ▀▄ █▀▄▀▀█▀ █▄▀▀  ██ █▄▀█
█ ▄ ██▀▄▄ █▀▄ █▀▀▀▀▄  ▄█  ▄▀▄█▀▄▀▀█
██▀ █▀▀▄██▀█▄▄▀ █▄▄██▀██ ▄▄▀▀▄▀▄ ▄█
█▄████▄▄▄▀▀█▀ ▄█▀▀▄▄▄██   ▄▄▄ ▄██▄█
█ ▄▄▄▄▄ ██▀▄ ██▄█ █▄ █▀▄  █▄█ ▀▀███
█ █   █ █▀ ▄██  ▀█▀▄  █▄  ▄▄▄▄█  ▄█
█ █▄▄▄█ █ ▄ ▀ █▀▄▀▀██▀▄▄▄▀▄ ▄▀█▄▄▀█
█▄▄▄▄▄▄▄█▄▄██▄████▄███████▄███▄▄███

二维码解码URL: https://txz.qq.com/p?k=ol0g1OUxVipTHJOsxx3WzvcnLX-l4fmT&f=1600001604
如果控制台二维码无法扫码，可以复制解码url到二维码生成网站生成二维码再扫码，也可以打开下方的二维码路径图片进行扫码。
12-18 12:14:18 [warn] 二维码已保存到 C:\Users\Administrator\Desktop\bot\napcat.29927.onekey\versions\9.9.16-29927\resources\app\napcat\cache\qrcode.png
12-18 12:16:20 [error] [Core] [Login] Login Error,ErrCode:  3  ErrMsg: 
12-18 12:16:20 [warn] 请扫描下面的二维码，然后在手Q上授权登录：
12-18 12:16:20 [warn] 

▄▄▄▄▄▄▄▄▄▄▄▄▄▄▄▄▄▄▄▄▄▄▄▄▄▄▄▄▄▄▄▄▄▄▄
█ ▄▄▄▄▄ ██▄▄ ▀ ▀█  ▄█▀▄████ ▄▄▄▄▄ █
█ █   █ █▀▄  █▀▀▄█▀█▄ ▄█▀▀█ █   █ █
█ █▄▄▄█ █▄▀ █▄█▄█▀▄▀▄ ▄ █▀█ █▄▄▄█ █
█▄▄▄▄▄▄▄█▄▀▄█ █▄█ █ ▀ █▄▀ █▄▄▄▄▄▄▄█
█▄▄▀██ ▄ █▄ █▄▄█▀ ▄▄▀ █▄ ▄██▀ ▄▀▀██
█  ▀▄  ▄▄▄▄▀ ▄██ ▀▄ █ ▄ ██▀▀  ▄▀▄██
█▀█ ▄█▀▄▄▄  █▀█    ▀▄▀▀█▄▄█ ▄███  █
█▀███ ▀▄█ ▄▄█▀█▀ █▄█▀██▄█▀ ▄█▀█▀▄▀█
█▄█ ██ ▄█  ██▄▄▀ ███ ▀▀  ▄▄▀▀▄▀█ ▀█
██▄▄█▀█▄  █▀▀▄▄▄ ▀▄▀▄▄▄▄▄█▀██▄█▀█▄█
█▀ ▀ ▄▀▄▀█ ▄▄▀▄█ ▄ ▀▄▄██ ▀██▀ ▀█ ██
█ █▀█▀█▄█  ██▀█▀ ▄█ ██▄█▀▀     ▀▄██
█▄▄█▄█▄▄█ ██▄▄█ ▀ ▄█▀ ▀██ ▄▄▄ ▀▀▄▀█
█ ▄▄▄▄▄ █ ▀█ ▄▄ ▄▀▄▄▀██▀  █▄█ ▀ ▄▀█
█ █   █ ██▀▀▄ ▄▀▄ ██ ▀█ ▀▄ ▄▄ ▄█▄██
█ █▄▄▄█ █▀█ ▄▄▄▄▄▀▄▄ ▀█ ▀███▄   █▄█
█▄▄▄▄▄▄▄█▄▄▄██▄███▄███▄▄█▄██▄▄▄█▄██

二维码解码URL: https://txz.qq.com/p?k=iEjMpTuox0jsGnhXnU7ggx2OThSQmPkw&f=1600001604
如果控制台二维码无法扫码，可以复制解码url到二维码生成网站生成二维码再扫码，也可以打开下方的二维码路径图片进行扫码。
12-18 12:16:20 [warn] 二维码已保存到 C:\Users\Administrator\Desktop\bot\napcat.29927.onekey\versions\9.9.16-29927\resources\app\napcat\cache\qrcode.png
12-18 12:18:20 [error] [Core] [Login] Login Error,ErrCode:  3  ErrMsg: 
12-18 12:18:20 [warn] 请扫描下面的二维码，然后在手Q上授权登录：
12-18 12:18:20 [warn] 

▄▄▄▄▄▄▄▄▄▄▄▄▄▄▄▄▄▄▄▄▄▄▄▄▄▄▄▄▄▄▄▄▄▄▄
█ ▄▄▄▄▄ █▄▄███▀▄█▀  ▄█ ▄▀▀█ ▄▄▄▄▄ █
█ █   █ █ ▀█ ▄ █▀ █▄▀▄█▀█ █ █   █ █
█ █▄▄▄█ █▄ ▄▄▀▀█▄███ ▀█▄▄ █ █▄▄▄█ █
█▄▄▄▄▄▄▄█▄▀▄▀▄█ █ ▀▄▀ █ ▀ █▄▄▄▄▄▄▄█
█   ▄▀▀▄█▄▀████▀▄█▄██▀▀▀ █▄▀█▄▄ ▀ █
█▄█▀▄▀▀▄ ███▀▀▀▄▀█▄ ▀██▀ ▄█ ▀▄█▄ ▄█
█▄ █  ▀▄▄ ▄▀ █▄█ ▀▀█▄██ █ ▄█▄▄ ▀▀██
█  █▀▀ ▄▄▄▄▄█ ▄██ ██▄█ ██▀▀  ▄█ ███
█▀ ███▀▄▀  ▄▄▀  ▀▀▄▄▀▀▄▄█▀      ▄ █
█▄█ ▄▄█▄ ▀██▄ █▀▄  ▀▀▀▄▀▀▀  ██ █▄▀█
█    █ ▄▀ ▄▀▄ █▀▀▀█▄█  █  ▄▀▄█▀▄▀▀█
██▀▀▄▀▀▄██▄▀▄▄▀ █▄▄ ▀ ▄  ▄▄▀▀▄▀▄ ▄█
█▄███▄▄▄▄▀ ▀▀ ▄█▀█▄█ ██▄  ▄▄▄ ▄██▄█
█ ▄▄▄▄▄ ███  ██▄▀▄▄▀ ▀▀█  █▄█ ▀▀███
█ █   █ █▀ ███  ▄▄▄▄▀ █   ▄▄▄▄█  ▄█
█ █▄▄▄█ █  ▄▀ █▀▄▄▀█▀██▀▄▀▄ ▄▀█▄▄▀█
█▄▄▄▄▄▄▄█▄█▄█▄██▄█▄▄▄▄▄███▄███▄▄███

二维码解码URL: https://txz.qq.com/p?k=HcmESuPvqfdCvFlZPIKo-H5AGUjDyX-U&f=1600001604
如果控制台二维码无法扫码，可以复制解码url到二维码生成网站生成二维码再扫码，也可以打开下方的二维码路径图片进行扫码。
12-18 12:18:20 [warn] 二维码已保存到 C:\Users\Administrator\Desktop\bot\napcat.29927.onekey\versions\9.9.16-29927\resources\app\napcat\cache\qrcode.png
12-18 12:20:23 [error] [Core] [Login] Login Error,ErrCode:  3  ErrMsg: 
12-18 12:20:23 [warn] 请扫描下面的二维码，然后在手Q上授权登录：
12-18 12:20:23 [warn] 

▄▄▄▄▄▄▄▄▄▄▄▄▄▄▄▄▄▄▄▄▄▄▄▄▄▄▄▄▄▄▄▄▄▄▄
█ ▄▄▄▄▄ █ ██▀▀▄█▄▀▀▄▀▀█ ███ ▄▄▄▄▄ █
█ █   █ █  ▀█ ▀█ ▄▄██▄▄ ▀██ █   █ █
█ █▄▄▄█ █▀  █▄ ▀▄▀██▀█ ██▀█ █▄▄▄█ █
█▄▄▄▄▄▄▄█▄█ ▀▄█▄▀▄▀▄▀▄▀ █ █▄▄▄▄▄▄▄█
█▄▄▀▀  ▄▀██▄█▄▀▄ ▄ ▀ █▄ █▄▀█ █▄ ▄▄█
█▄▀█▄█▀▄ █ ▄█▀██▄▄ ▀▀▄ ▀▄▀▀▀▄█▀▄▄██
█ ▄██▀ ▄ ▄█▀▄▀▀▄▀▀▀▀▄▄█ █▄▀▄█▄▄█▄▄█
█▀ ▀▄█▀▄ ▄▄█ ▄██▄▄▀▀▀█ █ █  ▀  ▄▄██
█▄█▄ █▀▄▀█▄▄█▄▀▄▀█▄█▄▀█ ▄█▀▄ ▄▀██▄█
██ ▀  ▀▄▀█▀▄█▀██  ▀ █▄ ▀   ▄▀ ▀▄▄██
█▀▀▄▀ ▄▄▀▄ █▄▀▀▄▄ ▄███ ▄ ▀ ▄ ▄▀██▄█
███▀ ▀█▄ ██▄ ▄█▀▄█ ▄▀ ▀▀▄▄  ▄██▄▄██
█▄▄▄▄▄█▄█  ██▄▀▄▀▄█▀▄▀▄▄▄ ▄▄▄  ▀ ██
█ ▄▄▄▄▄ █▀ ▄█▀▄▄ ▀ ▀▀▀ ▀█ █▄█ ▄█▄██
█ █   █ █▄ █▄ ▀▄█▀██▄▀█ ▀▄▄ ▄ ▄█▀ █
█ █▄▄▄█ █▀▄█ ▀██ █▀▄█▄▀▀█ ▄▄ ▄▄█▄██
█▄▄▄▄▄▄▄█▄▄████▄▄███▄█▄▄█▄▄▄█▄▄██▄█

二维码解码URL: https://txz.qq.com/p?k=XFFCT*tUTndVq67y2cSdf4iKwtAVMA7X&f=1600001604
如果控制台二维码无法扫码，可以复制解码url到二维码生成网站生成二维码再扫码，也可以打开下方的二维码路径图片进行扫码。
12-18 12:20:23 [warn] 二维码已保存到 C:\Users\Administrator\Desktop\bot\napcat.29927.onekey\versions\9.9.16-29927\resources\app\napcat\cache\qrcode.png
12-18 12:22:23 [error] [Core] [Login] Login Error,ErrCode:  3  ErrMsg: 
12-18 12:22:23 [warn] 请扫描下面的二维码，然后在手Q上授权登录：
12-18 12:22:23 [warn] 

▄▄▄▄▄▄▄▄▄▄▄▄▄▄▄▄▄▄▄▄▄▄▄▄▄▄▄▄▄▄▄▄▄▄▄
█ ▄▄▄▄▄ █▄▄▄ ▀▄██    ▀ ▀█▀█ ▄▄▄▄▄ █
█ █   █ ██▄▀ █ ▀▄▄▀▄▀ ▄█▄ █ █   █ █
█ █▄▄▄█ ██▀▄ ▄████▄ ▄▀▀▀ ██ █▄▄▄█ █
█▄▄▄▄▄▄▄█ ▀▄█ ▀ █ █▄█▄█ █ █▄▄▄▄▄▄▄█
█  █▄▄▀▄██▄▀█▄██▀▀▀█ ▄ ████▄▀▀█▀▀▄█
█▄▄███▀▄▀ ▄██▄█▄ █ ▄▀█▄▀▄▄▀  ▄▀▀▄▄█
█▀▀▀ ▀▀▄█▄▄ █▀▀▄   ▀▀▄ █ ▄▀▄▄███▄▄█
██ ▄▀▄▀▄▀▀▀██▀▄▀ ▄█▄▄▀█▀██▀▄█ █▀█▀█
█▀▀██▀▀▄█    ▄▄  ▀▀█▄ ██▀▄▄ ▀ ▄█  █
█▄█▀▀▄ ▄██▄▀▀▄   ▄▄█  █▄▄██▀█▄█▀▀ █
█ ▄██ ▀▄▀ ▀█▄▀████ ▀▄▄██ ▀▄█▀▀▀█▀██
█ █▀▀█▀▄  ▄█ ▀█  ▀ ███▄ ▄▀ ▀ ▄█▀▄▄█
█▄▄▄▄▄▄▄▄ ▀▀▄▄▀▄ █▄█ ▄█▀█ ▄▄▄ ▀▀ ██
█ ▄▄▄▄▄ ██ ▀ ▄█ ▄▀█  ▀█▄  █▄█ ▀ █▀█
█ █   █ █  ▄▀ ▄ █▄ █▀▀██▄▄ ▄▄▄▀█▄▄█
█ █▄▄▄█ █▀█ ▄▄  ▄█▄ ▄▄▄▄▀█▀▀▄   ▀ █
█▄▄▄▄▄▄▄█▄████████▄▄██▄██▄▄█▄█▄████

二维码解码URL: https://txz.qq.com/p?k=MfQBwKXN2ts0NrAPHKwnBcYIumPP9Y2Z&f=1600001604
如果控制台二维码无法扫码，可以复制解码url到二维码生成网站生成二维码再扫码，也可以打开下方的二维码路径图片进行扫码。
12-18 12:22:23 [warn] 二维码已保存到 C:\Users\Administrator\Desktop\bot\napcat.29927.onekey\versions\9.9.16-29927\resources\app\napcat\cache\qrcode.png
12-18 12:24:25 [error] [Core] [Login] Login Error,ErrCode:  3  ErrMsg: 
12-18 12:24:25 [warn] 请扫描下面的二维码，然后在手Q上授权登录：
12-18 12:24:25 [warn] 

▄▄▄▄▄▄▄▄▄▄▄▄▄▄▄▄▄▄▄▄▄▄▄▄▄▄▄▄▄▄▄▄▄▄▄
█ ▄▄▄▄▄ █▀ █▀▀▀ ▀▀▀▀█▄ █▄▀█ ▄▄▄▄▄ █
█ █   █ █▀ ▄ █▀█ ▀█▄ ▀  ▀▄█ █   █ █
█ █▄▄▄█ █▀█ █▄█▄▀▀▄▄▄▄▀▀▄ █ █▄▄▄█ █
█▄▄▄▄▄▄▄█▄█▄█ █▄▀ █ ▀ ▀▄█ █▄▄▄▄▄▄▄█
█▄    █▄▄  ▄█▄▄▀█▄▄▄▀ ▀▄ ▄▄▀▄█▄▀ ▀█
█▄ ▀ ▀▄▄▀▄ ▀ ▄██▄▀█▄▀▄  ▀█▀▀▄ ▄▀▄██
█▄ ▀ ▄▀▄▄█ ▀▄▀▄▀▄▀▄█▀▄▀▄▀▄▄▀ ▄▄█▀▀█
█▀▀▀▀▀ ▄▀▄  █▀██▄▀▄▀█▄▀█▀▄  ▀██▀▄██
█▄ █▀ █▄█▀▄▄█▄▄▀▄█▀▀▀ ▀▄▀▀▄▀█▄▀█ ▀█
█▄▄ ▀▀▀▄ ▄ ▀ ▄██ █▄▄█ ▀▄██ ▄▀█▄▀▄██
█▀▄▀ ▄█▄█▄▀▄▄▀▄▀█▄▄▄█▀█▄ ▀█▀█▄▀█ ▀█
█ █▄▄ █▄▄█ ▄█▀█▀  ▄ █ ▀▄▀▀  ▄  ▀▄██
█▄█▄▄▄█▄▄▀█▄█▄▄▀▄▀▄▀▀▄▀▀▄ ▄▄▄  ▀█ █
█ ▄▄▄▄▄ █▄ ▀ ▄▄▄▄▀█▀▀ ▀▀  █▄█ ▀ ▄██
█ █   █ █  ▄▄ ▄▀█▀▄▄▀▀ ▄▀▄ ▄  ▄█▄██
█ █▄▄▄█ █ █▀█▄██▄ ▄▄▀▀   █▄▄ ▀▀ ▄██
█▄▄▄▄▄▄▄█▄█▄██▄█▄▄▄▄▄█▄▄█▄██▄▄▄█▄██

二维码解码URL: https://txz.qq.com/p?k=6gh8aLebfn3ENg5Eq3vzRL1vK2d37ne8&f=1600001604
如果控制台二维码无法扫码，可以复制解码url到二维码生成网站生成二维码再扫码，也可以打开下方的二维码路径图片进行扫码。
12-18 12:24:25 [warn] 二维码已保存到 C:\Users\Administrator\Desktop\bot\napcat.29927.onekey\versions\9.9.16-29927\resources\app\napcat\cache\qrcode.png
12-18 12:26:28 [error] [Core] [Login] Login Error,ErrCode:  3  ErrMsg: 
12-18 12:26:28 [warn] 请扫描下面的二维码，然后在手Q上授权登录：
12-18 12:26:28 [warn] 

▄▄▄▄▄▄▄▄▄▄▄▄▄▄▄▄▄▄▄▄▄▄▄▄▄▄▄▄▄▄▄▄▄▄▄
█ ▄▄▄▄▄ █▀▀ ██▀▀ ▄ █▄▀█▀ ▄█ ▄▄▄▄▄ █
█ █   █ █▄▀██▀██▀  ▀ █▀▀▀▄█ █   █ █
█ █▄▄▄█ █ ▄ █  ▀ ▀▀ ▀█▀ ▄▀█ █▄▄▄█ █
█▄▄▄▄▄▄▄█ █ ▀▄█▄▀▄▀▄█▄▀▄▀ █▄▄▄▄▄▄▄█
█▄ █ █▀▄▄█▀█   ▀▄█▀ █ ▄█▄█▀ ▄▄▀▄▄▀█
█▄█▀█▄█▄▄▀▀▀    █▀▄▀▄█▀▄▀█▄▄█ ▄█▀ █
█ ▀▀▄▀█▄█ █▄ █▄ █▄ ██▀▀█  ▄ ▀▀ ▀▀ █
██ ▀███▄▀ ▄▄ █▀██ ▀▀█▄ ▄▄ ▄  ▄ █ ██
█ ▄███▄▄ ▀ ██ ▀▄██▀█ ▄▀ ▀█▀▄▄▄▀▀█▄█
█▄▄█▄▄▄▄ ▀▀█▄ █▄█  ▀█▀  ▀▀ █   █▄▄█
██▄█▄█▄▄ ▄▄ ▀█ ▀▄ ██▀▀ ▀██▀▀▄█▄▀▄▀█
█▄ ███▀▄▄▀▀▀██ ▄█▄▄█▄▄ ▀▀████  █▀ █
█▄█▄██▄▄▄▀ █▀ ▄ ▄▄██▀  █  ▄▄▄ ▄██▀█
█ ▄▄▄▄▄ █▄ ██  ▄▀▄▀▀█ ▀▄█ █▄█ ▄▄ ██
█ █   █ █▀█ ▄▄▀▄█▄██ ▄█▄▀ ▄   ▄▀▀ █
█ █▄▄▄█ █▀█ ▀ █▄█ ▀ ▀▀ ▀▄▀▄█▀▄█▄▄▄█
█▄▄▄▄▄▄▄█▄▄█▄█▄██▄███▄▄▄▄▄██████▄██

二维码解码URL: https://txz.qq.com/p?k=6K5b3UlRRspN7GfECWqcyF7gOnOAb0kj&f=1600001604
如果控制台二维码无法扫码，可以复制解码url到二维码生成网站生成二维码再扫码，也可以打开下方的二维码路径图片进行扫码。
12-18 12:26:28 [warn] 二维码已保存到 C:\Users\Administrator\Desktop\bot\napcat.29927.onekey\versions\9.9.16-29927\resources\app\napcat\cache\qrcode.png
12-18 12:28:28 [error] [Core] [Login] Login Error,ErrCode:  3  ErrMsg: 
12-18 12:28:28 [warn] 请扫描下面的二维码，然后在手Q上授权登录：
12-18 12:28:28 [warn] 

▄▄▄▄▄▄▄▄▄▄▄▄▄▄▄▄▄▄▄▄▄▄▄▄▄▄▄▄▄▄▄▄▄▄▄
█ ▄▄▄▄▄ █▄▄▄ ▀▄██ █▄▀█▄██▀█ ▄▄▄▄▄ █
█ █   █ ██▄▀ █ ▀▄▄█▄█▀ ██▄█ █   █ █
█ █▄▄▄█ ██▀▄ ▄████  █▀ ▀▀ █ █▄▄▄█ █
█▄▄▄▄▄▄▄█ ▀▄█ ▀ █ █▄█▄█ █▄█▄▄▄▄▄▄▄█
█▄ █ ▄▀▄▀█▄▀█▄██▀▀██ ▄█▄▀██▄▀▀█▀▀▄█
██▄▀█▀ ▄ █▄██▄█▄ █▀▀▀██▀▄ ▀  ▄▀▀▄▄█
██ ██▀▀▄    █▀▀▄   ▀ █▀█▄▄▀▄▄███▄▄█
█ ▄▄██ ▄ ▄▀ █▀▄▀ ▄█▀▄ ▄██ ▀▄█ █▀█▀█
█ █▄ ██▄▄█▀█ ▄▄  ▀ █ █▀  █▄ ▀ ▄█  █
█▄▄█   ▄█▄▄▄▀▄   ▄█▄  ▄▄▄██▀█▄█▀▀ █
█▀▀█▀█▄▄█▀██▄▀██ ▄████▄█ ▀▄█▀▀▀█▀██
█ █ ▀ ▄▄█▀▄▄ ▀█    █▀ ▄█▄▀ ▀ ▄█▀▄▄█
█▄▄▄▄██▄▄ █▄▄▄▀▄  ▄█▀▄▀██ ▄▄▄ ▀▀ ██
█ ▄▄▄▄▄ ██▄▄ ▄█ ▄ ▄█▄▀█▀  █▄█ ▀ █▀█
█ █   █ █ █▀▀ ▄  ▄ ▀  █ ▄▄ ▄▄▄▀█▄▄█
█ █▄▄▄█ █▀  ▄▄   ▄██▄▄▄▀▀█▀▀▄   ▀ █
█▄▄▄▄▄▄▄█▄████████████▄██▄▄█▄█▄████

二维码解码URL: https://txz.qq.com/p?k=PBt0qc2mhQneNhNH9SwClAVLSUWGZpcb&f=1600001604
如果控制台二维码无法扫码，可以复制解码url到二维码生成网站生成二维码再扫码，也可以打开下方的二维码路径图片进行扫码。
12-18 12:28:28 [warn] 二维码已保存到 C:\Users\Administrator\Desktop\bot\napcat.29927.onekey\versions\9.9.16-29927\resources\app\napcat\cache\qrcode.png
12-18 12:30:30 [error] [Core] [Login] Login Error,ErrCode:  3  ErrMsg: 
12-18 12:30:30 [warn] 请扫描下面的二维码，然后在手Q上授权登录：
12-18 12:30:30 [warn] 

▄▄▄▄▄▄▄▄▄▄▄▄▄▄▄▄▄▄▄▄▄▄▄▄▄▄▄▄▄▄▄▄▄▄▄
█ ▄▄▄▄▄ █▄▄▄ ▀▄██  █▀ ▄▀▄██ ▄▄▄▄▄ █
█ █   █ ██▄▀ █ ▀▄▄█▄█▀ █▀▄█ █   █ █
█ █▄▄▄█ ██▀▄ ▄█████▄▄▀ █ ██ █▄▄▄█ █
█▄▄▄▄▄▄▄█ ▀▄█ ▀ █ █ █ █▄▀ █▄▄▄▄▄▄▄█
█ ▄▀▄▄█▄█▀▄▀█▄██▀▀  ▀█ █▀▄█▄▀▀█▀▀▄█
█▄ ▄ ▄█▄▀▄▄██▄█▄ █ █▀ █▀  ▀  ▄▀▀▄▄█
████▀ ▄▄▄█  █▀▀▄   ▀▄▄▀███▀▄▄███▄▄█
██▄▀▄  ▄█▀ ▄█▀▄▀ ▄▄▀▄█▄▄▀█▀▄█ █▀█▀█
█▄█▄▀█ ▄▄▀▀▄ ▄▄  ▀▀██ ▀  █▄ ▀ ▄█  █
█▀▄▀▄▀█▄ ▄▄▀▀▄  ▄▄▄  ███▄██▀█▄█▀▀ █
█ ▄▄██▄▄█▄█▀▄▀██▄█▄▀ █▀▀ ▀▄█▀▀▀█▀██
█ █▀ ▄▄▄▄▄▀▀ ▀█ ▄ ▀▄▀█▄█▄▀ ▀ ▄█▀▄▄█
█▄▄████▄█▀█▀▄▄▀▄▀ ▀██▄▀▀█ ▄▄▄ ▀▀ ██
█ ▄▄▄▄▄ ██▀▀ ▄█ ▄██   █   █▄█ ▀ █▀█
█ █   █ █ ▀█▀ ▄ ▄█▄█▀▀▄▄▄▄ ▄▄▄▀█▄▄█
█ █▄▄▄█ █▀▀ ▄▄  ▄▀▄   ▄▀▀█▀▀▄   ▀ █
█▄▄▄▄▄▄▄█▄██████▄███▄▄███▄▄█▄█▄████

二维码解码URL: https://txz.qq.com/p?k=WXcYUfZinizUpskeDfkb6N-NpcxXUEiP&f=1600001604
如果控制台二维码无法扫码，可以复制解码url到二维码生成网站生成二维码再扫码，也可以打开下方的二维码路径图片进行扫码。
12-18 12:30:30 [warn] 二维码已保存到 C:\Users\Administrator\Desktop\bot\napcat.29927.onekey\versions\9.9.16-29927\resources\app\napcat\cache\qrcode.png
12-18 12:32:33 [error] [Core] [Login] Login Error,ErrCode:  3  ErrMsg: 
12-18 12:32:33 [warn] 请扫描下面的二维码，然后在手Q上授权登录：
12-18 12:32:33 [warn] 

▄▄▄▄▄▄▄▄▄▄▄▄▄▄▄▄▄▄▄▄▄▄▄▄▄▄▄▄▄▄▄▄▄▄▄
█ ▄▄▄▄▄ █▀ █▀▀▀ ▀▀  ▄ ▄▄▄ █ ▄▄▄▄▄ █
█ █   █ █▀ ▄ █▀█ ▀▀▄█▄▄▀▄██ █   █ █
█ █▄▄▄█ █▀█ █▄█▄▀▀ ▀█▄▀█▄▄█ █▄▄▄█ █
█▄▄▄▄▄▄▄█▄█▄█ █▄▀ █ █ ▀ ▀▄█▄▄▄▄▄▄▄█
█▄▄▄  ▀▄▄▄ ▄█▄▄▀█▄▄██▀▀▀█▄▄▀▄█▄▀ ▀█
█ ▄▄▀ █▄█▄ ▀ ▄██▄▀▄▀▀█▀▀▀▀▀▀▄ ▄▀▄██
█ ▄ ███▄ ▄▄▀▄▀▄▀▄▀ ▄▄ █▄▄▄▄▀ ▄▄█▀▀█
█▀▀█ ▄▄▄▀▀▀██▀██▄▀█▄▀▄▀▀█   ▀██▀▄██
█▀█▀██ ▄▄  ██▄▄▀▄█▄▄▀ ▀▀ ▄▄▀█▄▀█ ▀█
█▀█    ▄▄▀▄  ▄██  ▄▄▀  ▀██ ▄▀█▄▀▄██
█ █▄▀▀▀▄▀▀█▀▄▀▄▀  ▄▀▄▀▀▄ ▀█▀█▄▀█ ▀█
█ ██ ▀█▄▀█▀▄█▀█▀ ▄▄▀▀█▀▀▀▀  ▄  ▀▄██
█▄█▄█▄▄▄▄▀█ █▄▄▀▄ ███▀▀ ▄ ▄▄▄  ▀█ █
█ ▄▄▄▄▄ █▄▄▄ ▄▄▄ ▄█▄██    █▄█ ▀ ▄██
█ █   █ █ █ ▄ ▄▀  ▀▀▄▀▄▄▀▄ ▄  ▄█▄██
█ █▄▄▄█ █ █ █▄██▄█▄▄▀ ▀▀ █▄▄ ▀▀ ▄██
█▄▄▄▄▄▄▄█▄█▄██▄█▄███▄██▄█▄██▄▄▄█▄██

二维码解码URL: https://txz.qq.com/p?k=hKG62i3k1cuKoHBOsZDEjzv93fQKBQqU&f=1600001604
如果控制台二维码无法扫码，可以复制解码url到二维码生成网站生成二维码再扫码，也可以打开下方的二维码路径图片进行扫码。
12-18 12:32:33 [warn] 二维码已保存到 C:\Users\Administrator\Desktop\bot\napcat.29927.onekey\versions\9.9.16-29927\resources\app\napcat\cache\qrcode.png
