12-16 17:28:52 [info] [NapCat] [Core] NapCat.Core Version: 4.2.27
12-16 17:28:52 [info] 核心登录服务连接成功!
12-16 17:28:52 [error] 快速登录失败，未找到该 QQ 历史登录记录，将使用二维码登录方式
12-16 17:28:52 [info] [NapCat] [WebUi] Current WebUi is not run.
12-16 17:28:54 [warn] 请扫描下面的二维码，然后在手Q上授权登录：
12-16 17:28:54 [warn] 

▄▄▄▄▄▄▄▄▄▄▄▄▄▄▄▄▄▄▄▄▄▄▄▄▄▄▄▄▄▄▄▄▄▄▄
█ ▄▄▄▄▄ █▄▄▄ ▀▄██ █▀ █ ██ █ ▄▄▄▄▄ █
█ █   █ ██▄▀ █ ▀▄▄▀▄▄█▄▄ ▄█ █   █ █
█ █▄▄▄█ ██▀▄ ▄████▀▄▄ ▄  ██ █▄▄▄█ █
█▄▄▄▄▄▄▄█ ▀▄█ ▀ █ █ ▀ █▄▀▄█▄▄▄▄▄▄▄█
█  ▀ ▄▀▄█▀▄▀█▄██▀▀███▄█▄▄▄█▄▀▀█▀▀▄█
█▄▄ ▀▄▄▄▀▀▄██▄█▄ █ ▄█▄▄ ▄█▀  ▄▀▀▄▄█
██▀ █ ▄▄█   █▀▀▄   ▀█▀█▀█▄▀▄▄███▄▄█
█▄██▀▄▄▄▀▀█ █▀▄▀ ▄▄█▄ ▄▀█▀▀▄█ █▀█▀█
█▀ ▀ ▄ ▄█▀██ ▄▄  ▀▀█ ▀█▄█▄▄ ▀ ▄█  █
█▀▀▀▄  ▄▄▄ █▀▄   ███▄▄▄█▄██▀█▄█▀▀ █
█ █▀▀ ▄▄▀▄ ▀▄▀██▀▄ ▀▀█▄▀ ▀▄█▀▀▀█▀██
█ ███▄█▄█▄█▄ ▀█ ▄█▀▄█▀█▄▄▀ ▀ ▄█▀▄▄█
█▄▄▄▄▄▄▄█▀ █▄▄▀▄▀ ▀▀ ▄▀██ ▄▄▄ ▀▀ ██
█ ▄▄▄▄▄ ██ █ ▄█ ▄ █▄ ▄█▀  █▄█ ▀ █▀█
█ █   █ █ ▄▄▀ ▄ █▄▀▄▀▀  ▄▄ ▄▄▄▀█▄▄█
█ █▄▄▄█ █▀█ ▄▄   ▀██ ▀▄█▀█▀▀▄   ▀ █
█▄▄▄▄▄▄▄█▄▄▄█████▄██▄▄█▄█▄▄█▄█▄████

二维码解码URL: https://txz.qq.com/p?k=iOOZ2P4ttGnL1wEny8Y1XlQOwki7OXlk&f=1600001604
如果控制台二维码无法扫码，可以复制解码url到二维码生成网站生成二维码再扫码，也可以打开下方的二维码路径图片进行扫码。
12-16 17:28:54 [warn] 二维码已保存到 C:\Users\Administrator\Desktop\bot\napcat.29927.onekey\versions\9.9.16-29927\resources\app\napcat\cache\qrcode.png
12-16 17:30:56 [error] [Core] [Login] Login Error,ErrCode:  3  ErrMsg: 
12-16 17:30:56 [warn] 请扫描下面的二维码，然后在手Q上授权登录：
12-16 17:30:56 [warn] 

▄▄▄▄▄▄▄▄▄▄▄▄▄▄▄▄▄▄▄▄▄▄▄▄▄▄▄▄▄▄▄▄▄▄▄
█ ▄▄▄▄▄ █▄▄▄ ▀▄██ ▄  ▀ ▀▄██ ▄▄▄▄▄ █
█ █   █ ██▄▀ █ ▀▄▄██▄ ▄▄▄ █ █   █ █
█ █▄▄▄█ ██▀▄ ▄████▀ ███▀▀▀█ █▄▄▄█ █
█▄▄▄▄▄▄▄█ ▀▄█ ▀ █ █▄█▄█▄█▄█▄▄▄▄▄▄▄█
█  ▀  ▀▄██▄▀█▄██▀▀▀▀▄███▀██▄▀▀█▀▀▄█
█ █▀▀▀▀▄  ▄██▄█▄ █▀▄█ ▄ ▄▀▀  ▄▀▀▄▄█
█▄▄▀▄▀▀▄ ▄  █▀▀▄  ▄▀▄▄▀▄ ▀▀▄▄███▄▄█
█▄▄▄  ▄▄ ▄▄ █▀▄▀ ▄██▄ ▄██▄▀▄█ █▀█▀█
█▀█▀█▄█▄  ▀▀ ▄▄  ▀▄▀▀█▄▄ ▄▄ ▀ ▄█  █
█▀▄██▄▀▄▀▀▄ ▀▄  ▄██▄▄██▄▄██▀█▄█▀▀ █
█▀ ▄▀ █▄▄ ▄▀▄▀██▀██▀██▄▀ ▀▄█▀▀▀█▀██
█ █ ▄▀▄▄   ▄ ▀█ ▄▄ ██▀▄▄▄▀ ▀ ▄█▀▄▄█
█▄▄█▄█▄▄█▀▀ ▄▄▀▄  █▀▄█▀██ ▄▄▄ ▀▀ ██
█ ▄▄▄▄▄ ██▄█ ▄█  ▀█▀▄ ▄▄  █▄█ ▀ █▀█
█ █   █ █ ▀█▀ ▄  █▄██▀▄ ▄▄ ▄▄▄▀█▄▄█
█ █▄▄▄█ █▀  ▄▄    █ ▄▄█ ▀█▀▀▄   ▀ █
█▄▄▄▄▄▄▄█▄▄▄████▄▄▄█▄▄█▄█▄▄█▄█▄████

二维码解码URL: https://txz.qq.com/p?k=D3tcVHt-REiC6QuO1dFDAIKEKEdZfcey&f=1600001604
如果控制台二维码无法扫码，可以复制解码url到二维码生成网站生成二维码再扫码，也可以打开下方的二维码路径图片进行扫码。
12-16 17:30:56 [warn] 二维码已保存到 C:\Users\Administrator\Desktop\bot\napcat.29927.onekey\versions\9.9.16-29927\resources\app\napcat\cache\qrcode.png
12-16 17:32:57 [error] [Core] [Login] Login Error,ErrCode:  3  ErrMsg: 
12-16 17:32:57 [warn] 请扫描下面的二维码，然后在手Q上授权登录：
12-16 17:32:57 [warn] 

▄▄▄▄▄▄▄▄▄▄▄▄▄▄▄▄▄▄▄▄▄▄▄▄▄▄▄▄▄▄▄▄▄▄▄
█ ▄▄▄▄▄ █▄▄███▀▄█▀▀▀▄▀▄▀▀▀█ ▄▄▄▄▄ █
█ █   █ █ ▀█ ▄ █▀ ███▀▀▀▀██ █   █ █
█ █▄▄▄█ █▄ ▄▄▀▀█▄█ ▀▀▀▀ █▄█ █▄▄▄█ █
█▄▄▄▄▄▄▄█▄▀▄▀▄█ █ ▀ ▀▄█ █ █▄▄▄▄▄▄▄█
█  ▄▄██▄█▄▀████▀▄█▄ ▄▀███▄▄▀█▄▄ ▀ █
█▀▀▄▄▄█▄▄███▀▀▀▄▀██ █▄▄  ▀█ ▀▄█▄ ▄█
██▄██  ▄▀▀ ▀ █▄█ ▀ ▀█▄▀▄▄ ▄█▄▄ ▀▀██
█ ███▀ ▄  █▀█ ▄██ █▄▄▄▀█▀▀▀  ▄█ ███
██▄▄   ▄█▄▀▄▄▀  ▀▀█▀  ▀ ▄▀      ▄ █
█▄█▀█▀▀▄█▀█▀▄ █▀▄▀▀ █▀█▀▀▀  ██ █▄▀█
█ ██▀█▄▄  ▄▀▄ █▀█ █▄▄ ▄   ▄▀▄█▀▄▀▀█
██▀█  █▄▄ █▀▄▄▀ ██▄▄▀ █▀ ▄▄▀▀▄▀▄ ▄█
█▄██▄▄▄▄█ ▄█▀ ▄█ ▄  ██ ▄  ▄▄▄ ▄██▄█
█ ▄▄▄▄▄ ██   ██▄█▄█  █▀█  █▄█ ▀▀███
█ █   █ █▀▄▄██  ▄▄█▄▄▄▄   ▄▄▄▄█  ▄█
█ █▄▄▄█ █ ▀▀▀ █▀▄▄ ▄▀█▄ ▄▀▄ ▄▀█▄▄▀█
█▄▄▄▄▄▄▄█▄▄▄█▄█████▄▄█▄███▄███▄▄███

二维码解码URL: https://txz.qq.com/p?k=BnVyESNlK8Lef*DPIRGR4Ggu1T4bQZ4d&f=1600001604
如果控制台二维码无法扫码，可以复制解码url到二维码生成网站生成二维码再扫码，也可以打开下方的二维码路径图片进行扫码。
12-16 17:32:57 [warn] 二维码已保存到 C:\Users\Administrator\Desktop\bot\napcat.29927.onekey\versions\9.9.16-29927\resources\app\napcat\cache\qrcode.png
12-16 17:34:59 [error] [Core] [Login] Login Error,ErrCode:  3  ErrMsg: 
12-16 17:34:59 [warn] 请扫描下面的二维码，然后在手Q上授权登录：
12-16 17:34:59 [warn] 

▄▄▄▄▄▄▄▄▄▄▄▄▄▄▄▄▄▄▄▄▄▄▄▄▄▄▄▄▄▄▄▄▄▄▄
█ ▄▄▄▄▄ ██▄▄ ▀ ▀█ ▄▄█▀ █▄▀█ ▄▄▄▄▄ █
█ █   █ █▀▄  █▀▀▄███▀█ ▄ ▀█ █   █ █
█ █▄▄▄█ █▄▀ █▄█▄█▀ ▄▄▀ ▄▄██ █▄▄▄█ █
█▄▄▄▄▄▄▄█▄▀▄█ █▄█ █▄█ █▄█ █▄▄▄▄▄▄▄█
█  █▀▀ ▄▄█▄ █▄▄█▀ █▀▀ ▀▀▀▄██▀ ▄▀▀██
██▄█▀▀▄▄██▄▀ ▄██ ▀███▀▄ █ ▀▀  ▄▀▄██
█▄ ▀█▀▄▄▄▀▄ █▀█   ▄█   █ ██ ▄███  █
█▀ ██▄▄▄█▀▄ █▀█▀ █▄▀▀▄▄ ▀▄ ▄█▀█▀▄▀█
█▀▀▄▄ ▀▄▄█ ▄█▄▄▀ █ ▀█▀▄ ▀▀▄▀▀▄▀█ ▀█
█▄ ▄█▄▄▄▀█  ▀▄▄▄▄█▄▄ ▄▄ ▄█▀██▄█▀█▄█
█▀  █▀▀▄▀▀▄▄▄▀▄█▀▄██ ███ ▀██▀ ▀█ ██
█ ██ ▄█▄▄▄█ █▀█▀▄▀█▀█▀▄█▀▀     ▀▄██
█▄▄▄█▄▄▄▄ ▄▄▄▄█ █ █▄▄ ▄██ ▄▄▄ ▀▀▄▀█
█ ▄▄▄▄▄ █ ██ ▄▄ ▄ ▄▀▀▀█▄  █▄█ ▀ ▄▀█
█ █   █ ███ ▄ ▄▀ ▄ ██▀▀█▀▄ ▄▄ ▄█▄██
█ █▄▄▄█ █▀▄▀▄▄▄▄▄ █ ▄▀█▄▀███▄   █▄█
█▄▄▄▄▄▄▄█▄█▄██▄████████▄█▄██▄▄▄█▄██

二维码解码URL: https://txz.qq.com/p?k=6panSr-LQ0G*eBDjGd59eOEViT6zL1Ly&f=1600001604
如果控制台二维码无法扫码，可以复制解码url到二维码生成网站生成二维码再扫码，也可以打开下方的二维码路径图片进行扫码。
12-16 17:34:59 [warn] 二维码已保存到 C:\Users\Administrator\Desktop\bot\napcat.29927.onekey\versions\9.9.16-29927\resources\app\napcat\cache\qrcode.png
12-16 17:36:59 [error] [Core] [Login] Login Error,ErrCode:  3  ErrMsg: 
12-16 17:36:59 [warn] 请扫描下面的二维码，然后在手Q上授权登录：
12-16 17:36:59 [warn] 

▄▄▄▄▄▄▄▄▄▄▄▄▄▄▄▄▄▄▄▄▄▄▄▄▄▄▄▄▄▄▄▄▄▄▄
█ ▄▄▄▄▄ █▀ █▀▀▀ ▀▀▄▀▄▄▄██▀█ ▄▄▄▄▄ █
█ █   █ █▀ ▄ █▀█ ▀▀▀█▀▄▄▄██ █   █ █
█ █▄▄▄█ █▀█ █▄█▄▀▀█▀▄   ▄██ █▄▄▄█ █
█▄▄▄▄▄▄▄█▄█▄█ █▄▀ █▄█▄▀ █ █▄▄▄▄▄▄▄█
█▄▄   ▀▄   ▄█▄▄▀█▄█▀▀▄   ▀▄▀▄█▄▀ ▀█
█ ▄▀▄▄ ▄▄  ▀ ▄██▄▀▄██▄▀▄█▄▀▀▄ ▄▀▄██
█  ██ ▀▄█▄▄▀▄▀▄▀▄▀██▄ ▀▀ ▄▄▀ ▄▄█▀▀█
██▀▄▀█▀▄▄  ▀█▀██▄▀▄▄██▀ █   ▀██▀▄██
██▄▄█ ▀▄▀████▄▄▀▄█▄█  █▄▄▄▄▀█▄▀█ ▀█
██ ▄█▄▀▄▀█▄▄ ▄██▄▄█ ▀▄ ▀██ ▄▀█▄▀▄██
█ ▀█ ██▄█▀██▄▀▄▀▄▄▄▀▀▄ ▄ ▀█▀█▄▀█ ▀█
█ █▄▄ ▄▄▀ ▀▀█▀█▀▄ ▄ ▀ ▀▄▀▀  ▄  ▀▄██
█▄█▄▄██▄▄▀▄ █▄▄▀▄ ▀▀▀▄█▄▄ ▄▄▄  ▀█ █
█ ▄▄▄▄▄ █▄▄▄ ▄▄▄▄▀█ █ ▀▀  █▄█ ▀ ▄██
█ █   █ █ ▄█▄ ▄▀  ▄█▀▄▀ ▀▄ ▄  ▄█▄██
█ █▄▄▄█ █ █▄█▄██  ███▄▀▄ █▄▄ ▀▀ ▄██
█▄▄▄▄▄▄▄█▄████▄█▄▄▄████▄█▄██▄▄▄█▄██

二维码解码URL: https://txz.qq.com/p?k=Hl9vC5V7iFkva573xY1py1GSpbHuuVw3&f=1600001604
如果控制台二维码无法扫码，可以复制解码url到二维码生成网站生成二维码再扫码，也可以打开下方的二维码路径图片进行扫码。
12-16 17:36:59 [warn] 二维码已保存到 C:\Users\Administrator\Desktop\bot\napcat.29927.onekey\versions\9.9.16-29927\resources\app\napcat\cache\qrcode.png
12-16 17:39:02 [error] [Core] [Login] Login Error,ErrCode:  3  ErrMsg: 
12-16 17:39:02 [warn] 请扫描下面的二维码，然后在手Q上授权登录：
12-16 17:39:02 [warn] 

▄▄▄▄▄▄▄▄▄▄▄▄▄▄▄▄▄▄▄▄▄▄▄▄▄▄▄▄▄▄▄▄▄▄▄
█ ▄▄▄▄▄ █▄▄▄ ▀▄██ ▀ ▀█▄ ███ ▄▄▄▄▄ █
█ █   █ ██▄▀ █ ▀▄▄▀█▄  ▀▀▄█ █   █ █
█ █▄▄▄█ ██▀▄ ▄████▀▀▄▀▄ ▀▀█ █▄▄▄█ █
█▄▄▄▄▄▄▄█ ▀▄█ ▀ █ █▄▀ █ █▄█▄▄▄▄▄▄▄█
█  ▀  █▄▀█▄▀█▄██▀▀▀█▄██▀▀▀█▄▀▀█▀▀▄█
██▀▀██ ▄  ▄██▄█▄ █▀ ███▀▄█▀  ▄▀▀▄▄█
███▄   ▄█▀▄ █▀▀▄  ▄█ ██ █▄▀▄▄███▄▄█
█▄▀▄█▀█▄▀  ▄█▀▄▀ ▄▄▀ ▀███ ▀▄█ █▀█▀█
█ █▀ ▄ ▄▄█▄█ ▄▄  ▀▄█▀▀▄ ▄█▄ ▀ ▄█  █
█▀▄▄▀█ ▄█ ▄▀▀▄  ▄▄▄▄▄▀█▄▄██▀█▄█▀▀ █
█   ██ ▄▄  ▄▄▀██▀▄██ ▄ █ ▀▄█▀▀▀█▀██
█ █ █  ▄▀▀▀█ ▀█ ▄ ▀ █ ▄▀▄▀ ▀ ▄█▀▄▄█
█▄▄██▄▄▄▄ ▄█▄▄▀▄ █▀▄ ▄ ██ ▄▄▄ ▀▀ ██
█ ▄▄▄▄▄ ██▄▄ ▄█  ▀█▄  █   █▄█ ▀ █▀█
█ █   █ █ ▄▀▀ ▄ ▀█▀█▀▀██▄▄ ▄▄▄▀█▄▄█
█ █▄▄▄█ █▀ █▄▄   ▄█▄  ▄ ▀█▀▀▄   ▀ █
█▄▄▄▄▄▄▄█▄▄█████▄████▄▄██▄▄█▄█▄████

二维码解码URL: https://txz.qq.com/p?k=pO4ye1b7BXJ1XsDsrQAekyZVYR9sRk1h&f=1600001604
如果控制台二维码无法扫码，可以复制解码url到二维码生成网站生成二维码再扫码，也可以打开下方的二维码路径图片进行扫码。
12-16 17:39:02 [warn] 二维码已保存到 C:\Users\Administrator\Desktop\bot\napcat.29927.onekey\versions\9.9.16-29927\resources\app\napcat\cache\qrcode.png
