12-16 17:26:44 [info] [NapCat] [Core] NapCat.Core Version: 4.2.27
12-16 17:26:45 [info] 核心登录服务连接成功!
12-16 17:26:45 [error] 快速登录失败，未找到该 QQ 历史登录记录，将使用二维码登录方式
12-16 17:26:45 [info] [NapCat] [WebUi] Current WebUi is not run.
12-16 17:26:46 [warn] 请扫描下面的二维码，然后在手Q上授权登录：
12-16 17:26:46 [warn] 

▄▄▄▄▄▄▄▄▄▄▄▄▄▄▄▄▄▄▄▄▄▄▄▄▄▄▄▄▄▄▄▄▄▄▄
█ ▄▄▄▄▄ █▄▄███▀▄█▀  ▄▄   ▀█ ▄▄▄▄▄ █
█ █   █ █ ▀█ ▄ █▀ ██▄ █ ▄ █ █   █ █
█ █▄▄▄█ █▄ ▄▄▀▀█▄██▀▀█▄▀▄▄█ █▄▄▄█ █
█▄▄▄▄▄▄▄█▄▀▄▀▄█ █ ▀▄▀ █▄▀▄█▄▄▄▄▄▄▄█
█▄ ▄▄▀▀▄█▄▀████▀▄██▄▄▀ ▀▀▄▄▀█▄▄ ▀ █
█▀▄▄ ▀▀▄█ ██▀▀▀▄▀█▄█▀██ ▄▄█ ▀▄█▄ ▄█
█▀▀▄███▄▄▄ ▀ █▄█ ▀██ ██  ▀▄█▄▄ ▀▀██
█▄▀██ ▄▄▀▀  █ ▄██ █▀▄▄▀██▄▀  ▄█ ███
█ ▀▀ ▄▄▄▄▀ ▀▄▀  ▀▀█▀█▀█         ▄ █
██▀██▄ ▄▄▀▄█▄ █▀▄▄▀██ █▀▀▀  ██ █▄▀█
█ ▀ ▄ █▄█▀▀█▄ █▀█  █  ██  ▄▀▄█▀▄▀▀█
██▀ █▄▄▄ █▄█▄▄▀ █▀▄█▀▀▄▄ ▄▄▀▀▄▀▄ ▄█
█▄█▄██▄▄▄   ▀ ▄█▀▀▀▀▀█ ▄  ▄▄▄ ▄██▄█
█ ▄▄▄▄▄ ██▄  ██▄█ ▄▀▄▄ ▄  █▄█ ▀▀███
█ █   █ █▀▀▀██   ██▄  ▀   ▄▄▄▄█  ▄█
█ █▄▄▄█ █  ▄▀ █▀▄▄▀█▀▀█▀▄▀▄ ▄▀█▄▄▀█
█▄▄▄▄▄▄▄█▄█▄█▄████▄███▄▄██▄███▄▄███

二维码解码URL: https://txz.qq.com/p?k=uYpGvhttCOJK*IeqqiBUlLPH48Rd1nha&f=1600001604
如果控制台二维码无法扫码，可以复制解码url到二维码生成网站生成二维码再扫码，也可以打开下方的二维码路径图片进行扫码。
12-16 17:26:46 [warn] 二维码已保存到 C:\Users\Administrator\Desktop\bot\napcat.29927.onekey\versions\9.9.16-29927\resources\app\napcat\cache\qrcode.png
12-16 17:28:49 [error] [Core] [Login] Login Error,ErrCode:  3  ErrMsg: 
12-16 17:28:49 [warn] 请扫描下面的二维码，然后在手Q上授权登录：
12-16 17:28:49 [warn] 

▄▄▄▄▄▄▄▄▄▄▄▄▄▄▄▄▄▄▄▄▄▄▄▄▄▄▄▄▄▄▄▄▄▄▄
█ ▄▄▄▄▄ █▄▄███▀▄█▀█▀▄ ▄▀ ▀█ ▄▄▄▄▄ █
█ █   █ █ ▀█ ▄ █▀ ██▀██▀█▄█ █   █ █
█ █▄▄▄█ █▄ ▄▄▀▀█▄█▄▀ █▀██▄█ █▄▄▄█ █
█▄▄▄▄▄▄▄█▄▀▄▀▄█ █ ▀▄█▄█▄▀▄█▄▄▄▄▄▄▄█
█ ▄ ▄█▀▄▀ ▀████▀▄██▄▀▀▀▀▀▄▄▀█▄▄ ▀ █
█▄▀██▄▀▄▄ ██▀▀▀▄▀██ █▄▄█▄ █ ▀▄█▄ ▄█
█▄ ▄▀██▄▀▄▄▀ █▄█ ▀ █ ▄█ ▄ ▄█▄▄ ▀▀██
█ ▀▀▄  ▄█▀▄▀█ ▄██ █  ▀  ▀▀▀  ▄█ ███
█▀▄▀▄▄ ▄█▀▄ ▄▀  ▀▀▀▀▀ ▄▄        ▄ █
█▀  ▀█ ▄█▄█▄▄ █▀▄▄▀▄▀███▀▀  ██ █▄▀█
█ ▄▄ █▀▄█▀█ ▄ █▀ ▀▀ ▄▀▄▀  ▄▀▄█▀▄▀▀█
██▀ ▄▄█▄█▀▄▀▄▄▀ █ █▄█▄██ ▄▄▀▀▄▀▄ ▄█
█▄███▄█▄▄▀ █▀ ▄██ ▄█▀▄▀▄  ▄▄▄ ▄██▄█
█ ▄▄▄▄▄ ██▀  ██▄▀█▄█▄▄▀   █▄█ ▀▀███
█ █   █ █▀▄▀██  ▀ ▄ █  ▄  ▄▄▄▄█  ▄█
█ █▄▄▄█ █ █ ▀ █▀ ▀▀▄█▄██▄▀▄ ▄▀█▄▄▀█
█▄▄▄▄▄▄▄█▄█▄█▄████▄███████▄███▄▄███

二维码解码URL: https://txz.qq.com/p?k=rmpuefSsryizMarFFzljvDWd8NkP61YY&f=1600001604
如果控制台二维码无法扫码，可以复制解码url到二维码生成网站生成二维码再扫码，也可以打开下方的二维码路径图片进行扫码。
12-16 17:28:49 [warn] 二维码已保存到 C:\Users\Administrator\Desktop\bot\napcat.29927.onekey\versions\9.9.16-29927\resources\app\napcat\cache\qrcode.png
12-16 17:30:51 [error] [Core] [Login] Login Error,ErrCode:  3  ErrMsg: 
12-16 17:30:51 [warn] 请扫描下面的二维码，然后在手Q上授权登录：
12-16 17:30:51 [warn] 

▄▄▄▄▄▄▄▄▄▄▄▄▄▄▄▄▄▄▄▄▄▄▄▄▄▄▄▄▄▄▄▄▄▄▄
█ ▄▄▄▄▄ █▄▄▄ ▀▄██  █▀  ▀█▄█ ▄▄▄▄▄ █
█ █   █ ██▄▀ █ ▀▄▄▀███ ██ █ █   █ █
█ █▄▄▄█ ██▀▄ ▄████▄▄▄ ▄▀ ██ █▄▄▄█ █
█▄▄▄▄▄▄▄█ ▀▄█ ▀ █ █ ▀ █ █▄█▄▄▄▄▄▄▄█
█▄▄█  █▄▀█▄▀█▄██▀▀▄█ █▀▄  █▄▀▀█▀▀▄█
█▄▀█▄  ▄█ ▄██▄█▄ █▀▀▀ ▄█ ▄▀  ▄▀▀▄▄█
█▀▄█  ▄▄ ▄▄ █▀▀▄  ▀█▄▄█▀ ▀▀▄▄███▄▄█
██▀▀  █▄▄▀▄ █▀▄▀ ▄█▄ ▀█▀▀ ▀▄█ █▀█▀█
█▄██▀▄█▄████ ▄▄  ▀▀█  ██▄█▄ ▀ ▄█  █
███▀▀  ▄▄ ▀█▀▄    ██ █▄█▄██▀█▄█▀▀ █
█ ▀▀█ ▀▄▄ ▄█▄▀███▄██▄█ █ ▀▄█▀▀▀█▀██
█ █ █▄ ▄████ ▀█ ▄█▀▀▀█▄█▄▀ ▀ ▄█▀▄▄█
█▄▄▄▄██▄█  ▀▄▄▀▄ ▀▄██▄█ █ ▄▄▄ ▀▀ ██
█ ▄▄▄▄▄ ██▀  ▄█  ▀█  ▄▄▀  █▄█ ▀ █▀█
█ █   █ █  ▀▀ ▄ ▄▄▀█  ▀ ▄▄ ▄▄▄▀█▄▄█
█ █▄▄▄█ █▀▄▀▄▄   ██ ▄ ▄▄▀█▀▀▄   ▀ █
█▄▄▄▄▄▄▄█▄▄▄████▄█▄▄▄▄█▄█▄▄█▄█▄████

二维码解码URL: https://txz.qq.com/p?k=r4-A7a9v4Y4h2okEjfa27fvywVPr3StN&f=1600001604
如果控制台二维码无法扫码，可以复制解码url到二维码生成网站生成二维码再扫码，也可以打开下方的二维码路径图片进行扫码。
12-16 17:30:51 [warn] 二维码已保存到 C:\Users\Administrator\Desktop\bot\napcat.29927.onekey\versions\9.9.16-29927\resources\app\napcat\cache\qrcode.png
12-16 17:32:52 [error] [Core] [Login] Login Error,ErrCode:  3  ErrMsg: 
12-16 17:32:52 [warn] 请扫描下面的二维码，然后在手Q上授权登录：
12-16 17:32:52 [warn] 

▄▄▄▄▄▄▄▄▄▄▄▄▄▄▄▄▄▄▄▄▄▄▄▄▄▄▄▄▄▄▄▄▄▄▄
█ ▄▄▄▄▄ █▀ █▀▀▀ ▀▀ ▄▄ ▄ ▄▀█ ▄▄▄▄▄ █
█ █   █ █▀ ▄ █▀█ ▀▀█▄ ▄▀█▄█ █   █ █
█ █▄▄▄█ █▀█ █▄█▄▀▀▄▀▄ ██▄ █ █▄▄▄█ █
█▄▄▄▄▄▄▄█▄█▄█ █▄▀ █▄█ ▀ █▄█▄▄▄▄▄▄▄█
█  ▄▄ ▀▄▄▄ ▄█▄▄▀█▄ ▀▄▀█▀▀▄▄▀▄█▄▀ ▀█
█ ██▀▀█▄█▀ ▀ ▄██▄▀▄▄██ █▀▀▀▀▄ ▄▀▄██
██ ▄█▀▀▄█ ▄▀▄▀▄▀▄▀ ▄ ▀▀▄██▄▀ ▄▄█▀▀█
██  ██▀▄▄▀  █▀██▄▀█▄█▄▀ █▄  ▀██▀▄██
█ ▄█▀▀▄▄█▄▀ █▄▄▀▄█▄▀█ █▄▄▄▄▀█▄▀█ ▀█
█▄▄ █ ▄▄▀█▀█ ▄██▄ ███▀▀███ ▄▀█▄▀▄██
█ ▄   ▀▄ ▀▀▄▄▀▄▀ ▀ ▀▀▄▀  ▀█▀█▄▀█ ▀█
█ █   █▄▀█▄██▀█▀▄██▀▀█▀█▀▀  ▄  ▀▄██
█▄██▄██▄▄▀▀▀█▄▄▀▀▀▄█▀▄▀▀▄ ▄▄▄  ▀█ █
█ ▄▄▄▄▄ █▄ ▄ ▄▄▄▄██ ▀█▀▄  █▄█ ▀ ▄██
█ █   █ █ ▄▀▄ ▄▀▀  ▀█▀▀▀▀▄ ▄  ▄█▄██
█ █▄▄▄█ █ █▀█▄██▄ ▄ ▀█▀▄ █▄▄ ▀▀ ▄██
█▄▄▄▄▄▄▄█▄████▄█▄▄▄▄▄▄█▄█▄██▄▄▄█▄██

二维码解码URL: https://txz.qq.com/p?k=LSd0vk8gjr66zB24QhMwoyk9elpj7ZJG&f=1600001604
如果控制台二维码无法扫码，可以复制解码url到二维码生成网站生成二维码再扫码，也可以打开下方的二维码路径图片进行扫码。
12-16 17:32:52 [warn] 二维码已保存到 C:\Users\Administrator\Desktop\bot\napcat.29927.onekey\versions\9.9.16-29927\resources\app\napcat\cache\qrcode.png
12-16 17:34:54 [error] [Core] [Login] Login Error,ErrCode:  3  ErrMsg: 
12-16 17:34:54 [warn] 请扫描下面的二维码，然后在手Q上授权登录：
12-16 17:34:54 [warn] 

▄▄▄▄▄▄▄▄▄▄▄▄▄▄▄▄▄▄▄▄▄▄▄▄▄▄▄▄▄▄▄▄▄▄▄
█ ▄▄▄▄▄ ██▄▄ ▀ ▀█  ███ ▀█▀█ ▄▄▄▄▄ █
█ █   █ █▀▄  █▀▀▄███▀▀ ▄▄▄█ █   █ █
█ █▄▄▄█ █▄▀ █▄█▄█▀▄ █▄▀█▄ █ █▄▄▄█ █
█▄▄▄▄▄▄▄█▄▀▄█ █▄█ █ ▀▄█ █ █▄▄▄▄▄▄▄█
█▄ ▀█▀▄▄ ▀▄ █▄▄█▀ ▀▀▀▄▀█▀███▀ ▄▀▀██
█ █ █▀ ▄ ▀▄▀ ▄██ ▀▄███▄▀▀ ▀▀  ▄▀▄██
██▄▀▄█▄▄▀█  █▀█   ▀▀▀  █▀ █ ▄███  █
█▄▄█▄  ▄▄  ██▀█▀ █▄ ▀██▀█▀ ▄█▀█▀▄▀█
██▀█▄ ▀▄██ ▀█▄▄▀ █▄▄ ▀▀█▀▀▄▀▀▄▀█ ▀█
█ ▄█ ▄█▄▀▄ ▀▀▄▄▄▄ ▄  ▄█▄▄█▀██▄█▀█▄█
█▀▀ █▀▀▄  ▄ ▄▀▄█▀█▄▀ █ ▄ ▀██▀ ▀█ ██
█ █ ▄  ▄ █▄▀█▀█▀▄ ▄██▄██▀▀     ▀▄██
█▄▄▄▄▄█▄▄▀▀▀▄▄█ ▀ █▀▄  ██ ▄▄▄ ▀▀▄▀█
█ ▄▄▄▄▄ █ ▄  ▄▄  ▀▄ ▀▀█▀  █▄█ ▀ ▄▀█
█ █   █ ██▀▀▄ ▄▀▀██▀▄ █ ▀▄ ▄▄ ▄█▄██
█ █▄▄▄█ █▀ █▄▄▄▄▄▀▄▄▄ █ ▀███▄   █▄█
█▄▄▄▄▄▄▄█▄▄▄██▄█▄▄▄▄█▄█▄█▄██▄▄▄█▄██

二维码解码URL: https://txz.qq.com/p?k=1*p2wk9J*ZJstZAjnhrHwHOj0gbA5*ml&f=1600001604
如果控制台二维码无法扫码，可以复制解码url到二维码生成网站生成二维码再扫码，也可以打开下方的二维码路径图片进行扫码。
12-16 17:34:54 [warn] 二维码已保存到 C:\Users\Administrator\Desktop\bot\napcat.29927.onekey\versions\9.9.16-29927\resources\app\napcat\cache\qrcode.png
12-16 17:36:54 [error] [Core] [Login] Login Error,ErrCode:  3  ErrMsg: 
12-16 17:36:55 [warn] 请扫描下面的二维码，然后在手Q上授权登录：
12-16 17:36:55 [warn] 

▄▄▄▄▄▄▄▄▄▄▄▄▄▄▄▄▄▄▄▄▄▄▄▄▄▄▄▄▄▄▄▄▄▄▄
█ ▄▄▄▄▄ █▄▄███▀▄█▀▀ █  ▀▀▀█ ▄▄▄▄▄ █
█ █   █ █ ▀█ ▄ █▀ █▄▄▀▀   █ █   █ █
█ █▄▄▄█ █▄ ▄▄▀▀█▄█▄ ▀▀▀ █▄█ █▄▄▄█ █
█▄▄▄▄▄▄▄█▄▀▄▀▄█ █ ▀ █▄█ █▄█▄▄▄▄▄▄▄█
█▄▄▄ ▀▀▄█ ▀████▀▄█▄ ▄▀ ▀▀ ▄▀█▄▄ ▀ █
█▄▄▀█ ▀▄▄███▀▀▀▄▀█▄▀▀██▄ ██ ▀▄█▄ ▄█
█  ▄▀▄█▄██▄▀ █▄█ ▀ ▀▄██▀█▀▄█▄▄ ▀▀██
█ █▀ ▀▀▄ ▄▀ █ ▄██ █  ▀▀▀▀ ▀  ▄█ ███
█▀ ▀▄▄ ▄▀▄▀█▄▀  ▀▀▀█▄ ▄█▀▀      ▄ █
█▄▄▀▀▄▄▄▄▀ ▀▄ █▀▄█▀▀█ ▄▀▀▀  ██ █▄▀█
█▀█▀▄▄ ▄▄▄  ▄ █▀█▀█▄ ▀██  ▄▀▄█▀▄▀▀█
██▀▀▄ ▄▄▄█ █▄▄▀ ██▄ ████ ▄▄▀▀▄▀▄ ▄█
█▄████▄▄█ ▄▄▀ ▄█▀▀▄██▄█   ▄▄▄ ▄██▄█
█ ▄▄▄▄▄ ██ █ ██▄▀ ▄▀ █▀▀  █▄█ ▀▀███
█ █   █ █▀▄ ██  █▄█ ▄ █   ▄▄▄▄█  ▄█
█ █▄▄▄█ █  ▄▀ █▀ █▀█▀▀██▄▀▄ ▄▀█▄▄▀█
█▄▄▄▄▄▄▄█▄███▄██▄█▄▄▄█████▄███▄▄███

二维码解码URL: https://txz.qq.com/p?k=kr2oFSu51IuBBjSanIEPEUat-UjtzTlp&f=1600001604
如果控制台二维码无法扫码，可以复制解码url到二维码生成网站生成二维码再扫码，也可以打开下方的二维码路径图片进行扫码。
12-16 17:36:55 [warn] 二维码已保存到 C:\Users\Administrator\Desktop\bot\napcat.29927.onekey\versions\9.9.16-29927\resources\app\napcat\cache\qrcode.png
12-16 17:38:57 [error] [Core] [Login] Login Error,ErrCode:  3  ErrMsg: 
12-16 17:38:57 [warn] 请扫描下面的二维码，然后在手Q上授权登录：
12-16 17:38:57 [warn] 

▄▄▄▄▄▄▄▄▄▄▄▄▄▄▄▄▄▄▄▄▄▄▄▄▄▄▄▄▄▄▄▄▄▄▄
█ ▄▄▄▄▄ █▄▄▄ ▀▄██ █▄ ▀▄▀█ █ ▄▄▄▄▄ █
█ █   █ ██▄▀ █ ▀▄▄▀▄▄▄ ▀▄▄█ █   █ █
█ █▄▄▄█ ██▀▄ ▄████▀ ▄█▄ ▀▄█ █▄▄▄█ █
█▄▄▄▄▄▄▄█ ▀▄█ ▀ █ █▄█ █ ▀▄█▄▄▄▄▄▄▄█
█ ▄▀ ▄█▄█▀▄▀█▄██▀▀▀▀ ▄▄█▄▄█▄▀▀█▀▀▄█
█   █ █▄▄▄▄██▄█▄ █▀▀▀██▀ █▀  ▄▀▀▄▄█
█ ██ ▀█▄█▄  █▀▀▄  ▀▀▄▀ █ █▀▄▄███▄▄█
█▄▄  ▀▀▄▄▀▀██▀▄▀ ▄█ ▄ ▄▄▀ ▀▄█ █▀█▀█
█▄█ ▀▄ ▄▀▀ ▀ ▄▄  ▀▄▀▀ ▀ ▄▀▄ ▀ ▄█  █
█▀█▀█  ▄██▀ ▀▄  ▄ █▀▄▄▄ ▄██▀█▄█▀▀ █
█▀▄▄  ▀▄▄ ▀ ▄▀███▄██▄▄██ ▀▄█▀▀▀█▀██
█ ██ ▀▄▄█  ▄ ▀█ ▄  ██▀▄▀▄▀ ▀ ▄█▀▄▄█
█▄▄█▄█▄▄█▀▄█▄▄▀▄█▀▀█ ▄ ▀█ ▄▄▄ ▀▀ ██
█ ▄▄▄▄▄ ██   ▄█  ▀▄   █   █▄█ ▀ █▀█
█ █   █ █ █▄▀ ▄ ▄▄ ▀▄ ██▄▄ ▄▄▄▀█▄▄█
█ █▄▄▄█ █▀▄▀▄▄   ▄▄▄▄██▀▀█▀▀▄   ▀ █
█▄▄▄▄▄▄▄█▄▄██████▄▄▄▄▄███▄▄█▄█▄████

二维码解码URL: https://txz.qq.com/p?k=2uO251RIipZ7wKEVa3rtLiNhNUzA*SYL&f=1600001604
如果控制台二维码无法扫码，可以复制解码url到二维码生成网站生成二维码再扫码，也可以打开下方的二维码路径图片进行扫码。
12-16 17:38:57 [warn] 二维码已保存到 C:\Users\Administrator\Desktop\bot\napcat.29927.onekey\versions\9.9.16-29927\resources\app\napcat\cache\qrcode.png
