12-16 14:48:40 [info] [NapCat] [Core] NapCat.Core Version: 4.2.27
12-16 14:48:40 [info] 核心登录服务连接成功!
12-16 14:48:40 [error] 快速登录失败，未找到该 QQ 历史登录记录，将使用二维码登录方式
12-16 14:48:40 [info] [NapCat] [WebUi] Current WebUi is not run.
12-16 14:48:42 [warn] 请扫描下面的二维码，然后在手Q上授权登录：
12-16 14:48:42 [warn] 

▄▄▄▄▄▄▄▄▄▄▄▄▄▄▄▄▄▄▄▄▄▄▄▄▄▄▄▄▄▄▄▄▄▄▄
█ ▄▄▄▄▄ █▀ █▀▀▀ ▀▀▄▀█  ▄▄▄█ ▄▄▄▄▄ █
█ █   █ █▀ ▄ █▀█ ▀████▄▄█▄█ █   █ █
█ █▄▄▄█ █▀█ █▄█▄▀▀ ▀█▄▄▄▄▀█ █▄▄▄█ █
█▄▄▄▄▄▄▄█▄█▄█ █▄▀ █ █ ▀ █▄█▄▄▄▄▄▄▄█
█▄  ▄▄▀▄▄▄ ▄█▄▄▀█▄██ ▀ ▄▀█▄▀▄█▄▀ ▀█
█▀▀  █▀▄▀▄ ▀ ▄██▄▀▄ ▀   █▀▀▀▄ ▄▀▄██
█▄▀█▄█ ▄▄  ▀▄▀▄▀▄▀█▀▀▄▄ ▄█▄▀ ▄▄█▀▀█
█  ▀ █ ▄███▀█▀██▄▀█▀██ ██▀  ▀██▀▄██
██▄▀▀▄█▄▄▀ ▄█▄▄▀▄█ ▀▀   ▀▄▄▀█▄▀█ ▀█
██▄██ ▀▄█▀█  ▄██ ██▄█▄▀ ██ ▄▀█▄▀▄██
█▀ ▀▄  ▄▄▀ ▀▄▀▄▀▄ ▄▄▀ ▀  ▀█▀█▄▀█ ▀█
█ ██▄▀▀▄▀▄▀▄█▀█▀▄▀█▄██ █▀▀  ▄  ▀▄██
█▄███▄█▄▄▀▀▄█▄▄▀▄▄███ ▀▄▄ ▄▄▄  ▀█ █
█ ▄▄▄▄▄ █▄ █ ▄▄▄▄▀█ ██▀▄  █▄█ ▀ ▄██
█ █   █ █ ▀▄▄ ▄▀█▀▄█▄ ▄▄▀▄ ▄  ▄█▄██
█ █▄▄▄█ █ ▄ █▄██ ▀▄▀▀▄▀▄ █▄▄ ▀▀ ▄██
█▄▄▄▄▄▄▄█▄▄███▄████████▄█▄██▄▄▄█▄██

二维码解码URL: https://txz.qq.com/p?k=aYtq13EXWpfNcXPqp7lAYZRDi1PvLn6p&f=1600001604
如果控制台二维码无法扫码，可以复制解码url到二维码生成网站生成二维码再扫码，也可以打开下方的二维码路径图片进行扫码。
12-16 14:48:42 [warn] 二维码已保存到 C:\Users\Administrator\Desktop\bot\napcat.29927.onekey\versions\9.9.16-29927\resources\app\napcat\cache\qrcode.png
12-16 14:49:27 [debug] 本账号数据/缓存目录： D:\QQ聊天记录\NapCat\data
12-16 14:49:27 [info] [Core] [Config] 配置文件创建成功!

12-16 14:49:27 [debug] [Core] [Config] 配置文件C:\Users\Administrator\Desktop\bot\napcat.29927.onekey\versions\9.9.16-29927\resources\app\napcat\config\napcat_1764446003.json加载 {"fileLog":false,"consoleLog":true,"fileLogLevel":"debug","consoleLogLevel":"info","packetBackend":"auto","packetServer":""}
12-16 14:49:27 [warn] [Core] [Packet] wsPacketClient 未配置服务器地址
12-16 14:49:27 [info] [Core] [Packet] 自动选择 NativePacketClient 作为后端
