12-18 11:56:10 [info] [NapCat] [Core] NapCat.Core Version: 4.2.27
12-18 11:56:10 [info] 核心登录服务连接成功!
12-18 11:56:10 [error] 快速登录失败，未找到该 QQ 历史登录记录，将使用二维码登录方式
12-18 11:56:10 [info] [NapCat] [WebUi] Current WebUi is not run.
12-18 11:56:12 [warn] 请扫描下面的二维码，然后在手Q上授权登录：
12-18 11:56:12 [warn] 

▄▄▄▄▄▄▄▄▄▄▄▄▄▄▄▄▄▄▄▄▄▄▄▄▄▄▄▄▄▄▄▄▄▄▄
█ ▄▄▄▄▄ █▄▄███▀▄█▀██▄█▀▀ ██ ▄▄▄▄▄ █
█ █   █ █ ▀█ ▄ █▀ ▀▄▄▀█▄▀▀█ █   █ █
█ █▄▄▄█ █▄ ▄▄▀▀█▄█▄▀▀█▀ █ █ █▄▄▄█ █
█▄▄▄▄▄▄▄█▄▀▄▀▄█ █ ▀ █▄█▄▀ █▄▄▄▄▄▄▄█
█ ▄▄▄██▄▀ ▀████▀▄█▀  ▄▄█ ▀▄▀█▄▄ ▀ █
██ █ ▄█▄▀▄██▀▀▀▄▀█▄▀█▄▄▀▄▄█ ▀▄█▄ ▄█
███▀▄▄▄▄ ▄▄▀ █▄█ ▀▄▀ ▀▀▀██▄█▄▄ ▀▀██
██ ▄█▄ ▄▄▄█ █ ▄██ ▄▀▄█▀ ▀█▀  ▄█ ███
██▄▄▄█ ▄▄▄ ▀▄▀  ▀▀▄▄▄ █ ▄       ▄ █
█▀█▀   ▄▀▄ ▄▄ █▀▄█▀████▀▀▀  ██ █▄▀█
█ █  ▄█▄▀▄▄▄▄ █▀  ▀ ▀▀██  ▄▀▄█▀▄▀▀█
██▀ █▀▄▄ █▀▄▄▄▀ ▀ █▀█▄▄  ▄▄▀▀▄▀▄ ▄█
█▄██▄██▄█▀▄▀▀ ▄█ ▀  ▀ ▄   ▄▄▄ ▄██▄█
█ ▄▄▄▄▄ ███▄ ██▄▀█▄▄  ▀█  █▄█ ▀▀███
█ █   █ █▀ ███  ██▀▄▀ █▄  ▄▄▄▄█  ▄█
█ █▄▄▄█ █ ▄▄▀ █▀ █ ▄█▄▄█▄▀▄ ▄▀█▄▄▀█
█▄▄▄▄▄▄▄█▄▄██▄███▄█▄▄█████▄███▄▄███

二维码解码URL: https://txz.qq.com/p?k=V1-hn2j9CNTPEG2lh*4Q3eIzDK7jBAcH&f=1600001604
如果控制台二维码无法扫码，可以复制解码url到二维码生成网站生成二维码再扫码，也可以打开下方的二维码路径图片进行扫码。
12-18 11:56:12 [warn] 二维码已保存到 C:\Users\Administrator\Desktop\bot\napcat.29927.onekey\versions\9.9.16-29927\resources\app\napcat\cache\qrcode.png
12-18 11:58:12 [error] [Core] [Login] Login Error,ErrCode:  3  ErrMsg: 
12-18 11:58:12 [warn] 请扫描下面的二维码，然后在手Q上授权登录：
12-18 11:58:12 [warn] 

▄▄▄▄▄▄▄▄▄▄▄▄▄▄▄▄▄▄▄▄▄▄▄▄▄▄▄▄▄▄▄▄▄▄▄
█ ▄▄▄▄▄ █▄▄▄ ▀▄██ ▄█▀█▄██▄█ ▄▄▄▄▄ █
█ █   █ ██▄▀ █ ▀▄▄▀█▄▄▄▄▀▄█ █   █ █
█ █▄▄▄█ ██▀▄ ▄████▀▄███▀ ██ █▄▄▄█ █
█▄▄▄▄▄▄▄█ ▀▄█ ▀ █ █ ▀▄█ █ █▄▄▄▄▄▄▄█
█▄▄▀  ▀▄▀█▄▀█▄██▀▀██▄█▀▀███▄▀▀█▀▀▄█
███▄▄█▄▄▄▄▄██▄█▄ █▀▄▀ █▀  ▀  ▄▀▀▄▄█
█ █▀▄▀▀▄▄▄▄ █▀▀▄  ▀▀▀▄█ ▀▄▀▄▄███▄▄█
██▄▀▄ ▄▄▄  ██▀▄▀ ▄█ ▄▄█▀█▄▀▄█ █▀█▀█
█▄▀▄▀▀▄▄█ ▀  ▄▄  ▀▀█▄   ▄▀▄ ▀ ▄█  █
█▀▄█▀█ ▄▀▀█▄▀▄    ▄▀▄▄█▄▄██▀█▄█▀▀ █
█ ██▄  ▄ ██ ▄▀███▄ ▀▄█▄▀ ▀▄█▀▀▀█▀██
█ █ █▀▄▄█  ▄ ▀█  ▄▀▄▀ ▄█▄▀ ▀ ▄█▀▄▄█
█▄▄▄█▄█▄█ ▄▄▄▄▀▄▄▀▀█▄▄▀██ ▄▄▄ ▀▀ ██
█ ▄▄▄▄▄ ██ ▀ ▄█ ▄ █▄▄▄▄▄  █▄█ ▀ █▀█
█ █   █ █ ▄▄▀ ▄ ▄▄▀█ ▄  ▄▄ ▄▄▄▀█▄▄█
█ █▄▄▄█ █▀▄ ▄▄  ▄█▄█ ▄▄█▀█▀▀▄   ▀ █
█▄▄▄▄▄▄▄█▄▄█████▄█████▄██▄▄█▄█▄████

二维码解码URL: https://txz.qq.com/p?k=4hQY0Ij6JAiLL-fFMNDUulShtkyuQPWN&f=1600001604
如果控制台二维码无法扫码，可以复制解码url到二维码生成网站生成二维码再扫码，也可以打开下方的二维码路径图片进行扫码。
12-18 11:58:12 [warn] 二维码已保存到 C:\Users\Administrator\Desktop\bot\napcat.29927.onekey\versions\9.9.16-29927\resources\app\napcat\cache\qrcode.png
12-18 12:00:15 [error] [Core] [Login] Login Error,ErrCode:  3  ErrMsg: 
12-18 12:00:15 [warn] 请扫描下面的二维码，然后在手Q上授权登录：
12-18 12:00:15 [warn] 

▄▄▄▄▄▄▄▄▄▄▄▄▄▄▄▄▄▄▄▄▄▄▄▄▄▄▄▄▄▄▄▄▄▄▄
█ ▄▄▄▄▄ █▄▄███▀▄█▀██▄█▀▀▀▀█ ▄▄▄▄▄ █
█ █   █ █ ▀█ ▄ █▀ ▀██ ▀▀ ▀█ █   █ █
█ █▄▄▄█ █▄ ▄▄▀▀█▄█ █▀▀ ▀▄▄█ █▄▄▄█ █
█▄▄▄▄▄▄▄█▄▀▄▀▄█ █ ▀▄▀▄█ ▀ █▄▄▄▄▄▄▄█
█▄ ▄▄▀▀▄█ ▀████▀▄█▄ █▀ ███▄▀█▄▄ ▀ █
█▄▀▀▄▀ ▄████▀▀▀▄▀█▄▀██▄▀▄▄█ ▀▄█▄ ▄█
█   ▄ ▄▄  ▄▀ █▄█ ▀▀▀█▄▄ ▀ ▄█▄▄ ▀▀██
█▄▄▄ █▄▄ ▀█ █ ▄██ █▀ ▄ ▄▀ ▀  ▄█ ███
███▀ █▄▄▀█▄▀▄▀  ▀▀█▀▀▀  ▄▀      ▄ █
█▄ ▀ ▀▀▄   ▀▄ █▀ ▄▀▄█ █ ▀▀  ██ █▄▀█
█▀ ▀█  ▄▄█▀█▄ █▀▀▀▄▄▀ █▀  ▄▀▄█▀▄▀▀█
██▀██ ▄▄█▄▀▀▄▄▀ ▀ █▄█▀█▀ ▄▄▀▀▄▀▄ ▄█
█▄█▄█▄█▄█ ██▀ ▄█ ▄ ▀▀█▀▀  ▄▄▄ ▄██▄█
█ ▄▄▄▄▄ ██▄▀ ██▄█▀▄█▄▀▀▄  █▄█ ▀▀███
█ █   █ █▀▀▄██  █▄█ ▄ █   ▄▄▄▄█  ▄█
█ █▄▄▄█ █ ▀ ▀ █▀ ▄ ▀▀█▄▀▄▀▄ ▄▀█▄▄▀█
█▄▄▄▄▄▄▄█▄███▄█████▄▄▄▄███▄███▄▄███

二维码解码URL: https://txz.qq.com/p?k=CADKOKbRoX8AvlgySSOW2baP0vswSW3S&f=1600001604
如果控制台二维码无法扫码，可以复制解码url到二维码生成网站生成二维码再扫码，也可以打开下方的二维码路径图片进行扫码。
12-18 12:00:15 [warn] 二维码已保存到 C:\Users\Administrator\Desktop\bot\napcat.29927.onekey\versions\9.9.16-29927\resources\app\napcat\cache\qrcode.png
12-18 12:02:15 [error] [Core] [Login] Login Error,ErrCode:  3  ErrMsg: 
12-18 12:02:15 [warn] 请扫描下面的二维码，然后在手Q上授权登录：
12-18 12:02:15 [warn] 

▄▄▄▄▄▄▄▄▄▄▄▄▄▄▄▄▄▄▄▄▄▄▄▄▄▄▄▄▄▄▄▄▄▄▄
█ ▄▄▄▄▄ ██▄▄ ▀ ▀█ ▄▀▄▀▄▀▄██ ▄▄▄▄▄ █
█ █   █ █▀▄  █▀▀▄█▀█▄▄ ▄███ █   █ █
█ █▄▄▄█ █▄▀ █▄█▄█▀  █▄▀█▄▀█ █▄▄▄█ █
█▄▄▄▄▄▄▄█▄▀▄█ █▄█ █ ▀▄█ ▀ █▄▄▄▄▄▄▄█
█ ▄██▀ ▄▄█▄ █▄▄█▀ ██▄▄█▄▄▄██▀ ▄▀▀██
█▄█▄ ▄ ▄▀▄▄▀ ▄██ ▀█▄▀▄█▄▀ ▀▀  ▄▀▄██
█▄ ▀█  ▄▀▀▄ █▀█   █▄▀ █ ▀██ ▄███  █
█▄▀▀█  ▄ ▄ ██▀█▀ ██▀█ ███▄ ▄█▀█▀▄▀█
██▀▄█ █▄ █  █▄▄▀ █ ▀▄▀█▄▀▄▄▀▀▄▀█ ▀█
█▀ ▄▀▄▄▄████▀▄▄▄  █▄  ██▄█▀██▄█▀█▄█
█▀▄███▄▄ ▀█▄▄▀▄█▄█▄▀█▄▀  ▀██▀ ▀█ ██
█ █▀▄▄ ▄▄▀▀ █▀█▀▄▄█▀█ █ ▀▀     ▀▄██
█▄▄▄█▄█▄█ ▄ ▄▄█ █ ██ ██▀█ ▄▄▄ ▀▀▄▀█
█ ▄▄▄▄▄ █ ▄▄ ▄▄  ██▀█▀██  █▄█ ▀ ▄▀█
█ █   █ ██▄▄▄ ▄▀ ▄███ █ ▀▄ ▄▄ ▄█▄██
█ █▄▄▄█ █▀ ▀▄▄▄▄  ▄█▄▄█ ▀███▄   █▄█
█▄▄▄▄▄▄▄█▄████▄█▄█▄██▄▄▄█▄██▄▄▄█▄██

二维码解码URL: https://txz.qq.com/p?k=dzJuUkv3fossPP5VIkZWQjQ4kdtUf6IF&f=1600001604
如果控制台二维码无法扫码，可以复制解码url到二维码生成网站生成二维码再扫码，也可以打开下方的二维码路径图片进行扫码。
12-18 12:02:15 [warn] 二维码已保存到 C:\Users\Administrator\Desktop\bot\napcat.29927.onekey\versions\9.9.16-29927\resources\app\napcat\cache\qrcode.png
12-18 12:04:17 [error] [Core] [Login] Login Error,ErrCode:  3  ErrMsg: 
12-18 12:04:17 [warn] 请扫描下面的二维码，然后在手Q上授权登录：
12-18 12:04:17 [warn] 

▄▄▄▄▄▄▄▄▄▄▄▄▄▄▄▄▄▄▄▄▄▄▄▄▄▄▄▄▄▄▄▄▄▄▄
█ ▄▄▄▄▄ █▄▄▄ ▀▄██ █▀▀█ █▄▀█ ▄▄▄▄▄ █
█ █   █ ██▄▀ █ ▀▄▄██▄   █▄█ █   █ █
█ █▄▄▄█ ██▀▄ ▄████▀▄▄█ ▄ ▀█ █▄▄▄█ █
█▄▄▄▄▄▄▄█ ▀▄█ ▀ █ █▄█ █ ▀ █▄▄▄▄▄▄▄█
█▄▄▀  ▀▄██▄▀█▄██▀▀ ▄  ▀ ███▄▀▀█▀▀▄█
█ ████▀▄▀█▄██▄█▄ █ ▄█▀▄▄▄ ▀  ▄▀▀▄▄█
█▀███▀ ▄ ▀▄ █▀▀▄  ███▄▀ ▀█▀▄▄███▄▄█
█▄▄▄ ▄ ▄▀█▀▄█▀▄▀ ▄▄▀ █▄ █▀▀▄█ █▀█▀█
███▄▄▄█▄█▀▄  ▄▄  ▀▀█▀█  ▄█▄ ▀ ▄█  █
██▀█▄▀█▄█▀▀ ▀▄   ▄▄▄▄ █▀▄██▀█▄█▀▀ █
█▀▄█▄▀▄▄▀█▄▀▄▀██▀███▄█▀█ ▀▄█▀▀▀█▀██
█ █▄ ▄▀▄▄ █▄ ▀█ ▄ ▀█▀▀▄▀▄▀ ▀ ▄█▀▄▄█
█▄▄▄▄▄▄▄█▀▄ ▄▄▀▄ ▀▀█▄▀█▀█ ▄▄▄ ▀▀ ██
█ ▄▄▄▄▄ ██▀  ▄█  ▀▄ ▄ ▄   █▄█ ▀ █▀█
█ █   █ █ █▄▀ ▄ ▄▄ ▀▀▀▄▄▄▄ ▄▄▄▀█▄▄█
█ █▄▄▄█ █▀▄█▄▄  ▄ ██▄▄█▀▀█▀▀▄   ▀ █
█▄▄▄▄▄▄▄█▄▄▄████▄█▄█▄▄█▄█▄▄█▄█▄████

二维码解码URL: https://txz.qq.com/p?k=qzRPR7-8OxpW6q7B6m2eyM9vqWzGtSqz&f=1600001604
如果控制台二维码无法扫码，可以复制解码url到二维码生成网站生成二维码再扫码，也可以打开下方的二维码路径图片进行扫码。
12-18 12:04:17 [warn] 二维码已保存到 C:\Users\Administrator\Desktop\bot\napcat.29927.onekey\versions\9.9.16-29927\resources\app\napcat\cache\qrcode.png
12-18 12:06:20 [error] [Core] [Login] Login Error,ErrCode:  3  ErrMsg: 
12-18 12:06:20 [warn] 请扫描下面的二维码，然后在手Q上授权登录：
12-18 12:06:20 [warn] 

▄▄▄▄▄▄▄▄▄▄▄▄▄▄▄▄▄▄▄▄▄▄▄▄▄▄▄▄▄▄▄▄▄▄▄
█ ▄▄▄▄▄ █▀ █▀▀▀ ▀▀▄▄▄ ▄▄▄ █ ▄▄▄▄▄ █
█ █   █ █▀ ▄ █▀█ ▀▀█▀▀▄ █▀█ █   █ █
█ █▄▄▄█ █▀█ █▄█▄▀▀ ▀▄█▄█▄██ █▄▄▄█ █
█▄▄▄▄▄▄▄█▄█▄█ █▄▀ █ ▀▄▀ ▀▄█▄▄▄▄▄▄▄█
█ ▄▄▄ ▀▄ ▄ ▄█▄▄▀█▄▀▀▄▀█ █▄▄▀▄█▄▀ ▀█
█▄ ▄▀█▀▄ ▀ ▀ ▄██▄▀▄▄██ ▀▀▀▀▀▄ ▄▀▄██
█▀ ███ ▄  ▄▀▄▀▄▀▄▀▀▀▀▄ ▄▀█▄▀ ▄▄█▀▀█
█▀    ▄▄▀▄▄▄█▀██▄▀▄███▀ █▄  ▀██▀▄██
█▀ ▀▄▀█▄▀▀▄▀█▄▄▀▄███▄▀▀▄▀█▄▀█▄▀█ ▀█
█▄▄█ ▄▄▄▄▄▀▄ ▄██▄▄▄▀█  ▀██ ▄▀█▄▀▄██
█ █ █▄▀▄▄█ ▄▄▀▄▀  ▄▄ ▀▀  ▀█▀█▄▀█ ▀█
█ █▀▀  ▄▄▀▀▄█▀█▀ ▀███▀▀ ▀▀  ▄  ▀▄██
█▄███▄█▄█  ▀█▄▄▀▀▀▄▄ ▀▀▀▄ ▄▄▄  ▀█ █
█ ▄▄▄▄▄ █▄▄  ▄▄▄▄▄███  █  █▄█ ▀ ▄██
█ █   █ █ ▀ ▄ ▄▀▄▀ ▀▀▄▀▀▀▄ ▄  ▄█▄██
█ █▄▄▄█ █ ▀██▄██ ▀█▀▀█   █▄▄ ▀▀ ▄██
█▄▄▄▄▄▄▄█▄████▄███▄██▄███▄██▄▄▄█▄██

二维码解码URL: https://txz.qq.com/p?k=tsGd3cyGaw0525lmH0J9mzKOV55llcLS&f=1600001604
如果控制台二维码无法扫码，可以复制解码url到二维码生成网站生成二维码再扫码，也可以打开下方的二维码路径图片进行扫码。
12-18 12:06:20 [warn] 二维码已保存到 C:\Users\Administrator\Desktop\bot\napcat.29927.onekey\versions\9.9.16-29927\resources\app\napcat\cache\qrcode.png
12-18 12:08:20 [error] [Core] [Login] Login Error,ErrCode:  3  ErrMsg: 
12-18 12:08:20 [warn] 请扫描下面的二维码，然后在手Q上授权登录：
12-18 12:08:20 [warn] 

▄▄▄▄▄▄▄▄▄▄▄▄▄▄▄▄▄▄▄▄▄▄▄▄▄▄▄▄▄▄▄▄▄▄▄
█ ▄▄▄▄▄ █▄▄▄ ▀▄██ ▄▀▀█ ▀▄██ ▄▄▄▄▄ █
█ █   █ ██▄▀ █ ▀▄▄▀  █ ▄▀▄█ █   █ █
█ █▄▄▄█ ██▀▄ ▄████▀▀▄▀▀█ ██ █▄▄▄█ █
█▄▄▄▄▄▄▄█ ▀▄█ ▀ █ █ █ █▄█▄█▄▄▄▄▄▄▄█
█▄▄▀ ▄█▄▀█▄▀█▄██▀▀ ▀▄▄██ ▄█▄▀▀█▀▀▄█
█▀ ▀▀█▄▄▀▀▄██▄█▄ █▀ █ ▄█  ▀  ▄▀▀▄▄█
██▀▀ ▀█▄▄▄  █▀▀▄  ▀▀ █▄▀██▀▄▄███▄▄█
██ ▀▀▄█▄  ▄ █▀▄▀ ▄▄▀▄▄▄██▄▀▄█ █▀█▀█
█▀ ▀ ▄▄▄██▄▀ ▄▄  ▀ ▀█▀▀▄█▄▄ ▀ ▄█  █
█▀▄██ ▄▄█  ▀▀▄  ▄ ██▄▀▄▄▄██▀█▄█▀▀ █
█  ▀▀▄ ▄█▄█▀▄▀██ ▄▀▀██▀▄ ▀▄█▀▀▀█▀██
█ █▀███▄█▄   ▀█ ▄▀▀ ██▄▀▄▀ ▀ ▄█▀▄▄█
█▄▄██▄▄▄█▀█▀▄▄▀▄█  ▀██▄▀█ ▄▄▄ ▀▀ ██
█ ▄▄▄▄▄ ███  ▄█  ▀▄▄ ▄▄▄  █▄█ ▀ █▀█
█ █   █ █ █ ▀ ▄  ▄▀█▀ ▀ ▄▄ ▄▄▄▀█▄▄█
█ █▄▄▄█ █▀▄ ▄▄   ▄▄█▄▀▄ ▀█▀▀▄   ▀ █
█▄▄▄▄▄▄▄█▄▄█████████▄▄█▄█▄▄█▄█▄████

二维码解码URL: https://txz.qq.com/p?k=lXmYVnqUx8Qi3gyKUTSyp8jnGJKuZsHd&f=1600001604
如果控制台二维码无法扫码，可以复制解码url到二维码生成网站生成二维码再扫码，也可以打开下方的二维码路径图片进行扫码。
12-18 12:08:20 [warn] 二维码已保存到 C:\Users\Administrator\Desktop\bot\napcat.29927.onekey\versions\9.9.16-29927\resources\app\napcat\cache\qrcode.png
12-18 12:10:23 [error] [Core] [Login] Login Error,ErrCode:  3  ErrMsg: 
12-18 12:10:23 [warn] 请扫描下面的二维码，然后在手Q上授权登录：
12-18 12:10:23 [warn] 

▄▄▄▄▄▄▄▄▄▄▄▄▄▄▄▄▄▄▄▄▄▄▄▄▄▄▄▄▄▄▄▄▄▄▄
█ ▄▄▄▄▄ ██▄▄ ▀ ▀█  ▀██▄ ▄██ ▄▄▄▄▄ █
█ █   █ █▀▄  █▀▀▄█████▄▄▄▄█ █   █ █
█ █▄▄▄█ █▄▀ █▄█▄█▀▄▀█ ██▄▄█ █▄▄▄█ █
█▄▄▄▄▄▄▄█▄▀▄█ █▄█ █▄█▄█▄█▄█▄▄▄▄▄▄▄█
█▄ ███▄▄▄█▄ █▄▄█▀ ▀▀ █▀ ▄▄██▀ ▄▀▀██
█▀▀▄▄█ ▄▀ ▄▀ ▄██ ▀▄ █▀█▄█▄▀▀  ▄▀▄██
██▀▄▀ ▀▄ █▄ █▀█   █▄▀  █ ██ ▄███  █
██ ▀▀█ ▄▀▄█ █▀█▀ ██ ▀██▀▀▄ ▄█▀█▀▄▀█
██ █   ▄ ▄█▀█▄▄▀ █▄██▀▄▄▀▀▄▀▀▄▀█ ▀█
██  ▄██▄██▄▄▀▄▄▄▄ █▀ ▀▄█▄█▀██▄█▀█▄█
█▀█ ▄▀ ▄▀ █▄▄▀▄█  ██▀▄█  ▀██▀ ▀█ ██
█ █▄ ▀▀▄ ▄█ █▀█▀ ▄▄▄▀█▄▀▀▀     ▀▄██
█▄▄█▄█▄▄▄ ▀▀▄▄█ ▀ ▀▀▄  ██ ▄▄▄ ▀▀▄▀█
█ ▄▄▄▄▄ █  ▀ ▄▄   ██▀▄▄▄  █▄█ ▀ ▄▀█
█ █   █ ██  ▄ ▄▀▄ ▄▄█▀█▀▀▄ ▄▄ ▄█▄██
█ █▄▄▄█ █▀▄▄▄▄▄▄ ▄█▀▄▀█▀▀███▄   █▄█
█▄▄▄▄▄▄▄█▄▄███▄█▄▄▄▄███▄█▄██▄▄▄█▄██

二维码解码URL: https://txz.qq.com/p?k=6tM3EHnJDaM7eGBwFliPsYJ0vSm62Sk4&f=1600001604
如果控制台二维码无法扫码，可以复制解码url到二维码生成网站生成二维码再扫码，也可以打开下方的二维码路径图片进行扫码。
12-18 12:10:23 [warn] 二维码已保存到 C:\Users\Administrator\Desktop\bot\napcat.29927.onekey\versions\9.9.16-29927\resources\app\napcat\cache\qrcode.png
12-18 12:12:23 [error] [Core] [Login] Login Error,ErrCode:  3  ErrMsg: 
12-18 12:12:23 [warn] 请扫描下面的二维码，然后在手Q上授权登录：
12-18 12:12:23 [warn] 

▄▄▄▄▄▄▄▄▄▄▄▄▄▄▄▄▄▄▄▄▄▄▄▄▄▄▄▄▄▄▄▄▄▄▄
█ ▄▄▄▄▄ █▀ █▀▀▀ ▀▀▀█▄▄ ▀█▀█ ▄▄▄▄▄ █
█ █   █ █▀ ▄ █▀█ ▀▀ ▄ ▄ ▀▄█ █   █ █
█ █▄▄▄█ █▀█ █▄█▄▀▀▀██▄ █▄▀█ █▄▄▄█ █
█▄▄▄▄▄▄▄█▄█▄█ █▄▀ █ █ ▀ █▄█▄▄▄▄▄▄▄█
█▄ ▄▄▄▀▄   ▄█▄▄▀█▄▀▀▀▄▀ ▀▀▄▀▄█▄▀ ▀█
█ ▄█ █▄▄▀█ ▀ ▄██▄▀█ ██ ▄██▀▀▄ ▄▀▄██
█   ▀█ ▄▀▀▄▀▄▀▄▀▄▀▄█▄▀▀▀ ▄▄▀ ▄▄█▀▀█
█ ▀▀  █▄▀  ▄█▀██▄▀▄███ █▀▄  ▀██▀▄██
█▄  █▄█▄█ ▄▄█▄▄▀▄██▀  ▄▄▀█▄▀█▄▀█ ▀█
███▄█▄█▄ ▀█▀ ▄██ ▄▄ ▀▄  ██ ▄▀█▄▀▄██
█ ▀█▄▄▀▄▀███▄▀▄▀█▄██▄▀▀  ▀█▀█▄▀█ ▀█
█ ██▄ ▀▄▀ ▄ █▀█▀ ▄█ █▀ █▀▀  ▄  ▀▄██
█▄██▄██▄▄▀▄ █▄▄▀  ▄█▀   ▄ ▄▄▄  ▀█ █
█ ▄▄▄▄▄ █▄██ ▄▄▄ ██ █▄▀█  █▄█ ▀ ▄██
█ █   █ █  ▀▄ ▄▀▄ █▀▄▀█▀▀▄ ▄  ▄█▄██
█ █▄▄▄█ █ █▀█▄██  ▄██▄ █ █▄▄ ▀▀ ▄██
█▄▄▄▄▄▄▄█▄████▄█▄███▄▄███▄██▄▄▄█▄██

二维码解码URL: https://txz.qq.com/p?k=vm4xEat0MpR89ItKxH4Vv6HwBPpGEpQ9&f=1600001604
如果控制台二维码无法扫码，可以复制解码url到二维码生成网站生成二维码再扫码，也可以打开下方的二维码路径图片进行扫码。
12-18 12:12:23 [warn] 二维码已保存到 C:\Users\Administrator\Desktop\bot\napcat.29927.onekey\versions\9.9.16-29927\resources\app\napcat\cache\qrcode.png
12-18 12:14:25 [error] [Core] [Login] Login Error,ErrCode:  3  ErrMsg: 
12-18 12:14:25 [warn] 请扫描下面的二维码，然后在手Q上授权登录：
12-18 12:14:25 [warn] 

▄▄▄▄▄▄▄▄▄▄▄▄▄▄▄▄▄▄▄▄▄▄▄▄▄▄▄▄▄▄▄▄▄▄▄
█ ▄▄▄▄▄ █▄▄███▀▄█▀█▄█ ▀█▀██ ▄▄▄▄▄ █
█ █   █ █ ▀█ ▄ █▀ ███▀▀ █ █ █   █ █
█ █▄▄▄█ █▄ ▄▄▀▀█▄█▀█ ▄█ ▄ █ █▄▄▄█ █
█▄▄▄▄▄▄▄█▄▀▄▀▄█ █ ▀▄▀ █ ▀ █▄▄▄▄▄▄▄█
█▄▄  █▀▄█ ▀████▀▄█▀ ▀▀██▀█▄▀█▄▄ ▀ █
█▀█▀▄ █▄▀███▀▀▀▄▀██▄▀▀█▀▄▄█ ▀▄█▄ ▄█
█▀█▀ █ ▄▀  ▀ █▄█ ▀ ▀█▄  █▀▄█▄▄ ▀▀██
█ █████▄ ▀▀▄█ ▄██ █▀ ▄▀▄▀ ▀  ▄█ ███
█▄█  ▄▄▄▄▀██▄▀  ▀▀▄▄█▀   ▀      ▄ █
██▀▀ ▄█▄▄ ██▄ █▀▄█ ▄█ █▄▀▀  ██ █▄▀█
█ ▀▄▄▀█▄▀▄▀▄▄ █▀█▀▄▄▄ ▄█  ▄▀▄█▀▄▀▀█
██▀▀▀█▄▄▄▀▀▄▄▄▀ █ █▀▀██▄ ▄▄▀▀▄▀▄ ▄█
█▄█▄▄█▄▄█ ▀ ▀ ▄█ ▄▄██▄▄   ▄▄▄ ▄██▄█
█ ▄▄▄▄▄ ██▄▀ ██▄▀▀▄▄ ▄▀█  █▄█ ▀▀███
█ █   █ █▀█ ██  ███ ▄ ▀   ▄▄▄▄█  ▄█
█ █▄▄▄█ █   ▀ █▀▄ ▀▀█▀██▄▀▄ ▄▀█▄▄▀█
█▄▄▄▄▄▄▄█▄█▄█▄████▄▄█▄▄███▄███▄▄███

二维码解码URL: https://txz.qq.com/p?k=cqeDJQHXnmTJxkQQsUj2BJNpBsouuE1p&f=1600001604
如果控制台二维码无法扫码，可以复制解码url到二维码生成网站生成二维码再扫码，也可以打开下方的二维码路径图片进行扫码。
12-18 12:14:25 [warn] 二维码已保存到 C:\Users\Administrator\Desktop\bot\napcat.29927.onekey\versions\9.9.16-29927\resources\app\napcat\cache\qrcode.png
12-18 12:16:28 [error] [Core] [Login] Login Error,ErrCode:  3  ErrMsg: 
12-18 12:16:28 [warn] 请扫描下面的二维码，然后在手Q上授权登录：
12-18 12:16:28 [warn] 

▄▄▄▄▄▄▄▄▄▄▄▄▄▄▄▄▄▄▄▄▄▄▄▄▄▄▄▄▄▄▄▄▄▄▄
█ ▄▄▄▄▄ █▀ █▀▀▀ ▀▀██▄▄▀▄█▀█ ▄▄▄▄▄ █
█ █   █ █▀ ▄ █▀█ ▀██ █▄▄█▄█ █   █ █
█ █▄▄▄█ █▀█ █▄█▄▀▀▀█▄  ▄█▀█ █▄▄▄█ █
█▄▄▄▄▄▄▄█▄█▄█ █▄▀ █▄▀ ▀ ▀▄█▄▄▄▄▄▄▄█
█     █▄▄▄ ▄█▄▄▀█▄▀█ ▀▀▀▀█▄▀▄█▄▀ ▀█
█ ▀██▄ ▄▄▄ ▀ ▄██▄▀█▄▀ ▀ █ ▀▀▄ ▄▀▄██
█▄▄█▄ ▀▄ ▀ ▀▄▀▄▀▄▀▄▄█ ██▄▄▄▀ ▄▄█▀▀█
██▀▄▄ █▄▄█ ▄█▀██▄▀▄███▀██   ▀██▀▄██
█▄▀▄▄▄ ▄██▀▀█▄▄▀▄█ ▀▄   ▄█▄▀█▄▀█ ▀█
█ ▀▀▀ █▄█▄█▄ ▄██▄▄█▀█▄ ▀██ ▄▀█▄▀▄██
█▀█▀▀▀▄▄ ▀▄█▄▀▄▀ ▀██ ▄▀▀ ▀█▀█▄▀█ ▀█
█ █▄█ █▄▄██ █▀█▀  █▄▀▄▀ ▀▀  ▄  ▀▄██
█▄████▄▄▄▀ ▀█▄▄▀  ▄▄█▀█ ▄ ▄▄▄  ▀█ █
█ ▄▄▄▄▄ █▄▄▀ ▄▄▄▄██▀█▀▀█  █▄█ ▀ ▄██
█ █   █ █ ▄▀▄ ▄▀▄▄▄▄▀ ██▀▄ ▄  ▄█▄██
█ █▄▄▄█ █ ▄▀█▄██ █▄▀▀▄   █▄▄ ▀▀ ▄██
█▄▄▄▄▄▄▄█▄████▄███▄████▄█▄██▄▄▄█▄██

二维码解码URL: https://txz.qq.com/p?k=XHvPY17*Q7z-ctC9XWojuWY7lQ46h2UC&f=1600001604
如果控制台二维码无法扫码，可以复制解码url到二维码生成网站生成二维码再扫码，也可以打开下方的二维码路径图片进行扫码。
12-18 12:16:28 [warn] 二维码已保存到 C:\Users\Administrator\Desktop\bot\napcat.29927.onekey\versions\9.9.16-29927\resources\app\napcat\cache\qrcode.png
12-18 12:18:28 [error] [Core] [Login] Login Error,ErrCode:  3  ErrMsg: 
12-18 12:18:28 [warn] 请扫描下面的二维码，然后在手Q上授权登录：
12-18 12:18:28 [warn] 

▄▄▄▄▄▄▄▄▄▄▄▄▄▄▄▄▄▄▄▄▄▄▄▄▄▄▄▄▄▄▄▄▄▄▄
█ ▄▄▄▄▄ █▄▄███▀▄█▀ █▄▀█▄▀▀█ ▄▄▄▄▄ █
█ █   █ █ ▀█ ▄ █▀ ██▄ █▀▀ █ █   █ █
█ █▄▄▄█ █▄ ▄▄▀▀█▄█▀█ ▀▀ █▀█ █▄▄▄█ █
█▄▄▄▄▄▄▄█▄▀▄▀▄█ █ ▀▄▀▄█ █ █▄▄▄▄▄▄▄█
█▄   ██▄█ ▀████▀▄█▀▄ ▄▀▀▄█▄▀█▄▄ ▀ █
██▄▄ ██▄████▀▀▀▄▀████▀▄█▄▀█ ▀▄█▄ ▄█
█▄ ▀▄▀█▄▄ ▄▀ █▄█ ▀▄▄▄█▄ █ ▄█▄▄ ▀▀██
██▄▀██▀▄▄ ▄ █ ▄██ ▄▀ ▄ ▀█▄▀  ▄█ ███
█▄█▄▄  ▄█▄▄▄▄▀  ▀▀  █ ▄█▀▀      ▄ █
█▄▄▀▀▄ ▄  █▄▄ █▀▄ ▀▄█▀██▀▀  ██ █▄▀█
█▀█▀▄▀▄▄ ▄ ▀▄ █▀▀▀▄ █ ▄█  ▄▀▄█▀▄▀▀█
██▀▄▄▀▄▄█▄▀█▄▄▀ █▄▄ ▀█▄▀ ▄▄▀▀▄▀▄ ▄█
█▄████▄▄█ █ ▀ ▄█ ▄▄▄▀▄ ▄  ▄▄▄ ▄██▄█
█ ▄▄▄▄▄ ██▀█ ██▄▀▀▄▀▄█ █  █▄█ ▀▀███
█ █   █ █▀▄ ██  ▀██▄█▀▄█  ▄▄▄▄█  ▄█
█ █▄▄▄█ █ ▄▄▀ █▀▄▄ █▀▄█ ▄▀▄ ▄▀█▄▄▀█
█▄▄▄▄▄▄▄█▄█▄█▄███▄▄▄▄▄▄███▄███▄▄███

二维码解码URL: https://txz.qq.com/p?k=mdO-YsSW2jN7wpqXcO7t8JZ*Xe*fae5U&f=1600001604
如果控制台二维码无法扫码，可以复制解码url到二维码生成网站生成二维码再扫码，也可以打开下方的二维码路径图片进行扫码。
12-18 12:18:28 [warn] 二维码已保存到 C:\Users\Administrator\Desktop\bot\napcat.29927.onekey\versions\9.9.16-29927\resources\app\napcat\cache\qrcode.png
12-18 12:20:30 [error] [Core] [Login] Login Error,ErrCode:  3  ErrMsg: 
12-18 12:20:30 [warn] 请扫描下面的二维码，然后在手Q上授权登录：
12-18 12:20:30 [warn] 

▄▄▄▄▄▄▄▄▄▄▄▄▄▄▄▄▄▄▄▄▄▄▄▄▄▄▄▄▄▄▄▄▄▄▄
█ ▄▄▄▄▄ █▄▄███▀▄█▀▀▄█▄█▄▀▀█ ▄▄▄▄▄ █
█ █   █ █ ▀█ ▄ █▀ █▄█ █ █▀█ █   █ █
█ █▄▄▄█ █▄ ▄▄▀▀█▄█▀▄ ▀▀ ▄▄█ █▄▄▄█ █
█▄▄▄▄▄▄▄█▄▀▄▀▄█ █ ▀▄█ █ █ █▄▄▄▄▄▄▄█
█▄▄ ▄██▄█▄▀████▀▄█  ▄ ▀█▄█▄▀█▄▄ ▀ █
█ ▀▄█▀ ▄▄▄██▀▀▀▄▀██▀▀ ▄█  █ ▀▄█▄ ▄█
█▄ ▄█ ▀▄▀▄▄▀ █▄█ ▀▄█▀  ▄▄ ▄█▄▄ ▀▀██
███ █▀█▄▀▀ ██ ▄██ ▄▀▄▀▀▄▀█▀  ▄█ ███
█▄█▄▄ █▄█▄▀█▄▀  ▀▀▀▀▀▀█▄█▀      ▄ █
█▄▄▄▀▄ ▄ ▀ ▀▄ █▀ ▄▀ ▀ █▄▀▀  ██ █▄▀█
█  ███▀▄▄ ▄▄▄ █▀█▀▄▄▄     ▄▀▄█▀▄▀▀█
██▀ ▄ ▄▄████▄▄▀ ▀▄▄██▄██ ▄▄▀▀▄▀▄ ▄█
█▄█▄▄██▄▄▀ █▀ ▄█▀▀  ▀ ▀▄  ▄▄▄ ▄██▄█
█ ▄▄▄▄▄ ██▄█ ██▄█▀██ █▀   █▄█ ▀▀███
█ █   █ █▀ ███  ██▀▄ ▀█▄  ▄▄▄▄█  ▄█
█ █▄▄▄█ █  █▀ █▀ █  █▀▄▀▄▀▄ ▄▀█▄▄▀█
█▄▄▄▄▄▄▄█▄█▄█▄██▄█▄▄█▄▄▄██▄███▄▄███

二维码解码URL: https://txz.qq.com/p?k=NoNAXsCHV1iQ8Z2ST4QwAZkj9p1kzGos&f=1600001604
如果控制台二维码无法扫码，可以复制解码url到二维码生成网站生成二维码再扫码，也可以打开下方的二维码路径图片进行扫码。
12-18 12:20:30 [warn] 二维码已保存到 C:\Users\Administrator\Desktop\bot\napcat.29927.onekey\versions\9.9.16-29927\resources\app\napcat\cache\qrcode.png
12-18 12:22:33 [error] [Core] [Login] Login Error,ErrCode:  3  ErrMsg: 
12-18 12:22:33 [warn] 请扫描下面的二维码，然后在手Q上授权登录：
12-18 12:22:33 [warn] 

▄▄▄▄▄▄▄▄▄▄▄▄▄▄▄▄▄▄▄▄▄▄▄▄▄▄▄▄▄▄▄▄▄▄▄
█ ▄▄▄▄▄ █▄▄▄ ▀▄██    ▀ ██ █ ▄▄▄▄▄ █
█ █   █ ██▄▀ █ ▀▄▄█▄██ ▄▄▄█ █   █ █
█ █▄▄▄█ ██▀▄ ▄████▀▄▄ ▄█▀▀█ █▄▄▄█ █
█▄▄▄▄▄▄▄█ ▀▄█ ▀ █ █▄▀▄█▄█▄█▄▄▄▄▄▄▄█
█  █▄ ▀▄▀█▄▀█▄██▀▀ █ █▀▀▀██▄▀▀█▀▀▄█
█▀▄██ █▄ █▄██▄█▄ █▀ ▀█▄▄ ▀▀  ▄▀▀▄▄█
█ ▄▄▀▄ ▄▀▀  █▀▀▄  ▄█▄▄█▀█▄▀▄▄███▄▄█
█▀█ ▄▄ ▄▀ █▀█▀▄▀ ▄█▀▄▄▄██▄▀▄█ █▀█▀█
█▄██▄▄ ▄▄▄ ▀ ▄▄  ▀▀▀  █▄ █▄ ▀ ▄█  █
█ ▀█▄▄▀▄▄ ██▀▄   ███▄ █▄▄██▀█▄█▀▀ █
█ ▄█▀█▀▄ ▄▄█▄▀██ ██▀▄▄█▀ ▀▄█▀▀▀█▀██
█ █  ▀█▄██▄  ▀█  █ ▀▀▄█▀▄▀ ▀ ▄█▀▄▄█
█▄▄█▄█▄▄▄ ▀█▄▄▀▄█ ▀▀██▄██ ▄▄▄ ▀▀ ██
█ ▄▄▄▄▄ ██   ▄█ ▄ ▄█▄ ▄█  █▄█ ▀ █▀█
█ █   █ █   ▀ ▄ █▄▀█▀ ██▄▄ ▄▄▄▀█▄▄█
█ █▄▄▄█ █▀██▄▄   ██▄  ▄█▀█▀▀▄   ▀ █
█▄▄▄▄▄▄▄█▄▄▄████▄█▄█▄▄▄██▄▄█▄█▄████

二维码解码URL: https://txz.qq.com/p?k=TItr2dmurbE4PazRmce2BMzTgDossXNs&f=1600001604
如果控制台二维码无法扫码，可以复制解码url到二维码生成网站生成二维码再扫码，也可以打开下方的二维码路径图片进行扫码。
12-18 12:22:33 [warn] 二维码已保存到 C:\Users\Administrator\Desktop\bot\napcat.29927.onekey\versions\9.9.16-29927\resources\app\napcat\cache\qrcode.png
12-18 12:24:33 [error] [Core] [Login] Login Error,ErrCode:  3  ErrMsg: 
12-18 12:24:33 [warn] 请扫描下面的二维码，然后在手Q上授权登录：
12-18 12:24:33 [warn] 

▄▄▄▄▄▄▄▄▄▄▄▄▄▄▄▄▄▄▄▄▄▄▄▄▄▄▄▄▄▄▄▄▄▄▄
█ ▄▄▄▄▄ ██▄▄ ▀ ▀█ █▄█  ▄▄▀█ ▄▄▄▄▄ █
█ █   █ █▀▄  █▀▀▄█▀█▄▀▄▄ ▄█ █   █ █
█ █▄▄▄█ █▄▀ █▄█▄█▀██▄▄  █▀█ █▄▄▄█ █
█▄▄▄▄▄▄▄█▄▀▄█ █▄█ █ ▀▄█▄█ █▄▄▄▄▄▄▄█
█▄ ▀▀█▄▄ █▄ █▄▄█▀  █▄▄▀ ▄███▀ ▄▀▀██
██▀█▄ ▄▄▀█▄▀ ▄██ ▀█ █▀▄▄█▀▀▀  ▄▀▄██
██▄ █▄█▄▀▀▄ █▀█   ▄▀▄ █ ▄▄█ ▄███  █
███ ▀▄ ▄  ▄██▀█▀ ███▀ ▄███ ▄█▀█▀▄▀█
█ ▀█▀ █▄▀▄█▄█▄▄▀ █ ▀▄▀▄ ▀█▄▀▀▄▀█ ▀█
██▄▄ ▄ ▄▀▀▄▀▀▄▄▄ ▄██▄▀██▄█▀██▄█▀█▄█
█▀▄ █▀ ▄▀█▀ ▄▀▄█▄█▄▀▀▄▄▄ ▀██▀ ▀█ ██
█ █▄█▀▀▄█▄▀▀█▀█▀ ▀███▄█ ▀▀     ▀▄██
█▄▄▄▄▄█▄█ ██▄▄█ █ ▀█▄▀▄██ ▄▄▄ ▀▀▄▀█
█ ▄▄▄▄▄ █ ▀▀ ▄▄ ▄▀█ ▀▄█   █▄█ ▀ ▄▀█
█ █   █ ███▄▄ ▄▀▀▄ █▄▀█▀▀▄ ▄▄ ▄█▄██
█ █▄▄▄█ █▀ ▀▄▄▄▄▄█▄▄ ▀█▄▀███▄   █▄█
█▄▄▄▄▄▄▄█▄█▄██▄██████▄█▄█▄██▄▄▄█▄██

二维码解码URL: https://txz.qq.com/p?k=uAXZCVl1VWF2wOQuKDZc-txEoexyI8NB&f=1600001604
如果控制台二维码无法扫码，可以复制解码url到二维码生成网站生成二维码再扫码，也可以打开下方的二维码路径图片进行扫码。
12-18 12:24:33 [warn] 二维码已保存到 C:\Users\Administrator\Desktop\bot\napcat.29927.onekey\versions\9.9.16-29927\resources\app\napcat\cache\qrcode.png
12-18 12:26:35 [error] [Core] [Login] Login Error,ErrCode:  3  ErrMsg: 
12-18 12:26:35 [warn] 请扫描下面的二维码，然后在手Q上授权登录：
12-18 12:26:35 [warn] 

▄▄▄▄▄▄▄▄▄▄▄▄▄▄▄▄▄▄▄▄▄▄▄▄▄▄▄▄▄▄▄▄▄▄▄
█ ▄▄▄▄▄ █▀ █▀▀▀ ▀▀  ▄▀▄ ▄▄█ ▄▄▄▄▄ █
█ █   █ █▀ ▄ █▀█ ▀█▄▀▀▄▄▀ █ █   █ █
█ █▄▄▄█ █▀█ █▄█▄▀▀ ▀▄ ▀▄▄██ █▄▄▄█ █
█▄▄▄▄▄▄▄█▄█▄█ █▄▀ █ █ ▀▄█ █▄▄▄▄▄▄▄█
█▄▄▄▄ █▄ ▄ ▄█▄▄▀█▄▄▄ █▀▄▀█▄▀▄█▄▀ ▀█
█▄██▀▄ ▄▄▄ ▀ ▄██▄▀▄▄██▀██▀▀▀▄ ▄▀▄██
█ ▄█▀▀ ▄▀▄ ▀▄▀▄▀▄▀▀▀▀▄█ █▄▄▀ ▄▄█▀▀█
█ ▀ ▄▀▄▄█▀▀▄█▀██▄▀█▀█▄ ▀▀▄  ▀██▀▄██
█▀ █▄▀ ▄ ▄▄▄█▄▄▀▄██▀ ▀▀▄ ▄▄▀█▄▀█ ▀█
█ ▄ ▀  ▄▀▀▄▄ ▄██ █▄▄▀   ██ ▄▀█▄▀▄██
█▀ ▄▄██▄ █▀▀▄▀▄▀▄ ▄█▀▀▄▄ ▀█▀█▄▀█ ▀█
█ █ ▄▀█▄█▄█▀█▀█▀▄▀▄ █▄ ▄▀▀  ▄  ▀▄██
█▄████▄▄▄ █▀█▄▄▀  ▄█▄ ▄▄▄ ▄▄▄  ▀█ █
█ ▄▄▄▄▄ █▄▄▄ ▄▄▄  ██▀█ ▀  █▄█ ▀ ▄██
█ █   █ █ ▄▀▄ ▄▀▄▄ ▀█ ▀ ▀▄ ▄  ▄█▄██
█ █▄▄▄█ █  ▄█▄██▄ ▄▀██   █▄▄ ▀▀ ▄██
█▄▄▄▄▄▄▄█▄▄▄██▄█▄▄██▄██▄█▄██▄▄▄█▄██

二维码解码URL: https://txz.qq.com/p?k=nAqi78byeLIuhRYgi0-y*Z3LCrunW5Vp&f=1600001604
如果控制台二维码无法扫码，可以复制解码url到二维码生成网站生成二维码再扫码，也可以打开下方的二维码路径图片进行扫码。
12-18 12:26:35 [warn] 二维码已保存到 C:\Users\Administrator\Desktop\bot\napcat.29927.onekey\versions\9.9.16-29927\resources\app\napcat\cache\qrcode.png
12-18 12:28:38 [error] [Core] [Login] Login Error,ErrCode:  3  ErrMsg: 
12-18 12:28:38 [warn] 请扫描下面的二维码，然后在手Q上授权登录：
12-18 12:28:38 [warn] 

▄▄▄▄▄▄▄▄▄▄▄▄▄▄▄▄▄▄▄▄▄▄▄▄▄▄▄▄▄▄▄▄▄▄▄
█ ▄▄▄▄▄ █ ██▀▀▄█▄▀▀▄ ▀▄▀▄ █ ▄▄▄▄▄ █
█ █   █ █  ▀█ ▀█ ▄▄▀ ▄▄▀▀ █ █   █ █
█ █▄▄▄█ █▀  █▄ ▀▄▀█▄▀▀█ ▄▀█ █▄▄▄█ █
█▄▄▄▄▄▄▄█▄█ ▀▄█▄▀▄▀ █▄▀ █ █▄▄▄▄▄▄▄█
█▄▄██▄ ▄▀██▄█▄▀▄ ▄█▀▄██ ▀█▀█ █▄ ▄▄█
█▄  ▀▀▄▄█  ▄█▀██▄▄▀ ▀▄ █▄ ▀▀▄█▀▄▄██
█▄▀▀ ▄▄▄  █▀▄▀▀▄▀▀██▀▄▀▄▀▀▀▄█▄▄█▄▄█
█▀▀██▄▀▄▄▄ █ ▄██▄▄ █▀▀▀▄▄   ▀  ▄▄██
█▄▄ ▄  ▄ ▀ ██▄▀▄▀█▀▀█▄▀▄▀▄▀▄ ▄▀██▄█
█▀    ▀▄ ▀▀ █▀██ ▀▀ █▄▀▄   ▄▀ ▀▄▄██
█ ██▀█ ▄█▄▀█▄▀▀▄▄▀██▀█▄▀ ▀ ▄ ▄▀██▄█
███▀█▄▄▄▀▀ ▄ ▄█▀  ▀▀▀█ █▄▄  ▄██▄▄██
█▄▄██▄▄▄▄▀▄██▄▀▄▀ ▀▀▀██▄▄ ▄▄▄  ▀ ██
█ ▄▄▄▄▄ █▀█▀█▀▄▄▄ ▀ █▀▀██ █▄█ ▄█▄██
█ █   █ █▄▀▀▄ ▀▄ █▄▀ █▄ ▀▄▄ ▄ ▄█▀ █
█ █▄▄▄█ █▀ ▀ ▀██ █▀███ ██ ▄▄ ▄▄█▄██
█▄▄▄▄▄▄▄█▄▄▄███▄██▄██▄▄▄█▄▄▄█▄▄██▄█

二维码解码URL: https://txz.qq.com/p?k=g7vv-4UKK5GuhTZYnKpnFeGPOSObe*pI&f=1600001604
如果控制台二维码无法扫码，可以复制解码url到二维码生成网站生成二维码再扫码，也可以打开下方的二维码路径图片进行扫码。
12-18 12:28:38 [warn] 二维码已保存到 C:\Users\Administrator\Desktop\bot\napcat.29927.onekey\versions\9.9.16-29927\resources\app\napcat\cache\qrcode.png
12-18 12:30:38 [error] [Core] [Login] Login Error,ErrCode:  3  ErrMsg: 
12-18 12:30:38 [warn] 请扫描下面的二维码，然后在手Q上授权登录：
12-18 12:30:38 [warn] 

▄▄▄▄▄▄▄▄▄▄▄▄▄▄▄▄▄▄▄▄▄▄▄▄▄▄▄▄▄▄▄▄▄▄▄
█ ▄▄▄▄▄ █▄▄▄ ▀▄██ ▄▀▀  ▀███ ▄▄▄▄▄ █
█ █   █ ██▄▀ █ ▀▄▄▀▀▄  ▄▀▄█ █   █ █
█ █▄▄▄█ ██▀▄ ▄████▄▀█▀▄█ ██ █▄▄▄█ █
█▄▄▄▄▄▄▄█ ▀▄█ ▀ █ █ █▄█ █ █▄▄▄▄▄▄▄█
█▄▄█▄ █▄▀█▄▀█▄██▀▀██▀██▄▀██▄▀▀█▀▀▄█
██▀█▄▄█▄█▄▄██▄█▄ █ ▀▀▄▄█▄█▀  ▄▀▀▄▄█
█ ▄▄▄██▄▄█  █▀▀▄   ▀█ ██▄█▀▄▄███▄▄█
██▄  ▄▄▄ ▄█▀█▀▄▀ ▄▄▀  █▀▀ ▀▄█ █▀█▀█
█ ▀█▄▄█▄▄▄▄▄ ▄▄  ▀█▀▀██ ██▄ ▀ ▄█  █
█▄▄██▄▀▄▀▄▀█▀▄  ▄▄▄▄ ▀█ ▄██▀█▄█▀▀ █
█ █ ███▄▄█ ▄▄▀██ ▀▄▀  ██ ▀▄█▀▀▀█▀██
█ ██▄▄█▄▄██  ▀█  ▄▀▄▀ █ ▄▀ ▀ ▄█▀▄▄█
█▄▄▄▄▄█▄▄  ▀▄▄▀▄ ▀▀▀▄▄█ █ ▄▄▄ ▀▀ ██
█ ▄▄▄▄▄ ██▄  ▄█ ▄▀▄▀▄█▄▄  █▄█ ▀ █▀█
█ █   █ █ ▀▀▀ ▄ ▄█▀██▀██▄▄ ▄▄▄▀█▄▄█
█ █▄▄▄█ █▀▄▀▄▄    ▄█ █▄▄▀█▀▀▄   ▀ █
█▄▄▄▄▄▄▄█▄▄██████▄██▄▄█▄█▄▄█▄█▄████

二维码解码URL: https://txz.qq.com/p?k=zWqYve1fcv105Tf13*oD12TNicnuNAw0&f=1600001604
如果控制台二维码无法扫码，可以复制解码url到二维码生成网站生成二维码再扫码，也可以打开下方的二维码路径图片进行扫码。
12-18 12:30:38 [warn] 二维码已保存到 C:\Users\Administrator\Desktop\bot\napcat.29927.onekey\versions\9.9.16-29927\resources\app\napcat\cache\qrcode.png
12-18 12:32:40 [error] [Core] [Login] Login Error,ErrCode:  3  ErrMsg: 
12-18 12:32:40 [warn] 请扫描下面的二维码，然后在手Q上授权登录：
12-18 12:32:40 [warn] 

▄▄▄▄▄▄▄▄▄▄▄▄▄▄▄▄▄▄▄▄▄▄▄▄▄▄▄▄▄▄▄▄▄▄▄
█ ▄▄▄▄▄ █▄▄███▀▄█▀ ▄▄▄█▄ ▀█ ▄▄▄▄▄ █
█ █   █ █ ▀█ ▄ █▀ ▀█▄▄█ █▄█ █   █ █
█ █▄▄▄█ █▄ ▄▄▀▀█▄█▄▀ ▀ ▀█▀█ █▄▄▄█ █
█▄▄▄▄▄▄▄█▄▀▄▀▄█ █ ▀▄█ █▄█▄█▄▄▄▄▄▄▄█
█▄▄  ▀█▄▀ ▀████▀▄█ ▀ ▄▀█▀█▄▀█▄▄ ▀ █
█ █▀█▄ ▄▀ ██▀▀▀▄▀██████▄▄██ ▀▄█▄ ▄█
█ ▀▄█▄█▄ █ ▀ █▄█ ▀▄▀ █ ▄█▀▄█▄▄ ▀▀██
█ ▄█▀█ ▄▄▄▀██ ▄██ ▄▀▄█▀ ██▀  ▄█ ███
██ █▀▄█▄█ ▄█▄▀  ▀▀▄▄ ▀█▄▄       ▄ █
█ █▀▀ ▄▄▀██▄▄ █▀ █▀▀█ ██▀▀  ██ █▄▀█
█  ▄█▄▄▄██▄ ▄ █▀▄  █ ▄▀▀  ▄▀▄█▀▄▀▀█
██▀█ ██▄  █▀▄▄▀ █▀▄██▄▄▀ ▄▄▀▀▄▀▄ ▄█
█▄███▄█▄█ ▄█▀ ▄█▄  █ ▀█   ▄▄▄ ▄██▄█
█ ▄▄▄▄▄ ██▀  ██▄█▄▄█▄  ▀  █▄█ ▀▀███
█ █   █ █▀▄███  ▄▄▀▄▄ ▄▄  ▄▄▄▄█  ▄█
█ █▄▄▄█ █ ▀▄▀ █▀▄█▀ ▀▀█▀▄▀▄ ▄▀█▄▄▀█
█▄▄▄▄▄▄▄█▄█▄█▄██▄▄▄▄▄▄████▄███▄▄███

二维码解码URL: https://txz.qq.com/p?k=Tpc5xjEIRRwsRm*1Xk1ehd*zE8cihZPj&f=1600001604
如果控制台二维码无法扫码，可以复制解码url到二维码生成网站生成二维码再扫码，也可以打开下方的二维码路径图片进行扫码。
12-18 12:32:40 [warn] 二维码已保存到 C:\Users\Administrator\Desktop\bot\napcat.29927.onekey\versions\9.9.16-29927\resources\app\napcat\cache\qrcode.png
