12-16 17:21:30 [info] [NapCat] [Core] NapCat.Core Version: 4.2.27
12-16 17:21:30 [info] 核心登录服务连接成功!
12-16 17:21:30 [error] 快速登录失败，未找到该 QQ 历史登录记录，将使用二维码登录方式
12-16 17:21:30 [info] [NapCat] [WebUi] Current WebUi is not run.
12-16 17:21:31 [warn] 请扫描下面的二维码，然后在手Q上授权登录：
12-16 17:21:31 [warn] 

▄▄▄▄▄▄▄▄▄▄▄▄▄▄▄▄▄▄▄▄▄▄▄▄▄▄▄▄▄▄▄▄▄▄▄
█ ▄▄▄▄▄ █▄▄▄ ▀▄██  ▀▀▄▄▄▄▀█ ▄▄▄▄▄ █
█ █   █ ██▄▀ █ ▀▄▄▀▀▄  ▀███ █   █ █
█ █▄▄▄█ ██▀▄ ▄████▄█▄█▄ ▀▀█ █▄▄▄█ █
█▄▄▄▄▄▄▄█ ▀▄█ ▀ █ █ ▀▄█▄█ █▄▄▄▄▄▄▄█
█  ▀  ▀▄█▀▄▀█▄██▀▀▄█▄█▀▀ ▀█▄▀▀█▀▀▄█
█▄▀▄▄▀█▄▄▄▄██▄█▄ █ ▄▀ █ ▄ ▀  ▄▀▀▄▄█
█ ▀█▀ ▄▄▀█  █▀▀▄  ▄█ █▀▀▀▄▀▄▄███▄▄█
██▀▄█▄▀▄ ▀▀ █▀▄▀ ▄▄█▄▀▄ ▀▄▀▄█ █▀█▀█
█▄▄▀▄▄▄▄▄▄█▀ ▄▄  ▀█▀▀▀▀▀▄▄▄ ▀ ▄█  █
█▄▄ ▄▄█▄█ ▄█▀▄  ▄ ▄▀ █▄▀▄██▀█▄█▀▀ █
█  ▀▄ ▀▄▀█  ▄▀██ ▄ ▀  █▀ ▀▄█▀▀▀█▀██
█ █▄▀▄▄▄▄▄█▄ ▀█ ▄█ ▄▀▄▄ ▄▀ ▀ ▄█▀▄▄█
█▄▄▄█▄█▄▄ █▄▄▄▀▄▄ █▀▄▄█ █ ▄▄▄ ▀▀ ██
█ ▄▄▄▄▄ ██▀▀ ▄█ ▄ ██▄▄▄▄  █▄█ ▀ █▀█
█ █   █ █ ▄ ▀ ▄ ▀█▀█▀██ ▄▄ ▄▄▄▀█▄▄█
█ █▄▄▄█ █▀█ ▄▄   ▀▄▀▄▄▄█▀█▀▀▄   ▀ █
█▄▄▄▄▄▄▄█▄▄█████▄█▄▄▄█▄██▄▄█▄█▄████

二维码解码URL: https://txz.qq.com/p?k=fj8tA0nx-d1dF5b5pVDe36qWliet7hDd&f=1600001604
如果控制台二维码无法扫码，可以复制解码url到二维码生成网站生成二维码再扫码，也可以打开下方的二维码路径图片进行扫码。
12-16 17:21:31 [warn] 二维码已保存到 C:\Users\Administrator\Desktop\bot\napcat.29927.onekey\versions\9.9.16-29927\resources\app\napcat\cache\qrcode.png
12-16 17:23:34 [error] [Core] [Login] Login Error,ErrCode:  3  ErrMsg: 
12-16 17:23:34 [warn] 请扫描下面的二维码，然后在手Q上授权登录：
12-16 17:23:34 [warn] 

▄▄▄▄▄▄▄▄▄▄▄▄▄▄▄▄▄▄▄▄▄▄▄▄▄▄▄▄▄▄▄▄▄▄▄
█ ▄▄▄▄▄ █▀ █▀▀▀ ▀▀▀▄█ ▀▄▄██ ▄▄▄▄▄ █
█ █   █ █▀ ▄ █▀█ ▀██ █  █▄█ █   █ █
█ █▄▄▄█ █▀█ █▄█▄▀▀███▄ ▀█▀█ █▄▄▄█ █
█▄▄▄▄▄▄▄█▄█▄█ █▄▀ █ ▀▄▀▄█ █▄▄▄▄▄▄▄█
█▄ ▄▄ ▀▄ ▄ ▄█▄▄▀█▄▄█▄   ██▄▀▄█▄▀ ▀█
█▄█▀ █▀▄▄  ▀ ▄██▄▀▄ █▀ ▄█ ▀▀▄ ▄▀▄██
██▄ ██▄▄▀ ▄▀▄▀▄▀▄▀▄▄█▀▄▄ █▄▀ ▄▄█▀▀█
█▀█▄▄█ ▄▄▀█▀█▀██▄▀▄ ▀█▀ ██  ▀██▀▄██
█ ▄ ▀█▄▄▀█ ▄█▄▄▀▄█ ▀█ ▀▄ ▄▄▀█▄▀█ ▀█
██▄▀▀▀█▄▀▀▄█ ▄██▄▀███▀▀███ ▄▀█▄▀▄██
█▀ ▄ ▄ ▄█▄█ ▄▀▄▀█▀██ ▀█▄ ▀█▀█▄▀█ ▀█
█ █▄▄█ ▄▄▄▄██▀█▀ ██ █  ▄▀▀  ▄  ▀▄██
█▄█▄█▄█▄█ ▀▀█▄▄▀█▀▄▄▀▄█▄▄ ▄▄▄  ▀█ █
█ ▄▄▄▄▄ █▄▄  ▄▄▄ ▄▄▀█▄    █▄█ ▀ ▄██
█ █   █ █ ▀ ▄ ▄▀█▄ █▄ ▀▀▀▄ ▄  ▄█▄██
█ █▄▄▄█ █ █▄█▄██▄▄█▄█▄▀▄ █▄▄ ▀▀ ▄██
█▄▄▄▄▄▄▄█▄█▄██▄█▄█▄██▄█▄█▄██▄▄▄█▄██

二维码解码URL: https://txz.qq.com/p?k=mxPQyDTOblm6qY5lRDZKGTr2mP6yc9hn&f=1600001604
如果控制台二维码无法扫码，可以复制解码url到二维码生成网站生成二维码再扫码，也可以打开下方的二维码路径图片进行扫码。
12-16 17:23:34 [warn] 二维码已保存到 C:\Users\Administrator\Desktop\bot\napcat.29927.onekey\versions\9.9.16-29927\resources\app\napcat\cache\qrcode.png
12-16 17:25:34 [error] [Core] [Login] Login Error,ErrCode:  3  ErrMsg: 
12-16 17:25:34 [warn] 请扫描下面的二维码，然后在手Q上授权登录：
12-16 17:25:34 [warn] 

▄▄▄▄▄▄▄▄▄▄▄▄▄▄▄▄▄▄▄▄▄▄▄▄▄▄▄▄▄▄▄▄▄▄▄
█ ▄▄▄▄▄ █▄▄▄ ▀▄██  ▀▀█▄ ███ ▄▄▄▄▄ █
█ █   █ ██▄▀ █ ▀▄▄▀ ▄▄  ▄ █ █   █ █
█ █▄▄▄█ ██▀▄ ▄████▀▀██▄  ▀█ █▄▄▄█ █
█▄▄▄▄▄▄▄█ ▀▄█ ▀ █ █▄█▄█▄▀ █▄▄▄▄▄▄▄█
█ ▄█▄▄█▄▀█▄▀█▄██▀▀▄▄ ▄▄▀███▄▀▀█▀▀▄█
█▄  ▀█▄▄ █▄██▄█▄ █ ▀▀▄█▀▄▀▀  ▄▀▀▄▄█
█▄▀▄ ▄ ▄▀█▄ █▀▀▄  █▄ ▄█▀█▄▀▄▄███▄▄█
█▀▄▀  █▄ ▄█▄█▀▄▀ ▄█ ▄▀▄▄█ ▀▄█ █▀█▀█
██▀▄ ▀▄▄██▀▀ ▄▄  ▀▀▄▀█▀ ██▄ ▀ ▄█  █
█▄▄▄▀▀▀▄▀▄ █▀▄  ▄ ▄▀  █▄▄██▀█▄█▀▀ █
█▀█ █ █▄▄▄▀▀▄▀███▄██▀ ▄█ ▀▄█▀▀▀█▀██
█ █▀▀▀▄▄██ ▄ ▀█  █ ▄▀▄▄▀▄▀ ▀ ▄█▀▄▄█
█▄▄█▄▄█▄█▀  ▄▄▀▄ █▀▄ ▄█ █ ▄▄▄ ▀▀ ██
█ ▄▄▄▄▄ ██▀▄ ▄█ ▄ █  ▄█▀  █▄█ ▀ █▀█
█ █   █ █ ▀▄▀ ▄   ▄█▀ ▄▄▄▄ ▄▄▄▀█▄▄█
█ █▄▄▄█ █▀ █▄▄   ▄▄  ▄█ ▀█▀▀▄   ▀ █
█▄▄▄▄▄▄▄█▄█▄█████▄▄▄▄█▄██▄▄█▄█▄████

二维码解码URL: https://txz.qq.com/p?k=xKRCd0BqjP6SDgB80BvUr9404Q8X*06L&f=1600001604
如果控制台二维码无法扫码，可以复制解码url到二维码生成网站生成二维码再扫码，也可以打开下方的二维码路径图片进行扫码。
12-16 17:25:34 [warn] 二维码已保存到 C:\Users\Administrator\Desktop\bot\napcat.29927.onekey\versions\9.9.16-29927\resources\app\napcat\cache\qrcode.png
12-16 17:27:37 [error] [Core] [Login] Login Error,ErrCode:  3  ErrMsg: 
12-16 17:27:37 [warn] 请扫描下面的二维码，然后在手Q上授权登录：
12-16 17:27:37 [warn] 

▄▄▄▄▄▄▄▄▄▄▄▄▄▄▄▄▄▄▄▄▄▄▄▄▄▄▄▄▄▄▄▄▄▄▄
█ ▄▄▄▄▄ █▀ █▀▀▀ ▀▀█▀▄▄ ▄█▀█ ▄▄▄▄▄ █
█ █   █ █▀ ▄ █▀█ ▀███▀ ▀▀▄█ █   █ █
█ █▄▄▄█ █▀█ █▄█▄▀▀ ▄▄█▄▀▄██ █▄▄▄█ █
█▄▄▄▄▄▄▄█▄█▄█ █▄▀ █▄▀▄▀▄█ █▄▄▄▄▄▄▄█
█▄  ▄▄▀▄▄▄ ▄█▄▄▀█▄███ █▀▀▀▄▀▄█▄▀ ▀█
█▄▀█ █▀▄▀▀ ▀ ▄██▄▀▄▄██ ██ ▀▀▄ ▄▀▄██
█▀▄▀█▄ ▄ █▄▀▄▀▄▀▄▀▄▀ ▀█▄ ▄▄▀ ▄▄█▀▀█
█ █▀█▀▄▄▀█  █▀██▄▀▄▀▀  ▄▀▀  ▀██▀▄██
█▀▄ █▄▄▄▄ ▄▀█▄▄▀▄█▄▀ ▀█ █▄▄▀█▄▀█ ▀█
███▀█ ▀▄▀▄▄  ▄██ ▄███▀▀███ ▄▀█▄▀▄██
█   █▀█▄▀ ▀▄▄▀▄▀█▀ ▄█ ▄▄ ▀█▀█▄▀█ ▀█
█ █ ██ ▄▄ █▄█▀█▀▄██▄▀▀  ▀▀  ▄  ▀▄██
█▄█▄▄▄█▄█▀▀▀█▄▄▀  ▀▀▄▀▄▄▄ ▄▄▄  ▀█ █
█ ▄▄▄▄▄ █▄ █ ▄▄▄▄██▄▀▄▀▀  █▄█ ▀ ▄██
█ █   █ █   ▄ ▄▀█▀▄▀▀ ▀▀▀▄ ▄  ▄█▄██
█ █▄▄▄█ █ ▄██▄██ █▄▄█  ▄ █▄▄ ▀▀ ▄██
█▄▄▄▄▄▄▄█▄▄▄██▄█▄▄▄▄██▄▄█▄██▄▄▄█▄██

二维码解码URL: https://txz.qq.com/p?k=Ch1xPF8lzMK4EsNTohR0qOSfe9Ic0jRi&f=1600001604
如果控制台二维码无法扫码，可以复制解码url到二维码生成网站生成二维码再扫码，也可以打开下方的二维码路径图片进行扫码。
12-16 17:27:37 [warn] 二维码已保存到 C:\Users\Administrator\Desktop\bot\napcat.29927.onekey\versions\9.9.16-29927\resources\app\napcat\cache\qrcode.png
12-16 17:29:37 [error] [Core] [Login] Login Error,ErrCode:  3  ErrMsg: 
12-16 17:29:37 [warn] 请扫描下面的二维码，然后在手Q上授权登录：
12-16 17:29:37 [warn] 

▄▄▄▄▄▄▄▄▄▄▄▄▄▄▄▄▄▄▄▄▄▄▄▄▄▄▄▄▄▄▄▄▄▄▄
█ ▄▄▄▄▄ █▄▄███▀▄█▀▄█▄▄▀█▀▀█ ▄▄▄▄▄ █
█ █   █ █ ▀█ ▄ █▀ ▀▀█ ▀ ▀██ █   █ █
█ █▄▄▄█ █▄ ▄▄▀▀█▄█ ▄▀▀███ █ █▄▄▄█ █
█▄▄▄▄▄▄▄█▄▀▄▀▄█ █ ▀ ▀▄█▄▀▄█▄▄▄▄▄▄▄█
█▄ ▄ ██▄▀ ▀████▀▄██ ▀▀███▄▄▀█▄▄ ▀ █
██▄▄   ▄▀▄██▀▀▀▄▀█▄ ███  ▀█ ▀▄█▄ ▄█
█   ▀▀▀▄██ ▀ █▄█ ▀▄▄█▄█▄█▀▄█▄▄ ▀▀██
█▀▄▄█▄ ▄█▀▀▄█ ▄██ ▄▀▄ ▀█▀█▀  ▄█ ███
█▀█▄█▄▄▄██▀▀▄▀  ▀▀▀ █▀  ▄▀      ▄ █
█▄▀▀ ▄█▄ ▀▀ ▄ █▀▄▄▀▄█▄█▀▀▀  ██ █▄▀█
█ █ ▄ ▄▄▀▄▀█▄ █▀ ▀▀▄▀█▀█  ▄▀▄█▀▄▀▀█
██▀▄▀▄▀▄▀▄▀█▄▄▀ █▀▄▀▀▄▄▀ ▄▄▀▀▄▀▄ ▄█
█▄██▄▄▄▄█ ▀▄▀ ▄██▀▀▀  ▀   ▄▄▄ ▄██▄█
█ ▄▄▄▄▄ ████ ██▄▀ ▄   ▀   █▄█ ▀▀███
█ █   █ █▀ ▀██   ██▀█ ▀   ▄▄▄▄█  ▄█
█ █▄▄▄█ █ ██▀ █▀ ▀▀ ▀▄▄▀▄▀▄ ▄▀█▄▄▀█
█▄▄▄▄▄▄▄█▄▄██▄███▄▄▄██▄███▄███▄▄███

二维码解码URL: https://txz.qq.com/p?k=FvQyJDLdkByIog8-uSoWz3E*xYV1flHY&f=1600001604
如果控制台二维码无法扫码，可以复制解码url到二维码生成网站生成二维码再扫码，也可以打开下方的二维码路径图片进行扫码。
12-16 17:29:37 [warn] 二维码已保存到 C:\Users\Administrator\Desktop\bot\napcat.29927.onekey\versions\9.9.16-29927\resources\app\napcat\cache\qrcode.png
12-16 17:31:40 [error] [Core] [Login] Login Error,ErrCode:  3  ErrMsg: 
12-16 17:31:40 [warn] 请扫描下面的二维码，然后在手Q上授权登录：
12-16 17:31:40 [warn] 

▄▄▄▄▄▄▄▄▄▄▄▄▄▄▄▄▄▄▄▄▄▄▄▄▄▄▄▄▄▄▄▄▄▄▄
█ ▄▄▄▄▄ █▄▄▄ ▀▄██ █▀▀▄ ▀█▀█ ▄▄▄▄▄ █
█ █   █ ██▄▀ █ ▀▄▄▀▄██▄█▄▀█ █   █ █
█ █▄▄▄█ ██▀▄ ▄████▀ ▄▄▀  ██ █▄▄▄█ █
█▄▄▄▄▄▄▄█ ▀▄█ ▀ █ █ ▀▄█▄▀▄█▄▄▄▄▄▄▄█
█ ▄▀▄ █▄█▀▄▀█▄██▀▀▀▀  █▀▀▀█▄▀▀█▀▀▄█
█▄▄▄ ▄█▄▄▀▄██▄█▄ █ ▀█ ██ █▀  ▄▀▀▄▄█
█▀▀▀███▄ █▄ █▀▀▄  ▀▀▄▄ ▀█▄▀▄▄███▄▄█
█▀█▀▀ ▄▄█▄▀██▀▄▀ ▄▄ ▄ █ ▀▀▀▄█ █▀█▀█
█ ▀▄▄█ ▄ ▀▄█ ▄▄  ▀▀█ ▀▀ ▄▀▄ ▀ ▄█  █
██▀▄▀▀ ▄█ ██▀▄  ▄▄█▀▄▄█▄▄██▀█▄█▀▀ █
█▀ ▀▀▀▄▄  █▀▄▀██▀▀█▀▄▄█▀ ▀▄█▀▀▀█▀██
█ █▀▀ ▀▄▀█ ▀ ▀█    ▄▀▀▄▄▄▀ ▀ ▄█▀▄▄█
█▄▄██▄▄▄▄▀█ ▄▄▀▄█ ▄██▄███ ▄▄▄ ▀▀ ██
█ ▄▄▄▄▄ ██ █ ▄█ ▄ ▄█ ▀▄█  █▄█ ▀ █▀█
█ █   █ █ ▀█▀ ▄  ▄▀█▀ ▄ ▄▄ ▄▄▄▀█▄▄█
█ █▄▄▄█ █▀█▄▄▄   ███▄ ▄ ▀█▀▀▄   ▀ █
█▄▄▄▄▄▄▄█▄███████▄██▄█▄██▄▄█▄█▄████

二维码解码URL: https://txz.qq.com/p?k=3M7FwZcZjeeABboVyd438hLjvAWwKpK8&f=1600001604
如果控制台二维码无法扫码，可以复制解码url到二维码生成网站生成二维码再扫码，也可以打开下方的二维码路径图片进行扫码。
12-16 17:31:40 [warn] 二维码已保存到 C:\Users\Administrator\Desktop\bot\napcat.29927.onekey\versions\9.9.16-29927\resources\app\napcat\cache\qrcode.png
12-16 17:33:42 [error] [Core] [Login] Login Error,ErrCode:  3  ErrMsg: 
12-16 17:33:42 [warn] 请扫描下面的二维码，然后在手Q上授权登录：
12-16 17:33:42 [warn] 

▄▄▄▄▄▄▄▄▄▄▄▄▄▄▄▄▄▄▄▄▄▄▄▄▄▄▄▄▄▄▄▄▄▄▄
█ ▄▄▄▄▄ █ ██▀▀▄█▄▀▄▀▀▄█ ▄▀█ ▄▄▄▄▄ █
█ █   █ █  ▀█ ▀█ ▄▄ ██ █▀▀█ █   █ █
█ █▄▄▄█ █▀  █▄ ▀▄▀▄▄ ▀▀▄▄██ █▄▄▄█ █
█▄▄▄▄▄▄▄█▄█ ▀▄█▄▀▄▀ ▀ ▀▄▀ █▄▄▄▄▄▄▄█
█▄ █▀  ▄███▄█▄▀▄ ▄▀▀▄▀▄▄▀█▀█ █▄ ▄▄█
█▀  ▄  ▄▀█ ▄█▀██▄▄▀ █  █▄▄▀▀▄█▀▄▄██
█▄ ▀█ █▄█▄█▀▄▀▀▄▀▀█▀█▄▄▀▀▄▀▄█▄▄█▄▄█
██  ▄█ ▄ ▄█▄ ▄██▄▄▀ ▀▀ ▄▄▄  ▀  ▄▄██
█▄ █▀█▀▄▄▄▀ █▄▀▄▀█▀▀ █▄ ▀▀▀▄ ▄▀██▄█
█▀█▀▄ ▀▄▄█▄▄█▀██▄█ █▀▄▀▀   ▄▀ ▀▄▄██
█ ▀█ ▀▀▄ █▀▀▄▀▀▄ ▀▀▀▄▄▄▄ ▀ ▄ ▄▀██▄█
███▀█▀ ▄███▄ ▄█▀▄▄ ▀██▀ ▄▄  ▄██▄▄██
█▄▄▄▄█▄▄█▀█ █▄▀▄█▀█▀▄█ ▀▄ ▄▄▄  ▀ ██
█ ▄▄▄▄▄ █▀█ █▀▄▄▄█ ▄▀▀ ▄█ █▄█ ▄█▄██
█ █   █ █▄▀▄▄ ▀▄▀▀▄█▄▀▄ ▀▄▄ ▄ ▄█▀ █
█ █▄▄▄█ █▀▀▄ ▀██▄▀ ▄█▀▀██ ▄▄ ▄▄█▄██
█▄▄▄▄▄▄▄█▄█████▄█▄▄█▄█▄▄█▄▄▄█▄▄██▄█

二维码解码URL: https://txz.qq.com/p?k=3curuSe1vb9wt6pcVm6A9mOGHIDtsgFo&f=1600001604
如果控制台二维码无法扫码，可以复制解码url到二维码生成网站生成二维码再扫码，也可以打开下方的二维码路径图片进行扫码。
12-16 17:33:42 [warn] 二维码已保存到 C:\Users\Administrator\Desktop\bot\napcat.29927.onekey\versions\9.9.16-29927\resources\app\napcat\cache\qrcode.png
12-16 17:35:43 [error] [Core] [Login] Login Error,ErrCode:  3  ErrMsg: 
12-16 17:35:43 [warn] 请扫描下面的二维码，然后在手Q上授权登录：
12-16 17:35:43 [warn] 

▄▄▄▄▄▄▄▄▄▄▄▄▄▄▄▄▄▄▄▄▄▄▄▄▄▄▄▄▄▄▄▄▄▄▄
█ ▄▄▄▄▄ █▄▄███▀▄█▀█ █▄▄▀▀▀█ ▄▄▄▄▄ █
█ █   █ █ ▀█ ▄ █▀ ██▀▄███ █ █   █ █
█ █▄▄▄█ █▄ ▄▄▀▀█▄█ ▄▀▀▄ ▄▄█ █▄▄▄█ █
█▄▄▄▄▄▄▄█▄▀▄▀▄█ █ ▀▄█ █▄▀ █▄▄▄▄▄▄▄█
█▄ ▄ █▀▄▀ ▀████▀▄█▀ █ ██▀█▄▀█▄▄ ▀ █
█  ▀▀▀▄▄ ▄██▀▀▀▄▀█▄ █▄██▄▀█ ▀▄█▄ ▄█
█ ▀█ ▀▄▄▀▀ ▀ █▄█ ▀██▄▄ ▄█ ▄█▄▄ ▀▀██
█ ▀ ▄▄█▄▄▀  █ ▄██ █▀▄█▀█▀█▀  ▄█ ███
█▄▄  █▀▄▀▀ ▄▄▀  ▀▀█▀██▄▄▀▀      ▄ █
█▀ █▄▀▀▄▀██▄▄ █▀▄█ ▀▀█▄▄▀▀  ██ █▄▀█
█ ▀▀▀▀ ▄█▄  ▄ █▀      ▀▀  ▄▀▄█▀▄▀▀█
██▀█▄▄▀▄▀▀█▀▄▄▀ ███▀████ ▄▄▀▀▄▀▄ ▄█
█▄█▄▄█▄▄█▀▀▀▀ ▄█▀▀ █▀▄ ▄  ▄▄▄ ▄██▄█
█ ▄▄▄▄▄ ██▄▄ ██▄▀ ▄▄▄▄▀   █▄█ ▀▀███
█ █   █ █▀ ▄██  ▀█ ▄▄▀▄   ▄▄▄▄█  ▄█
█ █▄▄▄█ █ █▄▀ █▀ █▀ ▀▀█ ▄▀▄ ▄▀█▄▄▀█
█▄▄▄▄▄▄▄█▄▄██▄█████▄▄█████▄███▄▄███

二维码解码URL: https://txz.qq.com/p?k=nddEE8ILtQIgBysv0ZYOFRMH7kgIRdlH&f=1600001604
如果控制台二维码无法扫码，可以复制解码url到二维码生成网站生成二维码再扫码，也可以打开下方的二维码路径图片进行扫码。
12-16 17:35:43 [warn] 二维码已保存到 C:\Users\Administrator\Desktop\bot\napcat.29927.onekey\versions\9.9.16-29927\resources\app\napcat\cache\qrcode.png
12-16 17:37:45 [error] [Core] [Login] Login Error,ErrCode:  3  ErrMsg: 
12-16 17:37:45 [warn] 请扫描下面的二维码，然后在手Q上授权登录：
12-16 17:37:45 [warn] 

▄▄▄▄▄▄▄▄▄▄▄▄▄▄▄▄▄▄▄▄▄▄▄▄▄▄▄▄▄▄▄▄▄▄▄
█ ▄▄▄▄▄ █▀ █▀▀▀ ▀▀▀ ▄  ▄▄▄█ ▄▄▄▄▄ █
█ █   █ █▀ ▄ █▀█ ▀█▄▄▀ ▀▀▄█ █   █ █
█ █▄▄▄█ █▀█ █▄█▄▀▀▀▄▄ ▀▄▄██ █▄▄▄█ █
█▄▄▄▄▄▄▄█▄█▄█ █▄▀ █ ▀ ▀▄█ █▄▄▄▄▄▄▄█
█▄▄▄▄▄▀▄   ▄█▄▄▀█▄ ▀▀▀▄▄▄█▄▀▄█▄▀ ▀█
████▀▀▀▄▄▄ ▀ ▄██▄▀▄▀▀ ▀ █ ▀▀▄ ▄▀▄██
█ ▄█ ▄▀▄▀▀▄▀▄▀▄▀▄▀█▀█▀▀▄▀█▄▀ ▄▄█▀▀█
█▄ ▄█▀█▄ ▄▀ █▀██▄▀▄▄▀▀ ▀▀   ▀██▀▄██
█▀█▀▄█▀▄▄▄▀▀█▄▄▀▄█▀▀▄▀    ▄▀█▄▀█ ▀█
█▄▀▄  ▄▄ ▀▄▄ ▄██▄▀▄ █▄▀███ ▄▀█▄▀▄██
█  █▄▀▄▄▀▄█▀▄▀▄▀ ▀ ▄▀▄▄▄ ▀█▀█▄▀█ ▀█
█ █▀█▄▀▄▀  ▀█▀█▀▄██▄█▄▀ ▀▀  ▄  ▀▄██
█▄█▄▄█▄▄█▀▄▄█▄▄▀██  ▀▄█ ▄ ▄▄▄  ▀█ █
█ ▄▄▄▄▄ █▄█▀ ▄▄▄ ███▀▀ █  █▄█ ▀ ▄██
█ █   █ █ ▄▀▄ ▄▀█▄▀▀█ ▀▄▀▄ ▄  ▄█▄██
█ █▄▄▄█ █ ▀▀█▄██▄▀█ ▀▀▀  █▄▄ ▀▀ ▄██
█▄▄▄▄▄▄▄█▄████▄███▄██▄█▄█▄██▄▄▄█▄██

二维码解码URL: https://txz.qq.com/p?k=*pYy0XOaROxgvV11NGgsbFnCJ9-Hn8*F&f=1600001604
如果控制台二维码无法扫码，可以复制解码url到二维码生成网站生成二维码再扫码，也可以打开下方的二维码路径图片进行扫码。
12-16 17:37:45 [warn] 二维码已保存到 C:\Users\Administrator\Desktop\bot\napcat.29927.onekey\versions\9.9.16-29927\resources\app\napcat\cache\qrcode.png
