12-16 17:28:05 [info] [NapCat] [Core] NapCat.Core Version: 4.2.27
12-16 17:28:06 [info] 核心登录服务连接成功!
12-16 17:28:06 [error] 快速登录失败，未找到该 QQ 历史登录记录，将使用二维码登录方式
12-16 17:28:06 [info] [NapCat] [WebUi] Current WebUi is not run.
12-16 17:28:07 [warn] 请扫描下面的二维码，然后在手Q上授权登录：
12-16 17:28:07 [warn] 

▄▄▄▄▄▄▄▄▄▄▄▄▄▄▄▄▄▄▄▄▄▄▄▄▄▄▄▄▄▄▄▄▄▄▄
█ ▄▄▄▄▄ █▄▄███▀▄█▀▀▀▄██▄ ██ ▄▄▄▄▄ █
█ █   █ █ ▀█ ▄ █▀ ▀██ ▀▀▀ █ █   █ █
█ █▄▄▄█ █▄ ▄▄▀▀█▄██▀▀█▀ █▄█ █▄▄▄█ █
█▄▄▄▄▄▄▄█▄▀▄▀▄█ █ ▀ ▀▄█ ▀ █▄▄▄▄▄▄▄█
█  ▄▄██▄▀ ▀████▀▄█▄▄▄▀ ▀ █▄▀█▄▄ ▀ █
█▀█▄▀ ▄▄ ▄██▀▀▀▄▀██ ▀██▄▄ █ ▀▄█▄ ▄█
█▄ ▄█▄▄▄▀▄▄▀ █▄█ ▀▀█ █▀▄▄ ▄█▄▄ ▀▀██
██▄█▄▀ ▄▀▀▄▄█ ▄██ ▄    ▀▀▀▀  ▄█ ███
█ ▀█ ▀▄▄██  ▄▀  ▀▀▄▄    █▀      ▄ █
██▀▄▄ ▀▄▄▀▀▄▄ █▀▄▀▀█▀▄▄▄▀▀  ██ █▄▀█
█ ▄▄▀█▄▄▀█ ▀▄ █▀▄ ▀ █▀▄▄  ▄▀▄█▀▄▀▀█
██▀▄▀▀█▄▄▀▄▀▄▄▀ █▀▄█▀ █▄ ▄▄▀▀▄▀▄ ▄█
█▄██▄██▄▄▀▀█▀ ▄██ ▄█▀ ▀▄  ▄▄▄ ▄██▄█
█ ▄▄▄▄▄ ███▀ ██▄█▀▄▀  ▀▄  █▄█ ▀▀███
█ █   █ █▀ ▄██  ▀ ▀ ▀▀▄▄  ▄▄▄▄█  ▄█
█ █▄▄▄█ █ ▀█▀ █▀▄▀▀▄█ ▄ ▄▀▄ ▄▀█▄▄▀█
█▄▄▄▄▄▄▄█▄▄▄█▄███▄▄▄██████▄███▄▄███

二维码解码URL: https://txz.qq.com/p?k=JmllySuol-huIW4OOiFW4mwFDHjxd7Xl&f=1600001604
如果控制台二维码无法扫码，可以复制解码url到二维码生成网站生成二维码再扫码，也可以打开下方的二维码路径图片进行扫码。
12-16 17:28:07 [warn] 二维码已保存到 C:\Users\Administrator\Desktop\bot\napcat.29927.onekey\versions\9.9.16-29927\resources\app\napcat\cache\qrcode.png
12-16 17:30:08 [error] [Core] [Login] Login Error,ErrCode:  3  ErrMsg: 
12-16 17:30:08 [warn] 请扫描下面的二维码，然后在手Q上授权登录：
12-16 17:30:08 [warn] 

▄▄▄▄▄▄▄▄▄▄▄▄▄▄▄▄▄▄▄▄▄▄▄▄▄▄▄▄▄▄▄▄▄▄▄
█ ▄▄▄▄▄ █▄▄███▀▄█▀ ▄█▄▀▀▀▀█ ▄▄▄▄▄ █
█ █   █ █ ▀█ ▄ █▀ ▀█▀█▀ ▀██ █   █ █
█ █▄▄▄█ █▄ ▄▄▀▀█▄███▀█▄ ▄▄█ █▄▄▄█ █
█▄▄▄▄▄▄▄█▄▀▄▀▄█ █ ▀▄▀ █▄█ █▄▄▄▄▄▄▄█
█▄ ▄▄█▀▄█▄▀████▀▄█  ▄▀ ▀ █▄▀█▄▄ ▀ █
█▄▀▀▄▀▄▄▀▀██▀▀▀▄▀█▄▀▀█▄█ ██ ▀▄█▄ ▄█
█▄▄▄███▄▄█ ▀ █▄█ ▀▄█ ▄▀▄▄▀▄█▄▄ ▀▀██
█ █ █ ▄▄▀▀███ ▄██ ▄▀ ▀▀█▀█▀  ▄█ ███
███▄▄▄▄▄▀  ▀▄▀  ▀▀█ ▄ ▄ ▀▀      ▄ █
██  ██ ▄▀██▄▄ █▀ ▄▀ ██▄ ▀▀  ██ █▄▀█
█▀█ █ █▄ ▀█▀▄ █▀▀ █ ▄ ▄█  ▄▀▄█▀▄▀▀█
██▀  ▀ ▄ ▄▀▀▄▄▀ ▀▀▄ ▀█▄▀ ▄▄▀▀▄▀▄ ▄█
█▄█▄█▄▄▄▄▀██▀ ▄█ ▀███▄ ▄  ▄▄▄ ▄██▄█
█ ▄▄▄▄▄ ████ ██▄█▄▄▄ ▄ ▄  █▄█ ▀▀███
█ █   █ █▀▄▄██  ▀▄█ █ ▄█  ▄▄▄▄█  ▄█
█ █▄▄▄█ █ ▄▄▀ █▀▄▄▀ ██▄█▄▀▄ ▄▀█▄▄▀█
█▄▄▄▄▄▄▄█▄█▄█▄██▄█▄███▄███▄███▄▄███

二维码解码URL: https://txz.qq.com/p?k=nznYNXslejJ0lcQTnyBKHhijqEOq9rbC&f=1600001604
如果控制台二维码无法扫码，可以复制解码url到二维码生成网站生成二维码再扫码，也可以打开下方的二维码路径图片进行扫码。
12-16 17:30:08 [warn] 二维码已保存到 C:\Users\Administrator\Desktop\bot\napcat.29927.onekey\versions\9.9.16-29927\resources\app\napcat\cache\qrcode.png
12-16 17:32:10 [error] [Core] [Login] Login Error,ErrCode:  3  ErrMsg: 
12-16 17:32:10 [warn] 请扫描下面的二维码，然后在手Q上授权登录：
12-16 17:32:10 [warn] 

▄▄▄▄▄▄▄▄▄▄▄▄▄▄▄▄▄▄▄▄▄▄▄▄▄▄▄▄▄▄▄▄▄▄▄
█ ▄▄▄▄▄ █▄▄███▀▄█▀▄▄█▄█▄ ▄█ ▄▄▄▄▄ █
█ █   █ █ ▀█ ▄ █▀ ▀▄█ █▀ ▀█ █   █ █
█ █▄▄▄█ █▄ ▄▄▀▀█▄█▀▀  █▀███ █▄▄▄█ █
█▄▄▄▄▄▄▄█▄▀▄▀▄█ █ ▀▄█ █ ▀ █▄▄▄▄▄▄▄█
█▄▄ ▄▀█▄█ ▀████▀▄█▄▄▀▄▀██▄▄▀█▄▄ ▀ █
█ ▄▀▄█ ▄▀▀██▀▀▀▄▀█▄▄▀██▄ ▄█ ▀▄█▄ ▄█
█  ▄▀▄█▄▀█ ▀ █▄█ ▀██▀▄▄▄  ▄█▄▄ ▀▀██
█▀██▀▄█▄  ▀▀█ ▄██ ▄▄▄▀  ▀▄▀  ▄█ ███
█ ▀█▀▄█▄█ ▀█▄▀  ▀▀█▀██ ▄▄       ▄ █
█ ██▄▄ ▄█▀▄ ▄ █▀ █ ▀▀▄▄█▀▀  ██ █▄▀█
█ ▀▀ ▄▄▄▄▄▀ ▄ █▀▀▀ ▀▀▀ █  ▄▀▄█▀▄▀▀█
██▀▀ ▄▀▄ ▀▀ ▄▄▀ ██▄ ▀▄▄█ ▄▄▀▀▄▀▄ ▄█
█▄█▄▄██▄█▀█▄▀ ▄█   █ ▄▄   ▄▄▄ ▄██▄█
█ ▄▄▄▄▄ ███▄ ██▄█▄█▄      █▄█ ▀▀███
█ █   █ █▀█▀██   ▄▄▄  █▄  ▄▄▄▄█  ▄█
█ █▄▄▄█ █ ▄▀▀ █▀ █  █▀██▄▀▄ ▄▀█▄▄▀█
█▄▄▄▄▄▄▄█▄▄▄█▄███▄█▄█▄▄███▄███▄▄███

二维码解码URL: https://txz.qq.com/p?k=WKT*9aECxcSRxOxo4q97KntO7-eCBztR&f=1600001604
如果控制台二维码无法扫码，可以复制解码url到二维码生成网站生成二维码再扫码，也可以打开下方的二维码路径图片进行扫码。
12-16 17:32:10 [warn] 二维码已保存到 C:\Users\Administrator\Desktop\bot\napcat.29927.onekey\versions\9.9.16-29927\resources\app\napcat\cache\qrcode.png
12-16 17:34:10 [error] [Core] [Login] Login Error,ErrCode:  3  ErrMsg: 
12-16 17:34:10 [warn] 请扫描下面的二维码，然后在手Q上授权登录：
12-16 17:34:10 [warn] 

▄▄▄▄▄▄▄▄▄▄▄▄▄▄▄▄▄▄▄▄▄▄▄▄▄▄▄▄▄▄▄▄▄▄▄
█ ▄▄▄▄▄ █▀ █▀▀▀ ▀▀▀▀█▄ ▄▄▀█ ▄▄▄▄▄ █
█ █   █ █▀ ▄ █▀█ ▀▀▀█ ▄  ▄█ █   █ █
█ █▄▄▄█ █▀█ █▄█▄▀▀▀█▄█ ▀▄██ █▄▄▄█ █
█▄▄▄▄▄▄▄█▄█▄█ █▄▀ █ █▄▀ █ █▄▄▄▄▄▄▄█
█ ▄▄▄▄▀▄▄▄ ▄█▄▄▀█▄ ▀ ▀ ▄▄█▄▀▄█▄▀ ▀█
█▀▄ ▄▄▀▄█▀ ▀ ▄██▄▀▄▀██  ▀▀▀▀▄ ▄▀▄██
█ ▀ █▄▄▄ █ ▀▄▀▄▀▄▀▄█ ▄▀▄█▄▄▀ ▄▄█▀▀█
█▀▄ ▀▄█▄█  ▀█▀██▄▀█▄▀█  █   ▀██▀▄██
█ ▀▀  ▀▄▄ █▀█▄▄▀▄███▄▀▀▀ █▄▀█▄▀█ ▀█
█▀█▄█▀▀▄██ ▀ ▄██  █▄▀▄▀▄██ ▄▀█▄▀▄██
█▀▄ ▄█ ▄▄█▄█▄▀▄▀█▀█▀▄▀ ▄ ▀█▀█▄▀█ ▀█
█ ██ ▄█▄▀█  █▀█▀▄█▄▄▀█ ▀▀▀  ▄  ▀▄██
█▄████▄▄█▀▄██▄▄▀ ▀ ▄▀▀  ▄ ▄▄▄  ▀█ █
█ ▄▄▄▄▄ █▄█  ▄▄▄▄ █ █▀ ▀  █▄█ ▀ ▄██
█ █   █ █ ▀▀▄ ▄▀ ▀ ▀▀ ▀▀▀▄ ▄  ▄█▄██
█ █▄▄▄█ █ ▀▄█▄██ ▀█▄█▄ ▄ █▄▄ ▀▀ ▄██
█▄▄▄▄▄▄▄█▄▄███▄█▄▄███▄█▄█▄██▄▄▄█▄██

二维码解码URL: https://txz.qq.com/p?k=xCYzqeEe6AQ4qtbKJ8h4S6nqQC8iTGBm&f=1600001604
如果控制台二维码无法扫码，可以复制解码url到二维码生成网站生成二维码再扫码，也可以打开下方的二维码路径图片进行扫码。
12-16 17:34:10 [warn] 二维码已保存到 C:\Users\Administrator\Desktop\bot\napcat.29927.onekey\versions\9.9.16-29927\resources\app\napcat\cache\qrcode.png
12-16 17:36:13 [error] [Core] [Login] Login Error,ErrCode:  3  ErrMsg: 
12-16 17:36:13 [warn] 请扫描下面的二维码，然后在手Q上授权登录：
12-16 17:36:13 [warn] 

▄▄▄▄▄▄▄▄▄▄▄▄▄▄▄▄▄▄▄▄▄▄▄▄▄▄▄▄▄▄▄▄▄▄▄
█ ▄▄▄▄▄ █▄▄▄ ▀▄██ ▀▄▀▀ ██▀█ ▄▄▄▄▄ █
█ █   █ ██▄▀ █ ▀▄▄██▄▄ ▄▄▀█ █   █ █
█ █▄▄▄█ ██▀▄ ▄████  ▄▀▄▄▀▀█ █▄▄▄█ █
█▄▄▄▄▄▄▄█ ▀▄█ ▀ █ █▄█▄█▄▀▄█▄▄▄▄▄▄▄█
█▄▄▀▄ █▄▀█▄▀█▄██▀▀▄▀▄███▀▄█▄▀▀█▀▀▄█
█▄ ▄▄ ▄▄█ ▄██▄█▄ █▀▄▀▄▄▀ ▀▀  ▄▀▀▄▄█
█▀▀██▄▀▄▄▄  █▀▀▄  ▀▀▀███▀█▀▄▄███▄▄█
█ █▄▀ ▀▄▄  ▀█▀▄▀ ▄▄▀▄▀█ █▀▀▄█ █▀█▀█
██▄  ▄█▄██▀▄ ▄▄  ▀ █ ██ ▀█▄ ▀ ▄█  █
█▀▀  ▀ ▄▄▄ ▀▀▄   ██▀▄▄▄▀▄██▀█▄█▀▀ █
█ ██ ▀█▄▀ ██▄▀██▄▄██ ██▄ ▀▄█▀▀▀█▀██
█ █▀ ▄▀▄▄▀▄▀ ▀█ ▄█  ▀██▀▄▀ ▀ ▄█▀▄▄█
█▄▄██▄█▄█ ██▄▄▀▄▄▀█▄ ██ █ ▄▄▄ ▀▀ ██
█ ▄▄▄▄▄ ███▀ ▄█ ▄▄▄▄ ██▄  █▄█ ▀ █▀█
█ █   █ █ █ ▀ ▄ ▄█▀█▀ █ ▄▄ ▄▄▄▀█▄▄█
█ █▄▄▄█ █▀▀▄▄▄   ▄▄▀ █▄█▀█▀▀▄   ▀ █
█▄▄▄▄▄▄▄█▄▄▄████▄█▄██████▄▄█▄█▄████

二维码解码URL: https://txz.qq.com/p?k=Yyffrtpbe23dmfSf8ZGtoAcnVP3trDTC&f=1600001604
如果控制台二维码无法扫码，可以复制解码url到二维码生成网站生成二维码再扫码，也可以打开下方的二维码路径图片进行扫码。
12-16 17:36:13 [warn] 二维码已保存到 C:\Users\Administrator\Desktop\bot\napcat.29927.onekey\versions\9.9.16-29927\resources\app\napcat\cache\qrcode.png
12-16 17:38:13 [error] [Core] [Login] Login Error,ErrCode:  3  ErrMsg: 
12-16 17:38:13 [warn] 请扫描下面的二维码，然后在手Q上授权登录：
12-16 17:38:13 [warn] 

▄▄▄▄▄▄▄▄▄▄▄▄▄▄▄▄▄▄▄▄▄▄▄▄▄▄▄▄▄▄▄▄▄▄▄
█ ▄▄▄▄▄ █▄▄▄ ▀▄██ ▄▄ ██ █▄█ ▄▄▄▄▄ █
█ █   █ ██▄▀ █ ▀▄▄██▄▀▄█▄▄█ █   █ █
█ █▄▄▄█ ██▀▄ ▄████▄▄▄▀▄▄ ▀█ █▄▄▄█ █
█▄▄▄▄▄▄▄█ ▀▄█ ▀ █ █▄▀▄█▄▀ █▄▄▄▄▄▄▄█
█  ▀  █▄██▄▀█▄██▀▀▀▀▄▄ ▀▀▄█▄▀▀█▀▀▄█
█ ▀█▀▀█▄▀▀▄██▄█▄ █ ▄▀███ ▀▀  ▄▀▀▄▄█
█▀▄ ▀ █▄██▄ █▀▀▄  ▄█ ▄█ ██▀▄▄███▄▄█
█  █▀▀▄▄▄████▀▄▀ ▄█▀ ▄█▄█▄▀▄█ █▀█▀█
█▀▀▄▄▄▄▄▄█▄█ ▄▄  ▀█▄▀█   ▄▄ ▀ ▄█  █
█▄▄▄▀▄▀▄ ▄ █▀▄    ▄   ██▄██▀█▄█▀▀ █
█ ▄▀ ▀█▄▀▄█▄▄▀██▀▄ █▀ ▄█ ▀▄█▀▀▀█▀██
█ █▄ ▄▀▄▄ ▄█ ▀█    ▄█ ▄▄▄▀ ▀ ▄█▀▄▄█
█▄▄▄█▄█▄▄▀  ▄▄▀▄▀ █▄▄▀▄██ ▄▄▄ ▀▀ ██
█ ▄▄▄▄▄ ██▄▀ ▄█ ▄▄██ ▄█▄  █▄█ ▀ █▀█
█ █   █ █ ▀ ▀ ▄ ▀█ █▀█ ▄▄▄ ▄▄▄▀█▄▄█
█ █▄▄▄█ █▀▄█▄▄  ▄▀▄ ▄▄▄▄▀█▀▀▄   ▀ █
█▄▄▄▄▄▄▄█▄▄▄█████▄▄▄▄████▄▄█▄█▄████

二维码解码URL: https://txz.qq.com/p?k=DYbS-TK3NUCXf7487CUaEGIT8y5P-lkn&f=1600001604
如果控制台二维码无法扫码，可以复制解码url到二维码生成网站生成二维码再扫码，也可以打开下方的二维码路径图片进行扫码。
12-16 17:38:13 [warn] 二维码已保存到 C:\Users\Administrator\Desktop\bot\napcat.29927.onekey\versions\9.9.16-29927\resources\app\napcat\cache\qrcode.png
