12-18 14:22:12 [info] [NapCat] [Core] NapCat.Core Version: 4.2.27
12-18 14:22:12 [info] 核心登录服务连接成功!
12-18 14:22:12 [error] 快速登录失败，未找到该 QQ 历史登录记录，将使用二维码登录方式
12-18 14:22:12 [info] [NapCat] [WebUi] Current WebUi is not run.
12-18 14:22:15 [warn] 请扫描下面的二维码，然后在手Q上授权登录：
12-18 14:22:15 [warn] 

▄▄▄▄▄▄▄▄▄▄▄▄▄▄▄▄▄▄▄▄▄▄▄▄▄▄▄▄▄▄▄▄▄▄▄
█ ▄▄▄▄▄ █▄▄███▀▄█▀█▄█ ▄▄ ▄█ ▄▄▄▄▄ █
█ █   █ █ ▀█ ▄ █▀ █▄▀█▀▀▀██ █   █ █
█ █▄▄▄█ █▄ ▄▄▀▀█▄█▀▄ ▀█ █ █ █▄▄▄█ █
█▄▄▄▄▄▄▄█▄▀▄▀▄█ █ ▀▄▀ █ ▀ █▄▄▄▄▄▄▄█
█▄   ▀▀▄▀ ▀████▀▄█ █▄ ███▄▄▀█▄▄ ▀ █
█ ▄ ██▄▄█▀██▀▀▀▄▀█▄████▀ ▀█ ▀▄█▄ ▄█
█ █▀▄ ▄▄▄ ▄▀ █▄█ ▀ ▀██▄ █▀▄█▄▄ ▀▀██
█ █▀▄▄ ▄▀█▀▀█ ▄██ █▀ █▀▄▀█▀  ▄█ ███
█▀▀█▄█▄▄▀ ██▄▀  ▀▀▄ ▄▀▄ ▄▀      ▄ █
█  █▄█▄▄█ █▀▄ █▀ ▄ █▀ ▄▀▀▀  ██ █▄▀█
█ █ █ █▄██  ▄ █▀█▀ ▀ ▀    ▄▀▄█▀▄▀▀█
██▀▀▀▀█▄██▀▄▄▄▀ ▀ ███▄▄▄ ▄▄▀▀▄▀▄ ▄█
█▄█▄▄▄▄▄█ █ ▀ ▄██▀██▀ █▄  ▄▄▄ ▄██▄█
█ ▄▄▄▄▄ ██ ▀ ██▄▀▄█  █▀   █▄█ ▀▀███
█ █   █ █▀  ██  ▀ ▀▄▀▀█▄  ▄▄▄▄█  ▄█
█ █▄▄▄█ █  ▀▀ █▀  ▀ █▀█▀▄▀▄ ▄▀█▄▄▀█
█▄▄▄▄▄▄▄█▄███▄█████▄█▄▄▄██▄███▄▄███

二维码解码URL: https://txz.qq.com/p?k=FvUx1QHPa7aS8R2czCSjCZ8pV*LiW0Ks&f=1600001604
如果控制台二维码无法扫码，可以复制解码url到二维码生成网站生成二维码再扫码，也可以打开下方的二维码路径图片进行扫码。
12-18 14:22:15 [warn] 二维码已保存到 C:\Users\Administrator\Desktop\bot\napcat.29927.onekey\versions\9.9.16-29927\resources\app\napcat\cache\qrcode.png
12-18 14:24:16 [error] [Core] [Login] Login Error,ErrCode:  3  ErrMsg: 
12-18 14:24:16 [warn] 请扫描下面的二维码，然后在手Q上授权登录：
12-18 14:24:16 [warn] 

▄▄▄▄▄▄▄▄▄▄▄▄▄▄▄▄▄▄▄▄▄▄▄▄▄▄▄▄▄▄▄▄▄▄▄
█ ▄▄▄▄▄ █▄▄▄ ▀▄██  ▄▀█ █▄██ ▄▄▄▄▄ █
█ █   █ ██▄▀ █ ▀▄▄▀▀▀▀ ██▄█ █   █ █
█ █▄▄▄█ ██▀▄ ▄█████ ▄▀█ ▀██ █▄▄▄█ █
█▄▄▄▄▄▄▄█ ▀▄█ ▀ █ █ █▄█▄█▄█▄▄▄▄▄▄▄█
█▄▄█ ▄█▄▀▀▄▀█▄██▀▀▄█▄▄▀█▀██▄▀▀█▀▀▄█
█▀ ▄▀▄ ▄ ▄▄██▄█▄ █▀▄▀▄▄▀▄ ▀  ▄▀▀▄▄█
█▀ ▄ ▄▄▄▀█  █▀▀▄   ▀ ▄▀▀██▀▄▄███▄▄█
█▄▀▄▀  ▄█▀ ██▀▄▀ ▄▄█▄ ▄▄▀█▀▄█ █▀█▀█
█ ▄▄▀  ▄ ▀▄  ▄▄  ▀▀█▄▀▄▄▄█▄ ▀ ▄█  █
█  █▀ █▄▀▀▄▀▀▄   ▀▄▀▄▀▄█▄██▀█▄█▀▀ █
█   ▄▀▀▄▄▀█ ▄▀██▄█▄▄ ▄██ ▀▄█▀▀▀█▀██
█ █▄▄██▄▄▀██ ▀█ ▄▄ ▀▀▀█▄▄▀ ▀ ▄█▀▄▄█
█▄▄▄█▄█▄▄▀█▄▄▄▀▄  █▄ █ ██ ▄▄▄ ▀▀ ██
█ ▄▄▄▄▄ ███  ▄█   ▄█ ▄█▄  █▄█ ▀ █▀█
█ █   █ █ ▄█▀ ▄ ▀▀ █  █▄▄▄ ▄▄▄▀█▄▄█
█ █▄▄▄█ █▀▄█▄▄    ██▄▄█▄▀█▀▀▄   ▀ █
█▄▄▄▄▄▄▄█▄█▄████▄▄▄███▄██▄▄█▄█▄████

二维码解码URL: https://txz.qq.com/p?k=wZuqSxxyTwKrNoWsYBWkg*sOt47Wf*eW&f=1600001604
如果控制台二维码无法扫码，可以复制解码url到二维码生成网站生成二维码再扫码，也可以打开下方的二维码路径图片进行扫码。
12-18 14:24:16 [warn] 二维码已保存到 C:\Users\Administrator\Desktop\bot\napcat.29927.onekey\versions\9.9.16-29927\resources\app\napcat\cache\qrcode.png
12-18 14:26:19 [error] [Core] [Login] Login Error,ErrCode:  3  ErrMsg: 
12-18 14:26:19 [warn] 请扫描下面的二维码，然后在手Q上授权登录：
12-18 14:26:19 [warn] 

▄▄▄▄▄▄▄▄▄▄▄▄▄▄▄▄▄▄▄▄▄▄▄▄▄▄▄▄▄▄▄▄▄▄▄
█ ▄▄▄▄▄ █▄▄▄ ▀▄██ █▀▀   ███ ▄▄▄▄▄ █
█ █   █ ██▄▀ █ ▀▄▄█▄█  █▄▄█ █   █ █
█ █▄▄▄█ ██▀▄ ▄████▄██▀▄ ▀▀█ █▄▄▄█ █
█▄▄▄▄▄▄▄█ ▀▄█ ▀ █ █ █ █ █▄█▄▄▄▄▄▄▄█
█  █  ▀▄▀█▄▀█▄██▀▀ ▄▄███▀▄█▄▀▀█▀▀▄█
█ ▄▄ ▄█▄ ▀▄██▄█▄ █ ▄▀██ ▄▀▀  ▄▀▀▄▄█
█▄▀▄█ ▄▄▀▄▄ █▀▀▄  ██▄▄▀█ ▄▀▄▄███▄▄█
█ ▄▄▄ █▄  ▀▀█▀▄▀ ▄▄█ ▄▄▀▀▄▀▄█ █▀█▀█
█ ▀███ ▄▄█ ▀ ▄▄  ▀▀██▀▀▄▄▀▄ ▀ ▄█  █
█▀▄▀▀█ ▄▄▄  ▀▄  ▄▄█  ▀▄▄▄██▀█▄█▀▀ █
█▀▀██▀█▄█ ▀▄▄▀███▄▀██▄▀▀ ▀▄█▀▀▀█▀██
█ █▀█▄▄▄▀█▀▀ ▀█ ▄   ▀▄▄█▄▀ ▀ ▄█▀▄▄█
█▄▄█▄██▄▄ ▀▀▄▄▀▄▄▀▄▀▄▀ ██ ▄▄▄ ▀▀ ██
█ ▄▄▄▄▄ ██▀▀ ▄█ ▄██▀▄ ██  █▄█ ▀ █▀█
█ █   █ █ ▀▀▀ ▄  █ ▀▀██▄▄▄ ▄▄▄▀█▄▄█
█ █▄▄▄█ █▀ ▄▄▄  ▄▀█▄  █ ▀█▀▀▄   ▀ █
█▄▄▄▄▄▄▄█▄███████▄▄▄▄▄███▄▄█▄█▄████

二维码解码URL: https://txz.qq.com/p?k=6cdsgqvlxiOsp12YWcCF8V9wrXDC-eQH&f=1600001604
如果控制台二维码无法扫码，可以复制解码url到二维码生成网站生成二维码再扫码，也可以打开下方的二维码路径图片进行扫码。
12-18 14:26:19 [warn] 二维码已保存到 C:\Users\Administrator\Desktop\bot\napcat.29927.onekey\versions\9.9.16-29927\resources\app\napcat\cache\qrcode.png
12-18 14:28:19 [error] [Core] [Login] Login Error,ErrCode:  3  ErrMsg: 
12-18 14:28:19 [warn] 请扫描下面的二维码，然后在手Q上授权登录：
12-18 14:28:19 [warn] 

▄▄▄▄▄▄▄▄▄▄▄▄▄▄▄▄▄▄▄▄▄▄▄▄▄▄▄▄▄▄▄▄▄▄▄
█ ▄▄▄▄▄ █▄▄▄ ▀▄██ █▀ ██▄█▀█ ▄▄▄▄▄ █
█ █   █ ██▄▀ █ ▀▄▄▀█   ▄███ █   █ █
█ █▄▄▄█ ██▀▄ ▄████▀▀▄█ █▀▀█ █▄▄▄█ █
█▄▄▄▄▄▄▄█ ▀▄█ ▀ █ █▄█ █▄█ █▄▄▄▄▄▄▄█
█ ▄▀▄▄▀▄▀█▄▀█▄██▀▀▀█▀██████▄▀▀█▀▀▄█
█▄▄▀▄█ ▄▄▄▄██▄█▄ █  ▀▄█▀▄ ▀  ▄▀▀▄▄█
█▀ ██▄ ▄▀▄  █▀▀▄   ▀▄▀▄█▄▄▀▄▄███▄▄█
███▀▄█▄▄█▄ ▄█▀▄▀ ▄██▄██▄█▄▀▄█ █▀█▀█
█▀▀  ▄ ▄█ █▀ ▄▄  ▀▀▄▄   ▄▄▄ ▀ ▄█  █
█▀▀▄▀█ ▄  █ ▀▄  ▄▀▄ ▄▄█ ▄██▀█▄█▀▀ █
█▀▄▄▀▄▀▄█▄▄▄▄▀██▀▄▄▀  ▀▄ ▀▄█▀▀▀█▀██
█ █ ▄▀ ▄  █▀ ▀█ ▄▄▀▀█▀▄█▄▀ ▀ ▄█▀▄▄█
█▄▄▄█▄▄▄▄ █▀▄▄▀▄▀ █▄█ ▀▀█ ▄▄▄ ▀▀ ██
█ ▄▄▄▄▄ ████ ▄█  ██▄▄ ▄▄  █▄█ ▀ █▀█
█ █   █ █   ▀ ▄ ▄▄▀▄▄ ██▄▄ ▄▄▄▀█▄▄█
█ █▄▄▄█ █▀██▄▄   ▄██▄▄▄ ▀█▀▀▄   ▀ █
█▄▄▄▄▄▄▄█▄██████▄███▄▄█▄█▄▄█▄█▄████

二维码解码URL: https://txz.qq.com/p?k=dBPthfrCK9y16I-6L2jmYyXM0f17RWmm&f=1600001604
如果控制台二维码无法扫码，可以复制解码url到二维码生成网站生成二维码再扫码，也可以打开下方的二维码路径图片进行扫码。
12-18 14:28:19 [warn] 二维码已保存到 C:\Users\Administrator\Desktop\bot\napcat.29927.onekey\versions\9.9.16-29927\resources\app\napcat\cache\qrcode.png
12-18 14:30:22 [error] [Core] [Login] Login Error,ErrCode:  3  ErrMsg: 
12-18 14:30:22 [warn] 请扫描下面的二维码，然后在手Q上授权登录：
12-18 14:30:22 [warn] 

▄▄▄▄▄▄▄▄▄▄▄▄▄▄▄▄▄▄▄▄▄▄▄▄▄▄▄▄▄▄▄▄▄▄▄
█ ▄▄▄▄▄ █▄▄███▀▄█▀█ █ ▄▄ ██ ▄▄▄▄▄ █
█ █   █ █ ▀█ ▄ █▀ ▀ ▄▀▀▀█ █ █   █ █
█ █▄▄▄█ █▄ ▄▄▀▀█▄██▄ ▀█ ▄▄█ █▄▄▄█ █
█▄▄▄▄▄▄▄█▄▀▄▀▄█ █ ▀▄█ █ █ █▄▄▄▄▄▄▄█
█ ▄  ▀█▄█ ▀████▀▄█ ▄█▀▄ ▀█▄▀█▄▄ ▀ █
██▀▄▄▄█▄ ███▀▀▀▄▀███▀▄█▀ ▄█ ▀▄█▄ ▄█
██▄▄ ▄▄▄ █ ▀ █▄█ ▀▄██▄▀▄  ▄█▄▄ ▀▀██
███▀ █▀▄██▀▄█ ▄██ █▄▄▀▀▄█▀▀  ▄█ ███
█▀▄ ▀ ▀▄█▄█ ▄▀  ▀▀▄▄  ▄█▀       ▄ █
█▄█▄▀ ▄▄  ▀▀▄ █▀▄▀▀▀▀▀▄█▀▀  ██ █▄▀█
█▀▄ ▄▀█▄▄▄▀ ▄ █▀▀▀▀ ▀▀ ▀  ▄▀▄█▀▄▀▀█
██▀▀▄██▄█ ▀▀▄▄▀ █▄█▄▀█▄▀ ▄▄▀▀▄▀▄ ▄█
█▄██▄██▄█  █▀ ▄█ ▀ █▄▄ ▄  ▄▄▄ ▄██▄█
█ ▄▄▄▄▄ ██▀  ██▄█ ▄   ▀▀  █▄█ ▀▀███
█ █   █ █▀ ███  ▄█▀█▀ █▄  ▄▄▄▄█  ▄█
█ █▄▄▄█ █ ▄▄▀ █▀▄  ▄▀▄▄ ▄▀▄ ▄▀█▄▄▀█
█▄▄▄▄▄▄▄█▄█▄█▄███▄█▄▄█████▄███▄▄███

二维码解码URL: https://txz.qq.com/p?k=xKfDqQ8h0rMUGGYjLPIpG8zmENf*ENeT&f=1600001604
如果控制台二维码无法扫码，可以复制解码url到二维码生成网站生成二维码再扫码，也可以打开下方的二维码路径图片进行扫码。
12-18 14:30:22 [warn] 二维码已保存到 C:\Users\Administrator\Desktop\bot\napcat.29927.onekey\versions\9.9.16-29927\resources\app\napcat\cache\qrcode.png
12-18 14:32:22 [error] [Core] [Login] Login Error,ErrCode:  3  ErrMsg: 
12-18 14:32:22 [warn] 请扫描下面的二维码，然后在手Q上授权登录：
12-18 14:32:22 [warn] 

▄▄▄▄▄▄▄▄▄▄▄▄▄▄▄▄▄▄▄▄▄▄▄▄▄▄▄▄▄▄▄▄▄▄▄
█ ▄▄▄▄▄ █▀ █▀▀▀ ▀▀▄▀█ ▄▀▄██ ▄▄▄▄▄ █
█ █   █ █▀ ▄ █▀█ ▀▀ ▀▄▄▀▀ █ █   █ █
█ █▄▄▄█ █▀█ █▄█▄▀▀▄▀▄▀█▄▄▀█ █▄▄▄█ █
█▄▄▄▄▄▄▄█▄█▄█ █▄▀ █ ▀▄▀▄█ █▄▄▄▄▄▄▄█
█    ▄█▄ ▄ ▄█▄▄▀█▄ ▀▀  ▄ ▀▄▀▄█▄▀ ▀█
█  ▀▄  ▄▄█ ▀ ▄██▄▀▄██▄▀██▄▀▀▄ ▄▀▄██
██ █ ▀ ▄█  ▀▄▀▄▀▄▀ █▄ ▀▄▀▀▄▀ ▄▄█▀▀█
█▄▀█ ▀▄▄█▄▀▄█▀██▄▀█ ▀█  █   ▀██▀▄██
██▄█ █▀▄▀  ▀█▄▄▀▄█ ▀▀▄ ▄ █▄▀█▄▀█ ▀█
█ ▀▄█ ▀▄  ▄  ▄██▄▀█▄█▄▀▀██ ▄▀█▄▀▄██
█ ▄▀▄ ▄▄█▄  ▄▀▄▀ ▀▄▄▀ ▀▄ ▀█▀█▄▀█ ▀█
█ ███▄▀▄ ▄███▀█▀▄▀▄▀█ ▀▀▀▀  ▄  ▀▄██
█▄█▄▄█▄▄▄ █ █▄▄▀▄▄▄▄█ ▀▀▄ ▄▄▄  ▀█ █
█ ▄▄▄▄▄ █▄█▀ ▄▄▄ ██▄▀█ ▀  █▄█ ▀ ▄██
█ █   █ █  ▄▄ ▄▀█ ██ ▀█▄▀▄ ▄  ▄█▄██
█ █▄▄▄█ █ ▀██▄██ █▄▄▀█▀  █▄▄ ▀▀ ▄██
█▄▄▄▄▄▄▄█▄▄▄██▄████████▄█▄██▄▄▄█▄██

二维码解码URL: https://txz.qq.com/p?k=x48ifzBeCc1objUq2Ys-X8oxi61SHx6F&f=1600001604
如果控制台二维码无法扫码，可以复制解码url到二维码生成网站生成二维码再扫码，也可以打开下方的二维码路径图片进行扫码。
12-18 14:32:22 [warn] 二维码已保存到 C:\Users\Administrator\Desktop\bot\napcat.29927.onekey\versions\9.9.16-29927\resources\app\napcat\cache\qrcode.png
12-18 14:34:25 [error] [Core] [Login] Login Error,ErrCode:  3  ErrMsg: 
12-18 14:34:25 [warn] 请扫描下面的二维码，然后在手Q上授权登录：
12-18 14:34:25 [warn] 

▄▄▄▄▄▄▄▄▄▄▄▄▄▄▄▄▄▄▄▄▄▄▄▄▄▄▄▄▄▄▄▄▄▄▄
█ ▄▄▄▄▄ ██▄▄ ▀ ▀█ ▀▄▄█ ██▄█ ▄▄▄▄▄ █
█ █   █ █▀▄  █▀▀▄█▀▄  ▄▄▀▀█ █   █ █
█ █▄▄▄█ █▄▀ █▄█▄█▀▄▀█ █▀▄ █ █▄▄▄█ █
█▄▄▄▄▄▄▄█▄▀▄█ █▄█ █▄▀ █ █ █▄▄▄▄▄▄▄█
█ ▄▀▀▀ ▄ ▀▄ █▄▄█▀ ▄▀█▄█▄▄▄██▀ ▄▀▀██
█▀▀▀█▀▄▄  ▄▀ ▄██ ▀▄ █▄█ █ ▀▀  ▄▀▄██
█ ▀▀▄▄ ▄ ▀▄ █▀█   ██▄▀▀█▀▀█ ▄███  █
█▀▄  ▄▀▄█▀▀██▀█▀ █▄▀███▀█▀ ▄█▀█▀▄▀█
██  ██▄▄ ▄▀▄█▄▄▀ ██▀▀▀█▄▀▀▄▀▀▄▀█ ▀█
█▀▄▄▄▄ ▄ █▄▄▀▄▄▄ █▄▄  ▄█▄█▀██▄█▀█▄█
█ █▀▀▀█▄▄▄█▄▄▀▄█  ▀█▀██▄ ▀██▀ ▀█ ██
█ ██▀▄ ▄▄▀▄▀█▀█▀▄██▄█▄▄▀▀▀     ▀▄██
█▄▄▄█▄▄▄█  ▄▄▄█ ▀  ▀▀█▀▀█ ▄▄▄ ▀▀▄▀█
█ ▄▄▄▄▄ █ ██ ▄▄  ▄████▄█  █▄█ ▀ ▄▀█
█ █   █ ██▀ ▄ ▄▀█▀  █ ▄ ▀▄ ▄▄ ▄█▄██
█ █▄▄▄█ █▀ ▄▄▄▄▄ ██ ▄▀▄ ▀███▄   █▄█
█▄▄▄▄▄▄▄█▄████▄███▄█▄████▄██▄▄▄█▄██

二维码解码URL: https://txz.qq.com/p?k=18H-3MwjdqyQ-T9fdQWNNybvAYM*kOh3&f=1600001604
如果控制台二维码无法扫码，可以复制解码url到二维码生成网站生成二维码再扫码，也可以打开下方的二维码路径图片进行扫码。
12-18 14:34:25 [warn] 二维码已保存到 C:\Users\Administrator\Desktop\bot\napcat.29927.onekey\versions\9.9.16-29927\resources\app\napcat\cache\qrcode.png
