12-16 17:32:19 [info] [NapCat] [Core] NapCat.Core Version: 4.2.27
12-16 17:32:19 [info] 核心登录服务连接成功!
12-16 17:32:19 [error] 快速登录失败，未找到该 QQ 历史登录记录，将使用二维码登录方式
12-16 17:32:19 [info] [NapCat] [WebUi] Current WebUi is not run.
12-16 17:32:20 [warn] 请扫描下面的二维码，然后在手Q上授权登录：
12-16 17:32:20 [warn] 

▄▄▄▄▄▄▄▄▄▄▄▄▄▄▄▄▄▄▄▄▄▄▄▄▄▄▄▄▄▄▄▄▄▄▄
█ ▄▄▄▄▄ █▄▄███▀▄█▀█ █   ▀▀█ ▄▄▄▄▄ █
█ █   █ █ ▀█ ▄ █▀ ▀ ▀██▀███ █   █ █
█ █▄▄▄█ █▄ ▄▄▀▀█▄██▄ ▄▀██▀█ █▄▄▄█ █
█▄▄▄▄▄▄▄█▄▀▄▀▄█ █ ▀▄█ █ ▀▄█▄▄▄▄▄▄▄█
█▄▄▄ ▀█▄█▄▀████▀▄█▀ ▀ ▄███▄▀█▄▄ ▀ █
█▀▄▀▄█▄▄▄▄██▀▀▀▄▀█▄▀▀▀█▄ ▄█ ▀▄█▄ ▄█
█▄█▀█  ▄█▀ ▀ █▄█ ▀██ █ ▄▀▀▄█▄▄ ▀▀██
██ ▀  ▄▄ ▀▄ █ ▄██ ▄▀▄█▀ █▄▀  ▄█ ███
█   ▄▀▀▄  ▀█▄▀  ▀▀▀▀██▄▄ ▄      ▄ █
█ ▀█▄▄█▄▀ ▀▀▄ █▀▄█▀ █▄▄ ▀▀  ██ █▄▀█
█ ▄█ █▀▄█▄  ▄ █▀██ ▄▄▀██  ▄▀▄█▀▄▀▀█
██▀██▄█▄▄█▄▀▄▄▀ ▀ ▄█▀▄█▄ ▄▄▀▀▄▀▄ ▄█
█▄█▄█▄▄▄▄  ▀▀ ▄█▀▀██▀▄▀█  ▄▄▄ ▄██▄█
█ ▄▄▄▄▄ ████ ██▄███▄▄ ▀▀  █▄█ ▀▀███
█ █   █ █▀▀▀██  ▀█▄▄  █▄  ▄▄▄▄█  ▄█
█ █▄▄▄█ █ ▄ ▀ █▀▄█  ▀▀█▄▄▀▄ ▄▀█▄▄▀█
█▄▄▄▄▄▄▄█▄███▄██▄██▄▄█████▄███▄▄███

二维码解码URL: https://txz.qq.com/p?k=5SA1WgmIuM-VBMpE0mx*G8IJ9xMCXck0&f=1600001604
如果控制台二维码无法扫码，可以复制解码url到二维码生成网站生成二维码再扫码，也可以打开下方的二维码路径图片进行扫码。
12-16 17:32:20 [warn] 二维码已保存到 C:\Users\Administrator\Desktop\bot\napcat.29927.onekey\versions\9.9.16-29927\resources\app\napcat\cache\qrcode.png
12-16 17:34:23 [error] [Core] [Login] Login Error,ErrCode:  3  ErrMsg: 
12-16 17:34:23 [warn] 请扫描下面的二维码，然后在手Q上授权登录：
12-16 17:34:23 [warn] 

▄▄▄▄▄▄▄▄▄▄▄▄▄▄▄▄▄▄▄▄▄▄▄▄▄▄▄▄▄▄▄▄▄▄▄
█ ▄▄▄▄▄ █▄▄███▀▄█▀▄▄▄█ ▀▀▀█ ▄▄▄▄▄ █
█ █   █ █ ▀█ ▄ █▀ ▀▀█ ███▀█ █   █ █
█ █▄▄▄█ █▄ ▄▄▀▀█▄██▄ █▀ ▄ █ █▄▄▄█ █
█▄▄▄▄▄▄▄█▄▀▄▀▄█ █ ▀▄█ █ █ █▄▄▄▄▄▄▄█
█   ▄▀▀▄█▄▀████▀▄█▄▄▀▄▀▀█▄▄▀█▄▄ ▀ █
█▀▀█▄▄ ▄  ██▀▀▀▄▀█▄ ▀█▄ ▄▄█ ▀▄█▄ ▄█
██▄█ ▀▄▄ █▄▀ █▄█ ▀ ▀▀██ █ ▄█▄▄ ▀▀██
█ █  ▄▀▄▀▀▄▄█ ▄██ ▄█▄█▀██▄▀  ▄█ ███
█▀▄▄▄█▄▄█▀█▀▄▀  ▀▀▀▄ ▀█▄▄▀      ▄ █
█▄▀▀█ ▀▄█▀▀█▄ █▀▄▀▀▄█▄██▀▀  ██ █▄▀█
█▀ ▄ ▄█▄▄ ▄█▄ █▀  ▄▄▄ ▄█  ▄▀▄█▀▄▀▀█
██▀▄▄▄▄▄  ▀▀▄▄▀ █ ▄▄█ █▀ ▄▄▀▀▄▀▄ ▄█
█▄███▄▄▄█ █ ▀ ▄█▀▀▄███▄▄  ▄▄▄ ▄██▄█
█ ▄▄▄▄▄ ███▄ ██▄▀█▄▀▄▀▀   █▄█ ▀▀███
█ █   █ █▀▀▀██  ▀ ▄ ▄     ▄▄▄▄█  ▄█
█ █▄▄▄█ █ ▄▀▀ █▀ ▄  █▀█▄▄▀▄ ▄▀█▄▄▀█
█▄▄▄▄▄▄▄█▄███▄████▄▄█▄▄▄██▄███▄▄███

二维码解码URL: https://txz.qq.com/p?k=EaWAG3VtRhAn8lFUXa8w*8ushtjSs1iL&f=1600001604
如果控制台二维码无法扫码，可以复制解码url到二维码生成网站生成二维码再扫码，也可以打开下方的二维码路径图片进行扫码。
12-16 17:34:23 [warn] 二维码已保存到 C:\Users\Administrator\Desktop\bot\napcat.29927.onekey\versions\9.9.16-29927\resources\app\napcat\cache\qrcode.png
12-16 17:36:25 [error] [Core] [Login] Login Error,ErrCode:  3  ErrMsg: 
12-16 17:36:25 [warn] 请扫描下面的二维码，然后在手Q上授权登录：
12-16 17:36:25 [warn] 

▄▄▄▄▄▄▄▄▄▄▄▄▄▄▄▄▄▄▄▄▄▄▄▄▄▄▄▄▄▄▄▄▄▄▄
█ ▄▄▄▄▄ █▄▄▄ ▀▄██ █ ▀▀███▀█ ▄▄▄▄▄ █
█ █   █ ██▄▀ █ ▀▄▄▀▀██ █▄▄█ █   █ █
█ █▄▄▄█ ██▀▄ ▄████▄██▀█▀ ██ █▄▄▄█ █
█▄▄▄▄▄▄▄█ ▀▄█ ▀ █ █▄█▄█▄▀ █▄▄▄▄▄▄▄█
█  █ ▄▀▄▀█▄▀█▄██▀▀ ▀ ██▄███▄▀▀█▀▀▄█
█    ▄█▄▄ ▄██▄█▄ █ ██▄▄▀▄ ▀  ▄▀▀▄▄█
█    █▄▄▄█▄ █▀▀▄  ▀▀▄█ ▀██▀▄▄███▄▄█
█▄  ▄  ▄▀ ███▀▄▀ ▄▄▄▄▄█ ██▀▄█ █▀█▀█
█ ▀▀▄ ▄▄▀ █▄ ▄▄  ▀█▀█▀███▄▄ ▀ ▄█  █
█ █▄██▀▄▀▄▄█▀▄   ▀▄▀ ▀█▄▄██▀█▄█▀▀ █
█ ▄▄▄ ▄▄█ █▀▄▀██▄▄█▀▀█▄▀ ▀▄█▀▀▀█▀██
█ █  ██▄██ ▀ ▀█  ▄▀ ▀ ▄█▄▀ ▀ ▄█▀▄▄█
█▄▄█▄██▄█ █ ▄▄▀▄ ▀▄█▄█▀██ ▄▄▄ ▀▀ ██
█ ▄▄▄▄▄ ███▀ ▄█  ▀█▄ ▀█▄  █▄█ ▀ █▀█
█ █   █ █  ▄▀ ▄ ▄▄▄▀ ▄▄▄▄▄ ▄▄▄▀█▄▄█
█ █▄▄▄█ █▀▀▀▄▄  ▄ █ ▄ ▄█▀█▀▀▄   ▀ █
█▄▄▄▄▄▄▄█▄██████▄█▄█▄▄█▄█▄▄█▄█▄████

二维码解码URL: https://txz.qq.com/p?k=mZSRyh0Z2AkT2*viUpgRi7mklBQJtSwG&f=1600001604
如果控制台二维码无法扫码，可以复制解码url到二维码生成网站生成二维码再扫码，也可以打开下方的二维码路径图片进行扫码。
12-16 17:36:25 [warn] 二维码已保存到 C:\Users\Administrator\Desktop\bot\napcat.29927.onekey\versions\9.9.16-29927\resources\app\napcat\cache\qrcode.png
12-16 17:38:25 [error] [Core] [Login] Login Error,ErrCode:  3  ErrMsg: 
12-16 17:38:26 [warn] 请扫描下面的二维码，然后在手Q上授权登录：
12-16 17:38:26 [warn] 

▄▄▄▄▄▄▄▄▄▄▄▄▄▄▄▄▄▄▄▄▄▄▄▄▄▄▄▄▄▄▄▄▄▄▄
█ ▄▄▄▄▄ █ ██▀▀▄█▄▀  ▀ ▄▀▄▄█ ▄▄▄▄▄ █
█ █   █ █  ▀█ ▀█ ▄ ▀▀▄▄▀▀▄█ █   █ █
█ █▄▄▄█ █▀  █▄ ▀▄▀  ▀▀▄▀█▀█ █▄▄▄█ █
█▄▄▄▄▄▄▄█▄█ ▀▄█▄▀▄▀▄▀ ▀▄▀▄█▄▄▄▄▄▄▄█
█▄▄▀▀  ▄▀██▄█▄▀▄ ▄▄█▄▀▄ ▀▀▀█ █▄ ▄▄█
█ ██▄█▄▄▄▄ ▄█▀██▄▄ ▄█ ▀█  ▀▀▄█▀▄▄██
█▄  ▄▄█▄▄▄█▀▄▀▀▄▀▀▄█▀▄█▄▀▀▀▄█▄▄█▄▄█
█▄ ▄█▀▄▄█▀ ▄ ▄██▄▄▀▀▀█▀▀ ▀  ▀  ▄▄██
█  ▄▀▄▀▄▀▀▀ █▄▀▄▀█▄▀██▀▄▄▄▀▄ ▄▀██▄█
█  ▀▄▀▄▄ ██▀█▀██ ▀▀▄▀█▀▀   ▄▀ ▀▄▄██
█▀  █▄▄▄▀▄▄▄▄▀▀▄▀▄██ ▄▄  ▀ ▄ ▄▀██▄█
███▄▀▄█▄ ▀▄█ ▄█▀▄▀  █▄▀▀▄▄  ▄██▄▄██
█▄▄▄█▄█▄▄▀▄ █▄▀▄▀ ▄▀██ ▄▄ ▄▄▄  ▀ ██
█ ▄▄▄▄▄ █▀▀▀█▀▄▄ █ ▀▀▄▀▀█ █▄█ ▄█▄██
█ █   █ █▄▄▄▄ ▀▄▀ ▄▀▀▄█▄▀▄▄ ▄ ▄█▀ █
█ █▄▄▄█ █▀ ▄ ▀██▄▀▀ █ ▀██ ▄▄ ▄▄█▄██
█▄▄▄▄▄▄▄█▄█▄███▄█▄██▄██▄█▄▄▄█▄▄██▄█

二维码解码URL: https://txz.qq.com/p?k=L50G--wFNvnGUKyBzM6l*JtsfUagSus1&f=1600001604
如果控制台二维码无法扫码，可以复制解码url到二维码生成网站生成二维码再扫码，也可以打开下方的二维码路径图片进行扫码。
12-16 17:38:26 [warn] 二维码已保存到 C:\Users\Administrator\Desktop\bot\napcat.29927.onekey\versions\9.9.16-29927\resources\app\napcat\cache\qrcode.png
