12-16 16:38:50 [info] [NapCat] [Core] NapCat.Core Version: 4.2.27
12-16 16:38:50 [info] 核心登录服务连接成功!
12-16 16:38:50 [error] 快速登录失败，未找到该 QQ 历史登录记录，将使用二维码登录方式
12-16 16:38:50 [info] [NapCat] [WebUi] Current WebUi is not run.
12-16 16:38:52 [warn] 请扫描下面的二维码，然后在手Q上授权登录：
12-16 16:38:52 [warn] 

▄▄▄▄▄▄▄▄▄▄▄▄▄▄▄▄▄▄▄▄▄▄▄▄▄▄▄▄▄▄▄▄▄▄▄
█ ▄▄▄▄▄ █▀ █▀▀▀ ▀▀▀ █ ▄▀▄▀█ ▄▄▄▄▄ █
█ █   █ █▀ ▄ █▀█ ▀██▄█▄ ▀ █ █   █ █
█ █▄▄▄█ █▀█ █▄█▄▀▀ ▄█▄▄▀▄▀█ █▄▄▄█ █
█▄▄▄▄▄▄▄█▄█▄█ █▄▀ █ █▄▀▄▀▄█▄▄▄▄▄▄▄█
█   ▄▄▀▄▄  ▄█▄▄▀█▄▄▄█ ▄▄██▄▀▄█▄▀ ▀█
█ █ ██▀▄ █ ▀ ▄██▄▀▄▄▀█  █▄▀▀▄ ▄▀▄██
█ █▄  █▄▄▄▄▀▄▀▄▀▄▀ ▀▀ ▀▀▀▀▄▀ ▄▄█▀▀█
█▀ ▄▄▄▀▄▀▄▀▄█▀██▄▀█▀█  ▄▀█  ▀██▀▄██
██▄▀▀█▀▄ █▄▄█▄▄▀▄█ ▀ █▀ █▄▄▀█▄▀█ ▀█
█  ███▀▄ █ █ ▄██▄██ ██▀▀██ ▄▀█▄▀▄██
█▀▄ █  ▄▄ ▄▄▄▀▄▀▄▄ █ ▄   ▀█▀█▄▀█ ▀█
█ █▄▀█▀▄█▀▀▄█▀█▀ ▄█▄█▀ ▄▀▀  ▄  ▀▄██
█▄██▄██▄▄▀▄▄█▄▄▀▄ ▀█ ▀ ▄▄ ▄▄▄  ▀█ █
█ ▄▄▄▄▄ █▄▀▄ ▄▄▄ ▄▄ ██▀▄  █▄█ ▀ ▄██
█ █   █ █ ▄ ▄ ▄▀█ ▀▀█  ▄▀▄ ▄  ▄█▄██
█ █▄▄▄█ █ ▀▀█▄██ ▄█▀█  ▄ █▄▄ ▀▀ ▄██
█▄▄▄▄▄▄▄█▄▄███▄██▄██▄████▄██▄▄▄█▄██

二维码解码URL: https://txz.qq.com/p?k=G4VhgfM4sTFD-Pl8-rPCCN3lhyZLYyq2&f=1600001604
如果控制台二维码无法扫码，可以复制解码url到二维码生成网站生成二维码再扫码，也可以打开下方的二维码路径图片进行扫码。
12-16 16:38:52 [warn] 二维码已保存到 C:\Users\Administrator\Desktop\bot\napcat.29927.onekey\versions\9.9.16-29927\resources\app\napcat\cache\qrcode.png
12-16 16:40:54 [error] [Core] [Login] Login Error,ErrCode:  3  ErrMsg: 
12-16 16:40:54 [warn] 请扫描下面的二维码，然后在手Q上授权登录：
12-16 16:40:54 [warn] 

▄▄▄▄▄▄▄▄▄▄▄▄▄▄▄▄▄▄▄▄▄▄▄▄▄▄▄▄▄▄▄▄▄▄▄
█ ▄▄▄▄▄ █▄▄▄ ▀▄██ ▄█▀▄ ▀█ █ ▄▄▄▄▄ █
█ █   █ ██▄▀ █ ▀▄▄▀▄ ▀ ▄▄██ █   █ █
█ █▄▄▄█ ██▀▄ ▄█████ ▄▀ ▄▀▀█ █▄▄▄█ █
█▄▄▄▄▄▄▄█ ▀▄█ ▀ █ █ █▄█ ▀▄█▄▄▄▄▄▄▄█
█▄▄▀  ▀▄██▄▀█▄██▀▀▄▀ ▄█▄█▄█▄▀▀█▀▀▄█
█▀█ ▀▀ ▄█▀▄██▄█▄ █▀█▀▀█▀ █▀  ▄▀▀▄▄█
█ ▄ ▀▄█▄▄▄▄ █▀▀▄  ▀▀█▄█  ▀▀▄▄███▄▄█
██▄█ █▄▄ ▄ ▀█▀▄▀ ▄██▄▀▄ ██▀▄█ █▀█▀█
█  █▀  ▄█▄▀█ ▄▄  ▀▄▀▀█▄  █▄ ▀ ▄█  █
█▀ ▄▄▀█▄▀██▄▀▄   ▄▄   ██▄██▀█▄█▀▀ █
█▀  █▀ ▄█▄ ▄▄▀███▄██  ▄▀ ▀▄█▀▀▀█▀██
█ █ ▀▀ ▄ █▀█ ▀█  ▀▀▀█▄▄ ▄▀ ▀ ▄█▀▄▄█
█▄▄▄▄█▄▄█ ▀▀▄▄▀▄▄▀█▄█▀▄▀█ ▄▄▄ ▀▀ ██
█ ▄▄▄▄▄ ██▀  ▄█  ▀▄▀▄ ██  █▄█ ▀ █▀█
█ █   █ █ ▀ ▀ ▄ ███▀  ▀ ▄▄ ▄▄▄▀█▄▄█
█ █▄▄▄█ █▀ ▀▄▄  ▄██   ▄█▀█▀▀▄   ▀ █
█▄▄▄▄▄▄▄█▄█▄█████▄▄██▄▄██▄▄█▄█▄████

二维码解码URL: https://txz.qq.com/p?k=U5Fv6w20FDWlXi800owi4jgmHV6jiKRJ&f=1600001604
如果控制台二维码无法扫码，可以复制解码url到二维码生成网站生成二维码再扫码，也可以打开下方的二维码路径图片进行扫码。
12-16 16:40:54 [warn] 二维码已保存到 C:\Users\Administrator\Desktop\bot\napcat.29927.onekey\versions\9.9.16-29927\resources\app\napcat\cache\qrcode.png
12-16 16:42:57 [error] [Core] [Login] Login Error,ErrCode:  3  ErrMsg: 
12-16 16:42:57 [warn] 请扫描下面的二维码，然后在手Q上授权登录：
12-16 16:42:57 [warn] 

▄▄▄▄▄▄▄▄▄▄▄▄▄▄▄▄▄▄▄▄▄▄▄▄▄▄▄▄▄▄▄▄▄▄▄
█ ▄▄▄▄▄ █▄▄███▀▄█▀▄▄▄▀█▄▀██ ▄▄▄▄▄ █
█ █   █ █ ▀█ ▄ █▀ ▀██ █ █▄█ █   █ █
█ █▄▄▄█ █▄ ▄▄▀▀█▄█▄▄▀▀▀██ █ █▄▄▄█ █
█▄▄▄▄▄▄▄█▄▀▄▀▄█ █ ▀ ▀▄█ ▀ █▄▄▄▄▄▄▄█
█ ▄  ▀▀▄█ ▀████▀▄█▄▄▀▀▀██▄▄▀█▄▄ ▀ █
█▀██▀██▄▄▀██▀▀▀▄▀██ ▀▄█   █ ▀▄█▄ ▄█
█ ▀▄ █▄▄  ▄▀ █▄█ ▀▄█ ▄█   ▄█▄▄ ▀▀██
██▄  ▄ ▄█ ▀▀█ ▄██ ▄▄▄▄ ▄█ ▀  ▄█ ███
█ ▄▀▀█▀▄▀ ▄▄▄▀  ▀▀█ ▄▀█ █▀      ▄ █
█▄▄▀▄█▀▄█ ▀▄▄ █▀ █ ▄▀█▄ ▀▀  ██ █▄▀█
█ ▀▄▄▀ ▄▀▀  ▄ █▀▀ ▀ █▀▄   ▄▀▄█▀▄▀▀█
██▀▄▀▄▀▄█▄▀▀▄▄▀ ▀█▄▄▀ ██ ▄▄▀▀▄▀▄ ▄█
█▄█▄██▄▄▄▀  ▀ ▄█  █▀▀ ▄▄  ▄▄▄ ▄██▄█
█ ▄▄▄▄▄ ██▀▀ ██▄████ ▄    █▄█ ▀▀███
█ █   █ █▀▀▄██  ▀█▄ ██▀   ▄▄▄▄█  ▄█
█ █▄▄▄█ █  ▄▀ █▀▄   █▀▄█▄▀▄ ▄▀█▄▄▀█
█▄▄▄▄▄▄▄█▄█▄█▄██▄▄▄▄▄▄▄▄██▄███▄▄███

二维码解码URL: https://txz.qq.com/p?k=IOUtXgDrE9CH034NyxoV*qworLYSmcvB&f=1600001604
如果控制台二维码无法扫码，可以复制解码url到二维码生成网站生成二维码再扫码，也可以打开下方的二维码路径图片进行扫码。
12-16 16:42:57 [warn] 二维码已保存到 C:\Users\Administrator\Desktop\bot\napcat.29927.onekey\versions\9.9.16-29927\resources\app\napcat\cache\qrcode.png
12-16 16:44:59 [error] [Core] [Login] Login Error,ErrCode:  3  ErrMsg: 
12-16 16:44:59 [warn] 请扫描下面的二维码，然后在手Q上授权登录：
12-16 16:44:59 [warn] 

▄▄▄▄▄▄▄▄▄▄▄▄▄▄▄▄▄▄▄▄▄▄▄▄▄▄▄▄▄▄▄▄▄▄▄
█ ▄▄▄▄▄ ██▄▄ ▀ ▀█ ▀▀██▀ ▄▀█ ▄▄▄▄▄ █
█ █   █ █▀▄  █▀▀▄█▀▄ ▀▄█▄▀█ █   █ █
█ █▄▄▄█ █▄▀ █▄█▄█▀  ▄ █▀▄▀█ █▄▄▄█ █
█▄▄▄▄▄▄▄█▄▀▄█ █▄█ █ ▀▄█ ▀ █▄▄▄▄▄▄▄█
█▄ ██▀ ▄ █▄ █▄▄█▀ ▄██▄▀ ▀▀██▀ ▄▀▀██
█▀█▀▀▀▄▄██▄▀ ▄██ ▀▄ ▀▄█ █▀▀▀  ▄▀▄██
██▄▄█▄█▄▄ ▄ █▀█   █▄▄ ██ ██ ▄███  █
█ █▀▀▀▀▄  ▀ █▀█▀ █▄▀▀▄▄▄██ ▄█▀█▀▄▀█
█ █ ▄▄▀▄ █▀██▄▄▀ █▀▀█▀█▀  ▄▀▀▄▀█ ▀█
██▄ ██ ▄ ▄▄█▀▄▄▄ ▀█▄▄▄█ ▄█▀██▄█▀█▄█
█▀▀▀▀ ▄▄▄ █ ▄▀▄█▄█▀▀█▄▀▀ ▀██▀ ▀█ ██
█ █▀▄▀ ▄█▀▀▄█▀█▀ ██▄█ ▄ ▀▀     ▀▄██
█▄▄██▄█▄▄ ▀▄▄▄█ ▀ ▀▀█ ▄██ ▄▄▄ ▀▀▄▀█
█ ▄▄▄▄▄ █ ▄▀ ▄▄ ▄ █▀██▄   █▄█ ▀ ▄▀█
█ █   █ ██▀▀▄ ▄▀ ▀▀▀▀▄▄ ▀▄ ▄▄ ▄█▄██
█ █▄▄▄█ █▀▀ ▄▄▄▄ ▄█ ▄▄▄▀▀███▄   █▄█
█▄▄▄▄▄▄▄█▄▄▄██▄██▄███▄█▄█▄██▄▄▄█▄██

二维码解码URL: https://txz.qq.com/p?k=-q2fNMoe3-DUp4MPGCSjzjr6KIlJZajG&f=1600001604
如果控制台二维码无法扫码，可以复制解码url到二维码生成网站生成二维码再扫码，也可以打开下方的二维码路径图片进行扫码。
12-16 16:44:59 [warn] 二维码已保存到 C:\Users\Administrator\Desktop\bot\napcat.29927.onekey\versions\9.9.16-29927\resources\app\napcat\cache\qrcode.png
12-16 16:46:59 [error] [Core] [Login] Login Error,ErrCode:  3  ErrMsg: 
12-16 16:47:00 [warn] 请扫描下面的二维码，然后在手Q上授权登录：
12-16 16:47:00 [warn] 

▄▄▄▄▄▄▄▄▄▄▄▄▄▄▄▄▄▄▄▄▄▄▄▄▄▄▄▄▄▄▄▄▄▄▄
█ ▄▄▄▄▄ █▄▄███▀▄█▀▄██ ██▀▀█ ▄▄▄▄▄ █
█ █   █ █ ▀█ ▄ █▀ ███▄█▀███ █   █ █
█ █▄▄▄█ █▄ ▄▄▀▀█▄██▄ █▄█▄▄█ █▄▄▄█ █
█▄▄▄▄▄▄▄█▄▀▄▀▄█ █ ▀ ▀ █▄▀▄█▄▄▄▄▄▄▄█
█ ▄  ▀█▄█▄▀████▀▄██▄▀▀▀█ █▄▀█▄▄ ▀ █
█▀█ ▀▄▀▄█▀██▀▀▀▄▀██▀███▄ ▀█ ▀▄█▄ ▄█
█▄▄█▄▀▄▄ █▄▀ █▄█ ▀▀▀ ██ ▀ ▄█▄▄ ▀▀██
█▀▀ █▄█▄██▄██ ▄██ █▄▄▄  ██▀  ▄█ ███
█▄ ▄▀ ▀▄█ ▀█▄▀  ▀▀  █▀▄▄▄       ▄ █
█ ▄▀▀▄▀▄ ▄ ▄▄ █▀▄▀ ▄▀ █ ▀▀  ██ █▄▀█
█▀  █▄▄▄ ▀ ▄▄ █▀█ ▄▄▀▀    ▄▀▄█▀▄▀▀█
██▀   █▄▀▀▄▀▄▄▀ █▄▄ █ ▄▀ ▄▄▀▀▄▀▄ ▄█
█▄█▄▄▄█▄▄▀ █▀ ▄█ ▄▄▀▀▄▄   ▄▄▄ ▄██▄█
█ ▄▄▄▄▄ ██▀▀ ██▄▀ █▀   █  █▄█ ▀▀███
█ █   █ █▀▄ ██   █▄▄██    ▄▄▄▄█  ▄█
█ █▄▄▄█ █  ▀▀ █▀▄▄▀▀█▄█ ▄▀▄ ▄▀█▄▄▀█
█▄▄▄▄▄▄▄█▄▄▄█▄████▄▄▄▄▄███▄███▄▄███

二维码解码URL: https://txz.qq.com/p?k=TFhQIlEsw2Vou7vkqkjfZYSUZuxEql5d&f=1600001604
如果控制台二维码无法扫码，可以复制解码url到二维码生成网站生成二维码再扫码，也可以打开下方的二维码路径图片进行扫码。
12-16 16:47:00 [warn] 二维码已保存到 C:\Users\Administrator\Desktop\bot\napcat.29927.onekey\versions\9.9.16-29927\resources\app\napcat\cache\qrcode.png
12-16 16:49:02 [error] [Core] [Login] Login Error,ErrCode:  3  ErrMsg: 
12-16 16:49:02 [warn] 请扫描下面的二维码，然后在手Q上授权登录：
12-16 16:49:02 [warn] 

▄▄▄▄▄▄▄▄▄▄▄▄▄▄▄▄▄▄▄▄▄▄▄▄▄▄▄▄▄▄▄▄▄▄▄
█ ▄▄▄▄▄ █▀▀ ██▀▀ ▄█▀▄ █▄▀██ ▄▄▄▄▄ █
█ █   █ █▄▀██▀██▀ ▄█▀▄█ ▄██ █   █ █
█ █▄▄▄█ █ ▄ █  ▀ ▀▄█ ▀ █▄██ █▄▄▄█ █
█▄▄▄▄▄▄▄█ █ ▀▄█▄▀▄▀▄▀▄▀▄█ █▄▄▄▄▄▄▄█
█▄ ▀▄▀█▄▄█▀█   ▀▄█▀█▄ ▀█▄█▀ ▄▄▀▄▄▀█
█▄ ▄██▀▄  ▀▀    █▀▄▀ ▀  █▀▄▄█ ▄█▀ █
█ ▀ ▄█▀▄ ▀█▄ █▄ █▄▀██ █▀▀▀▄ ▀▀ ▀▀ █
█▀▄█▀▄ ▄██   █▀██ ▀█▀▄ █▄█▄  ▄ █ ██
█▄ █▀▀▄▄█▀▄██ ▀▄██▄ ▀█ ▄▀█▀▄▄▄▀▀█▄█
█▄  █ ▄▄▄▀ ▀▄ █▄▀   ▀ ▀█▀▀ █   █▄▄█
███ ▄▄▀▄▄█▄ ▀█ ▀▀▀▀ ▀ ▀███▀▀▄█▄▀▄▀█
█▄ ▀▀█ ▄▄▄▀███ ▄▀▀▄▀ ▀  ▀████  █▀ █
█▄█▄█▄█▄▄ █▀▀ ▄  ▄▄██ ▄▀  ▄▄▄ ▄██▀█
█ ▄▄▄▄▄ █▄▀▀█  ▄██  ██ ▀█ █▄█ ▄▄ ██
█ █   █ █▀▄▀▄▄▀▄▀▀▄▀ █▄ ▀ ▄   ▄▀▀ █
█ █▄▄▄█ █▀▀ ▀ █▄▀█ ▄▀▄▀ ▄▀▄█▀▄█▄▄▄█
█▄▄▄▄▄▄▄█▄█▄▄█▄██▄██▄█▄▄▄▄██████▄██

二维码解码URL: https://txz.qq.com/p?k=3U6lFiGNeGox*RAVYAzE78gF37ireCLP&f=1600001604
如果控制台二维码无法扫码，可以复制解码url到二维码生成网站生成二维码再扫码，也可以打开下方的二维码路径图片进行扫码。
12-16 16:49:02 [warn] 二维码已保存到 C:\Users\Administrator\Desktop\bot\napcat.29927.onekey\versions\9.9.16-29927\resources\app\napcat\cache\qrcode.png
12-16 16:51:04 [error] [Core] [Login] Login Error,ErrCode:  3  ErrMsg: 
12-16 16:51:04 [warn] 请扫描下面的二维码，然后在手Q上授权登录：
12-16 16:51:04 [warn] 

▄▄▄▄▄▄▄▄▄▄▄▄▄▄▄▄▄▄▄▄▄▄▄▄▄▄▄▄▄▄▄▄▄▄▄
█ ▄▄▄▄▄ █▀ █▀▀▀ ▀▀▀▄█▄ ████ ▄▄▄▄▄ █
█ █   █ █▀ ▄ █▀█ ▀▀ ▄▀▄▄  █ █   █ █
█ █▄▄▄█ █▀█ █▄█▄▀▀▀█▄▄  ▄▀█ █▄▄▄█ █
█▄▄▄▄▄▄▄█▄█▄█ █▄▀ █▄█▄▀ █▄█▄▄▄▄▄▄▄█
█     ▀▄   ▄█▄▄▀█▄ ▄█ ▀▄▀▄▄▀▄█▄▀ ▀█
█▄ ▀█▀▄▄▀  ▀ ▄██▄▀█ ▀█  ▀▀▀▀▄ ▄▀▄██
█▀ █▄  ▄██▄▀▄▀▄▀▄▀▄▄▀   ▀█▄▀ ▄▄█▀▀█
██  ▄ █▄ █▀▀█▀██▄▀█▀▀▄▀██   ▀██▀▄██
█  ▄▄▀ ▄█▀█ █▄▄▀▄█ ▀█▀▀▀▄█▄▀█▄▀█ ▀█
█   ▀██▄▀▄▄▀ ▄██ █▄▄▀ ▀███ ▄▀█▄▀▄██
█ ▀█▄▀▀▄█ █▄▄▀▄▀▄▄███▀▀▄ ▀█▀█▄▀█ ▀█
█ █▀ █▀▄▄▀▄ █▀█▀  ▄█▀█ ▄▀▀  ▄  ▀▄██
█▄█▄██▄▄█ █ █▄▄▀▄▄▄▄▄▀  ▄ ▄▄▄  ▀█ █
█ ▄▄▄▄▄ █▄▀▀ ▄▄▄▄▀▄▀▀█▀█  █▄█ ▀ ▄██
█ █   █ █ ▄▄▄ ▄▀ ▀▀▀█▀▄ ▀▄ ▄  ▄█▄██
█ █▄▄▄█ █ ▄▄█▄██▄ █▀█  ▀ █▄▄ ▀▀ ▄██
█▄▄▄▄▄▄▄█▄▄▄██▄█▄▄█████▄█▄██▄▄▄█▄██

二维码解码URL: https://txz.qq.com/p?k=XsdkA5eR2dRYeBJGCrPrF784kW6LWF50&f=1600001604
如果控制台二维码无法扫码，可以复制解码url到二维码生成网站生成二维码再扫码，也可以打开下方的二维码路径图片进行扫码。
12-16 16:51:04 [warn] 二维码已保存到 C:\Users\Administrator\Desktop\bot\napcat.29927.onekey\versions\9.9.16-29927\resources\app\napcat\cache\qrcode.png
12-16 16:53:07 [error] [Core] [Login] Login Error,ErrCode:  3  ErrMsg: 
12-16 16:53:07 [warn] 请扫描下面的二维码，然后在手Q上授权登录：
12-16 16:53:07 [warn] 

▄▄▄▄▄▄▄▄▄▄▄▄▄▄▄▄▄▄▄▄▄▄▄▄▄▄▄▄▄▄▄▄▄▄▄
█ ▄▄▄▄▄ █▄▄███▀▄█▀█▀▄▀▀█ ██ ▄▄▄▄▄ █
█ █   █ █ ▀█ ▄ █▀ ▀█▀██▀▀ █ █   █ █
█ █▄▄▄█ █▄ ▄▄▀▀█▄█  ▀▀▄ ▄ █ █▄▄▄█ █
█▄▄▄▄▄▄▄█▄▀▄▀▄█ █ ▀▄▀ █▄▀▄█▄▄▄▄▄▄▄█
█▄▄▄▄█▀▄▀▄▀████▀▄█▄ ▄ ████▄▀█▄▄ ▀ █
█▄▀█ █ ▄▀███▀▀▀▄▀█▄▄▀█▄  ▄█ ▀▄█▄ ▄█
█▄ █ ▄ ▄█  ▀ █▄█ ▀ ▀▀█▀▄█ ▄█▄▄ ▀▀██
██▀█▀█ ▄ ▄▄██ ▄██ ██▄ ▀▄▀▄▀  ▄█ ███
██▄█▀▄▄▄█  █▄▀  ▀▀▄▄██▄▄▄▀      ▄ █
██▄▄  ▄▄██▀▀▄ █▀ ▄▀ ▀▀▄▄▀▀  ██ █▄▀█
█ ▀█▄ ▄▄ ▄▀▀▄ █▀█ ▀  ▀ ▀  ▄▀▄█▀▄▀▀█
██▀▄▀▀▄▄█ ▄▀▄▄▀ ▀▄█ ▀█▄█ ▄▄▀▀▄▀▄ ▄█
█▄█▄█▄█▄▄ ▀ ▀ ▄█▄▀█▀▀ ▀▄  ▄▄▄ ▄██▄█
█ ▄▄▄▄▄ ██▄▄ ██▄█▀█▀ ▄▀▀  █▄█ ▀▀███
█ █   █ █▀▀▀██  ▀ ▀▀▄     ▄▄▄▄█  ▄█
█ █▄▄▄█ █ ▀▀▀ █▀▄ ▀▄▀ ██▄▀▄ ▄▀█▄▄▀█
█▄▄▄▄▄▄▄█▄█▄█▄███▄▄▄▄▄▄▄██▄███▄▄███

二维码解码URL: https://txz.qq.com/p?k=GcALkxNhtsmj3k1b5aSJ6vdqAOX8e7Gc&f=1600001604
如果控制台二维码无法扫码，可以复制解码url到二维码生成网站生成二维码再扫码，也可以打开下方的二维码路径图片进行扫码。
12-16 16:53:07 [warn] 二维码已保存到 C:\Users\Administrator\Desktop\bot\napcat.29927.onekey\versions\9.9.16-29927\resources\app\napcat\cache\qrcode.png
12-16 16:55:09 [error] [Core] [Login] Login Error,ErrCode:  3  ErrMsg: 
12-16 16:55:09 [warn] 请扫描下面的二维码，然后在手Q上授权登录：
12-16 16:55:09 [warn] 

▄▄▄▄▄▄▄▄▄▄▄▄▄▄▄▄▄▄▄▄▄▄▄▄▄▄▄▄▄▄▄▄▄▄▄
█ ▄▄▄▄▄ ██▄▄ ▀ ▀█ ▀▄█▀ ██ █ ▄▄▄▄▄ █
█ █   █ █▀▄  █▀▀▄██▄█▀  ▄▀█ █   █ █
█ █▄▄▄█ █▄▀ █▄█▄█▀▄ █ █▄▄▀█ █▄▄▄█ █
█▄▄▄▄▄▄▄█▄▀▄█ █▄█ █▄▀ █▄█ █▄▄▄▄▄▄▄█
█▄ ███ ▄ █▄ █▄▄█▀ ▄▀▄██▄▄███▀ ▄▀▀██
█▀ ▀ ▄▀▄  ▄▀ ▄██ ▀▄██▄█▀▀█▀▀  ▄▀▄██
████ ▀▄▄█▀▄ █▀█   ▀▄█▀▄█▄▄█ ▄███  █
███▄  ▀▄██▄▀█▀█▀ ██ █▀▄██▀ ▄█▀█▀▄▀█
██ ▄▀▀ ▄▄▄  █▄▄▀ █▄▄▀ ▄ ▄▄▄▀▀▄▀█ ▀█
█ ▄█▀ ▀▄ ▀▄▄▀▄▄▄ ▀█▄ █▄█▄█▀██▄█▀█▄█
█▀ ▀▄█▄▄█▀▄▄▄▀▄█▄▄ ▀█▄▀  ▀██▀ ▀█ ██
█ ██▄▀█▄▀ █▄█▀█▀  ██▀▀▄ ▀▀     ▀▄██
█▄▄██▄▄▄▄▀▄ ▄▄█  █▀█   ██ ▄▄▄ ▀▀▄▀█
█ ▄▄▄▄▄ █    ▄▄ ▄▄█ █▀▄▄  █▄█ ▀ ▄▀█
█ █   █ ██  ▄ ▄▀ ▄▀▀▄ ▄▄▀▄ ▄▄ ▄█▄██
█ █▄▄▄█ █▀█▄▄▄▄▄ ▀▄ ▄ █▀▀███▄   █▄█
█▄▄▄▄▄▄▄█▄█▄██▄█▄▄▄▄█▄█▄█▄██▄▄▄█▄██

二维码解码URL: https://txz.qq.com/p?k=IGXf38sATmMGtXfSpYOAnIg83mxH757W&f=1600001604
如果控制台二维码无法扫码，可以复制解码url到二维码生成网站生成二维码再扫码，也可以打开下方的二维码路径图片进行扫码。
12-16 16:55:09 [warn] 二维码已保存到 C:\Users\Administrator\Desktop\bot\napcat.29927.onekey\versions\9.9.16-29927\resources\app\napcat\cache\qrcode.png
12-16 16:57:09 [error] [Core] [Login] Login Error,ErrCode:  3  ErrMsg: 
12-16 16:57:10 [warn] 请扫描下面的二维码，然后在手Q上授权登录：
12-16 16:57:10 [warn] 

▄▄▄▄▄▄▄▄▄▄▄▄▄▄▄▄▄▄▄▄▄▄▄▄▄▄▄▄▄▄▄▄▄▄▄
█ ▄▄▄▄▄ █▀ █▀▀▀ ▀▀▀ █ █▄███ ▄▄▄▄▄ █
█ █   █ █▀ ▄ █▀█ ▀▀▄█▄ ▀█▄█ █   █ █
█ █▄▄▄█ █▀█ █▄█▄▀▀ ▄█▄▄██▀█ █▄▄▄█ █
█▄▄▄▄▄▄▄█▄█▄█ █▄▀ █ ▀ ▀▄▀ █▄▄▄▄▄▄▄█
█▄▄▄▄▄▀▄   ▄█▄▄▀█▄▄█ ▀▀ ▄▄▄▀▄█▄▀ ▀█
█  ▄▄█▄▄▀  ▀ ▄██▄▀█ █▄ ▀▀█▀▀▄ ▄▀▄██
█▄ █ ▀█▄█▀▄▀▄▀▄▀▄▀▄▄▀ █ ▀█▄▀ ▄▄█▀▀█
█▀▀█▀ ▄▄▀▄▀██▀██▄▀██▀  ██▀  ▀██▀▄██
█▄▀▀  ▀▄▄▀█ █▄▄▀▄█▄▀▀▀▄ ▀▀▄▀█▄▀█ ▀█
█  ▀▄  ▄███▄ ▄██ ▀█▀▀▀ ▀██ ▄▀█▄▀▄██
█  ▄█▄█▄   ▄▄▀▄▀▄ █▀▀▄▀  ▀█▀█▄▀█ ▀█
█ ██  ▄▄▀▀█▄█▀█▀▄▄▄ █▀▀▄▀▀  ▄  ▀▄██
█▄███▄█▄█ ▀██▄▄▀  ▀██ █ ▄ ▄▄▄  ▀█ █
█ ▄▄▄▄▄ █▄ █ ▄▄▄ █▄ █▄ ▀  █▄█ ▀ ▄██
█ █   █ █ ▀▀▄ ▄▀█  █ ▀ ▄▀▄ ▄  ▄█▄██
█ █▄▄▄█ █ ▄██▄██ ▄▄ ▀█▀█ █▄▄ ▀▀ ▄██
█▄▄▄▄▄▄▄█▄█▄██▄█▄▄██▄█▄▄█▄██▄▄▄█▄██

二维码解码URL: https://txz.qq.com/p?k=1wJQZBqxYvyBJiT6gqnEBnp5dBZzQxSt&f=1600001604
如果控制台二维码无法扫码，可以复制解码url到二维码生成网站生成二维码再扫码，也可以打开下方的二维码路径图片进行扫码。
12-16 16:57:10 [warn] 二维码已保存到 C:\Users\Administrator\Desktop\bot\napcat.29927.onekey\versions\9.9.16-29927\resources\app\napcat\cache\qrcode.png
12-16 16:59:12 [error] [Core] [Login] Login Error,ErrCode:  3  ErrMsg: 
12-16 16:59:12 [warn] 请扫描下面的二维码，然后在手Q上授权登录：
12-16 16:59:12 [warn] 

▄▄▄▄▄▄▄▄▄▄▄▄▄▄▄▄▄▄▄▄▄▄▄▄▄▄▄▄▄▄▄▄▄▄▄
█ ▄▄▄▄▄ █▄▄▄ ▀▄██ █▄▀█▀▄▄██ ▄▄▄▄▄ █
█ █   █ ██▄▀ █ ▀▄▄█▄▀  █▄██ █   █ █
█ █▄▄▄█ ██▀▄ ▄████ █▄▀ █▀██ █▄▄▄█ █
█▄▄▄▄▄▄▄█ ▀▄█ ▀ █ █ █ █ ▀ █▄▄▄▄▄▄▄█
█ ▄█ ▄▀▄▀█▄▀█▄██▀▀ ▀ ▄▀▀▀██▄▀▀█▀▀▄█
█▀▄▄▄▄█▄  ▄██▄█▄ █▀▄██▄▀ █▀  ▄▀▀▄▄█
██▀▀█▀▀▄ ▀▄ █▀▀▄  ▀▄ █▄▀ █▀▄▄███▄▄█
█▄ ▀▀▄ ▄ ▀▄▀█▀▄▀ ▄█▄▄▀▄██▀▀▄█ █▀█▀█
█▀▀███▀▄█▀██ ▄▄  ▀▄▀█▀▄▄▀█▄ ▀ ▄█  █
█▀ ▀█  ▄▄ ▀█▀▄   ▀▄█▄▄▄▄▄██▀█▄█▀▀ █
█▀ █ ▄█▄▄▀ ▄▄▀██ ▄▄▀ █▄▀ ▀▄█▀▀▀█▀██
█ ██ ▄█▄██▄▄ ▀█  ▀▀▄█ █▄▄▀ ▀ ▄█▀▄▄█
█▄▄▄█▄█▄▄ █▀▄▄▀▄▀ ▀▀ ▄▄▀█ ▄▄▄ ▀▀ ██
█ ▄▄▄▄▄ ██▀▀ ▄█   █▀▄ ▄▄  █▄█ ▀ █▀█
█ █   █ █  ▄▀ ▄ █▄█▄ ██▄▄▄ ▄▄▄▀█▄▄█
█ █▄▄▄█ █▀ ▄▄▄   ▄▄▄▄ ██▀█▀▀▄   ▀ █
█▄▄▄▄▄▄▄█▄▄▄████▄█▄▄▄▄▄██▄▄█▄█▄████

二维码解码URL: https://txz.qq.com/p?k=YuswKghUPGQvR9DfPQsolTk9Mcl92Zjg&f=1600001604
如果控制台二维码无法扫码，可以复制解码url到二维码生成网站生成二维码再扫码，也可以打开下方的二维码路径图片进行扫码。
12-16 16:59:12 [warn] 二维码已保存到 C:\Users\Administrator\Desktop\bot\napcat.29927.onekey\versions\9.9.16-29927\resources\app\napcat\cache\qrcode.png
12-16 17:01:12 [error] [Core] [Login] Login Error,ErrCode:  3  ErrMsg: 
12-16 17:01:12 [warn] 请扫描下面的二维码，然后在手Q上授权登录：
12-16 17:01:12 [warn] 

▄▄▄▄▄▄▄▄▄▄▄▄▄▄▄▄▄▄▄▄▄▄▄▄▄▄▄▄▄▄▄▄▄▄▄
█ ▄▄▄▄▄ █▄▄███▀▄█▀▀██▄ █▀▀█ ▄▄▄▄▄ █
█ █   █ █ ▀█ ▄ █▀ █▄█▀▀▀███ █   █ █
█ █▄▄▄█ █▄ ▄▄▀▀█▄███ ▀█ ███ █▄▄▄█ █
█▄▄▄▄▄▄▄█▄▀▄▀▄█ █ ▀▄█ █▄▀ █▄▄▄▄▄▄▄█
█▄▄  █▀▄█▄▀████▀▄█▄ ▀▀  █▄▄▀█▄▄ ▀ █
█ ▄█  █▄▄███▀▀▀▄▀███▀██▄▄▀█ ▀▄█▄ ▄█
█▄▀█  ▄▄▄▀▄▀ █▄█ ▀▄█▄▄▀▄█▀▄█▄▄ ▀▀██
█  ▀ █▀▄█  ██ ▄██ ▄  ▄ ▀█ ▀  ▄█ ███
██▄█▀▀ ▄▄█  ▄▀  ▀▀▄▄▀▀▀▄        ▄ █
███▀▄▄▄▄▀▀██▄ █▀▄▀▀ █ ██▀▀  ██ █▄▀█
█   ▀▄ ▄▄█▄█▄ █▀██ ▄▀▀▀▀  ▄▀▄█▀▄▀▀█
██▀ ▀▄█▄▄█▀█▄▄▀ █▀▄██ ██ ▄▄▀▀▄▀▄ ▄█
█▄█▄██▄▄█▀▄▄▀ ▄█ ▄  ▀▄█▄  ▄▄▄ ▄██▄█
█ ▄▄▄▄▄ ███▀ ██▄█▀▄█▄█▀█  █▄█ ▀▀███
█ █   █ █▀▀▀██  ▀██▄█▀▄   ▄▄▄▄█  ▄█
█ █▄▄▄█ █  █▀ █▀ ▄▀█▀▄█▄▄▀▄ ▄▀█▄▄▀█
█▄▄▄▄▄▄▄█▄▄▄█▄██▄▄█▄██▄███▄███▄▄███

二维码解码URL: https://txz.qq.com/p?k=qtT1CP5oZQdfopviSYisQHbnAx3dKg04&f=1600001604
如果控制台二维码无法扫码，可以复制解码url到二维码生成网站生成二维码再扫码，也可以打开下方的二维码路径图片进行扫码。
12-16 17:01:12 [warn] 二维码已保存到 C:\Users\Administrator\Desktop\bot\napcat.29927.onekey\versions\9.9.16-29927\resources\app\napcat\cache\qrcode.png
12-16 17:03:15 [error] [Core] [Login] Login Error,ErrCode:  3  ErrMsg: 
12-16 17:03:15 [warn] 请扫描下面的二维码，然后在手Q上授权登录：
12-16 17:03:15 [warn] 

▄▄▄▄▄▄▄▄▄▄▄▄▄▄▄▄▄▄▄▄▄▄▄▄▄▄▄▄▄▄▄▄▄▄▄
█ ▄▄▄▄▄ █▄▄▄ ▀▄██ ▄█▀  ▀▄██ ▄▄▄▄▄ █
█ █   █ ██▄▀ █ ▀▄▄██ ▀ █▄▀█ █   █ █
█ █▄▄▄█ ██▀▄ ▄████ ▀▄█▀█ ██ █▄▄▄█ █
█▄▄▄▄▄▄▄█ ▀▄█ ▀ █ █ █▄█▄█ █▄▄▄▄▄▄▄█
█  ▀ ▄▀▄▀▀▄▀█▄██▀▀▄▀ █▀▄█▄█▄▀▀█▀▀▄█
█ ▄█▄█▀▄▀█▄██▄█▄ █ ███▄▀▄ ▀  ▄▀▀▄▄█
██▀▀▀█ ▄▀▄▄ █▀▀▄  ▄████▀▀█▀▄▄███▄▄█
██▀ ▀▄▀▄██▀ █▀▄▀ ▄█▀ █▄ █▀▀▄█ █▀█▀█
█▀ ███ ▄█▄▄  ▄▄  ▀ █▄ ▄▄█▀▄ ▀ ▄█  █
███▄▄█▀▄▄██ ▀▄   ▄█▀▄ ▄█▄██▀█▄█▀▀ █
█▀ ▀▄▄▀▄█▄ ▀▄▀████ ▀ █▄▀ ▀▄█▀▀▀█▀██
█ ██▀▀▀▄ █▀█ ▀█ ▄▄ ▀███▄▄▀ ▀ ▄█▀▄▄█
█▄▄██▄█▄▄▀ ▀▄▄▀▄ █▄▀█▄▄▀█ ▄▄▄ ▀▀ ██
█ ▄▄▄▄▄ ██▀▀ ▄█ ▄ ██▄▄▄   █▄█ ▀ █▀█
█ █   █ █ ▄ ▀ ▄ █▄██ ▄▀ ▄▄ ▄▄▄▀█▄▄█
█ █▄▄▄█ █▀▀ ▄▄   ▄▄▄▄ █▀▀█▀▀▄   ▀ █
█▄▄▄▄▄▄▄█▄▄▄████▄▄███▄▄██▄▄█▄█▄████

二维码解码URL: https://txz.qq.com/p?k=9zAGWn8pTGPoZ-ibNyfh5PeTVlEyBX5Z&f=1600001604
如果控制台二维码无法扫码，可以复制解码url到二维码生成网站生成二维码再扫码，也可以打开下方的二维码路径图片进行扫码。
12-16 17:03:15 [warn] 二维码已保存到 C:\Users\Administrator\Desktop\bot\napcat.29927.onekey\versions\9.9.16-29927\resources\app\napcat\cache\qrcode.png
12-16 17:05:16 [error] [Core] [Login] Login Error,ErrCode:  3  ErrMsg: 
12-16 17:05:16 [warn] 请扫描下面的二维码，然后在手Q上授权登录：
12-16 17:05:16 [warn] 

▄▄▄▄▄▄▄▄▄▄▄▄▄▄▄▄▄▄▄▄▄▄▄▄▄▄▄▄▄▄▄▄▄▄▄
█ ▄▄▄▄▄ █▄▄███▀▄█▀▀▄█▄▀█▀██ ▄▄▄▄▄ █
█ █   █ █ ▀█ ▄ █▀ ▀▄█▄█   █ █   █ █
█ █▄▄▄█ █▄ ▄▄▀▀█▄█▄█ █▄ █▄█ █▄▄▄█ █
█▄▄▄▄▄▄▄█▄▀▄▀▄█ █ ▀ ▀ █ █▄█▄▄▄▄▄▄▄█
█▄   █▀▄▀▄▀████▀▄█  ▀▀▄█▀█▄▀█▄▄ ▀ █
█  █  ▀▄████▀▀▀▄▀█▄▄██▄▀▄ █ ▀▄█▄ ▄█
█ ▀▀ ▄█▄▄▀ ▀ █▄█ ▀█▀▀▄█▀█ ▄█▄▄ ▀▀██
█▀█    ▄▄▀▄▀█ ▄██ ██ █▀██▄▀  ▄█ ███
██ ▀▄█▀▄▄▄ █▄▀  ▀▀ ▄█▀ ▄█▀      ▄ █
█▀█▄▄█▄▄█  █▄ █▀▄█▀ █ ▄█▀▀  ██ █▄▀█
█▀▀▀▄▀▀▄ ▀█▀▄ █▀▄▀▄▄ ▀▀▀  ▄▀▄█▀▄▀▀█
██▀ ▄ ▀▄▄▀█▄▄▄▀ █ ██▀ █▀ ▄▄▀▀▄▀▄ ▄█
█▄██▄▄█▄█▀  ▀ ▄██▀███▄▄   ▄▄▄ ▄██▄█
█ ▄▄▄▄▄ ██▀▀ ██▄▀▀██▄  █  █▄█ ▀▀███
█ █   █ █▀█▀██  ███▄  ▄▄  ▄▄▄▄█  ▄█
█ █▄▄▄█ █ ▄ ▀ █▀ █ ██ █ ▄▀▄ ▄▀█▄▄▀█
█▄▄▄▄▄▄▄█▄███▄██▄▄▄█▄▄▄▄██▄███▄▄███

二维码解码URL: https://txz.qq.com/p?k=MebnJyj4xPVw1MTarsjgAalYIrIf*EIx&f=1600001604
如果控制台二维码无法扫码，可以复制解码url到二维码生成网站生成二维码再扫码，也可以打开下方的二维码路径图片进行扫码。
12-16 17:05:16 [warn] 二维码已保存到 C:\Users\Administrator\Desktop\bot\napcat.29927.onekey\versions\9.9.16-29927\resources\app\napcat\cache\qrcode.png
12-16 17:07:18 [error] [Core] [Login] Login Error,ErrCode:  3  ErrMsg: 
12-16 17:07:18 [warn] 请扫描下面的二维码，然后在手Q上授权登录：
12-16 17:07:18 [warn] 

▄▄▄▄▄▄▄▄▄▄▄▄▄▄▄▄▄▄▄▄▄▄▄▄▄▄▄▄▄▄▄▄▄▄▄
█ ▄▄▄▄▄ █▄▄▄ ▀▄██ █▀▀▄  █▀█ ▄▄▄▄▄ █
█ █   █ ██▄▀ █ ▀▄▄█▄▄ ▄█▀ █ █   █ █
█ █▄▄▄█ ██▀▄ ▄████  ▄▀██ ▀█ █▄▄▄█ █
█▄▄▄▄▄▄▄█ ▀▄█ ▀ █ █▄▀ █▄█ █▄▄▄▄▄▄▄█
█  █▄▄▀▄█▀▄▀█▄██▀▀▄▀▄▄ ▀▄▄█▄▀▀█▀▀▄█
█ █▀▀██▄▄▄▄██▄█▄ █ ▄█▀▄ ▄█▀  ▄▀▀▄▄█
█▀ ▄█▄█▄▀▀▄ █▀▀▄  █▄▄█▄▀ ▀▀▄▄███▄▄█
█▄▄▄  ▄▄███ █▀▄▀ ▄▄▄▄ ▄ █▀▀▄█ █▀█▀█
█▄██▀▀▀▄ █ ▀ ▄▄  ▀██▄ ▀▀▄▀▄ ▀ ▄█  █
█ ▀▀█▀█▄▄██▀▀▄  ▄█▄▄▄██▄▄██▀█▄█▀▀ █
█▀▀▀▀ ▀▄▄▄█▄▄▀██▀▄█▀  ▄▀ ▀▄█▀▀▀█▀██
█ ██▄█▄▄▀▀   ▀█ ▄ ▀ ▀ █▀▄▀ ▀ ▄█▀▄▄█
█▄▄▄█▄█▄▄ ▀▀▄▄▀▄█ ▄▀ █▀██ ▄▄▄ ▀▀ ██
█ ▄▄▄▄▄ ██▀▄ ▄█ ▄██▀ ▀██  █▄█ ▀ █▀█
█ █   █ █ ▄▄▀ ▄ ▄▄ ▀▀█▄ ▄▄ ▄▄▄▀█▄▄█
█ █▄▄▄█ █▀  ▄▄  ▄█▄█▄ ▄ ▀█▀▀▄   ▀ █
█▄▄▄▄▄▄▄█▄█▄██████▄▄███▄█▄▄█▄█▄████

二维码解码URL: https://txz.qq.com/p?k=17HHgLLP*BoA*2V7IuQe8Aa3yBDE9UIi&f=1600001604
如果控制台二维码无法扫码，可以复制解码url到二维码生成网站生成二维码再扫码，也可以打开下方的二维码路径图片进行扫码。
12-16 17:07:18 [warn] 二维码已保存到 C:\Users\Administrator\Desktop\bot\napcat.29927.onekey\versions\9.9.16-29927\resources\app\napcat\cache\qrcode.png
12-16 17:09:19 [error] [Core] [Login] Login Error,ErrCode:  3  ErrMsg: 
12-16 17:09:19 [warn] 请扫描下面的二维码，然后在手Q上授权登录：
12-16 17:09:19 [warn] 

▄▄▄▄▄▄▄▄▄▄▄▄▄▄▄▄▄▄▄▄▄▄▄▄▄▄▄▄▄▄▄▄▄▄▄
█ ▄▄▄▄▄ █▄▄▄ ▀▄██ ▀▀ ▀▀ ███ ▄▄▄▄▄ █
█ █   █ ██▄▀ █ ▀▄▄▀ █▄ ▀█▄█ █   █ █
█ █▄▄▄█ ██▀▄ ▄████▄█▄▄▄▄▀▀█ █▄▄▄█ █
█▄▄▄▄▄▄▄█ ▀▄█ ▀ █ █▄█ █ ▀ █▄▄▄▄▄▄▄█
█▄▄▀  ▀▄▀▀▄▀█▄██▀▀▄█▄█ ▀▀██▄▀▀█▀▀▄█
█ ▄▀▄█ ▄▄█▄██▄█▄ █▀ ██▄  █▀  ▄▀▀▄▄█
█▄▀▄██ ▄█▄▄ █▀▀▄   ██▄▀▀▀▄▀▄▄███▄▄█
██▀▄▄ █▄▄█ ▄█▀▄▀ ▄▄  ██ ▀ ▀▄█ █▀█▀█
███████▄█▀▄▀ ▄▄  ▀█▀▄ █▄▀▄▄ ▀ ▄█  █
█ ▄█▄▀ ▄▄▄▀▄▀▄  ▄██▄ █▄▀▄██▀█▄█▀▀ █
█ █▀█▀█▄▀ ▀█▄▀████ ▀   █ ▀▄█▀▀▀█▀██
█ █▀▄▀▀▄█▄█▀ ▀█ ▄ ▀ ▀▄█▀▄▀ ▀ ▄█▀▄▄█
█▄▄██▄▄▄▄▀ ▀▄▄▀▄█▀█▀ ▄███ ▄▄▄ ▀▀ ██
█ ▄▄▄▄▄ ███▀ ▄█  ▄█▀▄▄▄▄  █▄█ ▀ █▀█
█ █   █ █ ▄█▀ ▄  ▄▀▀█▀█ ▄▄ ▄▄▄▀█▄▄█
█ █▄▄▄█ █▀▀█▄▄   ▄█▀▄▀█▀▀█▀▀▄   ▀ █
█▄▄▄▄▄▄▄█▄▄▄████▄███▄▄███▄▄█▄█▄████

二维码解码URL: https://txz.qq.com/p?k=Jmrqo5LzuZagsUB5NiB6Z7rZkjdfRvYY&f=1600001604
如果控制台二维码无法扫码，可以复制解码url到二维码生成网站生成二维码再扫码，也可以打开下方的二维码路径图片进行扫码。
12-16 17:09:19 [warn] 二维码已保存到 C:\Users\Administrator\Desktop\bot\napcat.29927.onekey\versions\9.9.16-29927\resources\app\napcat\cache\qrcode.png
12-16 17:11:21 [error] [Core] [Login] Login Error,ErrCode:  3  ErrMsg: 
12-16 17:11:21 [warn] 请扫描下面的二维码，然后在手Q上授权登录：
12-16 17:11:21 [warn] 

▄▄▄▄▄▄▄▄▄▄▄▄▄▄▄▄▄▄▄▄▄▄▄▄▄▄▄▄▄▄▄▄▄▄▄
█ ▄▄▄▄▄ █▄▄▄ ▀▄██  ▄▀█▀▄▄██ ▄▄▄▄▄ █
█ █   █ ██▄▀ █ ▀▄▄▀█▀▀▄▄█▀█ █   █ █
█ █▄▄▄█ ██▀▄ ▄████▄▀██▀█ ▀█ █▄▄▄█ █
█▄▄▄▄▄▄▄█ ▀▄█ ▀ █ █▄▀ █ █▄█▄▄▄▄▄▄▄█
█  █▄▄▀▄▀█▄▀█▄██▀▀▄█  ▀▀█▄█▄▀▀█▀▀▄█
█ █▄▀██▄ ▀▄██▄█▄ █ ▄▀ ██ ▄▀  ▄▀▀▄▄█
█▀▄█   ▄▄█▄ █▀▀▄  ▄█ ▄ ▀█▄▀▄▄███▄▄█
█▀ ▄█  ▄▀▀▀▀█▀▄▀ ▄█▀ ▄▄▄▀▀▀▄█ █▀█▀█
█▄ ▄ ▀▄▄▄  ▄ ▄▄  ▀▄▀▀██▄▄▀▄ ▀ ▄█  █
█▀▄▀ ▀▀▄▀█▄▀▀▄   ▄█▄ ▀▄█▄██▀█▄█▀▀ █
█▀▀ █▀▀▄▀▀▄█▄▀██▄█▄▄▀█▄▀ ▀▄█▀▀▀█▀██
█ ██▄▀ ▄   █ ▀█ ▄ ▀▄█▄▄▄▄▀ ▀ ▄█▀▄▄█
█▄▄▄▄▄▄▄█▀ ▄▄▄▀▄▀█▄█▀█▀██ ▄▄▄ ▀▀ ██
█ ▄▄▄▄▄ ██ █ ▄█ ▄▀▄█▄▄▄▀  █▄█ ▀ █▀█
█ █   █ █ ▀ ▀ ▄ ▄▄█▀▀█▀▀▄▄ ▄▄▄▀█▄▄█
█ █▄▄▄█ █▀ ▀▄▄  ▄█▄▀ ▀▄▀▀█▀▀▄   ▀ █
█▄▄▄▄▄▄▄█▄▄███████▄██████▄▄█▄█▄████

二维码解码URL: https://txz.qq.com/p?k=3LDEJOkYtEl-i5Xi7F0KgsqTK3WlyQ9R&f=1600001604
如果控制台二维码无法扫码，可以复制解码url到二维码生成网站生成二维码再扫码，也可以打开下方的二维码路径图片进行扫码。
12-16 17:11:21 [warn] 二维码已保存到 C:\Users\Administrator\Desktop\bot\napcat.29927.onekey\versions\9.9.16-29927\resources\app\napcat\cache\qrcode.png
12-16 17:13:22 [error] [Core] [Login] Login Error,ErrCode:  3  ErrMsg: 
12-16 17:13:22 [warn] 请扫描下面的二维码，然后在手Q上授权登录：
12-16 17:13:22 [warn] 

▄▄▄▄▄▄▄▄▄▄▄▄▄▄▄▄▄▄▄▄▄▄▄▄▄▄▄▄▄▄▄▄▄▄▄
█ ▄▄▄▄▄ █▄▄▄ ▀▄██ █▀ ▀  ▄▀█ ▄▄▄▄▄ █
█ █   █ ██▄▀ █ ▀▄▄▀▀█▄▄▄ ▄█ █   █ █
█ █▄▄▄█ ██▀▄ ▄████▀▀█▀▀█ ██ █▄▄▄█ █
█▄▄▄▄▄▄▄█ ▀▄█ ▀ █ █▄▀ █▄█ █▄▄▄▄▄▄▄█
█  █  █▄██▄▀█▄██▀▀▀▀▀▄▀▄███▄▀▀█▀▀▄█
█▀█ ▄  ▄█ ▄██▄█▄ █▀▀▀▄▄▀▄▄▀  ▄▀▀▄▄█
█▄▀ █▀ ▄▀█▄ █▀▀▄  ▄▀ ██ ▄█▀▄▄███▄▄█
█▀ ▀█▄ ▄▀█▄▄█▀▄▀ ▄▄▀ █▄ █▄▀▄█ █▀█▀█
█ █ ▀▀▀▄█ ▄  ▄▄  ▀▀█  ▄ ▀▄▄ ▀ ▄█  █
█▀ ▀▀█▄▄▀▄▄ ▀▄  ▄▀▄█  █▀▄██▀█▄█▀▀ █
█ ▀ ██▄▄▀▀▀▀▄▀██ ▀▄▀▄▄▄█ ▀▄█▀▀▀█▀██
█ ██▀█▄▄██▀▄ ▀█ ▄  ▄▀ █▀▄▀ ▀ ▄█▀▄▄█
█▄▄▄▄▄█▄█ █▀▄▄▀▄ ▀▀▀▀▄ ▀█ ▄▄▄ ▀▀ ██
█ ▄▄▄▄▄ ██ ▀ ▄█   ▄ ▄▀█   █▄█ ▀ █▀█
█ █   █ █ ▀█▀ ▄   ▄██▀█▄▄▄ ▄▄▄▀█▄▄█
█ █▄▄▄█ █▀ ▄▄▄  ▄▀█ ▄▀▄ ▀█▀▀▄   ▀ █
█▄▄▄▄▄▄▄█▄██████▄███▄▄█▄█▄▄█▄█▄████

二维码解码URL: https://txz.qq.com/p?k=LVQZFN80GRZq3PNPnRyVY9NFuajZU2q5&f=1600001604
如果控制台二维码无法扫码，可以复制解码url到二维码生成网站生成二维码再扫码，也可以打开下方的二维码路径图片进行扫码。
12-16 17:13:22 [warn] 二维码已保存到 C:\Users\Administrator\Desktop\bot\napcat.29927.onekey\versions\9.9.16-29927\resources\app\napcat\cache\qrcode.png
12-16 17:15:24 [error] [Core] [Login] Login Error,ErrCode:  3  ErrMsg: 
12-16 17:15:24 [warn] 请扫描下面的二维码，然后在手Q上授权登录：
12-16 17:15:24 [warn] 

▄▄▄▄▄▄▄▄▄▄▄▄▄▄▄▄▄▄▄▄▄▄▄▄▄▄▄▄▄▄▄▄▄▄▄
█ ▄▄▄▄▄ █▄▄▄ ▀▄██ █▄ █▄▀█▀█ ▄▄▄▄▄ █
█ █   █ ██▄▀ █ ▀▄▄▀▄ █▄█▄▀█ █   █ █
█ █▄▄▄█ ██▀▄ ▄████▀▄██  ▀▀█ █▄▄▄█ █
█▄▄▄▄▄▄▄█ ▀▄█ ▀ █ █▄▀ █ ▀ █▄▄▄▄▄▄▄█
█  ▀▄ █▄▀▀▄▀█▄██▀▀  ▀█▄▀█▄█▄▀▀█▀▀▄█
█▀▄ ▀██▄▀ ▄██▄█▄ █ █▀▀█▀ █▀  ▄▀▀▄▄█
██▀  ▀█▄██▄ █▀▀▄  ██ ▄█ ▀▄▀▄▄███▄▄█
██▀█  ▄▄▀█  █▀▄▀ ▄▄  ▀▄██▀▀▄█ █▀█▀█
█▀██▀▄█▄ ▀▄  ▄▄  ▀▄█▀▀██▀█▄ ▀ ▄█  █
████ ▄ ▄█▄▄▄▀▄  ▄ ▄▄▄ █▀▄██▀█▄█▀▀ █
█ █ ▄ █▄█ ▄▄▄▀██ ▄██ ▄ ▀ ▀▄█▀▀▀█▀██
█ █▄▀ ▀▄ ▀ ▀ ▀█  ▀ ▄█▀█▄▄▀ ▀ ▄█▀▄▄█
█▄▄▄██▄▄▄  █▄▄▀▄▀ ███▄█ █ ▄▄▄ ▀▀ ██
█ ▄▄▄▄▄ ██▀  ▄█   ▄▄▄ ▄   █▄█ ▀ █▀█
█ █   █ █ █ ▀ ▄ ▀▄▄█▄ ▀ ▄▄ ▄▄▄▀█▄▄█
█ █▄▄▄█ █▀ ▄▄▄  ▄▀▄  ▀▄ ▀█▀▀▄   ▀ █
█▄▄▄▄▄▄▄█▄▄██████▄███████▄▄█▄█▄████

二维码解码URL: https://txz.qq.com/p?k=YmBfuSB57O0iiImrrGhYLm-rYQsXMzjd&f=1600001604
如果控制台二维码无法扫码，可以复制解码url到二维码生成网站生成二维码再扫码，也可以打开下方的二维码路径图片进行扫码。
12-16 17:15:24 [warn] 二维码已保存到 C:\Users\Administrator\Desktop\bot\napcat.29927.onekey\versions\9.9.16-29927\resources\app\napcat\cache\qrcode.png
12-16 17:17:25 [error] [Core] [Login] Login Error,ErrCode:  3  ErrMsg: 
12-16 17:17:25 [warn] 请扫描下面的二维码，然后在手Q上授权登录：
12-16 17:17:25 [warn] 

▄▄▄▄▄▄▄▄▄▄▄▄▄▄▄▄▄▄▄▄▄▄▄▄▄▄▄▄▄▄▄▄▄▄▄
█ ▄▄▄▄▄ █▀ █▀▀▀ ▀▀▀▀▄▄▀▄█▀█ ▄▄▄▄▄ █
█ █   █ █▀ ▄ █▀█ ▀█▄▀▄▄▀▄▀█ █   █ █
█ █▄▄▄█ █▀█ █▄█▄▀▀▄▄▄▄█▄▄██ █▄▄▄█ █
█▄▄▄▄▄▄▄█▄█▄█ █▄▀ █▄█▄▀▄█ █▄▄▄▄▄▄▄█
█▄  ▄ ▀▄   ▄█▄▄▀█▄█▀ ▄ ▄ ▄▄▀▄█▄▀ ▀█
█  ▄▄▀█▄▀  ▀ ▄██▄▀▄▀▀▀▀▀▀▄▀▀▄ ▄▀▄██
█  ▄ ▀ ▄▄▄ ▀▄▀▄▀▄▀ ▀ ▀▀▀▀█▄▀ ▄▄█▀▀█
█▄▄ ▄▀█▄ ▄███▀██▄▀▄▄█▀▀▄▀▀  ▀██▀▄██
████▄█ ▄ ▄ ▄█▄▄▀▄█  ▄▀  ▄▄▄▀█▄▀█ ▀█
█  █▀ ▄▄▀▄▀█ ▄██▄███▀█▀███ ▄▀█▄▀▄██
█ ▄▄ █▀▄▄ ██▄▀▄▀  ███ ██ ▀█▀█▄▀█ ▀█
█ ██▄▄▀▄█ ▀▀█▀█▀▄▀▄ ▀ ▀█▀▀  ▄  ▀▄██
█▄█▄▄█▄▄█▀  █▄▄▀▄ ▄▀█▀▄▄▄ ▄▄▄  ▀█ █
█ ▄▄▄▄▄ █▄▄▀ ▄▄▄▄▄▄▄█▀    █▄█ ▀ ▄██
█ █   █ █ █▄▄ ▄▀▄▄▄▀█▀█ ▀▄ ▄  ▄█▄██
█ █▄▄▄█ █  ▀█▄██ █▄ █▀ ▀ █▄▄ ▀▀ ▄██
█▄▄▄▄▄▄▄█▄█▄██▄█████▄█▄▄█▄██▄▄▄█▄██

二维码解码URL: https://txz.qq.com/p?k=KvifXzC6R*MyLDGRLn8lrMFk-RcbH3vR&f=1600001604
如果控制台二维码无法扫码，可以复制解码url到二维码生成网站生成二维码再扫码，也可以打开下方的二维码路径图片进行扫码。
12-16 17:17:25 [warn] 二维码已保存到 C:\Users\Administrator\Desktop\bot\napcat.29927.onekey\versions\9.9.16-29927\resources\app\napcat\cache\qrcode.png
12-16 17:19:27 [error] [Core] [Login] Login Error,ErrCode:  3  ErrMsg: 
12-16 17:19:27 [warn] 请扫描下面的二维码，然后在手Q上授权登录：
12-16 17:19:27 [warn] 

▄▄▄▄▄▄▄▄▄▄▄▄▄▄▄▄▄▄▄▄▄▄▄▄▄▄▄▄▄▄▄▄▄▄▄
█ ▄▄▄▄▄ █▄▄███▀▄█▀ ▄█▄  ▀▀█ ▄▄▄▄▄ █
█ █   █ █ ▀█ ▄ █▀ ▀▄████ ▀█ █   █ █
█ █▄▄▄█ █▄ ▄▄▀▀█▄█ ▄ █▀ █ █ █▄▄▄█ █
█▄▄▄▄▄▄▄█▄▀▄▀▄█ █ ▀ ▀▄█▄█ █▄▄▄▄▄▄▄█
█ ▄ ▄▀█▄▀▄▀████▀▄██▄█▀▄▀█▄▄▀█▄▄ ▀ █
█ ▀▄█▄ ▄  ██▀▀▀▄▀█▄▀▀ █▀  █ ▀▄█▄ ▄█
█ ▀▄▄  ▄▄ ▄▀ █▄█ ▀▄▄▀▄█ ▄ ▄█▄▄ ▀▀██
█▀▄ ▀▀ ▄█▄▀▀█ ▄██ █▄  ▀ █ ▀  ▄█ ███
██▀ ▄█▄▄▄██▄▄▀  ▀▀ ▄▀▀▄ ▀▄      ▄ █
█▀▄▀ █▄▄▄ █ ▄ █▀▄▀  ██▄ ▀▀  ██ █▄▀█
█ █▄▀ █▄▀██▄▄ █▀▀▀ ▄ ▄▄█  ▄▀▄█▀▄▀▀█
██▀███▀▄▀ █▄▄▄▀ ▀▄▄▀▀▄██ ▄▄▀▀▄▀▄ ▄█
█▄███▄▄▄▄▀▄ ▀ ▄█▀▀ ▀█▄█▀  ▄▄▄ ▄██▄█
█ ▄▄▄▄▄ ██▄█ ██▄▀▀█  ▄ ▄  █▄█ ▀▀███
█ █   █ █▀▄▄██  ▀ ▀ ██▄█  ▄▄▄▄█  ▄█
█ █▄▄▄█ █ █▄▀ █▀ █ ▄█▀▄█▄▀▄ ▄▀█▄▄▀█
█▄▄▄▄▄▄▄█▄▄██▄██▄▄█▄█▄████▄███▄▄███

二维码解码URL: https://txz.qq.com/p?k=9oWkW2xqei20X3P4WtNcIsQ-KytzJ5oT&f=1600001604
如果控制台二维码无法扫码，可以复制解码url到二维码生成网站生成二维码再扫码，也可以打开下方的二维码路径图片进行扫码。
12-16 17:19:27 [warn] 二维码已保存到 C:\Users\Administrator\Desktop\bot\napcat.29927.onekey\versions\9.9.16-29927\resources\app\napcat\cache\qrcode.png
