12-18 14:20:39 [info] [NapCat] [Core] NapCat.Core Version: 4.2.27
12-18 14:20:40 [info] 核心登录服务连接成功!
12-18 14:20:40 [error] 快速登录失败，未找到该 QQ 历史登录记录，将使用二维码登录方式
12-18 14:20:40 [info] [NapCat] [WebUi] Current WebUi is not run.
12-18 14:20:41 [warn] 请扫描下面的二维码，然后在手Q上授权登录：
12-18 14:20:41 [warn] 

▄▄▄▄▄▄▄▄▄▄▄▄▄▄▄▄▄▄▄▄▄▄▄▄▄▄▄▄▄▄▄▄▄▄▄
█ ▄▄▄▄▄ █▀ █▀▀▀ ▀▀▀▄▄▄█▄█▀█ ▄▄▄▄▄ █
█ █   █ █▀ ▄ █▀█ ▀██▄▄▄█  █ █   █ █
█ █▄▄▄█ █▀█ █▄█▄▀▀  █   ▄▀█ █▄▄▄█ █
█▄▄▄▄▄▄▄█▄█▄█ █▄▀ █▄▀ ▀▄█▄█▄▄▄▄▄▄▄█
█▄▄ ▄▄▀▄   ▄█▄▄▀█▄▄▄█ ▀▀▀▄▄▀▄█▄▀ ▀█
█▄▀▀█▄ ▄ ▀ ▀ ▄██▄▀▄ ▀█  █▀▀▀▄ ▄▀▄██
█  █▀▄█▄▄▀ ▀▄▀▄▀▄▀ ▄█▀ ▄ ▀▄▀ ▄▄█▀▀█
███ ▀▄▄▄▄█ ██▀██▄▀█▄█▄ ▄█   ▀██▀▄██
██ ██▀ ▄█▄▄██▄▄▀▄█ ▄ ▄▀▄ ▀▄▀█▄▀█ ▀█
█▀▄ ▀█▄▄▄ ▄█ ▄██▄▀█▄█▄▀ ██ ▄▀█▄▀▄██
█▀█ █▀▀▄▄ ▄█▄▀▄▀▄▀▄▀▀ ▄  ▀█▀█▄▀█ ▀█
█ ██ ▀ ▄▄▄▀▄█▀█▀▄▄▄▀██ █▀▀  ▄  ▀▄██
█▄█▄██▄▄▄ ▀▀█▄▄▀▀▀▄▄█   ▄ ▄▄▄  ▀█ █
█ ▄▄▄▄▄ █▄▄  ▄▄▄▄█▄▄▀▀▀▄  █▄█ ▀ ▄██
█ █   █ █   ▄ ▄▀▄ ▄▀█▀█▄▀▄ ▄  ▄█▄██
█ █▄▄▄█ █  ██▄██ ▄▄▄▀█   █▄▄ ▀▀ ▄██
█▄▄▄▄▄▄▄█▄▄▄██▄██▄▄▄▄██▄█▄██▄▄▄█▄██

二维码解码URL: https://txz.qq.com/p?k=89djZ45DgXVmjFPq9BWFgK299f3c9rKf&f=1600001604
如果控制台二维码无法扫码，可以复制解码url到二维码生成网站生成二维码再扫码，也可以打开下方的二维码路径图片进行扫码。
12-18 14:20:41 [warn] 二维码已保存到 C:\Users\Administrator\Desktop\bot\napcat.29927.onekey\versions\9.9.16-29927\resources\app\napcat\cache\qrcode.png
12-18 14:22:44 [error] [Core] [Login] Login Error,ErrCode:  3  ErrMsg: 
12-18 14:22:44 [warn] 请扫描下面的二维码，然后在手Q上授权登录：
12-18 14:22:44 [warn] 

▄▄▄▄▄▄▄▄▄▄▄▄▄▄▄▄▄▄▄▄▄▄▄▄▄▄▄▄▄▄▄▄▄▄▄
█ ▄▄▄▄▄ █▄▄▄ ▀▄██ ▀▀ ████ █ ▄▄▄▄▄ █
█ █   █ ██▄▀ █ ▀▄▄█▄█▄ █▄██ █   █ █
█ █▄▄▄█ ██▀▄ ▄████▀▄▄▀█ ▀▀█ █▄▄▄█ █
█▄▄▄▄▄▄▄█ ▀▄█ ▀ █ █▄█ █ █▄█▄▄▄▄▄▄▄█
█  █▄ █▄▀▀▄▀█▄██▀▀█▀▀██▄▄▄█▄▀▀█▀▀▄█
█▀▀▀▄  ▄ ▀▄██▄█▄ █ ▀█▄▄█▄█▀  ▄▀▀▄▄█
█ ▀▄█▄█▄▀   █▀▀▄  █▀███ ▄▄▀▄▄███▄▄█
█▄█ ▄▀▄▄▄▄███▀▄▀ ▄█▀▄▄██▀ ▀▄█ █▀█▀█
████▀█ ▄█▀█▄ ▄▄  ▀ █▀▀▀██▄▄ ▀ ▄█  █
██▄█▀▄▄▄ ▀▄█▀▄   ▀▄ ▄ ▄ ▄██▀█▄█▀▀ █
█▀▀██ ▄▄█▀▄█▄▀██▄▄▄▄▄▄ ▀ ▀▄█▀▀▀█▀██
█ █▄▀ ▀▄▀ ▄  ▀█   ▀▀█▀▄ ▄▀ ▀ ▄█▀▄▄█
█▄▄▄██▄▄▄▀▄▀▄▄▀▄ ▀▄█ ██▀█ ▄▄▄ ▀▀ ██
█ ▄▄▄▄▄ ██ █ ▄█ ▄▄▄█▄▄█▀  █▄█ ▀ █▀█
█ █   █ █  ▄▀ ▄ ▄█ ██▀█▄▄▄ ▄▄▄▀█▄▄█
█ █▄▄▄█ █▀█ ▄▄  ▄█▄▀▄ ▄█▀█▀▀▄   ▀ █
█▄▄▄▄▄▄▄█▄█▄████▄██████▄█▄▄█▄█▄████

二维码解码URL: https://txz.qq.com/p?k=jGLv9y179Lvt*UURuxkwZMDdP6WTQDsG&f=1600001604
如果控制台二维码无法扫码，可以复制解码url到二维码生成网站生成二维码再扫码，也可以打开下方的二维码路径图片进行扫码。
12-18 14:22:44 [warn] 二维码已保存到 C:\Users\Administrator\Desktop\bot\napcat.29927.onekey\versions\9.9.16-29927\resources\app\napcat\cache\qrcode.png
12-18 14:24:44 [error] [Core] [Login] Login Error,ErrCode:  3  ErrMsg: 
12-18 14:24:44 [warn] 请扫描下面的二维码，然后在手Q上授权登录：
12-18 14:24:44 [warn] 

▄▄▄▄▄▄▄▄▄▄▄▄▄▄▄▄▄▄▄▄▄▄▄▄▄▄▄▄▄▄▄▄▄▄▄
█ ▄▄▄▄▄ █▄▄▄ ▀▄██ █▄▀█▄██▀█ ▄▄▄▄▄ █
█ █   █ ██▄▀ █ ▀▄▄▀▄▄▀ ▄▄▄█ █   █ █
█ █▄▄▄█ ██▀▄ ▄████▄██▀ ▄▀██ █▄▄▄█ █
█▄▄▄▄▄▄▄█ ▀▄█ ▀ █ █ █▄█ █ █▄▄▄▄▄▄▄█
█ ▄█▄ ▀▄██▄▀█▄██▀▀█▀  █▄ ██▄▀▀█▀▀▄█
█▄▄▀▀▀ ▄▀█▄██▄█▄ █▀ ▀▄▄▀  ▀  ▄▀▀▄▄█
█▄█▀ █ ▄▄   █▀▀▄  █▄▄▀▄██▄▀▄▄███▄▄█
█ ▄ ███▄▀ ███▀▄▀ ▄█▀▄ █▄▀ ▀▄█ █▀█▀█
█ ▄  ▄▄▄▄▀▄▀ ▄▄  ▀█▀ █▀▄ ▄▄ ▀ ▄█  █
█▀▀█▀▄▄▄▀▄ ▀▀▄  ▄██▄  ▄▄▄██▀█▄█▀▀ █
█▀▀▄ ▄█▄█▄█▀▄▀██ ▄▄█   █ ▀▄█▀▀▀█▀██
█ █▀▄██▄▀█ ▀ ▀█  ▀ █▀ ▄▀▄▀ ▀ ▄█▀▄▄█
█▄▄▄▄▄█▄█ ▄█▄▄▀▄▄ ██▄█▀██ ▄▄▄ ▀▀ ██
█ ▄▄▄▄▄ ██▀  ▄█ ▄▀▄  ▀▄█  █▄█ ▀ █▀█
█ █   █ █ ██▀ ▄ ▀▄▀▄▄ █ ▄▄ ▄▄▄▀█▄▄█
█ █▄▄▄█ █▀▀▄▄▄    ██ ▀██▀█▀▀▄   ▀ █
█▄▄▄▄▄▄▄█▄█▄█████▄▄█▄▄█▄█▄▄█▄█▄████

二维码解码URL: https://txz.qq.com/p?k=BHyrpw0CxXmf1Jv0927AlvB4kur7nyBa&f=1600001604
如果控制台二维码无法扫码，可以复制解码url到二维码生成网站生成二维码再扫码，也可以打开下方的二维码路径图片进行扫码。
12-18 14:24:44 [warn] 二维码已保存到 C:\Users\Administrator\Desktop\bot\napcat.29927.onekey\versions\9.9.16-29927\resources\app\napcat\cache\qrcode.png
12-18 14:26:47 [error] [Core] [Login] Login Error,ErrCode:  3  ErrMsg: 
12-18 14:26:47 [warn] 请扫描下面的二维码，然后在手Q上授权登录：
12-18 14:26:47 [warn] 

▄▄▄▄▄▄▄▄▄▄▄▄▄▄▄▄▄▄▄▄▄▄▄▄▄▄▄▄▄▄▄▄▄▄▄
█ ▄▄▄▄▄ █▄▄███▀▄█▀▄ ▄ █▀ ▀█ ▄▄▄▄▄ █
█ █   █ █ ▀█ ▄ █▀ ▀█▀▄▀▀ ▀█ █   █ █
█ █▄▄▄█ █▄ ▄▄▀▀█▄█▀█ ▀▄▀█ █ █▄▄▄█ █
█▄▄▄▄▄▄▄█▄▀▄▀▄█ █ ▀ █▄█ █▄█▄▄▄▄▄▄▄█
█▄ ▄▄▀█▄█▄▀████▀▄█▄▄ ▄▄█▀█▄▀█▄▄ ▀ █
█▄██  ▄▄▄ ██▀▀▀▄▀█▄██▄▄▄▄▀█ ▀▄█▄ ▄█
█▄▄█▀▀█▄ █▄▀ █▄█ ▀▀▀▄▄ ▄  ▄█▄▄ ▀▀██
██▀▀▄▀▀▄  ▀ █ ▄██ ▄▄  ▀▄▀▀▀  ▄█ ███
█▀ ▀▀▀▀▄ ▄▄ ▄▀  ▀▀ ▄▀▀█  ▄      ▄ █
█ ▀█  ▀▄█▄█ ▄ █▀ █ ██ █ ▀▀  ██ █▄▀█
█▀▀ █▀▄▄█▀▄█▄ █▀█ ▄█▀▄▄   ▄▀▄█▀▄▀▀█
██▀█▄ ▀▄▀█▀ ▄▄▀ ▀▄▄▄▀▄█▀ ▄▄▀▀▄▀▄ ▄█
█▄████▄▄█▀▀▀▀ ▄█ ▄▀█▄██▄  ▄▄▄ ▄██▄█
█ ▄▄▄▄▄ ██ ▀ ██▄█▄▄▄ █ ▄  █▄█ ▀▀███
█ █   █ █▀▀▀██  ▀ ▄ ▄ ▄█  ▄▄▄▄█  ▄█
█ █▄▄▄█ █  ▄▀ █▀▄  ██ █▀▄▀▄ ▄▀█▄▄▀█
█▄▄▄▄▄▄▄█▄▄▄█▄██▄▄▄▄█▄▄███▄███▄▄███

二维码解码URL: https://txz.qq.com/p?k=2LckmIoHG8b3yjH9WZ5nnkpWN4GVm27b&f=1600001604
如果控制台二维码无法扫码，可以复制解码url到二维码生成网站生成二维码再扫码，也可以打开下方的二维码路径图片进行扫码。
12-18 14:26:47 [warn] 二维码已保存到 C:\Users\Administrator\Desktop\bot\napcat.29927.onekey\versions\9.9.16-29927\resources\app\napcat\cache\qrcode.png
12-18 14:28:49 [error] [Core] [Login] Login Error,ErrCode:  3  ErrMsg: 
12-18 14:28:49 [warn] 请扫描下面的二维码，然后在手Q上授权登录：
12-18 14:28:49 [warn] 

▄▄▄▄▄▄▄▄▄▄▄▄▄▄▄▄▄▄▄▄▄▄▄▄▄▄▄▄▄▄▄▄▄▄▄
█ ▄▄▄▄▄ █▄▄███▀▄█▀▀▄▄▄▄ ▀██ ▄▄▄▄▄ █
█ █   █ █ ▀█ ▄ █▀ ▀▄█ █▀█▄█ █   █ █
█ █▄▄▄█ █▄ ▄▄▀▀█▄█  ▀███▄▄█ █▄▄▄█ █
█▄▄▄▄▄▄▄█▄▀▄▀▄█ █ ▀ █ █▄█ █▄▄▄▄▄▄▄█
█   ▄▀▀▄█ ▀████▀▄█  ▀  █▀ ▄▀█▄▄ ▀ █
█▀█▄   ▄█▄██▀▀▀▄▀█▄▄▀█▄▄ ▀█ ▀▄█▄ ▄█
█▀▀▀ ▀█▄▄▀ ▀ █▄█ ▀ ▀▀█▀▄▀▀▄█▄▄ ▀▀██
█▀▄ ▄ ▀▄ ██▄█ ▄██ ▄█   ██▀▀  ▄█ ███
█▄▀█▄▀ ▄▄▀ █▄▀  ▀▀█ ▀ █▄ ▄      ▄ █
█▀▄█▀▄ ▄█▀  ▄ █▀▄▄ ▄█▄▄ ▀▀  ██ █▄▀█
█▀▄▀▀█ ▄▄ ▄ ▄ █▀█▀█▄▄▀▄█  ▄▀▄█▀▄▀▀█
██▀▀▄ █▄▀  ▄▄▄▀ █▄█▀▀ █▀ ▄▄▀▀▄▀▄ ▄█
█▄█████▄▄▀▄▀▀ ▄█  ▀▀▄██   ▄▄▄ ▄██▄█
█ ▄▄▄▄▄ ██ ▄ ██▄█ ██ █ ▄  █▄█ ▀▀███
█ █   █ █▀▀▄██   ██   ▄▄  ▄▄▄▄█  ▄█
█ █▄▄▄█ █ ▀▄▀ █▀ ▄ ▄█ ▄ ▄▀▄ ▄▀█▄▄▀█
█▄▄▄▄▄▄▄█▄▄██▄█████▄▄█████▄███▄▄███

二维码解码URL: https://txz.qq.com/p?k=0V6TUdgnUhruAJLEGaxWawlsrSQrSnuq&f=1600001604
如果控制台二维码无法扫码，可以复制解码url到二维码生成网站生成二维码再扫码，也可以打开下方的二维码路径图片进行扫码。
12-18 14:28:49 [warn] 二维码已保存到 C:\Users\Administrator\Desktop\bot\napcat.29927.onekey\versions\9.9.16-29927\resources\app\napcat\cache\qrcode.png
12-18 14:30:50 [error] [Core] [Login] Login Error,ErrCode:  3  ErrMsg: 
12-18 14:30:50 [warn] 请扫描下面的二维码，然后在手Q上授权登录：
12-18 14:30:50 [warn] 

▄▄▄▄▄▄▄▄▄▄▄▄▄▄▄▄▄▄▄▄▄▄▄▄▄▄▄▄▄▄▄▄▄▄▄
█ ▄▄▄▄▄ █▀ █▀▀▀ ▀▀▀▀▄▀ ▄███ ▄▄▄▄▄ █
█ █   █ █▀ ▄ █▀█ ▀▀▄ █  ▀ █ █   █ █
█ █▄▄▄█ █▀█ █▄█▄▀▀▄ █▄█▄▄██ █▄▄▄█ █
█▄▄▄▄▄▄▄█▄█▄█ █▄▀ █▄▀ ▀▄█▄█▄▄▄▄▄▄▄█
█ ▄▄▄▄▀▄▄  ▄█▄▄▀█▄▄▀ ▀▀▄▀▄▄▀▄█▄▀ ▀█
██ ▄▀▄█▄ ▀ ▀ ▄██▄▀▄▄██▀▄█ ▀▀▄ ▄▀▄██
█▄█▀▄▄ ▄▄ ▄▀▄▀▄▀▄▀▄█▄    █▄▀ ▄▄█▀▀█
█▀█▀ ▄ ▄██▄▀█▀██▄▀▄▄▀▀ █▀█  ▀██▀▄██
█▄▀  ▄▀▄█▀▄ █▄▄▀▄█ █▄▀▀▄ ▄▄▀█▄▀█ ▀█
█▄▀█▀██▄▄██  ▄██  ▄ ▀ ▀███ ▄▀█▄▀▄██
█▀ ▀▄█ ▄  ▀▄▄▀▄▀  ▄▄▀▄█▄ ▀█▀█▄▀█ ▀█
█ █ ▄▄▀▄█ ▀ █▀█▀ █▄▄█▀ █▀▀  ▄  ▀▄██
█▄█▄▄▄█▄█  ██▄▄▀▀  ▀█  ▄▄ ▄▄▄  ▀█ █
█ ▄▄▄▄▄ █▄█▀ ▄▄▄▄▄█ █▀    █▄█ ▀ ▄██
█ █   █ █ ▀▄▄ ▄▀▀▀██ ▀█ ▀▄ ▄  ▄█▄██
█ █▄▄▄█ █  ▀█▄██ █▄██▀▀█ █▄▄ ▀▀ ▄██
█▄▄▄▄▄▄▄█▄▄███▄█▄▄███▄▄▄█▄██▄▄▄█▄██

二维码解码URL: https://txz.qq.com/p?k=oxeiQZfPbhEzTlT7NXnK2icsz3hWPKXU&f=1600001604
如果控制台二维码无法扫码，可以复制解码url到二维码生成网站生成二维码再扫码，也可以打开下方的二维码路径图片进行扫码。
12-18 14:30:50 [warn] 二维码已保存到 C:\Users\Administrator\Desktop\bot\napcat.29927.onekey\versions\9.9.16-29927\resources\app\napcat\cache\qrcode.png
12-18 14:32:52 [error] [Core] [Login] Login Error,ErrCode:  3  ErrMsg: 
12-18 14:32:53 [warn] 请扫描下面的二维码，然后在手Q上授权登录：
12-18 14:32:53 [warn] 

▄▄▄▄▄▄▄▄▄▄▄▄▄▄▄▄▄▄▄▄▄▄▄▄▄▄▄▄▄▄▄▄▄▄▄
█ ▄▄▄▄▄ █▄▄███▀▄█▀██▄██▄  █ ▄▄▄▄▄ █
█ █   █ █ ▀█ ▄ █▀ ▀▄ ▀█▄▄▄█ █   █ █
█ █▄▄▄█ █▄ ▄▄▀▀█▄█▀▀▀██ █▀█ █▄▄▄█ █
█▄▄▄▄▄▄▄█▄▀▄▀▄█ █ ▀▄▀ █ ▀▄█▄▄▄▄▄▄▄█
█▄▄▄ █▀▄█ ▀████▀▄█▄█▄  ▀  ▄▀█▄▄ ▀ █
█    ▀█▄▀▄██▀▀▀▄▀█▄▀▀██▀ ██ ▀▄█▄ ▄█
██▄▀▀  ▄ ▄ ▀ █▄█ ▀ ▀▀▄█▄▀ ▄█▄▄ ▀▀██
█ ▄██▀ ▄ ▀▄▀█ ▄██ ▄▄▄▄ ▄▀▀▀  ▄█ ███
█    ▄▄▄ ██▄▄▀  ▀▀▄▄   ▄ ▄      ▄ █
█▄█  █▀▄▄  █▄ █▀▄ ▀▀▀█▄▀▀▀  ██ █▄▀█
█▀▀▀▄ ▄▄▄ ▄▀▄ █▀█▀  ▄▀ ▀  ▄▀▄█▀▄▀▀█
██▀ ██ ▄ █▀ ▄▄▀ ▀▄██▀▄█▄ ▄▄▀▀▄▀▄ ▄█
█▄██▄██▄▄ ▄█▀ ▄█ ▄  ▀ █▀  ▄▄▄ ▄██▄█
█ ▄▄▄▄▄ ██ █ ██▄█▄▄█▄ ▀▄  █▄█ ▀▀███
█ █   █ █▀▄███  ▄██ ▀▀ ▄  ▄▄▄▄█  ▄█
█ █▄▄▄█ █ █ ▀ █▀ ▄▀▀▀ ██▄▀▄ ▄▀█▄▄▀█
█▄▄▄▄▄▄▄█▄▄▄█▄████▄▄██▄███▄███▄▄███

二维码解码URL: https://txz.qq.com/p?k=2B9781pbyu0zkU0FIqRY3n1wEj3usJ7u&f=1600001604
如果控制台二维码无法扫码，可以复制解码url到二维码生成网站生成二维码再扫码，也可以打开下方的二维码路径图片进行扫码。
12-18 14:32:53 [warn] 二维码已保存到 C:\Users\Administrator\Desktop\bot\napcat.29927.onekey\versions\9.9.16-29927\resources\app\napcat\cache\qrcode.png
12-18 14:34:53 [error] [Core] [Login] Login Error,ErrCode:  3  ErrMsg: 
12-18 14:34:53 [warn] 请扫描下面的二维码，然后在手Q上授权登录：
12-18 14:34:53 [warn] 

▄▄▄▄▄▄▄▄▄▄▄▄▄▄▄▄▄▄▄▄▄▄▄▄▄▄▄▄▄▄▄▄▄▄▄
█ ▄▄▄▄▄ █▄▄▄ ▀▄██ ▀ ▀ ▄ ▄▀█ ▄▄▄▄▄ █
█ █   █ ██▄▀ █ ▀▄▄▀▄▄ ▄▄███ █   █ █
█ █▄▄▄█ ██▀▄ ▄████▀▄▄▀ ▀ ▀█ █▄▄▄█ █
█▄▄▄▄▄▄▄█ ▀▄█ ▀ █ █▄▀▄█▄█ █▄▄▄▄▄▄▄█
█  █ ▄▀▄██▄▀█▄██▀▀▄█▄█▄█▀▀█▄▀▀█▀▀▄█
█ █ ▀▀▄▄ █▄██▄█▄ █▀ ▀ █▀▄█▀  ▄▀▀▄▄█
█ ▄█▀█▄▄ ▄  █▀▀▄  █▄▄▀█▀▄█▀▄▄███▄▄█
█ █  ▀▀▄▀▀▄ █▀▄▀ ▄█▄▄ █▀█▄▀▄█ █▀█▀█
█▀ █ ▄▄▄▄ █▀ ▄▄  ▀▄▀▀█▄  ▄▄ ▀ ▄█  █
█▄  ██ ▄ █▄▀▀▄    █▀▄▀▄█▄██▀█▄█▀▀ █
█ █▄▀▀ ▄█  █▄▀██▄▄▄▀   █ ▀▄█▀▀▀█▀██
█ █  █▀▄▄▀▀  ▀█ ▄▀ ▄▀▄█▀▄▀ ▀ ▄█▀▄▄█
█▄▄███▄▄█▀▄ ▄▄▀▄▀█ █▀█ ██ ▄▄▄ ▀▀ ██
█ ▄▄▄▄▄ ██ ▄ ▄█   ▄ ▄ █▀  █▄█ ▀ █▀█
█ █   █ █ ▄█▀ ▄  █▀▀▄▀█ ▄▄ ▄▄▄▀█▄▄█
█ █▄▄▄█ █▀  ▄▄   ██▄ ▀██▀█▀▀▄   ▀ █
█▄▄▄▄▄▄▄█▄██████▄███▄▄█▄█▄▄█▄█▄████

二维码解码URL: https://txz.qq.com/p?k=DW0TDBRvDZNf1YZ316Ed*mr1NaZcSb8F&f=1600001604
如果控制台二维码无法扫码，可以复制解码url到二维码生成网站生成二维码再扫码，也可以打开下方的二维码路径图片进行扫码。
12-18 14:34:53 [warn] 二维码已保存到 C:\Users\Administrator\Desktop\bot\napcat.29927.onekey\versions\9.9.16-29927\resources\app\napcat\cache\qrcode.png
